2024-11-06 14:49:02.125 [info] [main] Log level: Info
2024-11-06 14:49:02.125 [info] [main] Validating found git in: "git"
2024-11-06 14:49:02.125 [info] [main] Using git "2.34.1" from "git"
2024-11-06 14:49:02.125 [info] [Model][doInitialScan] Initial repository scan started
2024-11-06 14:49:02.125 [info] > git rev-parse --show-toplevel [166ms]
2024-11-06 14:49:02.125 [info] > git rev-parse --git-dir --git-common-dir [45ms]
2024-11-06 14:49:02.125 [info] [Model][openRepository] Opened repository: /home/ilya
2024-11-06 14:49:02.157 [info] > git config --get commit.template [43ms]
2024-11-06 14:49:02.192 [info] > git rev-parse --show-toplevel [67ms]
2024-11-06 14:49:02.217 [info] > git rev-parse --show-toplevel [1ms]
2024-11-06 14:49:02.227 [info] > git rev-parse --show-toplevel [7ms]
2024-11-06 14:49:02.235 [info] [Model][doInitialScan] Initial repository scan completed - repositories (1), closed repositories (0), parent repositories (0), unsafe repositories (0)
2024-11-06 14:49:02.395 [info] > git for-each-ref --format=%(refname)%00%(upstream:short)%00%(objectname)%00%(upstream:track)%00%(upstream:remotename)%00%(upstream:remoteref) refs/heads/main refs/remotes/main [188ms]
2024-11-06 14:49:02.963 [info] > git check-ignore -v -z --stdin [223ms]
2024-11-06 14:49:02.964 [info] > git show --textconv :app-redux/src/components/Router/AppRouter.jsx [174ms]
2024-11-06 14:49:02.970 [info] > git ls-files --stage -- /home/ilya/app-redux/src/components/Router/AppRouter.jsx [176ms]
2024-11-06 14:49:02.972 [info] > git for-each-ref --sort -committerdate --format %(refname) %(objectname) %(*objectname) [208ms]
2024-11-06 14:49:07.219 [info] > git status -z -uall [4460ms] (cancelled)
2024-11-06 14:49:07.220 [info] > git check-ignore -v -z --stdin [5ms]
2024-11-06 14:52:01.037 [info] > git check-ignore -v -z --stdin [0ms]
2024-11-06 14:52:03.778 [info] > git check-ignore -v -z --stdin [1ms]
2024-11-06 14:52:18.595 [info] > git check-ignore -v -z --stdin [1ms]
2024-11-06 14:53:11.531 [info] > git show --textconv :app-redux/src/components/PostsJson.jsx [4ms]
2024-11-06 14:53:11.532 [info] > git ls-files --stage -- /home/ilya/app-redux/src/components/PostsJson.jsx [3ms]
2024-11-06 14:53:15.529 [info] > git show --textconv :app-redux/src/components/Router/AppRouter.jsx [2ms]
2024-11-06 14:53:15.529 [info] > git ls-files --stage -- /home/ilya/app-redux/src/components/Router/AppRouter.jsx [1ms]
2024-11-06 14:54:44.430 [info] > git show --textconv :app-redux/src/components/Header/File.jsx [2ms]
2024-11-06 14:54:44.431 [info] > git ls-files --stage -- /home/ilya/app-redux/src/components/Header/File.jsx [1ms]
2024-11-06 14:54:44.698 [info] > git check-ignore -v -z --stdin [1ms]
2024-11-06 14:55:00.755 [info] > git show --textconv :app-redux/src/components/Router/AppRouter.jsx [2ms]
2024-11-06 14:55:00.755 [info] > git ls-files --stage -- /home/ilya/app-redux/src/components/Router/AppRouter.jsx [1ms]
2024-11-06 14:55:32.373 [info] > git show --textconv :app-redux/src/components/App.js [2ms]
2024-11-06 14:55:32.374 [info] > git ls-files --stage -- /home/ilya/app-redux/src/components/App.js [1ms]
2024-11-06 14:55:32.378 [info] > git cat-file -s a1b47a5a8aac43f72c95139016613e462aa6d1bb [1ms]
2024-11-06 14:55:35.022 [info] > git show --textconv :app-redux/src/components/Router/AppRouter.jsx [2ms]
2024-11-06 14:55:35.023 [info] > git ls-files --stage -- /home/ilya/app-redux/src/components/Router/AppRouter.jsx [1ms]
2024-11-06 14:55:38.489 [info] > git show --textconv :app-redux/src/components/App.js [3ms]
2024-11-06 14:55:38.490 [info] > git ls-files --stage -- /home/ilya/app-redux/src/components/App.js [2ms]
2024-11-06 14:55:38.493 [info] > git cat-file -s a1b47a5a8aac43f72c95139016613e462aa6d1bb [1ms]
2024-11-06 14:55:45.587 [info] > git show --textconv :app-redux/src/components/Router/AppRouter.jsx [2ms]
2024-11-06 14:55:45.588 [info] > git ls-files --stage -- /home/ilya/app-redux/src/components/Router/AppRouter.jsx [1ms]
2024-11-06 14:55:55.041 [info] > git show --textconv :app-redux/src/components/App.js [2ms]
2024-11-06 14:55:55.041 [info] > git ls-files --stage -- /home/ilya/app-redux/src/components/App.js [1ms]
2024-11-06 14:55:55.044 [info] > git cat-file -s a1b47a5a8aac43f72c95139016613e462aa6d1bb [1ms]
2024-11-06 14:56:03.789 [info] > git show --textconv :app-redux/src/components/Router/AppRouter.jsx [3ms]
2024-11-06 14:56:03.790 [info] > git ls-files --stage -- /home/ilya/app-redux/src/components/Router/AppRouter.jsx [1ms]
2024-11-06 14:56:07.215 [info] > git show --textconv :app-redux/src/components/App.js [2ms]
2024-11-06 14:56:07.216 [info] > git ls-files --stage -- /home/ilya/app-redux/src/components/App.js [1ms]
2024-11-06 14:56:07.218 [info] > git cat-file -s a1b47a5a8aac43f72c95139016613e462aa6d1bb [1ms]
2024-11-06 14:56:32.376 [info] > git show --textconv :app-redux/src/components/Router/AppRouter.jsx [2ms]
2024-11-06 14:56:32.376 [info] > git ls-files --stage -- /home/ilya/app-redux/src/components/Router/AppRouter.jsx [0ms]
2024-11-06 14:56:35.776 [info] > git show --textconv :app-redux/src/components/App.js [3ms]
2024-11-06 14:56:35.777 [info] > git ls-files --stage -- /home/ilya/app-redux/src/components/App.js [1ms]
2024-11-06 14:56:35.780 [info] > git cat-file -s a1b47a5a8aac43f72c95139016613e462aa6d1bb [1ms]
2024-11-06 14:56:36.976 [info] > git show --textconv :app-redux/src/components/Router/AppRouter.jsx [2ms]
2024-11-06 14:56:36.977 [info] > git ls-files --stage -- /home/ilya/app-redux/src/components/Router/AppRouter.jsx [1ms]
2024-11-06 14:56:44.794 [info] > git show --textconv :app-redux/src/components/App.js [3ms]
2024-11-06 14:56:44.794 [info] > git ls-files --stage -- /home/ilya/app-redux/src/components/App.js [1ms]
2024-11-06 14:56:44.799 [info] > git cat-file -s a1b47a5a8aac43f72c95139016613e462aa6d1bb [2ms]
2024-11-06 14:56:54.029 [info] > git show --textconv :app-redux/src/components/Router/AppRouter.jsx [3ms]
2024-11-06 14:56:54.029 [info] > git ls-files --stage -- /home/ilya/app-redux/src/components/Router/AppRouter.jsx [2ms]
2024-11-06 14:56:58.261 [info] > git show --textconv :app-redux/src/components/App.js [3ms]
2024-11-06 14:56:58.262 [info] > git ls-files --stage -- /home/ilya/app-redux/src/components/App.js [2ms]
2024-11-06 14:56:58.265 [info] > git cat-file -s a1b47a5a8aac43f72c95139016613e462aa6d1bb [1ms]
2024-11-06 14:57:08.209 [info] > git show --textconv :app-redux/src/components/Router/AppRouter.jsx [3ms]
2024-11-06 14:57:08.210 [info] > git ls-files --stage -- /home/ilya/app-redux/src/components/Router/AppRouter.jsx [2ms]
2024-11-06 14:57:13.999 [info] > git show --textconv :app-redux/src/components/App.js [3ms]
2024-11-06 14:57:13.999 [info] > git ls-files --stage -- /home/ilya/app-redux/src/components/App.js [1ms]
2024-11-06 14:57:14.002 [info] > git cat-file -s a1b47a5a8aac43f72c95139016613e462aa6d1bb [1ms]
2024-11-06 14:57:15.008 [info] > git show --textconv :app-redux/src/components/Header/File.jsx [2ms]
2024-11-06 14:57:15.009 [info] > git ls-files --stage -- /home/ilya/app-redux/src/components/Header/File.jsx [1ms]
2024-11-06 14:57:15.868 [info] > git show --textconv :app-redux/src/components/App.js [3ms]
2024-11-06 14:57:15.869 [info] > git ls-files --stage -- /home/ilya/app-redux/src/components/App.js [1ms]
2024-11-06 14:57:15.871 [info] > git cat-file -s a1b47a5a8aac43f72c95139016613e462aa6d1bb [1ms]
