2024-11-06 11:20:11.055 [info] Extension host with pid 9445 started
2024-11-06 11:20:11.072 [info] Lock '/home/ilya/.vscode-server/data/User/workspaceStorage/25785cfa63fa0ce61d55353365e1e657/vscode.lock': Lock acquired.
2024-11-06 11:20:11.099 [info] ExtensionService#_doActivateExtension vscode.emmet, startup: false, activationEvent: 'onLanguage'
2024-11-06 11:20:11.100 [info] ExtensionService#_doActivateExtension vscode.typescript-language-features, startup: false, activationEvent: 'onLanguage:javascriptreact'
2024-11-06 11:20:11.374 [info] ExtensionService#_doActivateExtension vscode.git-base, startup: true, activationEvent: '*', root cause: vscode.git
2024-11-06 11:20:11.378 [info] ExtensionService#_doActivateExtension vscode.npm, startup: true, activationEvent: 'workspaceContains:package.json'
2024-11-06 11:20:11.623 [info] ExtensionService#_doActivateExtension vscode.git, startup: true, activationEvent: '*'
2024-11-06 11:20:11.623 [info] ExtensionService#_doActivateExtension vscode.github, startup: true, activationEvent: '*'
2024-11-06 11:20:12.029 [info] Eager extensions activated
2024-11-06 11:20:12.029 [info] ExtensionService#_doActivateExtension vscode.debug-auto-launch, startup: false, activationEvent: 'onStartupFinished'
2024-11-06 11:20:12.029 [info] ExtensionService#_doActivateExtension vscode.merge-conflict, startup: false, activationEvent: 'onStartupFinished'
2024-11-06 11:20:12.030 [info] ExtensionService#_doActivateExtension esbenp.prettier-vscode, startup: false, activationEvent: 'onStartupFinished'
2024-11-06 11:20:17.087 [info] ExtensionService#_doActivateExtension vscode.configuration-editing, startup: false, activationEvent: 'onLanguage:json'
2024-11-06 11:20:17.087 [info] ExtensionService#_doActivateExtension vscode.extension-editing, startup: false, activationEvent: 'onLanguage:json'
2024-11-06 11:20:17.087 [info] ExtensionService#_doActivateExtension vscode.json-language-features, startup: false, activationEvent: 'onLanguage:json'
2024-11-06 11:26:10.788 [info] Extension host terminating: received terminate message from renderer
2024-11-06 11:26:10.788 [info] Lock '/home/ilya/.vscode-server/data/User/workspaceStorage/25785cfa63fa0ce61d55353365e1e657/vscode.lock': Marking the lockfile as scheduled to be released in 6000 ms.
2024-11-06 11:26:10.833 [error] Canceled: Canceled
	at new tT (file:///home/ilya/.vscode-server/bin/65edc4939843c90c34d61f4ce11704f09d3e5cb6/out/vs/workbench/api/node/extensionHostProcess.js:31:151066)
	at py.U (file:///home/ilya/.vscode-server/bin/65edc4939843c90c34d61f4ce11704f09d3e5cb6/out/vs/workbench/api/node/extensionHostProcess.js:31:155676)
	at s.<computed>.n.charCodeAt.s.<computed> (file:///home/ilya/.vscode-server/bin/65edc4939843c90c34d61f4ce11704f09d3e5cb6/out/vs/workbench/api/node/extensionHostProcess.js:31:153170)
	at Y0.g (file:///home/ilya/.vscode-server/bin/65edc4939843c90c34d61f4ce11704f09d3e5cb6/out/vs/workbench/api/node/extensionHostProcess.js:114:32313)
	at Y0.executeCommand (file:///home/ilya/.vscode-server/bin/65edc4939843c90c34d61f4ce11704f09d3e5cb6/out/vs/workbench/api/node/extensionHostProcess.js:114:31817)
	at r.registerCommand.description (file:///home/ilya/.vscode-server/bin/65edc4939843c90c34d61f4ce11704f09d3e5cb6/out/vs/workbench/api/node/extensionHostProcess.js:114:31147)
	at Y0.h (file:///home/ilya/.vscode-server/bin/65edc4939843c90c34d61f4ce11704f09d3e5cb6/out/vs/workbench/api/node/extensionHostProcess.js:114:32833)
	at Y0.g (file:///home/ilya/.vscode-server/bin/65edc4939843c90c34d61f4ce11704f09d3e5cb6/out/vs/workbench/api/node/extensionHostProcess.js:114:31910)
	at Y0.executeCommand (file:///home/ilya/.vscode-server/bin/65edc4939843c90c34d61f4ce11704f09d3e5cb6/out/vs/workbench/api/node/extensionHostProcess.js:114:31817)
	at Object.executeCommand (file:///home/ilya/.vscode-server/bin/65edc4939843c90c34d61f4ce11704f09d3e5cb6/out/vs/workbench/api/node/extensionHostProcess.js:156:37246)
	at mh.O [as value] (/home/ilya/.vscode-server/bin/65edc4939843c90c34d61f4ce11704f09d3e5cb6/extensions/git/dist/main.js:2:961845)
	at P.B (file:///home/ilya/.vscode-server/bin/65edc4939843c90c34d61f4ce11704f09d3e5cb6/out/vs/workbench/api/node/extensionHostProcess.js:29:746)
	at P.C (file:///home/ilya/.vscode-server/bin/65edc4939843c90c34d61f4ce11704f09d3e5cb6/out/vs/workbench/api/node/extensionHostProcess.js:29:816)
	at P.fire (file:///home/ilya/.vscode-server/bin/65edc4939843c90c34d61f4ce11704f09d3e5cb6/out/vs/workbench/api/node/extensionHostProcess.js:29:1033)
	at Object.p [as dispose] (/home/ilya/.vscode-server/bin/65edc4939843c90c34d61f4ce11704f09d3e5cb6/extensions/git/dist/main.js:2:983333)
	at /home/ilya/.vscode-server/bin/65edc4939843c90c34d61f4ce11704f09d3e5cb6/extensions/git/dist/main.js:2:989455
	at Array.forEach (<anonymous>)
	at b.dispose (/home/ilya/.vscode-server/bin/65edc4939843c90c34d61f4ce11704f09d3e5cb6/extensions/git/dist/main.js:2:989441)
	at V1.<anonymous> (file:///home/ilya/.vscode-server/bin/65edc4939843c90c34d61f4ce11704f09d3e5cb6/out/vs/workbench/api/node/extensionHostProcess.js:108:19994)
	at V1.dispose (file:///home/ilya/.vscode-server/bin/65edc4939843c90c34d61f4ce11704f09d3e5cb6/out/vs/workbench/api/node/extensionHostProcess.js:108:20090)
	at V1.<anonymous> (/home/ilya/.vscode-server/bin/65edc4939843c90c34d61f4ce11704f09d3e5cb6/extensions/git/dist/main.js:2:964255)
	at V1.dispose (file:///home/ilya/.vscode-server/bin/65edc4939843c90c34d61f4ce11704f09d3e5cb6/out/vs/workbench/api/node/extensionHostProcess.js:108:20090)
	at ci (file:///home/ilya/.vscode-server/bin/65edc4939843c90c34d61f4ce11704f09d3e5cb6/out/vs/workbench/api/node/extensionHostProcess.js:24:699)
	at file:///home/ilya/.vscode-server/bin/65edc4939843c90c34d61f4ce11704f09d3e5cb6/out/vs/workbench/api/node/extensionHostProcess.js:118:14992
	at file:///home/ilya/.vscode-server/bin/65edc4939843c90c34d61f4ce11704f09d3e5cb6/out/vs/workbench/api/node/extensionHostProcess.js:24:1009
	at Object.dispose (file:///home/ilya/.vscode-server/bin/65edc4939843c90c34d61f4ce11704f09d3e5cb6/out/vs/workbench/api/node/extensionHostProcess.js:7:2146)
	at _z.eb (file:///home/ilya/.vscode-server/bin/65edc4939843c90c34d61f4ce11704f09d3e5cb6/out/vs/workbench/api/node/extensionHostProcess.js:118:11919)
	at file:///home/ilya/.vscode-server/bin/65edc4939843c90c34d61f4ce11704f09d3e5cb6/out/vs/workbench/api/node/extensionHostProcess.js:118:9874
	at Array.map (<anonymous>)
	at _z.$ (file:///home/ilya/.vscode-server/bin/65edc4939843c90c34d61f4ce11704f09d3e5cb6/out/vs/workbench/api/node/extensionHostProcess.js:118:9862)
	at _z.terminate (file:///home/ilya/.vscode-server/bin/65edc4939843c90c34d61f4ce11704f09d3e5cb6/out/vs/workbench/api/node/extensionHostProcess.js:118:10105)
	at xC.terminate (file:///home/ilya/.vscode-server/bin/65edc4939843c90c34d61f4ce11704f09d3e5cb6/out/vs/workbench/api/node/extensionHostProcess.js:119:1424)
	at Zi (file:///home/ilya/.vscode-server/bin/65edc4939843c90c34d61f4ce11704f09d3e5cb6/out/vs/workbench/api/node/extensionHostProcess.js:174:15063)
	at mh.value (file:///home/ilya/.vscode-server/bin/65edc4939843c90c34d61f4ce11704f09d3e5cb6/out/vs/workbench/api/node/extensionHostProcess.js:174:13224)
	at P.B (file:///home/ilya/.vscode-server/bin/65edc4939843c90c34d61f4ce11704f09d3e5cb6/out/vs/workbench/api/node/extensionHostProcess.js:29:746)
	at P.fire (file:///home/ilya/.vscode-server/bin/65edc4939843c90c34d61f4ce11704f09d3e5cb6/out/vs/workbench/api/node/extensionHostProcess.js:29:964)
	at Vn.fire (file:///home/ilya/.vscode-server/bin/65edc4939843c90c34d61f4ce11704f09d3e5cb6/out/vs/workbench/api/node/extensionHostProcess.js:31:9457)
	at Fm.A (file:///home/ilya/.vscode-server/bin/65edc4939843c90c34d61f4ce11704f09d3e5cb6/out/vs/workbench/api/node/extensionHostProcess.js:31:12573)
	at mh.value (file:///home/ilya/.vscode-server/bin/65edc4939843c90c34d61f4ce11704f09d3e5cb6/out/vs/workbench/api/node/extensionHostProcess.js:31:10993)
	at P.B (file:///home/ilya/.vscode-server/bin/65edc4939843c90c34d61f4ce11704f09d3e5cb6/out/vs/workbench/api/node/extensionHostProcess.js:29:746)
	at P.fire (file:///home/ilya/.vscode-server/bin/65edc4939843c90c34d61f4ce11704f09d3e5cb6/out/vs/workbench/api/node/extensionHostProcess.js:29:964)
	at j5.acceptChunk (file:///home/ilya/.vscode-server/bin/65edc4939843c90c34d61f4ce11704f09d3e5cb6/out/vs/workbench/api/node/extensionHostProcess.js:31:7940)
	at mh.value (file:///home/ilya/.vscode-server/bin/65edc4939843c90c34d61f4ce11704f09d3e5cb6/out/vs/workbench/api/node/extensionHostProcess.js:31:7226)
	at P.B (file:///home/ilya/.vscode-server/bin/65edc4939843c90c34d61f4ce11704f09d3e5cb6/out/vs/workbench/api/node/extensionHostProcess.js:29:746)
	at P.fire (file:///home/ilya/.vscode-server/bin/65edc4939843c90c34d61f4ce11704f09d3e5cb6/out/vs/workbench/api/node/extensionHostProcess.js:29:964)
	at V2.z (file:///home/ilya/.vscode-server/bin/65edc4939843c90c34d61f4ce11704f09d3e5cb6/out/vs/workbench/api/node/extensionHostProcess.js:31:21944)
	at V2.acceptFrame (file:///home/ilya/.vscode-server/bin/65edc4939843c90c34d61f4ce11704f09d3e5cb6/out/vs/workbench/api/node/extensionHostProcess.js:31:21750)
	at W2.n (file:///home/ilya/.vscode-server/bin/65edc4939843c90c34d61f4ce11704f09d3e5cb6/out/vs/workbench/api/node/extensionHostProcess.js:31:20278)
	at file:///home/ilya/.vscode-server/bin/65edc4939843c90c34d61f4ce11704f09d3e5cb6/out/vs/workbench/api/node/extensionHostProcess.js:31:17510
	at Socket.t (file:///home/ilya/.vscode-server/bin/65edc4939843c90c34d61f4ce11704f09d3e5cb6/out/vs/workbench/api/node/extensionHostProcess.js:31:15451)
	at Socket.emit (node:events:519:28)
	at addChunk (node:internal/streams/readable:559:12)
	at readableAddChunkPushByteMode (node:internal/streams/readable:510:3)
	at Readable.push (node:internal/streams/readable:390:5)
	at TCP.onStreamRead (node:internal/stream_base_commons:191:23) setContext undefined
2024-11-06 11:26:10.836 [error] Canceled: Canceled
	at new tT (file:///home/ilya/.vscode-server/bin/65edc4939843c90c34d61f4ce11704f09d3e5cb6/out/vs/workbench/api/node/extensionHostProcess.js:31:151066)
	at py.U (file:///home/ilya/.vscode-server/bin/65edc4939843c90c34d61f4ce11704f09d3e5cb6/out/vs/workbench/api/node/extensionHostProcess.js:31:155676)
	at s.<computed>.n.charCodeAt.s.<computed> (file:///home/ilya/.vscode-server/bin/65edc4939843c90c34d61f4ce11704f09d3e5cb6/out/vs/workbench/api/node/extensionHostProcess.js:31:153170)
	at Y0.g (file:///home/ilya/.vscode-server/bin/65edc4939843c90c34d61f4ce11704f09d3e5cb6/out/vs/workbench/api/node/extensionHostProcess.js:114:32313)
	at Y0.executeCommand (file:///home/ilya/.vscode-server/bin/65edc4939843c90c34d61f4ce11704f09d3e5cb6/out/vs/workbench/api/node/extensionHostProcess.js:114:31817)
	at r.registerCommand.description (file:///home/ilya/.vscode-server/bin/65edc4939843c90c34d61f4ce11704f09d3e5cb6/out/vs/workbench/api/node/extensionHostProcess.js:114:31147)
	at Y0.h (file:///home/ilya/.vscode-server/bin/65edc4939843c90c34d61f4ce11704f09d3e5cb6/out/vs/workbench/api/node/extensionHostProcess.js:114:32833)
	at Y0.g (file:///home/ilya/.vscode-server/bin/65edc4939843c90c34d61f4ce11704f09d3e5cb6/out/vs/workbench/api/node/extensionHostProcess.js:114:31910)
	at Y0.executeCommand (file:///home/ilya/.vscode-server/bin/65edc4939843c90c34d61f4ce11704f09d3e5cb6/out/vs/workbench/api/node/extensionHostProcess.js:114:31817)
	at Object.executeCommand (file:///home/ilya/.vscode-server/bin/65edc4939843c90c34d61f4ce11704f09d3e5cb6/out/vs/workbench/api/node/extensionHostProcess.js:156:37246)
	at set hasGitHubRepositories [as hasGitHubRepositories] (/home/ilya/.vscode-server/bin/65edc4939843c90c34d61f4ce11704f09d3e5cb6/extensions/github/dist/extension.js:2:328633)
	at /home/ilya/.vscode-server/bin/65edc4939843c90c34d61f4ce11704f09d3e5cb6/extensions/github/dist/extension.js:2:329592
	at mh.value (/home/ilya/.vscode-server/bin/65edc4939843c90c34d61f4ce11704f09d3e5cb6/extensions/git/dist/main.js:2:1073936)
	at P.B (file:///home/ilya/.vscode-server/bin/65edc4939843c90c34d61f4ce11704f09d3e5cb6/out/vs/workbench/api/node/extensionHostProcess.js:29:746)
	at P.C (file:///home/ilya/.vscode-server/bin/65edc4939843c90c34d61f4ce11704f09d3e5cb6/out/vs/workbench/api/node/extensionHostProcess.js:29:816)
	at P.fire (file:///home/ilya/.vscode-server/bin/65edc4939843c90c34d61f4ce11704f09d3e5cb6/out/vs/workbench/api/node/extensionHostProcess.js:29:1033)
	at Object.p [as dispose] (/home/ilya/.vscode-server/bin/65edc4939843c90c34d61f4ce11704f09d3e5cb6/extensions/git/dist/main.js:2:983333)
	at /home/ilya/.vscode-server/bin/65edc4939843c90c34d61f4ce11704f09d3e5cb6/extensions/git/dist/main.js:2:989455
	at Array.forEach (<anonymous>)
	at b.dispose (/home/ilya/.vscode-server/bin/65edc4939843c90c34d61f4ce11704f09d3e5cb6/extensions/git/dist/main.js:2:989441)
	at V1.<anonymous> (file:///home/ilya/.vscode-server/bin/65edc4939843c90c34d61f4ce11704f09d3e5cb6/out/vs/workbench/api/node/extensionHostProcess.js:108:19994)
	at V1.dispose (file:///home/ilya/.vscode-server/bin/65edc4939843c90c34d61f4ce11704f09d3e5cb6/out/vs/workbench/api/node/extensionHostProcess.js:108:20090)
	at V1.<anonymous> (/home/ilya/.vscode-server/bin/65edc4939843c90c34d61f4ce11704f09d3e5cb6/extensions/git/dist/main.js:2:964255)
	at V1.dispose (file:///home/ilya/.vscode-server/bin/65edc4939843c90c34d61f4ce11704f09d3e5cb6/out/vs/workbench/api/node/extensionHostProcess.js:108:20090)
	at ci (file:///home/ilya/.vscode-server/bin/65edc4939843c90c34d61f4ce11704f09d3e5cb6/out/vs/workbench/api/node/extensionHostProcess.js:24:699)
	at file:///home/ilya/.vscode-server/bin/65edc4939843c90c34d61f4ce11704f09d3e5cb6/out/vs/workbench/api/node/extensionHostProcess.js:118:14992
	at file:///home/ilya/.vscode-server/bin/65edc4939843c90c34d61f4ce11704f09d3e5cb6/out/vs/workbench/api/node/extensionHostProcess.js:24:1009
	at Object.dispose (file:///home/ilya/.vscode-server/bin/65edc4939843c90c34d61f4ce11704f09d3e5cb6/out/vs/workbench/api/node/extensionHostProcess.js:7:2146)
	at _z.eb (file:///home/ilya/.vscode-server/bin/65edc4939843c90c34d61f4ce11704f09d3e5cb6/out/vs/workbench/api/node/extensionHostProcess.js:118:11919)
	at file:///home/ilya/.vscode-server/bin/65edc4939843c90c34d61f4ce11704f09d3e5cb6/out/vs/workbench/api/node/extensionHostProcess.js:118:9874
	at Array.map (<anonymous>)
	at _z.$ (file:///home/ilya/.vscode-server/bin/65edc4939843c90c34d61f4ce11704f09d3e5cb6/out/vs/workbench/api/node/extensionHostProcess.js:118:9862)
	at _z.terminate (file:///home/ilya/.vscode-server/bin/65edc4939843c90c34d61f4ce11704f09d3e5cb6/out/vs/workbench/api/node/extensionHostProcess.js:118:10105)
	at xC.terminate (file:///home/ilya/.vscode-server/bin/65edc4939843c90c34d61f4ce11704f09d3e5cb6/out/vs/workbench/api/node/extensionHostProcess.js:119:1424)
	at Zi (file:///home/ilya/.vscode-server/bin/65edc4939843c90c34d61f4ce11704f09d3e5cb6/out/vs/workbench/api/node/extensionHostProcess.js:174:15063)
	at mh.value (file:///home/ilya/.vscode-server/bin/65edc4939843c90c34d61f4ce11704f09d3e5cb6/out/vs/workbench/api/node/extensionHostProcess.js:174:13224)
	at P.B (file:///home/ilya/.vscode-server/bin/65edc4939843c90c34d61f4ce11704f09d3e5cb6/out/vs/workbench/api/node/extensionHostProcess.js:29:746)
	at P.fire (file:///home/ilya/.vscode-server/bin/65edc4939843c90c34d61f4ce11704f09d3e5cb6/out/vs/workbench/api/node/extensionHostProcess.js:29:964)
	at Vn.fire (file:///home/ilya/.vscode-server/bin/65edc4939843c90c34d61f4ce11704f09d3e5cb6/out/vs/workbench/api/node/extensionHostProcess.js:31:9457)
	at Fm.A (file:///home/ilya/.vscode-server/bin/65edc4939843c90c34d61f4ce11704f09d3e5cb6/out/vs/workbench/api/node/extensionHostProcess.js:31:12573)
	at mh.value (file:///home/ilya/.vscode-server/bin/65edc4939843c90c34d61f4ce11704f09d3e5cb6/out/vs/workbench/api/node/extensionHostProcess.js:31:10993)
	at P.B (file:///home/ilya/.vscode-server/bin/65edc4939843c90c34d61f4ce11704f09d3e5cb6/out/vs/workbench/api/node/extensionHostProcess.js:29:746)
	at P.fire (file:///home/ilya/.vscode-server/bin/65edc4939843c90c34d61f4ce11704f09d3e5cb6/out/vs/workbench/api/node/extensionHostProcess.js:29:964)
	at j5.acceptChunk (file:///home/ilya/.vscode-server/bin/65edc4939843c90c34d61f4ce11704f09d3e5cb6/out/vs/workbench/api/node/extensionHostProcess.js:31:7940)
	at mh.value (file:///home/ilya/.vscode-server/bin/65edc4939843c90c34d61f4ce11704f09d3e5cb6/out/vs/workbench/api/node/extensionHostProcess.js:31:7226)
	at P.B (file:///home/ilya/.vscode-server/bin/65edc4939843c90c34d61f4ce11704f09d3e5cb6/out/vs/workbench/api/node/extensionHostProcess.js:29:746)
	at P.fire (file:///home/ilya/.vscode-server/bin/65edc4939843c90c34d61f4ce11704f09d3e5cb6/out/vs/workbench/api/node/extensionHostProcess.js:29:964)
	at V2.z (file:///home/ilya/.vscode-server/bin/65edc4939843c90c34d61f4ce11704f09d3e5cb6/out/vs/workbench/api/node/extensionHostProcess.js:31:21944)
	at V2.acceptFrame (file:///home/ilya/.vscode-server/bin/65edc4939843c90c34d61f4ce11704f09d3e5cb6/out/vs/workbench/api/node/extensionHostProcess.js:31:21750)
	at W2.n (file:///home/ilya/.vscode-server/bin/65edc4939843c90c34d61f4ce11704f09d3e5cb6/out/vs/workbench/api/node/extensionHostProcess.js:31:20278)
	at file:///home/ilya/.vscode-server/bin/65edc4939843c90c34d61f4ce11704f09d3e5cb6/out/vs/workbench/api/node/extensionHostProcess.js:31:17510
	at Socket.t (file:///home/ilya/.vscode-server/bin/65edc4939843c90c34d61f4ce11704f09d3e5cb6/out/vs/workbench/api/node/extensionHostProcess.js:31:15451)
	at Socket.emit (node:events:519:28)
	at addChunk (node:internal/streams/readable:559:12)
	at readableAddChunkPushByteMode (node:internal/streams/readable:510:3)
	at Readable.push (node:internal/streams/readable:390:5)
	at TCP.onStreamRead (node:internal/stream_base_commons:191:23) setContext undefined
2024-11-06 11:26:10.841 [info] Extension host with pid 9445 exiting with code 0
