2024-08-07 12:31:49.786 [info] Log level: Info
2024-08-07 12:31:49.786 [info] Validating found git in: "git"
2024-08-07 12:31:49.786 [info] Using git "2.34.1" from "git"
2024-08-07 12:31:49.786 [info] > git rev-parse --show-toplevel [5ms]
2024-08-07 12:31:49.787 [info] > git rev-parse --git-dir --git-common-dir [2ms]
2024-08-07 12:31:49.793 [info] Open repository: /home/ilya
2024-08-07 12:31:49.816 [info] > git rev-parse --show-toplevel [5ms]
2024-08-07 12:31:49.816 [info] > git config --get commit.template [8ms]
2024-08-07 12:31:49.829 [info] > git rev-parse --git-dir --git-common-dir [4ms]
2024-08-07 12:31:49.833 [info] Open repository: /home/ilya/frontend-project-46
2024-08-07 12:31:49.846 [info] > git for-each-ref --format=%(refname)%00%(upstream:short)%00%(objectname)%00%(upstream:track)%00%(upstream:remotename)%00%(upstream:remoteref) refs/heads/main refs/remotes/main [18ms]
2024-08-07 12:31:49.847 [info] > git rev-parse --show-toplevel [4ms]
2024-08-07 12:31:49.848 [info] > git config --get commit.template [7ms]
2024-08-07 12:31:49.855 [info] > git rev-parse --show-toplevel [4ms]
2024-08-07 12:31:49.858 [info] > git for-each-ref --format=%(refname)%00%(upstream:short)%00%(objectname)%00%(upstream:track)%00%(upstream:remotename)%00%(upstream:remoteref) refs/heads/main refs/remotes/main [5ms]
2024-08-07 12:31:49.859 [info] > git rev-parse --show-toplevel [1ms]
2024-08-07 12:31:49.864 [info] > git rev-parse --show-toplevel [1ms]
2024-08-07 12:31:49.867 [info] > git status -z -uall [6ms]
2024-08-07 12:31:49.881 [info] > git merge-base refs/heads/main refs/remotes/origin/main [10ms]
2024-08-07 12:31:49.884 [info] > git rev-parse --show-toplevel [18ms]
2024-08-07 12:31:49.889 [info] > git config --get commit.template [9ms]
2024-08-07 12:31:49.893 [info] > git rev-parse --show-toplevel [4ms]
2024-08-07 12:31:49.893 [info] > git rev-list --count --left-right refs/heads/main...refs/remotes/origin/main [10ms]
2024-08-07 12:31:49.902 [info] > git diff --name-status -z --diff-filter=ADMR 145dff716aaa8b387b0e80b785fffcbc4003955b...refs/remotes/origin/main [7ms]
2024-08-07 12:31:49.903 [info] > git rev-parse --git-dir --git-common-dir [2ms]
2024-08-07 12:31:49.907 [info] Open repository: /home/ilya/.nvm
2024-08-07 12:31:49.908 [info] > git for-each-ref --format=%(refname)%00%(upstream:short)%00%(objectname)%00%(upstream:track)%00%(upstream:remotename)%00%(upstream:remoteref) refs/heads/main refs/remotes/main [9ms]
2024-08-07 12:31:49.941 [info] > git rev-parse --show-toplevel [28ms]
2024-08-07 12:31:49.942 [info] > git config --get commit.template [32ms]
2024-08-07 12:31:49.956 [info] > git rev-parse --show-toplevel [10ms]
2024-08-07 12:31:49.959 [info] > git for-each-ref --format %(refname) %(objectname) %(*objectname) refs/tags [8ms]
2024-08-07 12:31:49.964 [info] > git status -z -uall [8ms]
2024-08-07 12:31:49.964 [info] > git rev-parse --show-toplevel [5ms]
2024-08-07 12:31:49.995 [info] > git rev-parse --show-toplevel [21ms]
2024-08-07 12:31:50.024 [info] > git rev-parse --show-toplevel [3ms]
2024-08-07 12:31:50.029 [info] > git rev-parse --git-dir --git-common-dir [2ms]
2024-08-07 12:31:50.034 [info] Open repository: /home/ilya/HEXL-JS
2024-08-07 12:31:50.042 [info] > git status -z -uall [80ms]
2024-08-07 12:31:50.043 [info] > git config --get commit.template [4ms]
2024-08-07 12:31:50.064 [info] > git rev-parse --show-toplevel [22ms]
2024-08-07 12:31:50.076 [info] > git config --get commit.template [13ms]
2024-08-07 12:31:50.083 [info] > git for-each-ref --format=%(refname)%00%(upstream:short)%00%(objectname)%00%(upstream:track)%00%(upstream:remotename)%00%(upstream:remoteref) refs/heads/main refs/remotes/main [12ms]
2024-08-07 12:31:50.083 [info] > git rev-parse --show-toplevel [8ms]
2024-08-07 12:31:50.088 [info] > git for-each-ref --format %(refname) %(objectname) %(*objectname) refs/tags [6ms]
2024-08-07 12:31:50.094 [info] > git rev-parse --git-dir --git-common-dir [6ms]
2024-08-07 12:31:50.100 [info] Open repository: /home/ilya/domPractice
2024-08-07 12:31:50.113 [info] > git status -z -uall [21ms]
2024-08-07 12:31:50.113 [info] > git config --get commit.template [9ms]
2024-08-07 12:31:50.116 [info] > git status -z -uall [4ms]
2024-08-07 12:31:50.125 [info] > git rev-parse --show-toplevel [17ms]
2024-08-07 12:31:50.134 [info] > git merge-base refs/heads/main refs/remotes/origin/main [13ms]
2024-08-07 12:31:50.140 [info] > git rev-parse --git-dir --git-common-dir [6ms]
2024-08-07 12:31:50.146 [info] Open repository: /home/ilya/frontend-project-44
2024-08-07 12:31:50.147 [info] > git config --get commit.template [16ms]
2024-08-07 12:31:50.147 [info] > git for-each-ref --format=%(refname)%00%(upstream:short)%00%(objectname)%00%(upstream:track)%00%(upstream:remotename)%00%(upstream:remoteref) refs/heads/main refs/remotes/main [19ms]
2024-08-07 12:31:50.163 [warning] ENOENT: no such file or directory, open '/home/ilya/domPractice/.git/refs/remotes/origin/main'
2024-08-07 12:31:50.164 [info] > git rev-list --count --left-right refs/heads/main...refs/remotes/origin/main [25ms]
2024-08-07 12:31:50.173 [info] > git rev-parse refs/remotes/origin/main [11ms]
2024-08-07 12:31:50.177 [info] > git rev-parse --show-toplevel [20ms]
2024-08-07 12:31:50.178 [info] > git config --get commit.template [24ms]
2024-08-07 12:31:50.184 [info] > git status -z -uall [7ms]
2024-08-07 12:31:50.193 [info] > git for-each-ref --format=%(refname)%00%(upstream:short)%00%(objectname)%00%(upstream:track)%00%(upstream:remotename)%00%(upstream:remoteref) refs/heads/main refs/remotes/main [21ms]
2024-08-07 12:31:50.193 [info] > git diff --name-status -z --diff-filter=ADMR 5369a54b7765ab231d2e781b48fb990438a32073...refs/remotes/origin/main [26ms]
2024-08-07 12:31:50.231 [info] > git merge-base refs/heads/main refs/remotes/origin/main [42ms]
2024-08-07 12:31:50.236 [info] > git rev-parse --git-dir --git-common-dir [53ms]
2024-08-07 12:31:50.241 [info] Open repository: /home/ilya/hexlet-git
2024-08-07 12:31:50.255 [info] > git rev-list --count --left-right refs/heads/main...refs/remotes/origin/main [19ms]
2024-08-07 12:31:50.261 [info] > git config --get commit.template [35ms]
2024-08-07 12:31:50.261 [info] > git for-each-ref --format=%(refname)%00%(upstream:short)%00%(objectname)%00%(upstream:track)%00%(upstream:remotename)%00%(upstream:remoteref) refs/heads/main refs/remotes/main [41ms]
2024-08-07 12:31:50.263 [info] > git diff --name-status -z --diff-filter=ADMR e25b5d5a7b275aba7f6a0e07365e0186a9bc10e7...refs/remotes/origin/main [3ms]
2024-08-07 12:31:50.264 [info] > git rev-parse --show-toplevel [10ms]
2024-08-07 12:31:50.265 [info] > git config --get commit.template [14ms]
2024-08-07 12:31:50.285 [info] > git status -z -uall [10ms]
2024-08-07 12:31:50.286 [info] > git rev-parse --git-dir --git-common-dir [7ms]
2024-08-07 12:31:50.292 [info] Open repository: /home/ilya/hexlet-jest
2024-08-07 12:31:50.298 [info] > git for-each-ref --format=%(refname)%00%(upstream:short)%00%(objectname)%00%(upstream:track)%00%(upstream:remotename)%00%(upstream:remoteref) refs/heads/main refs/remotes/main [29ms]
2024-08-07 12:31:50.318 [warning] ENOENT: no such file or directory, open '/home/ilya/domPractice/.git/refs/remotes/origin/main'
2024-08-07 12:31:50.319 [info] > git for-each-ref --format %(refname) %(objectname) %(*objectname) refs/tags [35ms]
2024-08-07 12:31:50.327 [info] > git rev-parse refs/remotes/origin/main [8ms]
2024-08-07 12:31:50.330 [info] > git rev-parse --show-toplevel [17ms]
2024-08-07 12:31:50.331 [info] > git config --get commit.template [23ms]
2024-08-07 12:31:50.337 [info] > git status -z -uall [13ms]
2024-08-07 12:31:50.337 [info] > git status -z -uall [7ms]
2024-08-07 12:31:50.352 [info] > git rev-parse --git-dir --git-common-dir [15ms]
2024-08-07 12:31:50.358 [info] Open repository: /home/ilya/hexlet-js
2024-08-07 12:31:50.366 [info] > git config --get commit.template [14ms]
2024-08-07 12:31:50.366 [info] > git for-each-ref --format=%(refname)%00%(upstream:short)%00%(objectname)%00%(upstream:track)%00%(upstream:remotename)%00%(upstream:remoteref) refs/heads/main refs/remotes/main [18ms]
2024-08-07 12:31:50.376 [info] > git rev-parse --show-toplevel [11ms]
2024-08-07 12:31:50.387 [info] > git for-each-ref --format %(refname) %(objectname) %(*objectname) refs/tags [16ms]
2024-08-07 12:31:50.392 [info] > git rev-parse --git-dir --git-common-dir [6ms]
2024-08-07 12:31:50.399 [info] Open repository: /home/ilya/https-github.com-ILYA9090-ILYA9090
2024-08-07 12:31:50.400 [info] > git for-each-ref --format=%(refname)%00%(upstream:short)%00%(objectname)%00%(upstream:track)%00%(upstream:remotename)%00%(upstream:remoteref) refs/heads/main refs/remotes/main [24ms]
2024-08-07 12:31:50.411 [info] > git status -z -uall [21ms]
2024-08-07 12:31:50.416 [info] > git rev-parse --show-toplevel [6ms]
2024-08-07 12:31:50.417 [info] > git config --get commit.template [11ms]
2024-08-07 12:31:50.436 [info] > git for-each-ref --format=%(refname)%00%(upstream:short)%00%(objectname)%00%(upstream:track)%00%(upstream:remotename)%00%(upstream:remoteref) refs/heads/main refs/remotes/main [6ms]
2024-08-07 12:31:50.437 [info] > git rev-parse --git-dir --git-common-dir [14ms]
2024-08-07 12:31:50.441 [info] Open repository: /home/ilya/nodejs-package
2024-08-07 12:31:50.449 [warning] ENOENT: no such file or directory, open '/home/ilya/https-github.com-ILYA9090-ILYA9090/.git/refs/remotes/origin/main'
2024-08-07 12:31:50.455 [info] > git status -z -uall [20ms]
2024-08-07 12:31:50.466 [info] > git status -z -uall [85ms]
2024-08-07 12:31:50.471 [info] > git merge-base refs/heads/main refs/remotes/origin/main [12ms]
2024-08-07 12:31:50.476 [info] > git rev-parse --show-toplevel [21ms]
2024-08-07 12:31:50.476 [info] > git config --get commit.template [24ms]
2024-08-07 12:31:50.477 [info] > git rev-parse refs/remotes/origin/main [28ms]
2024-08-07 12:31:50.499 [info] > git status -z -uall [19ms]
2024-08-07 12:31:50.499 [info] > git status -z -uall [195ms]
2024-08-07 12:31:50.499 [info] > git merge-base refs/heads/main refs/remotes/origin/main [14ms]
2024-08-07 12:31:50.511 [info] > git rev-list --count --left-right refs/heads/main...refs/remotes/origin/main [36ms]
2024-08-07 12:31:50.532 [info] > git merge-base refs/heads/main refs/remotes/origin/main [24ms]
2024-08-07 12:31:50.537 [info] > git rev-list --count --left-right refs/heads/main...refs/remotes/origin/main [34ms]
2024-08-07 12:31:50.542 [info] > git config --get commit.template [45ms]
2024-08-07 12:31:50.542 [info] > git rev-parse --show-toplevel [48ms]
2024-08-07 12:31:50.625 [info] > git merge-base refs/heads/main refs/remotes/origin/main [60ms]
2024-08-07 12:31:50.631 [info] > git diff --name-status -z --diff-filter=ADMR 493bcf0bb267500d00712930cc7ddc969521fd3f...refs/remotes/origin/main [89ms]
2024-08-07 12:31:50.631 [info] > git rev-list --count --left-right refs/heads/main...refs/remotes/origin/main [94ms]
2024-08-07 12:31:50.636 [info] > git config --get commit.template [109ms]
2024-08-07 12:31:50.636 [info] > git for-each-ref --format=%(refname)%00%(upstream:short)%00%(objectname)%00%(upstream:track)%00%(upstream:remotename)%00%(upstream:remoteref) refs/heads/main refs/remotes/main [115ms]
2024-08-07 12:31:50.636 [info] > git diff --name-status -z --diff-filter=ADMR a98d4706f83e1ececb65f583c225ec089904a891...refs/remotes/origin/main [120ms]
2024-08-07 12:31:50.651 [warning] ENOENT: no such file or directory, open '/home/ilya/nodejs-package/.git/refs/remotes/origin/main'
2024-08-07 12:31:50.654 [info] > git diff --name-status -z --diff-filter=ADMR 6569583616ba675da77723cd4931253b3fc32fcf...refs/remotes/origin/main [18ms]
2024-08-07 12:31:50.655 [info] > git rev-list --count --left-right refs/heads/main...refs/remotes/origin/main [25ms]
2024-08-07 12:31:50.667 [info] > git config --get commit.template [45ms]
2024-08-07 12:31:50.667 [info] > git for-each-ref --format=%(refname)%00%(upstream:short)%00%(objectname)%00%(upstream:track)%00%(upstream:remotename)%00%(upstream:remoteref) refs/heads/main refs/remotes/main [49ms]
2024-08-07 12:31:50.998 [info] > git diff --name-status -z --diff-filter=ADMR 4b677f7113740d0a6bee39026103c172a8e2d70c...refs/remotes/origin/main [331ms]
2024-08-07 12:31:50.999 [info] > git rev-parse refs/remotes/origin/main [347ms]
2024-08-07 12:31:51.001 [info] > git for-each-ref --format=%(refname)%00%(upstream:short)%00%(objectname)%00%(upstream:track)%00%(upstream:remotename)%00%(upstream:remoteref) refs/heads/main refs/remotes/main [355ms]
2024-08-07 12:31:51.045 [info] > git status -z -uall [44ms]
2024-08-07 12:31:51.046 [info] > git check-ignore -v -z --stdin [37ms]
2024-08-07 12:31:51.047 [info] > git check-ignore -v -z --stdin [35ms]
2024-08-07 12:31:51.048 [info] > git check-ignore -v -z --stdin [34ms]
2024-08-07 12:31:51.048 [info] > git check-ignore -v -z --stdin [31ms]
2024-08-07 12:31:51.049 [info] > git check-ignore -v -z --stdin [29ms]
2024-08-07 12:31:51.049 [info] > git check-ignore -v -z --stdin [25ms]
2024-08-07 12:31:51.049 [info] > git check-ignore -v -z --stdin [20ms]
2024-08-07 12:31:51.050 [info] > git check-ignore -v -z --stdin [18ms]
2024-08-07 12:31:51.050 [info] > git check-ignore -v -z --stdin [16ms]
2024-08-07 12:31:51.050 [info] > git check-ignore -v -z --stdin [13ms]
2024-08-07 12:31:51.059 [info] > git for-each-ref --format=%(refname)%00%(upstream:short)%00%(objectname)%00%(upstream:track)%00%(upstream:remotename)%00%(upstream:remoteref) refs/heads/main refs/remotes/main [64ms]
2024-08-07 12:31:51.071 [warning] ENOENT: no such file or directory, open '/home/ilya/https-github.com-ILYA9090-ILYA9090/.git/refs/remotes/origin/main'
2024-08-07 12:31:51.072 [info] > git merge-base refs/heads/main refs/remotes/origin/main [17ms]
2024-08-07 12:31:51.078 [info] > git for-each-ref --format=%(refname)%00%(upstream:short)%00%(objectname)%00%(upstream:track)%00%(upstream:remotename)%00%(upstream:remoteref) refs/heads/main refs/remotes/main [34ms]
2024-08-07 12:31:51.083 [info] > git rev-list --count --left-right refs/heads/main...refs/remotes/origin/main [6ms]
2024-08-07 12:31:51.088 [info] > git rev-parse refs/remotes/origin/main [17ms]
2024-08-07 12:31:51.093 [info] > git config --get commit.template [25ms]
2024-08-07 12:31:51.097 [info] > git status -z -uall [15ms]
2024-08-07 12:31:51.097 [info] > git status -z -uall [5ms]
2024-08-07 12:31:51.097 [info] > git diff --name-status -z --diff-filter=ADMR 8de7623bcef55167695be5dbb854ed9bc9e3ea5d...refs/remotes/origin/main [10ms]
2024-08-07 12:31:51.118 [info] > git status -z -uall [21ms]
2024-08-07 12:31:51.118 [info] > git for-each-ref --format=%(refname)%00%(upstream:short)%00%(objectname)%00%(upstream:track)%00%(upstream:remotename)%00%(upstream:remoteref) refs/heads/main refs/remotes/main [14ms]
2024-08-07 12:31:51.133 [warning] ENOENT: no such file or directory, open '/home/ilya/nodejs-package/.git/refs/remotes/origin/main'
2024-08-07 12:31:51.135 [info] > git show --textconv :Makefile [11ms]
2024-08-07 12:31:51.139 [info] > git rev-parse refs/remotes/origin/main [6ms]
2024-08-07 12:31:51.143 [info] > git ls-files --stage -- /home/ilya/frontend-project-46/Makefile [13ms]
2024-08-07 12:31:51.148 [info] > git status -z -uall [31ms]
2024-08-07 12:31:51.148 [info] > git status -z -uall [6ms]
2024-08-07 12:31:51.186 [info] > git cat-file -s 109f86e6dfcf6273c87773e68b7de985614bfed9 [39ms]
2024-08-07 12:31:51.618 [info] > git check-ignore -v -z --stdin [1ms]
2024-08-07 12:31:52.564 [info] > git status -z -uall [2709ms] (cancelled)
2024-08-07 12:31:56.504 [info] > git show --textconv :package-lock.json [3ms]
2024-08-07 12:31:56.505 [info] > git ls-files --stage -- /home/ilya/frontend-project-46/package-lock.json [1ms]
2024-08-07 12:31:56.508 [info] > git cat-file -s 89776e52e261dcd7669f8b078a73a4166e09ba35 [1ms]
2024-08-07 12:31:58.293 [info] > git show --textconv :bin/gendiff.js [5ms]
2024-08-07 12:31:58.294 [info] > git ls-files --stage -- /home/ilya/frontend-project-46/bin/gendiff.js [2ms]
2024-08-07 12:31:58.298 [info] > git cat-file -s 4d81b252429cf9dde12b067b6d1e44161051e512 [1ms]
