2024-11-05 19:31:44.408 [info] [main] Log level: Info
2024-11-05 19:31:44.408 [info] [main] Validating found git in: "git"
2024-11-05 19:31:44.408 [info] [main] Using git "2.34.1" from "git"
2024-11-05 19:31:44.408 [info] [Model][doInitialScan] Initial repository scan started
2024-11-05 19:31:44.408 [info] > git rev-parse --show-toplevel [28ms]
2024-11-05 19:31:44.408 [info] > git rev-parse --git-dir --git-common-dir [13ms]
2024-11-05 19:31:44.408 [info] [Model][openRepository] Opened repository: /home/ilya
2024-11-05 19:31:44.409 [info] > git rev-parse --show-toplevel [3ms]
2024-11-05 19:31:44.410 [info] > git config --get commit.template [7ms]
2024-11-05 19:31:44.421 [info] > git rev-parse --show-toplevel [6ms]
2024-11-05 19:31:44.428 [info] > git for-each-ref --format=%(refname)%00%(upstream:short)%00%(objectname)%00%(upstream:track)%00%(upstream:remotename)%00%(upstream:remoteref) refs/heads/main refs/remotes/main [8ms]
2024-11-05 19:31:44.429 [info] > git rev-parse --show-toplevel [3ms]
2024-11-05 19:31:44.449 [info] > git rev-parse --show-toplevel [14ms]
2024-11-05 19:31:44.450 [info] > git for-each-ref --sort -committerdate --format %(refname) %(objectname) %(*objectname) [2ms]
2024-11-05 19:31:44.455 [info] > git rev-parse --show-toplevel [2ms]
2024-11-05 19:31:44.460 [info] [Model][doInitialScan] Initial repository scan completed - repositories (1), closed repositories (0), parent repositories (0), unsafe repositories (0)
2024-11-05 19:31:44.975 [info] > git show --textconv :app-redux/src/components/comments/Modal.module.css [9ms]
2024-11-05 19:31:44.975 [info] > git ls-files --stage -- /home/ilya/app-redux/src/components/comments/Modal.module.css [5ms]
2024-11-05 19:31:45.036 [info] > git check-ignore -v -z --stdin [2ms]
2024-11-05 19:31:49.465 [info] > git status -z -uall [5024ms] (cancelled)
2024-11-05 19:31:49.467 [info] > git check-ignore -v -z --stdin [1ms]
2024-11-05 19:32:34.042 [info] > git show --textconv :app-redux/src/components/comments/Modal.jsx [7ms]
2024-11-05 19:32:34.043 [info] > git ls-files --stage -- /home/ilya/app-redux/src/components/comments/Modal.jsx [3ms]
2024-11-05 19:33:14.615 [info] > git show --textconv :app-redux/src/components/comments/Modal.module.css [4ms]
2024-11-05 19:33:14.616 [info] > git ls-files --stage -- /home/ilya/app-redux/src/components/comments/Modal.module.css [3ms]
2024-11-05 19:33:45.586 [info] > git show --textconv :app-redux/src/components/comments/Modal.jsx [3ms]
2024-11-05 19:33:45.587 [info] > git ls-files --stage -- /home/ilya/app-redux/src/components/comments/Modal.jsx [2ms]
2024-11-05 19:33:48.326 [info] > git show --textconv :app-redux/src/components/comments/Modal.module.css [8ms]
2024-11-05 19:33:48.326 [info] > git show --textconv :app-redux/src/components/comments/Modal.jsx [6ms]
2024-11-05 19:33:48.326 [info] > git ls-files --stage -- /home/ilya/app-redux/src/components/comments/Modal.module.css [3ms]
2024-11-05 19:33:48.327 [info] > git ls-files --stage -- /home/ilya/app-redux/src/components/comments/Modal.jsx [2ms]
2024-11-05 20:05:04.630 [info] > git show --textconv :app-redux/src/slices/tasksSlice.js [11ms]
2024-11-05 20:05:04.632 [info] > git ls-files --stage -- /home/ilya/app-redux/src/slices/tasksSlice.js [10ms]
2024-11-05 20:06:01.691 [info] > git show --textconv :app-redux/src/components/Posts.jsx [5ms]
2024-11-05 20:06:01.692 [info] > git ls-files --stage -- /home/ilya/app-redux/src/components/Posts.jsx [2ms]
2024-11-05 20:06:04.862 [info] > git show --textconv :app-redux/src/components/PostsApp.jsx [2ms]
2024-11-05 20:06:04.862 [info] > git ls-files --stage -- /home/ilya/app-redux/src/components/PostsApp.jsx [0ms]
2024-11-05 20:06:51.774 [info] > git show --textconv :app-redux/src/components/MyDescription.jsx [10ms]
2024-11-05 20:06:51.774 [info] > git ls-files --stage -- /home/ilya/app-redux/src/components/MyDescription.jsx [8ms]
2024-11-05 20:06:56.531 [info] > git show --textconv :app-redux/src/components/MyInput.jsx [3ms]
2024-11-05 20:06:56.531 [info] > git ls-files --stage -- /home/ilya/app-redux/src/components/MyInput.jsx [1ms]
2024-11-05 20:06:59.747 [info] > git show --textconv :app-redux/src/components/PostsApp.jsx [2ms]
2024-11-05 20:06:59.748 [info] > git ls-files --stage -- /home/ilya/app-redux/src/components/PostsApp.jsx [1ms]
2024-11-05 20:07:20.183 [info] > git show --textconv :app-redux/src/components/comments/Modal.jsx [2ms]
2024-11-05 20:07:20.183 [info] > git ls-files --stage -- /home/ilya/app-redux/src/components/comments/Modal.jsx [1ms]
2024-11-05 20:07:28.633 [info] > git show --textconv :app-redux/src/components/Posts.jsx [2ms]
2024-11-05 20:07:28.634 [info] > git ls-files --stage -- /home/ilya/app-redux/src/components/Posts.jsx [1ms]
2024-11-05 20:07:29.865 [info] > git show --textconv :app-redux/src/components/comments/Modal.jsx [3ms]
2024-11-05 20:07:29.865 [info] > git ls-files --stage -- /home/ilya/app-redux/src/components/comments/Modal.jsx [1ms]
2024-11-05 20:07:33.087 [info] > git show --textconv :app-redux/src/components/comments/Modal.module.css [2ms]
2024-11-05 20:07:33.087 [info] > git ls-files --stage -- /home/ilya/app-redux/src/components/comments/Modal.module.css [0ms]
2024-11-05 20:07:37.554 [info] > git show --textconv :app-redux/src/components/comments/Modal.jsx [2ms]
2024-11-05 20:07:37.555 [info] > git ls-files --stage -- /home/ilya/app-redux/src/components/comments/Modal.jsx [1ms]
2024-11-05 20:07:56.254 [info] > git show --textconv :app-redux/src/components/Posts.jsx [2ms]
2024-11-05 20:07:56.255 [info] > git ls-files --stage -- /home/ilya/app-redux/src/components/Posts.jsx [1ms]
2024-11-05 20:07:57.270 [info] > git show --textconv :app-redux/src/components/PostsApp.jsx [2ms]
2024-11-05 20:07:57.270 [info] > git ls-files --stage -- /home/ilya/app-redux/src/components/PostsApp.jsx [0ms]
2024-11-05 20:11:04.015 [info] > git show --textconv :app-redux/src/components/Posts.jsx [2ms]
2024-11-05 20:11:04.016 [info] > git ls-files --stage -- /home/ilya/app-redux/src/components/Posts.jsx [0ms]
2024-11-05 20:11:04.773 [info] > git show --textconv :app-redux/src/components/comments/Modal.jsx [5ms]
2024-11-05 20:11:04.774 [info] > git ls-files --stage -- /home/ilya/app-redux/src/components/comments/Modal.jsx [2ms]
2024-11-05 20:11:05.879 [info] > git show --textconv :app-redux/src/slices/tasksSlice.js [2ms]
2024-11-05 20:11:05.880 [info] > git ls-files --stage -- /home/ilya/app-redux/src/slices/tasksSlice.js [1ms]
2024-11-05 20:11:56.342 [info] > git check-ignore -v -z --stdin [7ms]
2024-11-05 20:11:57.789 [info] > git show --textconv :app-redux/src/components/comments/CommentsList.jsx [2ms]
2024-11-05 20:11:57.790 [info] > git ls-files --stage -- /home/ilya/app-redux/src/components/comments/CommentsList.jsx [1ms]
2024-11-05 20:11:58.567 [info] > git show --textconv :app-redux/src/components/comments/CommentsMap.jsx [3ms]
2024-11-05 20:11:58.568 [info] > git ls-files --stage -- /home/ilya/app-redux/src/components/comments/CommentsMap.jsx [1ms]
2024-11-05 20:11:59.199 [info] > git show --textconv :app-redux/src/components/comments/commentsStyle.css [3ms]
2024-11-05 20:11:59.199 [info] > git ls-files --stage -- /home/ilya/app-redux/src/components/comments/commentsStyle.css [1ms]
2024-11-05 20:12:00.201 [info] > git show --textconv :app-redux/src/components/comments/InputComments.jsx [2ms]
2024-11-05 20:12:00.202 [info] > git ls-files --stage -- /home/ilya/app-redux/src/components/comments/InputComments.jsx [1ms]
2024-11-05 20:12:06.848 [info] > git show --textconv :app-redux/src/components/comments/Modal.jsx [2ms]
2024-11-05 20:12:06.849 [info] > git ls-files --stage -- /home/ilya/app-redux/src/components/comments/Modal.jsx [1ms]
2024-11-05 20:12:12.516 [info] > git show --textconv :app-redux/src/components/comments/Modal.module.css [2ms]
2024-11-05 20:12:12.517 [info] > git ls-files --stage -- /home/ilya/app-redux/src/components/comments/Modal.module.css [1ms]
2024-11-05 20:12:15.116 [info] > git show --textconv :app-redux/src/components/comments/Modal.jsx [3ms]
2024-11-05 20:12:15.116 [info] > git ls-files --stage -- /home/ilya/app-redux/src/components/comments/Modal.jsx [1ms]
2024-11-05 20:12:20.527 [info] > git show --textconv :app-redux/src/components/comments/Modal.module.css [4ms]
2024-11-05 20:12:20.527 [info] > git ls-files --stage -- /home/ilya/app-redux/src/components/comments/Modal.module.css [1ms]
2024-11-05 20:13:54.061 [info] > git show --textconv :app-redux/src/components/comments/Modal.jsx [5ms]
2024-11-05 20:13:54.061 [info] > git ls-files --stage -- /home/ilya/app-redux/src/components/comments/Modal.jsx [2ms]
2024-11-05 20:13:55.375 [info] > git show --textconv :app-redux/src/components/comments/InputComments.jsx [2ms]
2024-11-05 20:13:55.376 [info] > git ls-files --stage -- /home/ilya/app-redux/src/components/comments/InputComments.jsx [1ms]
2024-11-05 20:13:56.991 [info] > git show --textconv :app-redux/src/components/comments/Modal.module.css [3ms]
2024-11-05 20:13:56.992 [info] > git ls-files --stage -- /home/ilya/app-redux/src/components/comments/Modal.module.css [2ms]
2024-11-05 20:14:04.858 [info] > git show --textconv :app-redux/src/components/comments/Modal.jsx [2ms]
2024-11-05 20:14:04.859 [info] > git ls-files --stage -- /home/ilya/app-redux/src/components/comments/Modal.jsx [1ms]
2024-11-05 20:14:41.041 [info] > git show --textconv :app-redux/src/components/comments/InputComments.jsx [10ms]
2024-11-05 20:14:41.041 [info] > git ls-files --stage -- /home/ilya/app-redux/src/components/comments/InputComments.jsx [7ms]
