2024-08-28 11:07:15.174 [info] Log level: Info
2024-08-28 11:07:15.174 [info] Validating found git in: "git"
2024-08-28 11:07:15.174 [info] Using git "2.34.1" from "git"
2024-08-28 11:07:15.174 [info] > git rev-parse --show-toplevel [13ms]
2024-08-28 11:07:15.174 [info] > git rev-parse --git-dir --git-common-dir [4ms]
2024-08-28 11:07:15.174 [info] Open repository: /home/ilya/react-fundamental-course
2024-08-28 11:07:15.176 [info] > git rev-parse --show-toplevel [22ms]
2024-08-28 11:07:15.177 [info] > git config --get commit.template [26ms]
2024-08-28 11:07:15.193 [info] > git for-each-ref --format=%(refname)%00%(upstream:short)%00%(objectname)%00%(upstream:track)%00%(upstream:remotename)%00%(upstream:remoteref) refs/heads/master refs/remotes/master [4ms]
2024-08-28 11:07:15.194 [info] > git rev-parse --show-toplevel [10ms]
2024-08-28 11:07:15.213 [warning] ENOENT: no such file or directory, open '/home/ilya/react-fundamental-course/.git/refs/remotes/origin/master'
2024-08-28 11:07:15.221 [info] > git rev-parse --show-toplevel [4ms]
2024-08-28 11:07:15.228 [info] > git rev-parse refs/remotes/origin/master [16ms]
2024-08-28 11:07:15.237 [info] > git status -z -uall [4ms]
2024-08-28 11:07:15.253 [info] > git merge-base refs/heads/master refs/remotes/origin/master [10ms]
2024-08-28 11:07:15.266 [info] > git rev-list --count --left-right refs/heads/master...refs/remotes/origin/master [9ms]
2024-08-28 11:07:15.271 [info] > git config --get commit.template [18ms]
2024-08-28 11:07:15.276 [info] > git diff --name-status -z --diff-filter=ADMR 06ee57871f77897baaad30adf27c093025ad407c...refs/remotes/origin/master [5ms]
2024-08-28 11:07:15.277 [info] > git for-each-ref --format=%(refname)%00%(upstream:short)%00%(objectname)%00%(upstream:track)%00%(upstream:remotename)%00%(upstream:remoteref) refs/heads/master refs/remotes/master [2ms]
2024-08-28 11:07:15.282 [warning] ENOENT: no such file or directory, open '/home/ilya/react-fundamental-course/.git/refs/remotes/origin/master'
2024-08-28 11:07:15.284 [info] > git rev-parse refs/remotes/origin/master [3ms]
2024-08-28 11:07:15.292 [info] > git status -z -uall [4ms]
2024-08-28 11:07:15.686 [info] > git check-ignore -v -z --stdin [3ms]
