2024-11-05 20:15:28.557 [info] [main] Log level: Info
2024-11-05 20:15:28.557 [info] [main] Validating found git in: "git"
2024-11-05 20:15:28.557 [info] [main] Using git "2.34.1" from "git"
2024-11-05 20:15:28.557 [info] [Model][doInitialScan] Initial repository scan started
2024-11-05 20:15:28.557 [info] > git rev-parse --show-toplevel [251ms]
2024-11-05 20:15:28.557 [info] > git rev-parse --git-dir --git-common-dir [12ms]
2024-11-05 20:15:28.557 [info] [Model][openRepository] Opened repository: /home/ilya
2024-11-05 20:15:28.557 [info] > git config --get commit.template [6ms]
2024-11-05 20:15:28.557 [info] > git rev-parse --show-toplevel [4ms]
2024-11-05 20:15:28.566 [info] > git for-each-ref --format=%(refname)%00%(upstream:short)%00%(objectname)%00%(upstream:track)%00%(upstream:remotename)%00%(upstream:remoteref) refs/heads/main refs/remotes/main [5ms]
2024-11-05 20:15:28.567 [info] > git rev-parse --show-toplevel [1ms]
2024-11-05 20:15:28.584 [info] > git rev-parse --show-toplevel [13ms]
2024-11-05 20:15:28.593 [info] > git for-each-ref --sort -committerdate --format %(refname) %(objectname) %(*objectname) [10ms]
2024-11-05 20:15:28.596 [info] > git rev-parse --show-toplevel [3ms]
2024-11-05 20:15:28.599 [info] [Model][doInitialScan] Initial repository scan completed - repositories (1), closed repositories (0), parent repositories (0), unsafe repositories (0)
2024-11-05 20:15:28.697 [info] > git rev-parse --show-toplevel [89ms]
2024-11-05 20:15:29.037 [info] > git show --textconv :app-redux/src/components/comments/InputComments.jsx [83ms]
2024-11-05 20:15:29.038 [info] > git ls-files --stage -- /home/ilya/app-redux/src/components/comments/InputComments.jsx [80ms]
2024-11-05 20:15:29.206 [info] > git check-ignore -v -z --stdin [1ms]
2024-11-05 20:15:32.384 [info] > git status -z -uall [3808ms] (cancelled)
2024-11-05 20:15:32.385 [info] > git check-ignore -v -z --stdin [1ms]
2024-11-05 20:15:34.770 [info] > git for-each-ref --format=%(refname)%00%(upstream:short)%00%(objectname)%00%(upstream:track)%00%(upstream:remotename)%00%(upstream:remoteref) refs/heads/main refs/remotes/main [8ms]
2024-11-05 20:15:34.775 [info] > git config --get commit.template [9ms]
2024-11-05 20:15:34.776 [info] > git config --local branch.main.vscode-merge-base [3ms]
2024-11-05 20:15:34.776 [warning] [Git][config] git config failed: Failed to execute git
2024-11-05 20:15:34.796 [info] > git for-each-ref --format=%(refname)%00%(upstream:short)%00%(objectname)%00%(upstream:track)%00%(upstream:remotename)%00%(upstream:remoteref) refs/heads/main refs/remotes/main [13ms]
2024-11-05 20:15:34.796 [info] > git reflog main --grep-reflog=branch: Created from *. [17ms]
2024-11-05 20:15:34.803 [info] > git symbolic-ref --short refs/remotes/origin/HEAD [5ms]
2024-11-05 20:15:34.803 [info] fatal: ref refs/remotes/origin/HEAD is not a symbolic ref
2024-11-05 20:15:34.803 [warning] [Repository][getDefaultBranch] Failed to get default branch details: Failed to execute git.
2024-11-05 20:15:34.807 [info] > git merge-base refs/heads/main refs/remotes/origin/main [2ms]
2024-11-05 20:15:34.810 [info] > git for-each-ref --sort -committerdate --format %(refname) %(objectname) %(*objectname) [8ms]
2024-11-05 20:15:34.811 [info] > git diff --name-status -z --diff-filter=ADMR b8b13eb1394fcc469627dd6bb3242130aa8f7280...refs/remotes/origin/main [1ms]
2024-11-05 20:15:35.512 [info] > git status -z -uall [712ms] (cancelled)
2024-11-05 20:15:43.410 [info] > git show --textconv :app-redux/src/slices/apiApp.js [8ms]
2024-11-05 20:15:43.411 [info] > git ls-files --stage -- /home/ilya/app-redux/src/slices/apiApp.js [5ms]
2024-11-05 20:15:45.365 [info] > git show --textconv :app-redux/src/slices/tasksSlice.js [3ms]
2024-11-05 20:15:45.365 [info] > git ls-files --stage -- /home/ilya/app-redux/src/slices/tasksSlice.js [1ms]
2024-11-05 20:17:18.989 [info] > git show --textconv :app-redux/src/components/comments/InputComments.jsx [3ms]
2024-11-05 20:17:18.990 [info] > git ls-files --stage -- /home/ilya/app-redux/src/components/comments/InputComments.jsx [2ms]
2024-11-05 20:17:20.357 [info] > git show --textconv :app-redux/src/components/comments/Modal.module.css [4ms]
2024-11-05 20:17:20.360 [info] > git ls-files --stage -- /home/ilya/app-redux/src/components/comments/Modal.module.css [4ms]
2024-11-05 20:17:21.468 [info] > git show --textconv :app-redux/src/components/comments/Modal.jsx [2ms]
2024-11-05 20:17:21.469 [info] > git ls-files --stage -- /home/ilya/app-redux/src/components/comments/Modal.jsx [1ms]
2024-11-05 20:17:28.111 [info] > git show --textconv :app-redux/src/components/comments/InputComments.jsx [5ms]
2024-11-05 20:17:28.112 [info] > git ls-files --stage -- /home/ilya/app-redux/src/components/comments/InputComments.jsx [1ms]
2024-11-05 20:17:30.437 [info] > git show --textconv :app-redux/src/components/comments/Modal.module.css [3ms]
2024-11-05 20:17:30.438 [info] > git ls-files --stage -- /home/ilya/app-redux/src/components/comments/Modal.module.css [1ms]
2024-11-05 20:17:30.889 [info] > git show --textconv :app-redux/src/components/comments/Modal.jsx [3ms]
2024-11-05 20:17:30.889 [info] > git ls-files --stage -- /home/ilya/app-redux/src/components/comments/Modal.jsx [1ms]
2024-11-05 20:17:35.240 [info] > git show --textconv :app-redux/src/components/comments/InputComments.jsx [2ms]
2024-11-05 20:17:35.241 [info] > git ls-files --stage -- /home/ilya/app-redux/src/components/comments/InputComments.jsx [1ms]
2024-11-05 20:17:36.639 [info] > git show --textconv :app-redux/src/components/comments/Modal.module.css [3ms]
2024-11-05 20:17:36.640 [info] > git ls-files --stage -- /home/ilya/app-redux/src/components/comments/Modal.module.css [2ms]
2024-11-05 20:17:39.359 [info] > git show --textconv :app-redux/src/components/comments/Modal.jsx [4ms]
2024-11-05 20:17:39.360 [info] > git ls-files --stage -- /home/ilya/app-redux/src/components/comments/Modal.jsx [2ms]
2024-11-05 20:17:40.137 [info] > git show --textconv :app-redux/src/components/comments/Modal.module.css [3ms]
2024-11-05 20:17:40.138 [info] > git ls-files --stage -- /home/ilya/app-redux/src/components/comments/Modal.module.css [1ms]
2024-11-05 20:17:44.857 [info] > git show --textconv :app-redux/src/components/comments/Modal.jsx [3ms]
2024-11-05 20:17:44.858 [info] > git ls-files --stage -- /home/ilya/app-redux/src/components/comments/Modal.jsx [2ms]
2024-11-05 20:17:47.804 [info] > git show --textconv :app-redux/src/components/comments/InputComments.jsx [3ms]
2024-11-05 20:17:47.805 [info] > git ls-files --stage -- /home/ilya/app-redux/src/components/comments/InputComments.jsx [1ms]
2024-11-05 20:17:49.089 [info] > git show --textconv :app-redux/src/components/comments/Modal.module.css [4ms]
2024-11-05 20:17:49.090 [info] > git ls-files --stage -- /home/ilya/app-redux/src/components/comments/Modal.module.css [3ms]
2024-11-05 20:17:53.773 [info] > git show --textconv :app-redux/src/components/comments/Modal.jsx [2ms]
2024-11-05 20:17:53.774 [info] > git ls-files --stage -- /home/ilya/app-redux/src/components/comments/Modal.jsx [1ms]
2024-11-05 20:17:57.665 [info] > git show --textconv :app-redux/src/components/comments/InputComments.jsx [4ms]
2024-11-05 20:17:57.665 [info] > git ls-files --stage -- /home/ilya/app-redux/src/components/comments/InputComments.jsx [1ms]
2024-11-05 20:18:05.751 [info] > git show --textconv :app-redux/src/components/comments/Modal.module.css [3ms]
2024-11-05 20:18:05.752 [info] > git ls-files --stage -- /home/ilya/app-redux/src/components/comments/Modal.module.css [1ms]
2024-11-05 20:18:06.896 [info] > git show --textconv :app-redux/src/components/comments/InputComments.jsx [4ms]
2024-11-05 20:18:06.897 [info] > git ls-files --stage -- /home/ilya/app-redux/src/components/comments/InputComments.jsx [2ms]
2024-11-05 20:18:07.471 [info] > git show --textconv :app-redux/src/components/comments/Modal.jsx [3ms]
2024-11-05 20:18:07.472 [info] > git ls-files --stage -- /home/ilya/app-redux/src/components/comments/Modal.jsx [2ms]
2024-11-05 20:18:12.892 [info] > git show --textconv :app-redux/src/components/comments/InputComments.jsx [3ms]
2024-11-05 20:18:12.892 [info] > git ls-files --stage -- /home/ilya/app-redux/src/components/comments/InputComments.jsx [1ms]
2024-11-05 20:18:14.059 [info] > git show --textconv :app-redux/src/components/comments/Modal.jsx [3ms]
2024-11-05 20:18:14.059 [info] > git ls-files --stage -- /home/ilya/app-redux/src/components/comments/Modal.jsx [1ms]
2024-11-05 20:36:19.324 [info] > git show --textconv :app-redux/src/components/comments/Modal.module.css [11ms]
2024-11-05 20:36:19.324 [info] > git ls-files --stage -- /home/ilya/app-redux/src/components/comments/Modal.module.css [6ms]
2024-11-05 20:36:36.220 [info] > git show --textconv :app-redux/src/components/comments/Modal.jsx [3ms]
2024-11-05 20:36:36.220 [info] > git ls-files --stage -- /home/ilya/app-redux/src/components/comments/Modal.jsx [1ms]
2024-11-05 20:36:37.209 [info] > git show --textconv :app-redux/src/components/comments/InputComments.jsx [4ms]
2024-11-05 20:36:37.210 [info] > git ls-files --stage -- /home/ilya/app-redux/src/components/comments/InputComments.jsx [1ms]
2024-11-05 20:37:10.630 [info] > git show --textconv :app-redux/src/components/comments/Modal.jsx [3ms]
2024-11-05 20:37:10.630 [info] > git ls-files --stage -- /home/ilya/app-redux/src/components/comments/Modal.jsx [1ms]
2024-11-05 20:37:18.015 [info] > git show --textconv :app-redux/src/components/comments/InputComments.jsx [3ms]
2024-11-05 20:37:18.016 [info] > git ls-files --stage -- /home/ilya/app-redux/src/components/comments/InputComments.jsx [1ms]
2024-11-05 20:37:18.650 [info] > git show --textconv :app-redux/src/components/comments/Modal.module.css [2ms]
2024-11-05 20:37:18.653 [info] > git ls-files --stage -- /home/ilya/app-redux/src/components/comments/Modal.module.css [3ms]
2024-11-05 20:37:27.716 [info] > git show --textconv :app-redux/src/components/comments/Modal.jsx [3ms]
2024-11-05 20:37:27.717 [info] > git ls-files --stage -- /home/ilya/app-redux/src/components/comments/Modal.jsx [2ms]
2024-11-05 20:37:28.514 [info] > git show --textconv :app-redux/src/components/comments/Modal.module.css [3ms]
2024-11-05 20:37:28.515 [info] > git ls-files --stage -- /home/ilya/app-redux/src/components/comments/Modal.module.css [2ms]
2024-11-05 20:37:41.550 [info] > git show --textconv :app-redux/src/components/comments/Modal.jsx [4ms]
2024-11-05 20:37:41.551 [info] > git ls-files --stage -- /home/ilya/app-redux/src/components/comments/Modal.jsx [2ms]
2024-11-05 20:37:43.930 [info] > git show --textconv :app-redux/src/components/comments/InputComments.jsx [3ms]
2024-11-05 20:37:43.931 [info] > git ls-files --stage -- /home/ilya/app-redux/src/components/comments/InputComments.jsx [2ms]
2024-11-05 20:37:57.713 [info] > git show --textconv :app-redux/src/components/comments/Modal.module.css [3ms]
2024-11-05 20:37:57.715 [info] > git ls-files --stage -- /home/ilya/app-redux/src/components/comments/Modal.module.css [2ms]
2024-11-05 20:38:00.336 [info] > git show --textconv :app-redux/src/components/comments/Modal.jsx [3ms]
2024-11-05 20:38:00.336 [info] > git ls-files --stage -- /home/ilya/app-redux/src/components/comments/Modal.jsx [1ms]
2024-11-05 20:38:03.123 [info] > git show --textconv :app-redux/src/components/comments/Modal.module.css [4ms]
2024-11-05 20:38:03.124 [info] > git ls-files --stage -- /home/ilya/app-redux/src/components/comments/Modal.module.css [1ms]
2024-11-05 20:38:04.058 [info] > git show --textconv :app-redux/src/components/comments/InputComments.jsx [5ms]
2024-11-05 20:38:04.058 [info] > git ls-files --stage -- /home/ilya/app-redux/src/components/comments/InputComments.jsx [1ms]
2024-11-05 20:38:26.201 [info] > git show --textconv :app-redux/src/components/comments/Modal.jsx [3ms]
2024-11-05 20:38:26.202 [info] > git ls-files --stage -- /home/ilya/app-redux/src/components/comments/Modal.jsx [1ms]
2024-11-05 20:39:00.735 [info] > git show --textconv :app-redux/src/components/comments/Modal.module.css [2ms]
2024-11-05 20:39:00.736 [info] > git ls-files --stage -- /home/ilya/app-redux/src/components/comments/Modal.module.css [1ms]
2024-11-05 20:39:36.204 [info] > git show --textconv :app-redux/src/components/comments/Modal.jsx [4ms]
2024-11-05 20:39:36.205 [info] > git ls-files --stage -- /home/ilya/app-redux/src/components/comments/Modal.jsx [1ms]
2024-11-05 20:39:40.523 [info] > git show --textconv :app-redux/src/components/comments/InputComments.jsx [2ms]
2024-11-05 20:39:40.524 [info] > git ls-files --stage -- /home/ilya/app-redux/src/components/comments/InputComments.jsx [1ms]
2024-11-05 20:39:44.805 [info] > git show --textconv :app-redux/src/components/comments/Modal.jsx [3ms]
2024-11-05 20:39:44.806 [info] > git ls-files --stage -- /home/ilya/app-redux/src/components/comments/Modal.jsx [2ms]
2024-11-05 20:39:55.874 [info] > git show --textconv :app-redux/src/components/comments/Modal.module.css [4ms]
2024-11-05 20:39:55.874 [info] > git ls-files --stage -- /home/ilya/app-redux/src/components/comments/Modal.module.css [1ms]
2024-11-05 20:40:17.321 [info] > git show --textconv :app-redux/src/components/comments/InputComments.jsx [2ms]
2024-11-05 20:40:17.323 [info] > git ls-files --stage -- /home/ilya/app-redux/src/components/comments/InputComments.jsx [2ms]
2024-11-05 20:40:38.674 [info] > git show --textconv :app-redux/src/components/comments/Modal.module.css [3ms]
2024-11-05 20:40:38.675 [info] > git ls-files --stage -- /home/ilya/app-redux/src/components/comments/Modal.module.css [1ms]
2024-11-05 20:40:39.610 [info] > git show --textconv :app-redux/src/components/comments/Modal.jsx [2ms]
2024-11-05 20:40:39.612 [info] > git ls-files --stage -- /home/ilya/app-redux/src/components/comments/Modal.jsx [2ms]
2024-11-05 20:40:51.358 [info] > git show --textconv :app-redux/src/components/comments/Modal.module.css [2ms]
2024-11-05 20:40:51.360 [info] > git ls-files --stage -- /home/ilya/app-redux/src/components/comments/Modal.module.css [2ms]
2024-11-05 21:01:13.391 [info] > git check-ignore -v -z --stdin [17ms]
2024-11-05 21:06:49.838 [info] > git show --textconv :app-redux/src/components/comments/Modal.jsx [3ms]
2024-11-05 21:06:49.839 [info] > git ls-files --stage -- /home/ilya/app-redux/src/components/comments/Modal.jsx [2ms]
2024-11-05 21:07:48.700 [info] > git show --textconv :app-redux/src/components/comments/InputComments.jsx [18ms]
2024-11-05 21:07:48.700 [info] > git ls-files --stage -- /home/ilya/app-redux/src/components/comments/InputComments.jsx [15ms]
2024-11-05 21:08:26.890 [info] > git show --textconv :app-redux/src/components/DataJsonMap.jsx [2ms]
2024-11-05 21:08:26.891 [info] > git ls-files --stage -- /home/ilya/app-redux/src/components/DataJsonMap.jsx [1ms]
2024-11-05 21:08:35.112 [info] > git show --textconv :app-redux/src/components/comments/CommentsMap.jsx [2ms]
2024-11-05 21:08:35.112 [info] > git ls-files --stage -- /home/ilya/app-redux/src/components/comments/CommentsMap.jsx [1ms]
2024-11-05 21:08:47.330 [info] > git show --textconv :app-redux/src/components/DataJsonMap.jsx [4ms]
2024-11-05 21:08:47.330 [info] > git ls-files --stage -- /home/ilya/app-redux/src/components/DataJsonMap.jsx [1ms]
2024-11-05 21:08:47.995 [info] > git show --textconv :app-redux/src/components/comments/InputComments.jsx [3ms]
2024-11-05 21:08:47.995 [info] > git ls-files --stage -- /home/ilya/app-redux/src/components/comments/InputComments.jsx [1ms]
2024-11-05 21:12:36.266 [info] > git show --textconv :app-redux/src/components/comments/Modal.jsx [11ms]
2024-11-05 21:12:36.267 [info] > git ls-files --stage -- /home/ilya/app-redux/src/components/comments/Modal.jsx [9ms]
2024-11-05 21:12:41.787 [info] > git show --textconv :app-redux/src/components/comments/InputComments.jsx [8ms]
2024-11-05 21:12:41.792 [info] > git ls-files --stage -- /home/ilya/app-redux/src/components/comments/InputComments.jsx [7ms]
2024-11-05 21:12:56.176 [info] > git show --textconv :app-redux/src/components/comments/Modal.jsx [2ms]
2024-11-05 21:12:56.177 [info] > git ls-files --stage -- /home/ilya/app-redux/src/components/comments/Modal.jsx [1ms]
2024-11-05 21:12:57.427 [info] > git show --textconv :app-redux/src/components/comments/CommentsMap.jsx [3ms]
2024-11-05 21:12:57.427 [info] > git ls-files --stage -- /home/ilya/app-redux/src/components/comments/CommentsMap.jsx [1ms]
2024-11-05 21:12:58.102 [info] > git show --textconv :app-redux/src/components/comments/Modal.module.css [4ms]
2024-11-05 21:12:58.103 [info] > git ls-files --stage -- /home/ilya/app-redux/src/components/comments/Modal.module.css [2ms]
