2024-11-06 11:40:28.488 [info] [main] Log level: Info
2024-11-06 11:40:28.488 [info] [main] Validating found git in: "git"
2024-11-06 11:40:28.488 [info] [main] Using git "2.34.1" from "git"
2024-11-06 11:40:28.488 [info] [Model][doInitialScan] Initial repository scan started
2024-11-06 11:40:28.488 [info] > git rev-parse --show-toplevel [120ms]
2024-11-06 11:40:28.488 [info] > git rev-parse --git-dir --git-common-dir [4ms]
2024-11-06 11:40:28.488 [info] [Model][openRepository] Opened repository: /home/ilya
2024-11-06 11:40:28.488 [info] > git config --get commit.template [7ms]
2024-11-06 11:40:28.488 [info] > git rev-parse --show-toplevel [5ms]
2024-11-06 11:40:28.499 [info] > git rev-parse --show-toplevel [1ms]
2024-11-06 11:40:28.503 [info] > git for-each-ref --format=%(refname)%00%(upstream:short)%00%(objectname)%00%(upstream:track)%00%(upstream:remotename)%00%(upstream:remoteref) refs/heads/main refs/remotes/main [9ms]
2024-11-06 11:40:28.504 [info] > git rev-parse --show-toplevel [2ms]
2024-11-06 11:40:28.507 [info] [Model][doInitialScan] Initial repository scan completed - repositories (1), closed repositories (0), parent repositories (0), unsafe repositories (0)
2024-11-06 11:40:28.605 [info] > git for-each-ref --sort -committerdate --format %(refname) %(objectname) %(*objectname) [86ms]
2024-11-06 11:40:29.099 [info] > git check-ignore -v -z --stdin [7ms]
2024-11-06 11:40:29.115 [info] > git show --textconv :app-redux/src/slices/tasksSlice.js [10ms]
2024-11-06 11:40:29.146 [info] > git ls-files --stage -- /home/ilya/app-redux/src/slices/tasksSlice.js [34ms]
2024-11-06 11:40:33.057 [info] > git status -z -uall [4543ms] (cancelled)
2024-11-06 11:40:33.058 [info] > git check-ignore -v -z --stdin [1ms]
2024-11-06 11:40:37.322 [info] > git for-each-ref --format=%(refname)%00%(upstream:short)%00%(objectname)%00%(upstream:track)%00%(upstream:remotename)%00%(upstream:remoteref) refs/heads/main refs/remotes/main [6ms]
2024-11-06 11:40:37.327 [info] > git config --get commit.template [5ms]
2024-11-06 11:40:37.328 [info] > git config --local branch.main.vscode-merge-base [1ms]
2024-11-06 11:40:37.328 [warning] [Git][config] git config failed: Failed to execute git
2024-11-06 11:40:37.335 [info] > git reflog main --grep-reflog=branch: Created from *. [5ms]
2024-11-06 11:40:37.341 [info] > git for-each-ref --format=%(refname)%00%(upstream:short)%00%(objectname)%00%(upstream:track)%00%(upstream:remotename)%00%(upstream:remoteref) refs/heads/main refs/remotes/main [8ms]
2024-11-06 11:40:37.360 [info] > git symbolic-ref --short refs/remotes/origin/HEAD [22ms]
2024-11-06 11:40:37.360 [info] fatal: ref refs/remotes/origin/HEAD is not a symbolic ref
2024-11-06 11:40:37.360 [warning] [Repository][getDefaultBranch] Failed to get default branch details: Failed to execute git.
2024-11-06 11:40:38.248 [info] > git merge-base refs/heads/main refs/remotes/origin/main [885ms]
2024-11-06 11:40:38.293 [info] > git diff --name-status -z --diff-filter=ADMR b8b13eb1394fcc469627dd6bb3242130aa8f7280...refs/remotes/origin/main [41ms]
2024-11-06 11:40:38.337 [info] > git for-each-ref --sort -committerdate --format %(refname) %(objectname) %(*objectname) [3ms]
2024-11-06 11:40:38.900 [info] > git status -z -uall [596ms] (cancelled)
2024-11-06 11:41:19.290 [info] > git show --textconv :app-redux/src/components/Posts.jsx [3ms]
2024-11-06 11:41:19.292 [info] > git ls-files --stage -- /home/ilya/app-redux/src/components/Posts.jsx [3ms]
2024-11-06 11:41:37.038 [info] > git show --textconv :app-redux/src/slices/tasksSlice.js [2ms]
2024-11-06 11:41:37.039 [info] > git ls-files --stage -- /home/ilya/app-redux/src/slices/tasksSlice.js [1ms]
2024-11-06 11:41:49.896 [info] > git show --textconv :app-redux/src/components/Posts.jsx [4ms]
2024-11-06 11:41:49.898 [info] > git ls-files --stage -- /home/ilya/app-redux/src/components/Posts.jsx [3ms]
2024-11-06 11:42:13.092 [info] > git show --textconv :app-redux/src/slices/tasksSlice.js [3ms]
2024-11-06 11:42:13.092 [info] > git ls-files --stage -- /home/ilya/app-redux/src/slices/tasksSlice.js [1ms]
2024-11-06 11:42:14.509 [info] > git show --textconv :app-redux/src/components/Posts.jsx [2ms]
2024-11-06 11:42:14.511 [info] > git ls-files --stage -- /home/ilya/app-redux/src/components/Posts.jsx [2ms]
2024-11-06 11:42:57.466 [info] > git show --textconv :app-redux/src/slices/tasksSlice.js [5ms]
2024-11-06 11:42:57.469 [info] > git ls-files --stage -- /home/ilya/app-redux/src/slices/tasksSlice.js [5ms]
2024-11-06 11:42:58.597 [info] > git show --textconv :app-redux/src/slices/apiApp.js [3ms]
2024-11-06 11:42:58.598 [info] > git ls-files --stage -- /home/ilya/app-redux/src/slices/apiApp.js [2ms]
2024-11-06 11:42:59.212 [info] > git show --textconv :app-redux/src/components/PostsApp.jsx [4ms]
2024-11-06 11:42:59.213 [info] > git ls-files --stage -- /home/ilya/app-redux/src/components/PostsApp.jsx [2ms]
2024-11-06 11:43:00.276 [info] > git show --textconv :app-redux/src/slices/apiApp.js [3ms]
2024-11-06 11:43:00.277 [info] > git ls-files --stage -- /home/ilya/app-redux/src/slices/apiApp.js [2ms]
2024-11-06 11:43:01.113 [info] > git show --textconv :app-redux/src/pages/About.jsx [3ms]
2024-11-06 11:43:01.114 [info] > git ls-files --stage -- /home/ilya/app-redux/src/pages/About.jsx [1ms]
2024-11-06 11:43:01.871 [info] > git show --textconv :app-redux/src/slices/apiApp.js [3ms]
2024-11-06 11:43:01.872 [info] > git ls-files --stage -- /home/ilya/app-redux/src/slices/apiApp.js [1ms]
2024-11-06 11:43:13.950 [info] > git show --textconv :app-redux/src/components/App.js [3ms]
2024-11-06 11:43:13.951 [info] > git ls-files --stage -- /home/ilya/app-redux/src/components/App.js [1ms]
2024-11-06 11:43:13.956 [info] > git cat-file -s a1b47a5a8aac43f72c95139016613e462aa6d1bb [2ms]
2024-11-06 11:48:31.705 [info] > git show --textconv :app-redux/src/components/style.css [2ms]
2024-11-06 11:48:31.706 [info] > git ls-files --stage -- /home/ilya/app-redux/src/components/style.css [1ms]
2024-11-06 11:48:41.880 [info] > git show --textconv :app-redux/src/components/App.js [2ms]
2024-11-06 11:48:41.881 [info] > git ls-files --stage -- /home/ilya/app-redux/src/components/App.js [1ms]
2024-11-06 11:48:41.884 [info] > git cat-file -s a1b47a5a8aac43f72c95139016613e462aa6d1bb [1ms]
2024-11-06 11:49:09.336 [info] > git show --textconv :app-redux/src/components/style.css [3ms]
2024-11-06 11:49:09.337 [info] > git ls-files --stage -- /home/ilya/app-redux/src/components/style.css [2ms]
2024-11-06 11:50:58.368 [info] > git show --textconv :app-redux/src/components/App.js [3ms]
2024-11-06 11:50:58.370 [info] > git ls-files --stage -- /home/ilya/app-redux/src/components/App.js [2ms]
2024-11-06 11:50:58.373 [info] > git cat-file -s a1b47a5a8aac43f72c95139016613e462aa6d1bb [1ms]
2024-11-06 11:52:55.550 [info] > git show --textconv :app-redux/src/components/style.css [2ms]
2024-11-06 11:52:55.550 [info] > git ls-files --stage -- /home/ilya/app-redux/src/components/style.css [1ms]
2024-11-06 11:54:46.811 [info] > git show --textconv :app-redux/src/components/App.js [7ms]
2024-11-06 11:54:46.813 [info] > git ls-files --stage -- /home/ilya/app-redux/src/components/App.js [6ms]
2024-11-06 11:54:46.815 [info] > git cat-file -s a1b47a5a8aac43f72c95139016613e462aa6d1bb [0ms]
2024-11-06 11:55:08.205 [info] > git show --textconv :app-redux/src/components/style.css [3ms]
2024-11-06 11:55:08.206 [info] > git ls-files --stage -- /home/ilya/app-redux/src/components/style.css [3ms]
2024-11-06 11:58:12.937 [info] > git show --textconv :app-redux/src/components/App.js [2ms]
2024-11-06 11:58:12.938 [info] > git ls-files --stage -- /home/ilya/app-redux/src/components/App.js [1ms]
2024-11-06 11:58:12.942 [info] > git cat-file -s a1b47a5a8aac43f72c95139016613e462aa6d1bb [1ms]
2024-11-06 12:06:08.447 [info] > git check-ignore -v -z --stdin [1ms]
2024-11-06 12:06:16.721 [info] > git check-ignore -v -z --stdin [1ms]
2024-11-06 12:06:20.960 [info] > git check-ignore -v -z --stdin [1ms]
2024-11-06 12:07:15.225 [info] > git show --textconv :app-redux/src/components/style.css [3ms]
2024-11-06 12:07:15.226 [info] > git ls-files --stage -- /home/ilya/app-redux/src/components/style.css [1ms]
2024-11-06 12:07:19.749 [info] > git show --textconv :app-redux/src/components/App.js [2ms]
2024-11-06 12:07:19.749 [info] > git ls-files --stage -- /home/ilya/app-redux/src/components/App.js [1ms]
2024-11-06 12:07:19.752 [info] > git cat-file -s a1b47a5a8aac43f72c95139016613e462aa6d1bb [1ms]
2024-11-06 12:07:20.731 [info] > git show --textconv :app-redux/src/components/style.css [3ms]
2024-11-06 12:07:20.732 [info] > git ls-files --stage -- /home/ilya/app-redux/src/components/style.css [1ms]
2024-11-06 12:07:33.202 [info] > git show --textconv :app-redux/src/components/App.js [2ms]
2024-11-06 12:07:33.203 [info] > git ls-files --stage -- /home/ilya/app-redux/src/components/App.js [1ms]
2024-11-06 12:07:33.206 [info] > git cat-file -s a1b47a5a8aac43f72c95139016613e462aa6d1bb [1ms]
2024-11-06 12:07:34.334 [info] > git show --textconv :app-redux/src/components/style.css [2ms]
2024-11-06 12:07:34.335 [info] > git ls-files --stage -- /home/ilya/app-redux/src/components/style.css [1ms]
2024-11-06 12:07:36.134 [info] > git show --textconv :app-redux/src/components/App.js [3ms]
2024-11-06 12:07:36.134 [info] > git ls-files --stage -- /home/ilya/app-redux/src/components/App.js [2ms]
2024-11-06 12:07:36.137 [info] > git cat-file -s a1b47a5a8aac43f72c95139016613e462aa6d1bb [1ms]
2024-11-06 12:07:43.352 [info] > git show --textconv :app-redux/src/components/style.css [3ms]
2024-11-06 12:07:43.353 [info] > git ls-files --stage -- /home/ilya/app-redux/src/components/style.css [1ms]
2024-11-06 12:09:59.057 [info] > git show --textconv :app-redux/src/components/App.js [4ms]
2024-11-06 12:09:59.057 [info] > git ls-files --stage -- /home/ilya/app-redux/src/components/App.js [1ms]
2024-11-06 12:09:59.061 [info] > git cat-file -s a1b47a5a8aac43f72c95139016613e462aa6d1bb [1ms]
2024-11-06 12:10:03.896 [info] > git check-ignore -v -z --stdin [1ms]
2024-11-06 12:10:26.298 [info] > git check-ignore -v -z --stdin [1ms]
2024-11-06 12:10:34.480 [info] > git show --textconv :app-redux/src/components/Navbar/Navbar.jsx [3ms]
2024-11-06 12:10:34.481 [info] > git ls-files --stage -- /home/ilya/app-redux/src/components/Navbar/Navbar.jsx [1ms]
2024-11-06 12:10:34.754 [info] > git check-ignore -v -z --stdin [1ms]
2024-11-06 12:10:40.127 [info] > git show --textconv :app-redux/src/components/App.js [3ms]
2024-11-06 12:10:40.127 [info] > git ls-files --stage -- /home/ilya/app-redux/src/components/App.js [1ms]
2024-11-06 12:10:40.130 [info] > git cat-file -s a1b47a5a8aac43f72c95139016613e462aa6d1bb [0ms]
2024-11-06 12:10:43.479 [info] > git show --textconv :app-redux/src/components/Navbar/Navbar.jsx [2ms]
2024-11-06 12:10:43.480 [info] > git ls-files --stage -- /home/ilya/app-redux/src/components/Navbar/Navbar.jsx [2ms]
2024-11-06 12:10:47.461 [info] > git show --textconv :app-redux/src/components/App.js [3ms]
2024-11-06 12:10:47.462 [info] > git ls-files --stage -- /home/ilya/app-redux/src/components/App.js [2ms]
2024-11-06 12:10:47.466 [info] > git cat-file -s a1b47a5a8aac43f72c95139016613e462aa6d1bb [1ms]
2024-11-06 12:11:00.450 [info] > git show --textconv :app-redux/src/components/Navbar/Navbar.jsx [3ms]
2024-11-06 12:11:00.451 [info] > git ls-files --stage -- /home/ilya/app-redux/src/components/Navbar/Navbar.jsx [2ms]
2024-11-06 12:11:21.799 [info] > git show --textconv :app-redux/src/components/App.js [2ms]
2024-11-06 12:11:21.800 [info] > git ls-files --stage -- /home/ilya/app-redux/src/components/App.js [1ms]
2024-11-06 12:11:21.803 [info] > git cat-file -s a1b47a5a8aac43f72c95139016613e462aa6d1bb [1ms]
2024-11-06 12:11:49.099 [info] > git show --textconv :app-redux/src/components/Navbar/Navbar.jsx [3ms]
2024-11-06 12:11:49.100 [info] > git ls-files --stage -- /home/ilya/app-redux/src/components/Navbar/Navbar.jsx [1ms]
2024-11-06 12:12:05.724 [info] > git show --textconv :app-redux/src/components/App.js [3ms]
2024-11-06 12:12:05.725 [info] > git ls-files --stage -- /home/ilya/app-redux/src/components/App.js [2ms]
2024-11-06 12:12:05.728 [info] > git cat-file -s a1b47a5a8aac43f72c95139016613e462aa6d1bb [1ms]
2024-11-06 12:13:23.805 [info] > git show --textconv :app-redux/src/components/Navbar/Navbar.module.css [3ms]
2024-11-06 12:13:23.806 [info] > git ls-files --stage -- /home/ilya/app-redux/src/components/Navbar/Navbar.module.css [2ms]
2024-11-06 12:13:24.072 [info] > git check-ignore -v -z --stdin [1ms]
2024-11-06 12:13:36.156 [info] > git show --textconv :app-redux/src/components/style.css [2ms]
2024-11-06 12:13:36.157 [info] > git ls-files --stage -- /home/ilya/app-redux/src/components/style.css [1ms]
2024-11-06 12:13:37.939 [info] > git show --textconv :app-redux/src/components/Navbar/Navbar.module.css [2ms]
2024-11-06 12:13:37.940 [info] > git ls-files --stage -- /home/ilya/app-redux/src/components/Navbar/Navbar.module.css [1ms]
2024-11-06 12:13:38.773 [info] > git show --textconv :app-redux/src/components/style.css [2ms]
2024-11-06 12:13:38.773 [info] > git ls-files --stage -- /home/ilya/app-redux/src/components/style.css [1ms]
2024-11-06 12:13:43.558 [info] > git show --textconv :app-redux/src/components/Navbar/Navbar.jsx [2ms]
2024-11-06 12:13:43.559 [info] > git ls-files --stage -- /home/ilya/app-redux/src/components/Navbar/Navbar.jsx [1ms]
2024-11-06 12:13:44.239 [info] > git show --textconv :app-redux/src/components/Navbar/Navbar.module.css [3ms]
2024-11-06 12:13:44.240 [info] > git ls-files --stage -- /home/ilya/app-redux/src/components/Navbar/Navbar.module.css [1ms]
2024-11-06 12:13:48.856 [info] > git show --textconv :app-redux/src/components/style.css [3ms]
2024-11-06 12:13:48.856 [info] > git ls-files --stage -- /home/ilya/app-redux/src/components/style.css [1ms]
2024-11-06 12:13:54.235 [info] > git show --textconv :app-redux/src/components/Navbar/Navbar.jsx [6ms]
2024-11-06 12:13:54.235 [info] > git ls-files --stage -- /home/ilya/app-redux/src/components/Navbar/Navbar.jsx [1ms]
2024-11-06 12:13:55.123 [info] > git show --textconv :app-redux/src/components/Navbar/Navbar.module.css [2ms]
2024-11-06 12:13:55.124 [info] > git ls-files --stage -- /home/ilya/app-redux/src/components/Navbar/Navbar.module.css [1ms]
2024-11-06 12:14:03.492 [info] > git show --textconv :app-redux/src/components/App.js [3ms]
2024-11-06 12:14:03.493 [info] > git ls-files --stage -- /home/ilya/app-redux/src/components/App.js [2ms]
2024-11-06 12:14:03.496 [info] > git cat-file -s a1b47a5a8aac43f72c95139016613e462aa6d1bb [1ms]
2024-11-06 12:14:07.423 [info] > git show --textconv :app-redux/src/components/style.css [3ms]
2024-11-06 12:14:07.424 [info] > git ls-files --stage -- /home/ilya/app-redux/src/components/style.css [2ms]
2024-11-06 12:14:16.466 [info] > git show --textconv :app-redux/src/components/Navbar/Navbar.jsx [4ms]
2024-11-06 12:14:16.467 [info] > git ls-files --stage -- /home/ilya/app-redux/src/components/Navbar/Navbar.jsx [1ms]
2024-11-06 12:14:40.544 [info] > git show --textconv :app-redux/src/components/Navbar/Navbar.module.css [2ms]
2024-11-06 12:14:40.545 [info] > git ls-files --stage -- /home/ilya/app-redux/src/components/Navbar/Navbar.module.css [1ms]
2024-11-06 12:14:41.314 [info] > git show --textconv :app-redux/src/components/Navbar/Navbar.jsx [3ms]
2024-11-06 12:14:41.314 [info] > git ls-files --stage -- /home/ilya/app-redux/src/components/Navbar/Navbar.jsx [1ms]
2024-11-06 12:14:54.392 [info] > git show --textconv :app-redux/src/components/Navbar/Navbar.module.css [2ms]
2024-11-06 12:14:54.392 [info] > git ls-files --stage -- /home/ilya/app-redux/src/components/Navbar/Navbar.module.css [1ms]
2024-11-06 12:14:57.395 [info] > git show --textconv :app-redux/src/components/Navbar/Navbar.jsx [2ms]
2024-11-06 12:14:57.396 [info] > git ls-files --stage -- /home/ilya/app-redux/src/components/Navbar/Navbar.jsx [1ms]
2024-11-06 12:15:48.367 [info] > git show --textconv :app-redux/src/components/App.js [3ms]
2024-11-06 12:15:48.368 [info] > git ls-files --stage -- /home/ilya/app-redux/src/components/App.js [2ms]
2024-11-06 12:15:48.372 [info] > git cat-file -s a1b47a5a8aac43f72c95139016613e462aa6d1bb [2ms]
2024-11-06 12:16:35.647 [info] > git show --textconv :app-redux/src/components/Navbar/Navbar.jsx [3ms]
2024-11-06 12:16:35.648 [info] > git ls-files --stage -- /home/ilya/app-redux/src/components/Navbar/Navbar.jsx [1ms]
2024-11-06 12:16:59.051 [info] > git show --textconv :app-redux/src/components/App.js [2ms]
2024-11-06 12:16:59.052 [info] > git ls-files --stage -- /home/ilya/app-redux/src/components/App.js [0ms]
2024-11-06 12:16:59.054 [info] > git cat-file -s a1b47a5a8aac43f72c95139016613e462aa6d1bb [1ms]
2024-11-06 13:37:27.017 [info] > git show --textconv :app-redux/src/components/Navbar/Navbar.jsx [38ms]
2024-11-06 13:37:27.019 [info] > git ls-files --stage -- /home/ilya/app-redux/src/components/Navbar/Navbar.jsx [37ms]
2024-11-06 13:37:28.610 [info] > git show --textconv :app-redux/src/components/MyButtonDeletePosts.jsx [2ms]
2024-11-06 13:37:28.611 [info] > git ls-files --stage -- /home/ilya/app-redux/src/components/MyButtonDeletePosts.jsx [1ms]
2024-11-06 13:37:34.329 [info] > git ls-files --stage -- /home/ilya/app-redux/src/components/App.js [1ms]
2024-11-06 13:37:34.346 [info] > git show --textconv :app-redux/src/components/App.js [21ms]
2024-11-06 13:37:34.346 [info] > git cat-file -s a1b47a5a8aac43f72c95139016613e462aa6d1bb [15ms]
2024-11-06 13:37:50.264 [info] > git show --textconv :app-redux/public/index.html [3ms]
2024-11-06 13:37:50.264 [info] > git ls-files --stage -- /home/ilya/app-redux/public/index.html [1ms]
2024-11-06 13:37:50.269 [info] > git cat-file -s 38c0bfab0355e6ce8c754f9ff8779db1c7d1eef2 [3ms]
2024-11-06 13:37:54.281 [info] > git show --textconv :app-redux/src/components/comments/CommentsList.jsx [2ms]
2024-11-06 13:37:54.283 [info] > git ls-files --stage -- /home/ilya/app-redux/src/components/comments/CommentsList.jsx [2ms]
2024-11-06 13:37:55.164 [info] > git show --textconv :app-redux/src/components/comments/CommentsMap.jsx [3ms]
2024-11-06 13:37:55.165 [info] > git ls-files --stage -- /home/ilya/app-redux/src/components/comments/CommentsMap.jsx [2ms]
2024-11-06 13:37:55.930 [info] > git show --textconv :app-redux/src/components/comments/CommentsList.jsx [3ms]
2024-11-06 13:37:55.931 [info] > git ls-files --stage -- /home/ilya/app-redux/src/components/comments/CommentsList.jsx [2ms]
2024-11-06 13:37:58.083 [info] > git show --textconv :app-redux/src/components/comments/CommentsMap.jsx [3ms]
2024-11-06 13:37:58.085 [info] > git ls-files --stage -- /home/ilya/app-redux/src/components/comments/CommentsMap.jsx [3ms]
2024-11-06 13:37:59.196 [info] > git show --textconv :app-redux/src/components/comments/CommentsList.jsx [2ms]
2024-11-06 13:37:59.198 [info] > git ls-files --stage -- /home/ilya/app-redux/src/components/comments/CommentsList.jsx [2ms]
2024-11-06 13:38:00.014 [info] > git show --textconv :app-redux/src/components/comments/CommentsMap.jsx [2ms]
2024-11-06 13:38:00.015 [info] > git ls-files --stage -- /home/ilya/app-redux/src/components/comments/CommentsMap.jsx [1ms]
2024-11-06 13:38:02.112 [info] > git show --textconv :app-redux/src/components/comments/Modal.module.css [4ms]
2024-11-06 13:38:02.112 [info] > git ls-files --stage -- /home/ilya/app-redux/src/components/comments/Modal.module.css [2ms]
2024-11-06 13:38:15.486 [info] > git check-ignore -v -z --stdin [2ms]
2024-11-06 13:38:34.580 [info] > git show --textconv :app-redux/src/components/PostsApp.jsx [2ms]
2024-11-06 13:38:34.581 [info] > git ls-files --stage -- /home/ilya/app-redux/src/components/PostsApp.jsx [1ms]
2024-11-06 13:38:35.730 [info] > git show --textconv :app-redux/src/components/PostsJson.jsx [4ms]
2024-11-06 13:38:35.730 [info] > git ls-files --stage -- /home/ilya/app-redux/src/components/PostsJson.jsx [1ms]
2024-11-06 13:38:50.119 [info] > git show --textconv :app-redux/src/components/DataJsonMap.jsx [29ms]
2024-11-06 13:38:50.119 [info] > git ls-files --stage -- /home/ilya/app-redux/src/components/DataJsonMap.jsx [26ms]
2024-11-06 13:39:14.434 [info] > git show --textconv :app-redux/src/components/PostsJson.jsx [3ms]
2024-11-06 13:39:14.434 [info] > git ls-files --stage -- /home/ilya/app-redux/src/components/PostsJson.jsx [1ms]
2024-11-06 13:39:15.026 [info] > git show --textconv :app-redux/src/components/Navbar/Navbar.module.css [3ms]
2024-11-06 13:39:15.027 [info] > git ls-files --stage -- /home/ilya/app-redux/src/components/Navbar/Navbar.module.css [1ms]
2024-11-06 13:39:15.459 [info] > git show --textconv :app-redux/src/components/Navbar/Navbar.jsx [4ms]
2024-11-06 13:39:15.461 [info] > git ls-files --stage -- /home/ilya/app-redux/src/components/Navbar/Navbar.jsx [2ms]
2024-11-06 13:39:16.191 [info] > git show --textconv :app-redux/src/components/Navbar/Navbar.module.css [4ms]
2024-11-06 13:39:16.191 [info] > git ls-files --stage -- /home/ilya/app-redux/src/components/Navbar/Navbar.module.css [1ms]
2024-11-06 13:39:19.115 [info] > git show --textconv :app-redux/src/components/Navbar/Navbar.jsx [2ms]
2024-11-06 13:39:19.116 [info] > git ls-files --stage -- /home/ilya/app-redux/src/components/Navbar/Navbar.jsx [1ms]
2024-11-06 13:41:16.638 [info] > git ls-files --stage -- /home/ilya/app-redux/src/components/App.js [1ms]
2024-11-06 13:41:16.648 [info] > git show --textconv :app-redux/src/components/App.js [13ms]
2024-11-06 13:41:16.648 [info] > git cat-file -s a1b47a5a8aac43f72c95139016613e462aa6d1bb [8ms]
2024-11-06 13:42:28.038 [info] > git show --textconv :app-redux/src/components/Navbar/Navbar.jsx [5ms]
2024-11-06 13:42:28.039 [info] > git ls-files --stage -- /home/ilya/app-redux/src/components/Navbar/Navbar.jsx [1ms]
2024-11-06 13:42:48.582 [info] > git show --textconv :app-redux/src/components/Navbar/Navbar.module.css [3ms]
2024-11-06 13:42:48.582 [info] > git ls-files --stage -- /home/ilya/app-redux/src/components/Navbar/Navbar.module.css [1ms]
2024-11-06 13:42:49.147 [info] > git show --textconv :app-redux/src/components/Navbar/Navbar.jsx [3ms]
2024-11-06 13:42:49.148 [info] > git ls-files --stage -- /home/ilya/app-redux/src/components/Navbar/Navbar.jsx [1ms]
2024-11-06 13:42:49.612 [info] > git show --textconv :app-redux/src/components/PostsJson.jsx [3ms]
2024-11-06 13:42:49.612 [info] > git ls-files --stage -- /home/ilya/app-redux/src/components/PostsJson.jsx [1ms]
2024-11-06 13:42:50.147 [info] > git show --textconv :app-redux/src/components/Navbar/Navbar.jsx [2ms]
2024-11-06 13:42:50.148 [info] > git ls-files --stage -- /home/ilya/app-redux/src/components/Navbar/Navbar.jsx [0ms]
2024-11-06 13:42:53.226 [info] > git show --textconv :app-redux/src/components/comments/Modal.module.css [3ms]
2024-11-06 13:42:53.226 [info] > git ls-files --stage -- /home/ilya/app-redux/src/components/comments/Modal.module.css [1ms]
2024-11-06 13:42:55.848 [info] > git show --textconv :app-redux/src/components/Navbar/Navbar.jsx [2ms]
2024-11-06 13:42:55.850 [info] > git ls-files --stage -- /home/ilya/app-redux/src/components/Navbar/Navbar.jsx [2ms]
2024-11-06 13:43:01.750 [info] > git show --textconv :app-redux/src/components/App.js [4ms]
2024-11-06 13:43:01.750 [info] > git ls-files --stage -- /home/ilya/app-redux/src/components/App.js [1ms]
2024-11-06 13:43:01.753 [info] > git cat-file -s a1b47a5a8aac43f72c95139016613e462aa6d1bb [1ms]
2024-11-06 13:43:15.583 [info] > git show --textconv :app-redux/src/index.js [3ms]
2024-11-06 13:43:15.584 [info] > git ls-files --stage -- /home/ilya/app-redux/src/index.js [1ms]
2024-11-06 13:43:20.964 [info] > git show --textconv :app-redux/src/components/Navbar/Navbar.jsx [3ms]
2024-11-06 13:43:20.964 [info] > git ls-files --stage -- /home/ilya/app-redux/src/components/Navbar/Navbar.jsx [1ms]
2024-11-06 13:43:23.318 [info] > git show --textconv :app-redux/src/components/comments/Modal.jsx [4ms]
2024-11-06 13:43:23.319 [info] > git ls-files --stage -- /home/ilya/app-redux/src/components/comments/Modal.jsx [2ms]
2024-11-06 13:43:25.977 [info] > git show --textconv :app-redux/src/components/comments/Modal.module.css [2ms]
2024-11-06 13:43:25.977 [info] > git ls-files --stage -- /home/ilya/app-redux/src/components/comments/Modal.module.css [1ms]
2024-11-06 13:43:26.999 [info] > git show --textconv :app-redux/src/components/comments/InputComments.jsx [2ms]
2024-11-06 13:43:27.000 [info] > git ls-files --stage -- /home/ilya/app-redux/src/components/comments/InputComments.jsx [2ms]
2024-11-06 13:43:30.664 [info] > git show --textconv :app-redux/src/components/Navbar/Navbar.jsx [2ms]
2024-11-06 13:43:30.665 [info] > git ls-files --stage -- /home/ilya/app-redux/src/components/Navbar/Navbar.jsx [1ms]
2024-11-06 13:43:33.347 [info] > git show --textconv :app-redux/src/components/App.js [3ms]
2024-11-06 13:43:33.347 [info] > git ls-files --stage -- /home/ilya/app-redux/src/components/App.js [1ms]
2024-11-06 13:43:33.350 [info] > git cat-file -s a1b47a5a8aac43f72c95139016613e462aa6d1bb [1ms]
2024-11-06 13:46:38.827 [info] > git show --textconv :app-redux/src/components/Posts.jsx [2ms]
2024-11-06 13:46:38.829 [info] > git ls-files --stage -- /home/ilya/app-redux/src/components/Posts.jsx [2ms]
2024-11-06 13:46:44.279 [info] > git show --textconv :app-redux/src/components/PostsApp.jsx [2ms]
2024-11-06 13:46:44.280 [info] > git ls-files --stage -- /home/ilya/app-redux/src/components/PostsApp.jsx [1ms]
2024-11-06 13:46:51.015 [info] > git show --textconv :app-redux/src/components/Posts.jsx [2ms]
2024-11-06 13:46:51.016 [info] > git ls-files --stage -- /home/ilya/app-redux/src/components/Posts.jsx [1ms]
2024-11-06 13:48:04.605 [info] > git show --textconv :app-redux/src/slices/tasksSlice.js [3ms]
2024-11-06 13:48:04.607 [info] > git ls-files --stage -- /home/ilya/app-redux/src/slices/tasksSlice.js [3ms]
2024-11-06 13:48:45.166 [info] > git show --textconv :app-redux/src/components/App.js [3ms]
2024-11-06 13:48:45.167 [info] > git ls-files --stage -- /home/ilya/app-redux/src/components/App.js [1ms]
2024-11-06 13:48:45.170 [info] > git cat-file -s a1b47a5a8aac43f72c95139016613e462aa6d1bb [1ms]
2024-11-06 13:48:45.867 [info] > git show --textconv :app-redux/src/components/Posts.jsx [2ms]
2024-11-06 13:48:45.867 [info] > git ls-files --stage -- /home/ilya/app-redux/src/components/Posts.jsx [1ms]
2024-11-06 13:49:41.642 [info] > git show --textconv :app-redux/src/slices/tasksSlice.js [4ms]
2024-11-06 13:49:41.643 [info] > git ls-files --stage -- /home/ilya/app-redux/src/slices/tasksSlice.js [1ms]
2024-11-06 13:50:09.358 [info] > git show --textconv :app-redux/src/components/App.js [3ms]
2024-11-06 13:50:09.359 [info] > git ls-files --stage -- /home/ilya/app-redux/src/components/App.js [2ms]
2024-11-06 13:50:09.362 [info] > git cat-file -s a1b47a5a8aac43f72c95139016613e462aa6d1bb [1ms]
2024-11-06 13:50:15.158 [info] > git show --textconv :app-redux/src/components/comments/CommentsList.jsx [3ms]
2024-11-06 13:50:15.159 [info] > git ls-files --stage -- /home/ilya/app-redux/src/components/comments/CommentsList.jsx [1ms]
2024-11-06 13:50:16.557 [info] > git show --textconv :app-redux/public/index.html [2ms]
2024-11-06 13:50:16.558 [info] > git ls-files --stage -- /home/ilya/app-redux/public/index.html [1ms]
2024-11-06 13:50:16.561 [info] > git cat-file -s 38c0bfab0355e6ce8c754f9ff8779db1c7d1eef2 [1ms]
2024-11-06 13:50:17.166 [info] > git show --textconv :app-redux/src/index.js [2ms]
2024-11-06 13:50:17.167 [info] > git ls-files --stage -- /home/ilya/app-redux/src/index.js [1ms]
2024-11-06 13:50:17.965 [info] > git show --textconv :app-redux/src/slices/tasksSlice.js [3ms]
2024-11-06 13:50:17.966 [info] > git ls-files --stage -- /home/ilya/app-redux/src/slices/tasksSlice.js [1ms]
2024-11-06 13:50:19.038 [info] > git show --textconv :app-redux/src/components/Posts.jsx [2ms]
2024-11-06 13:50:19.039 [info] > git ls-files --stage -- /home/ilya/app-redux/src/components/Posts.jsx [1ms]
2024-11-06 13:50:33.269 [info] > git show --textconv :app-redux/src/slices/tasksSlice.js [7ms]
2024-11-06 13:50:33.271 [info] > git ls-files --stage -- /home/ilya/app-redux/src/slices/tasksSlice.js [3ms]
2024-11-06 13:50:44.254 [info] > git show --textconv :app-redux/src/components/Posts.jsx [2ms]
2024-11-06 13:50:44.254 [info] > git ls-files --stage -- /home/ilya/app-redux/src/components/Posts.jsx [1ms]
2024-11-06 13:52:22.800 [info] > git show --textconv :app-redux/src/components/Navbar/Navbar.jsx [3ms]
2024-11-06 13:52:22.801 [info] > git ls-files --stage -- /home/ilya/app-redux/src/components/Navbar/Navbar.jsx [1ms]
2024-11-06 13:52:34.150 [info] > git show --textconv :app-redux/src/components/App.js [2ms]
2024-11-06 13:52:34.151 [info] > git ls-files --stage -- /home/ilya/app-redux/src/components/App.js [1ms]
2024-11-06 13:52:34.155 [info] > git cat-file -s a1b47a5a8aac43f72c95139016613e462aa6d1bb [1ms]
