2024-11-07 15:43:15.941 [info] Extension host with pid 1029 started
2024-11-07 15:43:15.953 [info] Lock '/home/ilya/.vscode-server/data/User/workspaceStorage/bfc53b260621d55952f13c438bca35a8/vscode.lock': Lock acquired.
2024-11-07 15:43:16.160 [info] ExtensionService#_doActivateExtension vscode.tunnel-forwarding, startup: false, activationEvent: 'onTunnel'
2024-11-07 15:43:16.161 [info] ExtensionService#_doActivateExtension vscode.emmet, startup: false, activationEvent: 'onLanguage'
2024-11-07 15:43:16.161 [info] ExtensionService#_doActivateExtension vscode.typescript-language-features, startup: false, activationEvent: 'onLanguage:javascriptreact'
2024-11-07 15:43:16.642 [info] ExtensionService#_doActivateExtension vscode.git-base, startup: true, activationEvent: '*', root cause: vscode.git
2024-11-07 15:43:16.691 [info] ExtensionService#_doActivateExtension vscode.git, startup: true, activationEvent: '*'
2024-11-07 15:43:16.692 [info] ExtensionService#_doActivateExtension vscode.github, startup: true, activationEvent: '*'
2024-11-07 15:43:16.905 [info] ExtensionService#_doActivateExtension vscode.configuration-editing, startup: false, activationEvent: 'onLanguage:jsonc'
2024-11-07 15:43:16.905 [info] ExtensionService#_doActivateExtension vscode.json-language-features, startup: false, activationEvent: 'onLanguage:jsonc'
2024-11-07 15:43:17.233 [info] ExtensionService#_doActivateExtension ms-vscode.makefile-tools, startup: true, activationEvent: 'workspaceContains:**/makefile,**/Makefile,**/GNUmakefile'
2024-11-07 15:43:17.627 [info] Eager extensions activated
2024-11-07 15:43:17.627 [info] ExtensionService#_doActivateExtension vscode.debug-auto-launch, startup: false, activationEvent: 'onStartupFinished'
2024-11-07 15:43:17.628 [info] ExtensionService#_doActivateExtension vscode.merge-conflict, startup: false, activationEvent: 'onStartupFinished'
2024-11-07 15:43:17.629 [info] ExtensionService#_doActivateExtension esbenp.prettier-vscode, startup: false, activationEvent: 'onStartupFinished'
2024-11-07 15:44:00.106 [info] ExtensionService#_doActivateExtension vscode.npm, startup: false, activationEvent: 'onTerminalQuickFixRequest:ms-vscode.npm-command'
2024-11-07 18:41:36.356 [error] [vscode.typescript-language-features] provider FAILED
2024-11-07 18:41:36.362 [error] Error: <semantic> TypeScript Server Error (5.6.3)
No Project.
Error: No Project.
    at Object.ThrowNoProject (/home/ilya/.vscode-server/bin/65edc4939843c90c34d61f4ce11704f09d3e5cb6/extensions/node_modules/typescript/lib/typescript.js:182363:11)
    at ScriptInfo.getDefaultProject (/home/ilya/.vscode-server/bin/65edc4939843c90c34d61f4ce11704f09d3e5cb6/extensions/node_modules/typescript/lib/typescript.js:183062:23)
    at _ProjectService.doEnsureDefaultProjectForFile (/home/ilya/.vscode-server/bin/65edc4939843c90c34d61f4ce11704f09d3e5cb6/extensions/node_modules/typescript/lib/typescript.js:186474:36)
    at _ProjectService.ensureDefaultProjectForFile (/home/ilya/.vscode-server/bin/65edc4939843c90c34d61f4ce11704f09d3e5cb6/extensions/node_modules/typescript/lib/typescript.js:186469:103)
    at IpcIOSession.getFileAndProjectWorker (/home/ilya/.vscode-server/bin/65edc4939843c90c34d61f4ce11704f09d3e5cb6/extensions/node_modules/typescript/lib/typescript.js:191719:77)
    at IpcIOSession.getFileAndProject (/home/ilya/.vscode-server/bin/65edc4939843c90c34d61f4ce11704f09d3e5cb6/extensions/node_modules/typescript/lib/typescript.js:191705:17)
    at IpcIOSession.getApplicableRefactors (/home/ilya/.vscode-server/bin/65edc4939843c90c34d61f4ce11704f09d3e5cb6/extensions/node_modules/typescript/lib/typescript.js:192224:36)
    at getApplicableRefactors (/home/ilya/.vscode-server/bin/65edc4939843c90c34d61f4ce11704f09d3e5cb6/extensions/node_modules/typescript/lib/typescript.js:190428:43)
    at /home/ilya/.vscode-server/bin/65edc4939843c90c34d61f4ce11704f09d3e5cb6/extensions/node_modules/typescript/lib/typescript.js:192651:15
    at IpcIOSession.executeWithRequestId (/home/ilya/.vscode-server/bin/65edc4939843c90c34d61f4ce11704f09d3e5cb6/extensions/node_modules/typescript/lib/typescript.js:192640:14)
    at IpcIOSession.executeCommand (/home/ilya/.vscode-server/bin/65edc4939843c90c34d61f4ce11704f09d3e5cb6/extensions/node_modules/typescript/lib/typescript.js:192649:29)
    at IpcIOSession.onMessage (/home/ilya/.vscode-server/bin/65edc4939843c90c34d61f4ce11704f09d3e5cb6/extensions/node_modules/typescript/lib/typescript.js:192697:68)
    at process.<anonymous> (/home/ilya/.vscode-server/bin/65edc4939843c90c34d61f4ce11704f09d3e5cb6/extensions/node_modules/typescript/lib/tsserver.js:525:14)
    at process.emit (node:events:519:28)
    at emit (node:internal/child_process:951:14)
    at process.processTicksAndRejections (node:internal/process/task_queues:83:21)
	at n.create (/home/ilya/.vscode-server/bin/65edc4939843c90c34d61f4ce11704f09d3e5cb6/extensions/typescript-language-features/dist/extension.js:1:487228)
	at y.dispatchResponse (/home/ilya/.vscode-server/bin/65edc4939843c90c34d61f4ce11704f09d3e5cb6/extensions/typescript-language-features/dist/extension.js:1:481198)
	at y.dispatchMessage (/home/ilya/.vscode-server/bin/65edc4939843c90c34d61f4ce11704f09d3e5cb6/extensions/typescript-language-features/dist/extension.js:1:479996)
	at ChildProcess.<anonymous> (/home/ilya/.vscode-server/bin/65edc4939843c90c34d61f4ce11704f09d3e5cb6/extensions/typescript-language-features/dist/extension.js:1:479489)
	at ChildProcess.emit (node:events:519:28)
	at emit (node:internal/child_process:951:14)
	at process.processTicksAndRejections (node:internal/process/task_queues:83:21)
2024-11-07 18:41:36.401 [error] [vscode.typescript-language-features] provider FAILED
2024-11-07 18:41:36.401 [error] Error: <semantic> TypeScript Server Error (5.6.3)
No Project.
Error: No Project.
    at Object.ThrowNoProject (/home/ilya/.vscode-server/bin/65edc4939843c90c34d61f4ce11704f09d3e5cb6/extensions/node_modules/typescript/lib/typescript.js:182363:11)
    at ScriptInfo.getDefaultProject (/home/ilya/.vscode-server/bin/65edc4939843c90c34d61f4ce11704f09d3e5cb6/extensions/node_modules/typescript/lib/typescript.js:183062:23)
    at _ProjectService.doEnsureDefaultProjectForFile (/home/ilya/.vscode-server/bin/65edc4939843c90c34d61f4ce11704f09d3e5cb6/extensions/node_modules/typescript/lib/typescript.js:186474:36)
    at _ProjectService.ensureDefaultProjectForFile (/home/ilya/.vscode-server/bin/65edc4939843c90c34d61f4ce11704f09d3e5cb6/extensions/node_modules/typescript/lib/typescript.js:186469:103)
    at IpcIOSession.getFileAndProjectWorker (/home/ilya/.vscode-server/bin/65edc4939843c90c34d61f4ce11704f09d3e5cb6/extensions/node_modules/typescript/lib/typescript.js:191719:77)
    at IpcIOSession.getFileAndProject (/home/ilya/.vscode-server/bin/65edc4939843c90c34d61f4ce11704f09d3e5cb6/extensions/node_modules/typescript/lib/typescript.js:191705:17)
    at IpcIOSession.getEncodedSemanticClassifications (/home/ilya/.vscode-server/bin/65edc4939843c90c34d61f4ce11704f09d3e5cb6/extensions/node_modules/typescript/lib/typescript.js:191006:36)
    at encodedSemanticClassifications-full (/home/ilya/.vscode-server/bin/65edc4939843c90c34d61f4ce11704f09d3e5cb6/extensions/node_modules/typescript/lib/typescript.js:190249:43)
    at /home/ilya/.vscode-server/bin/65edc4939843c90c34d61f4ce11704f09d3e5cb6/extensions/node_modules/typescript/lib/typescript.js:192651:15
    at IpcIOSession.executeWithRequestId (/home/ilya/.vscode-server/bin/65edc4939843c90c34d61f4ce11704f09d3e5cb6/extensions/node_modules/typescript/lib/typescript.js:192640:14)
    at IpcIOSession.executeCommand (/home/ilya/.vscode-server/bin/65edc4939843c90c34d61f4ce11704f09d3e5cb6/extensions/node_modules/typescript/lib/typescript.js:192649:29)
    at IpcIOSession.onMessage (/home/ilya/.vscode-server/bin/65edc4939843c90c34d61f4ce11704f09d3e5cb6/extensions/node_modules/typescript/lib/typescript.js:192697:68)
    at process.<anonymous> (/home/ilya/.vscode-server/bin/65edc4939843c90c34d61f4ce11704f09d3e5cb6/extensions/node_modules/typescript/lib/tsserver.js:525:14)
    at process.emit (node:events:519:28)
    at emit (node:internal/child_process:951:14)
    at process.processTicksAndRejections (node:internal/process/task_queues:83:21)
	at n.create (/home/ilya/.vscode-server/bin/65edc4939843c90c34d61f4ce11704f09d3e5cb6/extensions/typescript-language-features/dist/extension.js:1:487228)
	at y.dispatchResponse (/home/ilya/.vscode-server/bin/65edc4939843c90c34d61f4ce11704f09d3e5cb6/extensions/typescript-language-features/dist/extension.js:1:481198)
	at y.dispatchMessage (/home/ilya/.vscode-server/bin/65edc4939843c90c34d61f4ce11704f09d3e5cb6/extensions/typescript-language-features/dist/extension.js:1:479996)
	at ChildProcess.<anonymous> (/home/ilya/.vscode-server/bin/65edc4939843c90c34d61f4ce11704f09d3e5cb6/extensions/typescript-language-features/dist/extension.js:1:479489)
	at ChildProcess.emit (node:events:519:28)
	at emit (node:internal/child_process:951:14)
	at process.processTicksAndRejections (node:internal/process/task_queues:83:21)
2024-11-07 18:41:36.556 [error] [vscode.typescript-language-features] provider FAILED
2024-11-07 18:41:36.556 [error] Error: <semantic> TypeScript Server Error (5.6.3)
No Project.
Error: No Project.
    at Object.ThrowNoProject (/home/ilya/.vscode-server/bin/65edc4939843c90c34d61f4ce11704f09d3e5cb6/extensions/node_modules/typescript/lib/typescript.js:182363:11)
    at ScriptInfo.getDefaultProject (/home/ilya/.vscode-server/bin/65edc4939843c90c34d61f4ce11704f09d3e5cb6/extensions/node_modules/typescript/lib/typescript.js:183062:23)
    at _ProjectService.doEnsureDefaultProjectForFile (/home/ilya/.vscode-server/bin/65edc4939843c90c34d61f4ce11704f09d3e5cb6/extensions/node_modules/typescript/lib/typescript.js:186474:36)
    at _ProjectService.ensureDefaultProjectForFile (/home/ilya/.vscode-server/bin/65edc4939843c90c34d61f4ce11704f09d3e5cb6/extensions/node_modules/typescript/lib/typescript.js:186469:103)
    at IpcIOSession.getFileAndProjectWorker (/home/ilya/.vscode-server/bin/65edc4939843c90c34d61f4ce11704f09d3e5cb6/extensions/node_modules/typescript/lib/typescript.js:191719:77)
    at IpcIOSession.getFileAndProject (/home/ilya/.vscode-server/bin/65edc4939843c90c34d61f4ce11704f09d3e5cb6/extensions/node_modules/typescript/lib/typescript.js:191705:17)
    at IpcIOSession.getApplicableRefactors (/home/ilya/.vscode-server/bin/65edc4939843c90c34d61f4ce11704f09d3e5cb6/extensions/node_modules/typescript/lib/typescript.js:192224:36)
    at getApplicableRefactors (/home/ilya/.vscode-server/bin/65edc4939843c90c34d61f4ce11704f09d3e5cb6/extensions/node_modules/typescript/lib/typescript.js:190428:43)
    at /home/ilya/.vscode-server/bin/65edc4939843c90c34d61f4ce11704f09d3e5cb6/extensions/node_modules/typescript/lib/typescript.js:192651:15
    at IpcIOSession.executeWithRequestId (/home/ilya/.vscode-server/bin/65edc4939843c90c34d61f4ce11704f09d3e5cb6/extensions/node_modules/typescript/lib/typescript.js:192640:14)
    at IpcIOSession.executeCommand (/home/ilya/.vscode-server/bin/65edc4939843c90c34d61f4ce11704f09d3e5cb6/extensions/node_modules/typescript/lib/typescript.js:192649:29)
    at IpcIOSession.onMessage (/home/ilya/.vscode-server/bin/65edc4939843c90c34d61f4ce11704f09d3e5cb6/extensions/node_modules/typescript/lib/typescript.js:192697:68)
    at process.<anonymous> (/home/ilya/.vscode-server/bin/65edc4939843c90c34d61f4ce11704f09d3e5cb6/extensions/node_modules/typescript/lib/tsserver.js:525:14)
    at process.emit (node:events:519:28)
    at emit (node:internal/child_process:951:14)
    at process.processTicksAndRejections (node:internal/process/task_queues:83:21)
	at n.create (/home/ilya/.vscode-server/bin/65edc4939843c90c34d61f4ce11704f09d3e5cb6/extensions/typescript-language-features/dist/extension.js:1:487228)
	at y.dispatchResponse (/home/ilya/.vscode-server/bin/65edc4939843c90c34d61f4ce11704f09d3e5cb6/extensions/typescript-language-features/dist/extension.js:1:481198)
	at y.dispatchMessage (/home/ilya/.vscode-server/bin/65edc4939843c90c34d61f4ce11704f09d3e5cb6/extensions/typescript-language-features/dist/extension.js:1:479996)
	at ChildProcess.<anonymous> (/home/ilya/.vscode-server/bin/65edc4939843c90c34d61f4ce11704f09d3e5cb6/extensions/typescript-language-features/dist/extension.js:1:479489)
	at ChildProcess.emit (node:events:519:28)
	at emit (node:internal/child_process:951:14)
	at process.processTicksAndRejections (node:internal/process/task_queues:83:21)
2024-11-07 18:41:37.365 [error] Error: <semantic> TypeScript Server Error (5.6.3)
No Project.
Error: No Project.
    at Object.ThrowNoProject (/home/ilya/.vscode-server/bin/65edc4939843c90c34d61f4ce11704f09d3e5cb6/extensions/node_modules/typescript/lib/typescript.js:182363:11)
    at ScriptInfo.getDefaultProject (/home/ilya/.vscode-server/bin/65edc4939843c90c34d61f4ce11704f09d3e5cb6/extensions/node_modules/typescript/lib/typescript.js:183062:23)
    at _ProjectService.doEnsureDefaultProjectForFile (/home/ilya/.vscode-server/bin/65edc4939843c90c34d61f4ce11704f09d3e5cb6/extensions/node_modules/typescript/lib/typescript.js:186474:36)
    at _ProjectService.ensureDefaultProjectForFile (/home/ilya/.vscode-server/bin/65edc4939843c90c34d61f4ce11704f09d3e5cb6/extensions/node_modules/typescript/lib/typescript.js:186469:103)
    at IpcIOSession.getFileAndProjectWorker (/home/ilya/.vscode-server/bin/65edc4939843c90c34d61f4ce11704f09d3e5cb6/extensions/node_modules/typescript/lib/typescript.js:191719:77)
    at IpcIOSession.getProjectInfoWorker (/home/ilya/.vscode-server/bin/65edc4939843c90c34d61f4ce11704f09d3e5cb6/extensions/node_modules/typescript/lib/typescript.js:191526:30)
    at IpcIOSession.getProjectInfo (/home/ilya/.vscode-server/bin/65edc4939843c90c34d61f4ce11704f09d3e5cb6/extensions/node_modules/typescript/lib/typescript.js:191517:17)
    at projectInfo (/home/ilya/.vscode-server/bin/65edc4939843c90c34d61f4ce11704f09d3e5cb6/extensions/node_modules/typescript/lib/typescript.js:190381:43)
    at /home/ilya/.vscode-server/bin/65edc4939843c90c34d61f4ce11704f09d3e5cb6/extensions/node_modules/typescript/lib/typescript.js:192651:15
    at IpcIOSession.executeWithRequestId (/home/ilya/.vscode-server/bin/65edc4939843c90c34d61f4ce11704f09d3e5cb6/extensions/node_modules/typescript/lib/typescript.js:192640:14)
    at IpcIOSession.executeCommand (/home/ilya/.vscode-server/bin/65edc4939843c90c34d61f4ce11704f09d3e5cb6/extensions/node_modules/typescript/lib/typescript.js:192649:29)
    at IpcIOSession.onMessage (/home/ilya/.vscode-server/bin/65edc4939843c90c34d61f4ce11704f09d3e5cb6/extensions/node_modules/typescript/lib/typescript.js:192697:68)
    at process.<anonymous> (/home/ilya/.vscode-server/bin/65edc4939843c90c34d61f4ce11704f09d3e5cb6/extensions/node_modules/typescript/lib/tsserver.js:525:14)
    at process.emit (node:events:519:28)
    at emit (node:internal/child_process:951:14)
    at process.processTicksAndRejections (node:internal/process/task_queues:83:21)
	at n.create (/home/ilya/.vscode-server/bin/65edc4939843c90c34d61f4ce11704f09d3e5cb6/extensions/typescript-language-features/dist/extension.js:1:487228)
	at y.dispatchResponse (/home/ilya/.vscode-server/bin/65edc4939843c90c34d61f4ce11704f09d3e5cb6/extensions/typescript-language-features/dist/extension.js:1:481198)
	at y.dispatchMessage (/home/ilya/.vscode-server/bin/65edc4939843c90c34d61f4ce11704f09d3e5cb6/extensions/typescript-language-features/dist/extension.js:1:479996)
	at ChildProcess.<anonymous> (/home/ilya/.vscode-server/bin/65edc4939843c90c34d61f4ce11704f09d3e5cb6/extensions/typescript-language-features/dist/extension.js:1:479489)
	at ChildProcess.emit (node:events:519:28)
	at emit (node:internal/child_process:951:14)
	at process.processTicksAndRejections (node:internal/process/task_queues:83:21)
2024-11-07 18:41:37.402 [error] Error: <semantic> TypeScript Server Error (5.6.3)
No Project.
Error: No Project.
    at Object.ThrowNoProject (/home/ilya/.vscode-server/bin/65edc4939843c90c34d61f4ce11704f09d3e5cb6/extensions/node_modules/typescript/lib/typescript.js:182363:11)
    at ScriptInfo.getDefaultProject (/home/ilya/.vscode-server/bin/65edc4939843c90c34d61f4ce11704f09d3e5cb6/extensions/node_modules/typescript/lib/typescript.js:183062:23)
    at _ProjectService.doEnsureDefaultProjectForFile (/home/ilya/.vscode-server/bin/65edc4939843c90c34d61f4ce11704f09d3e5cb6/extensions/node_modules/typescript/lib/typescript.js:186474:36)
    at _ProjectService.ensureDefaultProjectForFile (/home/ilya/.vscode-server/bin/65edc4939843c90c34d61f4ce11704f09d3e5cb6/extensions/node_modules/typescript/lib/typescript.js:186469:103)
    at IpcIOSession.getFileAndProjectWorker (/home/ilya/.vscode-server/bin/65edc4939843c90c34d61f4ce11704f09d3e5cb6/extensions/node_modules/typescript/lib/typescript.js:191719:77)
    at IpcIOSession.getFileAndProject (/home/ilya/.vscode-server/bin/65edc4939843c90c34d61f4ce11704f09d3e5cb6/extensions/node_modules/typescript/lib/typescript.js:191705:17)
    at IpcIOSession.getEncodedSemanticClassifications (/home/ilya/.vscode-server/bin/65edc4939843c90c34d61f4ce11704f09d3e5cb6/extensions/node_modules/typescript/lib/typescript.js:191006:36)
    at encodedSemanticClassifications-full (/home/ilya/.vscode-server/bin/65edc4939843c90c34d61f4ce11704f09d3e5cb6/extensions/node_modules/typescript/lib/typescript.js:190249:43)
    at /home/ilya/.vscode-server/bin/65edc4939843c90c34d61f4ce11704f09d3e5cb6/extensions/node_modules/typescript/lib/typescript.js:192651:15
    at IpcIOSession.executeWithRequestId (/home/ilya/.vscode-server/bin/65edc4939843c90c34d61f4ce11704f09d3e5cb6/extensions/node_modules/typescript/lib/typescript.js:192640:14)
    at IpcIOSession.executeCommand (/home/ilya/.vscode-server/bin/65edc4939843c90c34d61f4ce11704f09d3e5cb6/extensions/node_modules/typescript/lib/typescript.js:192649:29)
    at IpcIOSession.onMessage (/home/ilya/.vscode-server/bin/65edc4939843c90c34d61f4ce11704f09d3e5cb6/extensions/node_modules/typescript/lib/typescript.js:192697:68)
    at process.<anonymous> (/home/ilya/.vscode-server/bin/65edc4939843c90c34d61f4ce11704f09d3e5cb6/extensions/node_modules/typescript/lib/tsserver.js:525:14)
    at process.emit (node:events:519:28)
    at emit (node:internal/child_process:951:14)
    at process.processTicksAndRejections (node:internal/process/task_queues:83:21)
	at n.create (/home/ilya/.vscode-server/bin/65edc4939843c90c34d61f4ce11704f09d3e5cb6/extensions/typescript-language-features/dist/extension.js:1:487228)
	at y.dispatchResponse (/home/ilya/.vscode-server/bin/65edc4939843c90c34d61f4ce11704f09d3e5cb6/extensions/typescript-language-features/dist/extension.js:1:481198)
	at y.dispatchMessage (/home/ilya/.vscode-server/bin/65edc4939843c90c34d61f4ce11704f09d3e5cb6/extensions/typescript-language-features/dist/extension.js:1:479996)
	at ChildProcess.<anonymous> (/home/ilya/.vscode-server/bin/65edc4939843c90c34d61f4ce11704f09d3e5cb6/extensions/typescript-language-features/dist/extension.js:1:479489)
	at ChildProcess.emit (node:events:519:28)
	at emit (node:internal/child_process:951:14)
	at process.processTicksAndRejections (node:internal/process/task_queues:83:21)
2024-11-07 18:49:47.697 [error] [vscode.typescript-language-features] provider FAILED
2024-11-07 18:49:47.697 [error] Error: <semantic> TypeScript Server Error (5.6.3)
No Project.
Error: No Project.
    at Object.ThrowNoProject (/home/ilya/.vscode-server/bin/65edc4939843c90c34d61f4ce11704f09d3e5cb6/extensions/node_modules/typescript/lib/typescript.js:182363:11)
    at ScriptInfo.getDefaultProject (/home/ilya/.vscode-server/bin/65edc4939843c90c34d61f4ce11704f09d3e5cb6/extensions/node_modules/typescript/lib/typescript.js:183062:23)
    at _ProjectService.doEnsureDefaultProjectForFile (/home/ilya/.vscode-server/bin/65edc4939843c90c34d61f4ce11704f09d3e5cb6/extensions/node_modules/typescript/lib/typescript.js:186474:36)
    at _ProjectService.ensureDefaultProjectForFile (/home/ilya/.vscode-server/bin/65edc4939843c90c34d61f4ce11704f09d3e5cb6/extensions/node_modules/typescript/lib/typescript.js:186469:103)
    at IpcIOSession.getFileAndProjectWorker (/home/ilya/.vscode-server/bin/65edc4939843c90c34d61f4ce11704f09d3e5cb6/extensions/node_modules/typescript/lib/typescript.js:191719:77)
    at IpcIOSession.getFileAndProject (/home/ilya/.vscode-server/bin/65edc4939843c90c34d61f4ce11704f09d3e5cb6/extensions/node_modules/typescript/lib/typescript.js:191705:17)
    at IpcIOSession.getApplicableRefactors (/home/ilya/.vscode-server/bin/65edc4939843c90c34d61f4ce11704f09d3e5cb6/extensions/node_modules/typescript/lib/typescript.js:192224:36)
    at getApplicableRefactors (/home/ilya/.vscode-server/bin/65edc4939843c90c34d61f4ce11704f09d3e5cb6/extensions/node_modules/typescript/lib/typescript.js:190428:43)
    at /home/ilya/.vscode-server/bin/65edc4939843c90c34d61f4ce11704f09d3e5cb6/extensions/node_modules/typescript/lib/typescript.js:192651:15
    at IpcIOSession.executeWithRequestId (/home/ilya/.vscode-server/bin/65edc4939843c90c34d61f4ce11704f09d3e5cb6/extensions/node_modules/typescript/lib/typescript.js:192640:14)
    at IpcIOSession.executeCommand (/home/ilya/.vscode-server/bin/65edc4939843c90c34d61f4ce11704f09d3e5cb6/extensions/node_modules/typescript/lib/typescript.js:192649:29)
    at IpcIOSession.onMessage (/home/ilya/.vscode-server/bin/65edc4939843c90c34d61f4ce11704f09d3e5cb6/extensions/node_modules/typescript/lib/typescript.js:192697:68)
    at process.<anonymous> (/home/ilya/.vscode-server/bin/65edc4939843c90c34d61f4ce11704f09d3e5cb6/extensions/node_modules/typescript/lib/tsserver.js:525:14)
    at process.emit (node:events:519:28)
    at emit (node:internal/child_process:951:14)
    at process.processTicksAndRejections (node:internal/process/task_queues:83:21)
	at n.create (/home/ilya/.vscode-server/bin/65edc4939843c90c34d61f4ce11704f09d3e5cb6/extensions/typescript-language-features/dist/extension.js:1:487228)
	at y.dispatchResponse (/home/ilya/.vscode-server/bin/65edc4939843c90c34d61f4ce11704f09d3e5cb6/extensions/typescript-language-features/dist/extension.js:1:481198)
	at y.dispatchMessage (/home/ilya/.vscode-server/bin/65edc4939843c90c34d61f4ce11704f09d3e5cb6/extensions/typescript-language-features/dist/extension.js:1:479996)
	at ChildProcess.<anonymous> (/home/ilya/.vscode-server/bin/65edc4939843c90c34d61f4ce11704f09d3e5cb6/extensions/typescript-language-features/dist/extension.js:1:479489)
	at ChildProcess.emit (node:events:519:28)
	at emit (node:internal/child_process:951:14)
	at process.processTicksAndRejections (node:internal/process/task_queues:83:21)
2024-11-07 18:49:47.775 [error] [vscode.typescript-language-features] provider FAILED
2024-11-07 18:49:47.776 [error] Error: <semantic> TypeScript Server Error (5.6.3)
No Project.
Error: No Project.
    at Object.ThrowNoProject (/home/ilya/.vscode-server/bin/65edc4939843c90c34d61f4ce11704f09d3e5cb6/extensions/node_modules/typescript/lib/typescript.js:182363:11)
    at ScriptInfo.getDefaultProject (/home/ilya/.vscode-server/bin/65edc4939843c90c34d61f4ce11704f09d3e5cb6/extensions/node_modules/typescript/lib/typescript.js:183062:23)
    at _ProjectService.doEnsureDefaultProjectForFile (/home/ilya/.vscode-server/bin/65edc4939843c90c34d61f4ce11704f09d3e5cb6/extensions/node_modules/typescript/lib/typescript.js:186474:36)
    at _ProjectService.ensureDefaultProjectForFile (/home/ilya/.vscode-server/bin/65edc4939843c90c34d61f4ce11704f09d3e5cb6/extensions/node_modules/typescript/lib/typescript.js:186469:103)
    at IpcIOSession.getFileAndProjectWorker (/home/ilya/.vscode-server/bin/65edc4939843c90c34d61f4ce11704f09d3e5cb6/extensions/node_modules/typescript/lib/typescript.js:191719:77)
    at IpcIOSession.getFileAndProject (/home/ilya/.vscode-server/bin/65edc4939843c90c34d61f4ce11704f09d3e5cb6/extensions/node_modules/typescript/lib/typescript.js:191705:17)
    at IpcIOSession.getEncodedSemanticClassifications (/home/ilya/.vscode-server/bin/65edc4939843c90c34d61f4ce11704f09d3e5cb6/extensions/node_modules/typescript/lib/typescript.js:191006:36)
    at encodedSemanticClassifications-full (/home/ilya/.vscode-server/bin/65edc4939843c90c34d61f4ce11704f09d3e5cb6/extensions/node_modules/typescript/lib/typescript.js:190249:43)
    at /home/ilya/.vscode-server/bin/65edc4939843c90c34d61f4ce11704f09d3e5cb6/extensions/node_modules/typescript/lib/typescript.js:192651:15
    at IpcIOSession.executeWithRequestId (/home/ilya/.vscode-server/bin/65edc4939843c90c34d61f4ce11704f09d3e5cb6/extensions/node_modules/typescript/lib/typescript.js:192640:14)
    at IpcIOSession.executeCommand (/home/ilya/.vscode-server/bin/65edc4939843c90c34d61f4ce11704f09d3e5cb6/extensions/node_modules/typescript/lib/typescript.js:192649:29)
    at IpcIOSession.onMessage (/home/ilya/.vscode-server/bin/65edc4939843c90c34d61f4ce11704f09d3e5cb6/extensions/node_modules/typescript/lib/typescript.js:192697:68)
    at process.<anonymous> (/home/ilya/.vscode-server/bin/65edc4939843c90c34d61f4ce11704f09d3e5cb6/extensions/node_modules/typescript/lib/tsserver.js:525:14)
    at process.emit (node:events:519:28)
    at emit (node:internal/child_process:951:14)
    at process.processTicksAndRejections (node:internal/process/task_queues:83:21)
	at n.create (/home/ilya/.vscode-server/bin/65edc4939843c90c34d61f4ce11704f09d3e5cb6/extensions/typescript-language-features/dist/extension.js:1:487228)
	at y.dispatchResponse (/home/ilya/.vscode-server/bin/65edc4939843c90c34d61f4ce11704f09d3e5cb6/extensions/typescript-language-features/dist/extension.js:1:481198)
	at y.dispatchMessage (/home/ilya/.vscode-server/bin/65edc4939843c90c34d61f4ce11704f09d3e5cb6/extensions/typescript-language-features/dist/extension.js:1:479996)
	at ChildProcess.<anonymous> (/home/ilya/.vscode-server/bin/65edc4939843c90c34d61f4ce11704f09d3e5cb6/extensions/typescript-language-features/dist/extension.js:1:479489)
	at ChildProcess.emit (node:events:519:28)
	at emit (node:internal/child_process:951:14)
	at process.processTicksAndRejections (node:internal/process/task_queues:83:21)
2024-11-07 18:49:47.925 [error] [vscode.typescript-language-features] provider FAILED
2024-11-07 18:49:47.925 [error] Error: <semantic> TypeScript Server Error (5.6.3)
No Project.
Error: No Project.
    at Object.ThrowNoProject (/home/ilya/.vscode-server/bin/65edc4939843c90c34d61f4ce11704f09d3e5cb6/extensions/node_modules/typescript/lib/typescript.js:182363:11)
    at ScriptInfo.getDefaultProject (/home/ilya/.vscode-server/bin/65edc4939843c90c34d61f4ce11704f09d3e5cb6/extensions/node_modules/typescript/lib/typescript.js:183062:23)
    at _ProjectService.doEnsureDefaultProjectForFile (/home/ilya/.vscode-server/bin/65edc4939843c90c34d61f4ce11704f09d3e5cb6/extensions/node_modules/typescript/lib/typescript.js:186474:36)
    at _ProjectService.ensureDefaultProjectForFile (/home/ilya/.vscode-server/bin/65edc4939843c90c34d61f4ce11704f09d3e5cb6/extensions/node_modules/typescript/lib/typescript.js:186469:103)
    at IpcIOSession.getFileAndProjectWorker (/home/ilya/.vscode-server/bin/65edc4939843c90c34d61f4ce11704f09d3e5cb6/extensions/node_modules/typescript/lib/typescript.js:191719:77)
    at IpcIOSession.getFileAndProject (/home/ilya/.vscode-server/bin/65edc4939843c90c34d61f4ce11704f09d3e5cb6/extensions/node_modules/typescript/lib/typescript.js:191705:17)
    at IpcIOSession.getApplicableRefactors (/home/ilya/.vscode-server/bin/65edc4939843c90c34d61f4ce11704f09d3e5cb6/extensions/node_modules/typescript/lib/typescript.js:192224:36)
    at getApplicableRefactors (/home/ilya/.vscode-server/bin/65edc4939843c90c34d61f4ce11704f09d3e5cb6/extensions/node_modules/typescript/lib/typescript.js:190428:43)
    at /home/ilya/.vscode-server/bin/65edc4939843c90c34d61f4ce11704f09d3e5cb6/extensions/node_modules/typescript/lib/typescript.js:192651:15
    at IpcIOSession.executeWithRequestId (/home/ilya/.vscode-server/bin/65edc4939843c90c34d61f4ce11704f09d3e5cb6/extensions/node_modules/typescript/lib/typescript.js:192640:14)
    at IpcIOSession.executeCommand (/home/ilya/.vscode-server/bin/65edc4939843c90c34d61f4ce11704f09d3e5cb6/extensions/node_modules/typescript/lib/typescript.js:192649:29)
    at IpcIOSession.onMessage (/home/ilya/.vscode-server/bin/65edc4939843c90c34d61f4ce11704f09d3e5cb6/extensions/node_modules/typescript/lib/typescript.js:192697:68)
    at process.<anonymous> (/home/ilya/.vscode-server/bin/65edc4939843c90c34d61f4ce11704f09d3e5cb6/extensions/node_modules/typescript/lib/tsserver.js:525:14)
    at process.emit (node:events:519:28)
    at emit (node:internal/child_process:951:14)
    at process.processTicksAndRejections (node:internal/process/task_queues:83:21)
	at n.create (/home/ilya/.vscode-server/bin/65edc4939843c90c34d61f4ce11704f09d3e5cb6/extensions/typescript-language-features/dist/extension.js:1:487228)
	at y.dispatchResponse (/home/ilya/.vscode-server/bin/65edc4939843c90c34d61f4ce11704f09d3e5cb6/extensions/typescript-language-features/dist/extension.js:1:481198)
	at y.dispatchMessage (/home/ilya/.vscode-server/bin/65edc4939843c90c34d61f4ce11704f09d3e5cb6/extensions/typescript-language-features/dist/extension.js:1:479996)
	at ChildProcess.<anonymous> (/home/ilya/.vscode-server/bin/65edc4939843c90c34d61f4ce11704f09d3e5cb6/extensions/typescript-language-features/dist/extension.js:1:479489)
	at ChildProcess.emit (node:events:519:28)
	at emit (node:internal/child_process:951:14)
	at process.processTicksAndRejections (node:internal/process/task_queues:83:21)
2024-11-07 18:49:48.701 [error] Error: <semantic> TypeScript Server Error (5.6.3)
No Project.
Error: No Project.
    at Object.ThrowNoProject (/home/ilya/.vscode-server/bin/65edc4939843c90c34d61f4ce11704f09d3e5cb6/extensions/node_modules/typescript/lib/typescript.js:182363:11)
    at ScriptInfo.getDefaultProject (/home/ilya/.vscode-server/bin/65edc4939843c90c34d61f4ce11704f09d3e5cb6/extensions/node_modules/typescript/lib/typescript.js:183062:23)
    at _ProjectService.doEnsureDefaultProjectForFile (/home/ilya/.vscode-server/bin/65edc4939843c90c34d61f4ce11704f09d3e5cb6/extensions/node_modules/typescript/lib/typescript.js:186474:36)
    at _ProjectService.ensureDefaultProjectForFile (/home/ilya/.vscode-server/bin/65edc4939843c90c34d61f4ce11704f09d3e5cb6/extensions/node_modules/typescript/lib/typescript.js:186469:103)
    at IpcIOSession.getFileAndProjectWorker (/home/ilya/.vscode-server/bin/65edc4939843c90c34d61f4ce11704f09d3e5cb6/extensions/node_modules/typescript/lib/typescript.js:191719:77)
    at IpcIOSession.getProjectInfoWorker (/home/ilya/.vscode-server/bin/65edc4939843c90c34d61f4ce11704f09d3e5cb6/extensions/node_modules/typescript/lib/typescript.js:191526:30)
    at IpcIOSession.getProjectInfo (/home/ilya/.vscode-server/bin/65edc4939843c90c34d61f4ce11704f09d3e5cb6/extensions/node_modules/typescript/lib/typescript.js:191517:17)
    at projectInfo (/home/ilya/.vscode-server/bin/65edc4939843c90c34d61f4ce11704f09d3e5cb6/extensions/node_modules/typescript/lib/typescript.js:190381:43)
    at /home/ilya/.vscode-server/bin/65edc4939843c90c34d61f4ce11704f09d3e5cb6/extensions/node_modules/typescript/lib/typescript.js:192651:15
    at IpcIOSession.executeWithRequestId (/home/ilya/.vscode-server/bin/65edc4939843c90c34d61f4ce11704f09d3e5cb6/extensions/node_modules/typescript/lib/typescript.js:192640:14)
    at IpcIOSession.executeCommand (/home/ilya/.vscode-server/bin/65edc4939843c90c34d61f4ce11704f09d3e5cb6/extensions/node_modules/typescript/lib/typescript.js:192649:29)
    at IpcIOSession.onMessage (/home/ilya/.vscode-server/bin/65edc4939843c90c34d61f4ce11704f09d3e5cb6/extensions/node_modules/typescript/lib/typescript.js:192697:68)
    at process.<anonymous> (/home/ilya/.vscode-server/bin/65edc4939843c90c34d61f4ce11704f09d3e5cb6/extensions/node_modules/typescript/lib/tsserver.js:525:14)
    at process.emit (node:events:519:28)
    at emit (node:internal/child_process:951:14)
    at process.processTicksAndRejections (node:internal/process/task_queues:83:21)
	at n.create (/home/ilya/.vscode-server/bin/65edc4939843c90c34d61f4ce11704f09d3e5cb6/extensions/typescript-language-features/dist/extension.js:1:487228)
	at y.dispatchResponse (/home/ilya/.vscode-server/bin/65edc4939843c90c34d61f4ce11704f09d3e5cb6/extensions/typescript-language-features/dist/extension.js:1:481198)
	at y.dispatchMessage (/home/ilya/.vscode-server/bin/65edc4939843c90c34d61f4ce11704f09d3e5cb6/extensions/typescript-language-features/dist/extension.js:1:479996)
	at ChildProcess.<anonymous> (/home/ilya/.vscode-server/bin/65edc4939843c90c34d61f4ce11704f09d3e5cb6/extensions/typescript-language-features/dist/extension.js:1:479489)
	at ChildProcess.emit (node:events:519:28)
	at emit (node:internal/child_process:951:14)
	at process.processTicksAndRejections (node:internal/process/task_queues:83:21)
2024-11-07 18:49:48.777 [error] Error: <semantic> TypeScript Server Error (5.6.3)
No Project.
Error: No Project.
    at Object.ThrowNoProject (/home/ilya/.vscode-server/bin/65edc4939843c90c34d61f4ce11704f09d3e5cb6/extensions/node_modules/typescript/lib/typescript.js:182363:11)
    at ScriptInfo.getDefaultProject (/home/ilya/.vscode-server/bin/65edc4939843c90c34d61f4ce11704f09d3e5cb6/extensions/node_modules/typescript/lib/typescript.js:183062:23)
    at _ProjectService.doEnsureDefaultProjectForFile (/home/ilya/.vscode-server/bin/65edc4939843c90c34d61f4ce11704f09d3e5cb6/extensions/node_modules/typescript/lib/typescript.js:186474:36)
    at _ProjectService.ensureDefaultProjectForFile (/home/ilya/.vscode-server/bin/65edc4939843c90c34d61f4ce11704f09d3e5cb6/extensions/node_modules/typescript/lib/typescript.js:186469:103)
    at IpcIOSession.getFileAndProjectWorker (/home/ilya/.vscode-server/bin/65edc4939843c90c34d61f4ce11704f09d3e5cb6/extensions/node_modules/typescript/lib/typescript.js:191719:77)
    at IpcIOSession.getFileAndProject (/home/ilya/.vscode-server/bin/65edc4939843c90c34d61f4ce11704f09d3e5cb6/extensions/node_modules/typescript/lib/typescript.js:191705:17)
    at IpcIOSession.getEncodedSemanticClassifications (/home/ilya/.vscode-server/bin/65edc4939843c90c34d61f4ce11704f09d3e5cb6/extensions/node_modules/typescript/lib/typescript.js:191006:36)
    at encodedSemanticClassifications-full (/home/ilya/.vscode-server/bin/65edc4939843c90c34d61f4ce11704f09d3e5cb6/extensions/node_modules/typescript/lib/typescript.js:190249:43)
    at /home/ilya/.vscode-server/bin/65edc4939843c90c34d61f4ce11704f09d3e5cb6/extensions/node_modules/typescript/lib/typescript.js:192651:15
    at IpcIOSession.executeWithRequestId (/home/ilya/.vscode-server/bin/65edc4939843c90c34d61f4ce11704f09d3e5cb6/extensions/node_modules/typescript/lib/typescript.js:192640:14)
    at IpcIOSession.executeCommand (/home/ilya/.vscode-server/bin/65edc4939843c90c34d61f4ce11704f09d3e5cb6/extensions/node_modules/typescript/lib/typescript.js:192649:29)
    at IpcIOSession.onMessage (/home/ilya/.vscode-server/bin/65edc4939843c90c34d61f4ce11704f09d3e5cb6/extensions/node_modules/typescript/lib/typescript.js:192697:68)
    at process.<anonymous> (/home/ilya/.vscode-server/bin/65edc4939843c90c34d61f4ce11704f09d3e5cb6/extensions/node_modules/typescript/lib/tsserver.js:525:14)
    at process.emit (node:events:519:28)
    at emit (node:internal/child_process:951:14)
    at process.processTicksAndRejections (node:internal/process/task_queues:83:21)
	at n.create (/home/ilya/.vscode-server/bin/65edc4939843c90c34d61f4ce11704f09d3e5cb6/extensions/typescript-language-features/dist/extension.js:1:487228)
	at y.dispatchResponse (/home/ilya/.vscode-server/bin/65edc4939843c90c34d61f4ce11704f09d3e5cb6/extensions/typescript-language-features/dist/extension.js:1:481198)
	at y.dispatchMessage (/home/ilya/.vscode-server/bin/65edc4939843c90c34d61f4ce11704f09d3e5cb6/extensions/typescript-language-features/dist/extension.js:1:479996)
	at ChildProcess.<anonymous> (/home/ilya/.vscode-server/bin/65edc4939843c90c34d61f4ce11704f09d3e5cb6/extensions/typescript-language-features/dist/extension.js:1:479489)
	at ChildProcess.emit (node:events:519:28)
	at emit (node:internal/child_process:951:14)
	at process.processTicksAndRejections (node:internal/process/task_queues:83:21)
