2024-08-07 12:37:12.018 [info] Log level: Info
2024-08-07 12:37:12.018 [info] Validating found git in: "git"
2024-08-07 12:37:12.018 [info] Using git "2.34.1" from "git"
2024-08-07 12:37:12.018 [info] > git rev-parse --show-toplevel [12ms]
2024-08-07 12:37:12.018 [info] > git rev-parse --git-dir --git-common-dir [4ms]
2024-08-07 12:37:12.018 [info] Open repository: /home/ilya
2024-08-07 12:37:12.025 [info] > git rev-parse --show-toplevel [3ms]
2024-08-07 12:37:12.025 [info] > git config --get commit.template [5ms]
2024-08-07 12:37:12.035 [info] > git rev-parse --show-toplevel [6ms]
2024-08-07 12:37:12.054 [info] > git for-each-ref --format=%(refname)%00%(upstream:short)%00%(objectname)%00%(upstream:track)%00%(upstream:remotename)%00%(upstream:remoteref) refs/heads/main refs/remotes/main [20ms]
2024-08-07 12:37:12.055 [info] > git rev-parse --show-toplevel [1ms]
2024-08-07 12:37:12.063 [info] > git rev-parse --show-toplevel [6ms]
2024-08-07 12:37:12.073 [info] > git rev-parse --show-toplevel [6ms]
2024-08-07 12:37:12.081 [info] > git rev-parse --show-toplevel [1ms]
2024-08-07 12:37:12.086 [info] > git rev-parse --git-dir --git-common-dir [0ms]
2024-08-07 12:37:12.090 [info] Open repository: /home/ilya/.nvm
2024-08-07 12:37:12.102 [info] > git rev-parse --show-toplevel [2ms]
2024-08-07 12:37:12.103 [info] > git config --get commit.template [5ms]
2024-08-07 12:37:12.113 [info] > git rev-parse --show-toplevel [6ms]
2024-08-07 12:37:12.128 [info] > git for-each-ref --format %(refname) %(objectname) %(*objectname) refs/tags [16ms]
2024-08-07 12:37:12.132 [info] > git rev-parse --show-toplevel [5ms]
2024-08-07 12:37:12.148 [info] > git status -z -uall [17ms]
2024-08-07 12:37:12.158 [info] > git rev-parse --show-toplevel [10ms]
2024-08-07 12:37:12.163 [info] > git config --get commit.template [5ms]
2024-08-07 12:37:12.166 [info] > git rev-parse --show-toplevel [4ms]
2024-08-07 12:37:12.170 [info] > git for-each-ref --format %(refname) %(objectname) %(*objectname) refs/tags [4ms]
2024-08-07 12:37:12.173 [info] > git rev-parse --git-dir --git-common-dir [4ms]
2024-08-07 12:37:12.179 [info] Open repository: /home/ilya/HEXL-JS
2024-08-07 12:37:12.186 [info] > git status -z -uall [12ms]
2024-08-07 12:37:12.186 [info] > git config --get commit.template [3ms]
2024-08-07 12:37:12.188 [info] > git rev-parse --show-toplevel [3ms]
2024-08-07 12:37:12.235 [info] > git rev-parse --show-toplevel [21ms]
2024-08-07 12:37:12.235 [info] > git for-each-ref --format=%(refname)%00%(upstream:short)%00%(objectname)%00%(upstream:track)%00%(upstream:remotename)%00%(upstream:remoteref) refs/heads/main refs/remotes/main [24ms]
2024-08-07 12:37:12.250 [info] > git rev-parse --git-dir --git-common-dir [2ms]
2024-08-07 12:37:12.255 [info] Open repository: /home/ilya/domPractice
2024-08-07 12:37:12.267 [info] > git config --get commit.template [7ms]
2024-08-07 12:37:12.268 [info] > git status -z -uall [2ms]
2024-08-07 12:37:12.277 [info] > git rev-parse --show-toplevel [15ms]
2024-08-07 12:37:12.286 [info] > git merge-base refs/heads/main refs/remotes/origin/main [13ms]
2024-08-07 12:37:12.292 [info] > git rev-parse --git-dir --git-common-dir [5ms]
2024-08-07 12:37:12.296 [info] Open repository: /home/ilya/frontend-project-44
2024-08-07 12:37:12.297 [info] > git config --get commit.template [14ms]
2024-08-07 12:37:12.297 [info] > git for-each-ref --format=%(refname)%00%(upstream:short)%00%(objectname)%00%(upstream:track)%00%(upstream:remotename)%00%(upstream:remoteref) refs/heads/main refs/remotes/main [16ms]
2024-08-07 12:37:12.307 [warning] ENOENT: no such file or directory, open '/home/ilya/domPractice/.git/refs/remotes/origin/main'
2024-08-07 12:37:12.307 [info] > git rev-list --count --left-right refs/heads/main...refs/remotes/origin/main [17ms]
2024-08-07 12:37:12.316 [info] > git rev-parse refs/remotes/origin/main [9ms]
2024-08-07 12:37:12.320 [info] > git rev-parse --show-toplevel [16ms]
2024-08-07 12:37:12.320 [info] > git config --get commit.template [19ms]
2024-08-07 12:37:12.328 [info] > git status -z -uall [9ms]
2024-08-07 12:37:12.338 [info] > git for-each-ref --format=%(refname)%00%(upstream:short)%00%(objectname)%00%(upstream:track)%00%(upstream:remotename)%00%(upstream:remoteref) refs/heads/main refs/remotes/main [25ms]
2024-08-07 12:37:12.338 [info] > git diff --name-status -z --diff-filter=ADMR 5369a54b7765ab231d2e781b48fb990438a32073...refs/remotes/origin/main [28ms]
2024-08-07 12:37:12.350 [info] > git merge-base refs/heads/main refs/remotes/origin/main [15ms]
2024-08-07 12:37:12.355 [info] > git rev-parse --git-dir --git-common-dir [28ms]
2024-08-07 12:37:12.362 [info] Open repository: /home/ilya/frontend-project-46
2024-08-07 12:37:12.379 [info] > git rev-list --count --left-right refs/heads/main...refs/remotes/origin/main [25ms]
2024-08-07 12:37:12.384 [info] > git config --get commit.template [37ms]
2024-08-07 12:37:12.385 [info] > git for-each-ref --format=%(refname)%00%(upstream:short)%00%(objectname)%00%(upstream:track)%00%(upstream:remotename)%00%(upstream:remoteref) refs/heads/main refs/remotes/main [43ms]
2024-08-07 12:37:12.390 [info] > git diff --name-status -z --diff-filter=ADMR e25b5d5a7b275aba7f6a0e07365e0186a9bc10e7...refs/remotes/origin/main [6ms]
2024-08-07 12:37:12.391 [info] > git rev-parse --show-toplevel [19ms]
2024-08-07 12:37:12.391 [info] > git config --get commit.template [22ms]
2024-08-07 12:37:12.413 [info] > git status -z -uall [351ms] (cancelled)
2024-08-07 12:37:12.414 [info] > git status -z -uall [12ms]
2024-08-07 12:37:12.414 [info] > git rev-parse --git-dir --git-common-dir [9ms]
2024-08-07 12:37:12.418 [info] Open repository: /home/ilya/hexlet-git
2024-08-07 12:37:12.422 [info] > git for-each-ref --format=%(refname)%00%(upstream:short)%00%(objectname)%00%(upstream:track)%00%(upstream:remotename)%00%(upstream:remoteref) refs/heads/main refs/remotes/main [25ms]
2024-08-07 12:37:12.438 [warning] ENOENT: no such file or directory, open '/home/ilya/domPractice/.git/refs/remotes/origin/main'
2024-08-07 12:37:12.438 [info] > git for-each-ref --format=%(refname)%00%(upstream:short)%00%(objectname)%00%(upstream:track)%00%(upstream:remotename)%00%(upstream:remoteref) refs/heads/main refs/remotes/main [29ms]
2024-08-07 12:37:12.440 [info] > git rev-parse refs/remotes/origin/main [2ms]
2024-08-07 12:37:12.444 [info] > git rev-parse --show-toplevel [9ms]
2024-08-07 12:37:12.445 [info] > git config --get commit.template [12ms]
2024-08-07 12:37:12.456 [info] > git status -z -uall [30ms]
2024-08-07 12:37:12.456 [info] > git status -z -uall [12ms]
2024-08-07 12:37:12.456 [info] > git rev-parse --git-dir --git-common-dir [7ms]
2024-08-07 12:37:12.462 [info] Open repository: /home/ilya/hexlet-jest
2024-08-07 12:37:12.547 [info] > git status -z -uall [10ms]
2024-08-07 12:37:12.547 [info] > git merge-base refs/heads/main refs/remotes/origin/main [56ms]
2024-08-07 12:37:12.551 [info] > git for-each-ref --format %(refname) %(objectname) %(*objectname) refs/tags [97ms]
2024-08-07 12:37:12.562 [info] > git status -z -uall [8ms]
2024-08-07 12:37:12.565 [info] > git rev-list --count --left-right refs/heads/main...refs/remotes/origin/main [14ms]
2024-08-07 12:37:12.569 [info] > git config --get commit.template [24ms]
2024-08-07 12:37:12.569 [info] > git rev-parse --show-toplevel [26ms]
2024-08-07 12:37:12.569 [info] > git config --get commit.template [29ms]
2024-08-07 12:37:12.606 [info] > git merge-base refs/heads/main refs/remotes/origin/main [32ms]
2024-08-07 12:37:12.610 [info] > git diff --name-status -z --diff-filter=ADMR 4b677f7113740d0a6bee39026103c172a8e2d70c...refs/remotes/origin/main [41ms]
2024-08-07 12:37:13.000 [info] > git rev-list --count --left-right refs/heads/main...refs/remotes/origin/main [390ms]
2024-08-07 12:37:13.004 [info] > git config --get commit.template [399ms]
2024-08-07 12:37:13.004 [info] > git rev-parse --git-dir --git-common-dir [404ms]
2024-08-07 12:37:13.009 [info] Open repository: /home/ilya/hexlet-js
2024-08-07 12:37:13.010 [info] > git config --get commit.template [414ms]
2024-08-07 12:37:13.032 [info] > git diff --name-status -z --diff-filter=ADMR 145dff716aaa8b387b0e80b785fffcbc4003955b...refs/remotes/origin/main [29ms]
2024-08-07 12:37:13.033 [info] > git for-each-ref --format=%(refname)%00%(upstream:short)%00%(objectname)%00%(upstream:track)%00%(upstream:remotename)%00%(upstream:remoteref) refs/heads/main refs/remotes/main [39ms]
2024-08-07 12:37:13.033 [info] > git for-each-ref --format=%(refname)%00%(upstream:short)%00%(objectname)%00%(upstream:track)%00%(upstream:remotename)%00%(upstream:remoteref) refs/heads/main refs/remotes/main [43ms]
2024-08-07 12:37:13.047 [info] > git rev-parse --show-toplevel [16ms]
2024-08-07 12:37:13.051 [info] > git for-each-ref --format %(refname) %(objectname) %(*objectname) refs/tags [8ms]
2024-08-07 12:37:13.058 [info] > git status -z -uall [4ms]
2024-08-07 12:37:13.058 [info] > git rev-parse --git-dir --git-common-dir [8ms]
2024-08-07 12:37:13.062 [info] Open repository: /home/ilya/https-github.com-ILYA9090-ILYA9090
2024-08-07 12:37:13.063 [info] > git for-each-ref --format=%(refname)%00%(upstream:short)%00%(objectname)%00%(upstream:track)%00%(upstream:remotename)%00%(upstream:remoteref) refs/heads/main refs/remotes/main [17ms]
2024-08-07 12:37:13.098 [info] > git check-ignore -v -z --stdin [32ms]
2024-08-07 12:37:13.099 [info] > git check-ignore -v -z --stdin [28ms]
2024-08-07 12:37:13.100 [info] > git check-ignore -v -z --stdin [25ms]
2024-08-07 12:37:13.100 [info] > git check-ignore -v -z --stdin [23ms]
2024-08-07 12:37:13.100 [info] > git check-ignore -v -z --stdin [20ms]
2024-08-07 12:37:13.101 [info] > git check-ignore -v -z --stdin [18ms]
2024-08-07 12:37:13.101 [info] > git check-ignore -v -z --stdin [16ms]
2024-08-07 12:37:13.102 [info] > git for-each-ref --format=%(refname)%00%(upstream:short)%00%(objectname)%00%(upstream:track)%00%(upstream:remotename)%00%(upstream:remoteref) refs/heads/main refs/remotes/main [45ms]
2024-08-07 12:37:13.107 [info] > git rev-parse --show-toplevel [10ms]
2024-08-07 12:37:13.107 [info] > git config --get commit.template [13ms]
2024-08-07 12:37:13.113 [info] > git status -z -uall [24ms]
2024-08-07 12:37:13.113 [info] > git status -z -uall [22ms]
2024-08-07 12:37:13.179 [info] > git status -z -uall [6ms]
2024-08-07 12:37:13.179 [info] > git merge-base refs/heads/main refs/remotes/origin/main [60ms]
2024-08-07 12:37:13.182 [info] > git rev-parse --git-dir --git-common-dir [71ms]
2024-08-07 12:37:13.187 [info] Open repository: /home/ilya/nodejs-package
2024-08-07 12:37:13.201 [info] > git status -z -uall [7ms]
2024-08-07 12:37:13.201 [info] > git rev-list --count --left-right refs/heads/main...refs/remotes/origin/main [19ms]
2024-08-07 12:37:13.205 [info] > git config --get commit.template [29ms]
2024-08-07 12:37:13.207 [info] > git for-each-ref --format=%(refname)%00%(upstream:short)%00%(objectname)%00%(upstream:track)%00%(upstream:remotename)%00%(upstream:remoteref) refs/heads/main refs/remotes/main [36ms]
2024-08-07 12:37:13.217 [warning] ENOENT: no such file or directory, open '/home/ilya/https-github.com-ILYA9090-ILYA9090/.git/refs/remotes/origin/main'
2024-08-07 12:37:13.218 [info] > git diff --name-status -z --diff-filter=ADMR 493bcf0bb267500d00712930cc7ddc969521fd3f...refs/remotes/origin/main [13ms]
2024-08-07 12:37:13.219 [info] > git rev-parse --show-toplevel [19ms]
2024-08-07 12:37:13.219 [info] > git config --get commit.template [22ms]
2024-08-07 12:37:13.531 [info] > git merge-base refs/heads/main refs/remotes/origin/main [307ms]
2024-08-07 12:37:13.534 [info] > git rev-parse refs/remotes/origin/main [317ms]
2024-08-07 12:37:13.541 [info] > git status -z -uall [5ms]
2024-08-07 12:37:13.546 [info] > git rev-list --count --left-right refs/heads/main...refs/remotes/origin/main [12ms]
2024-08-07 12:37:13.549 [info] > git rev-parse --show-toplevel [20ms]
2024-08-07 12:37:13.550 [info] > git for-each-ref --format=%(refname)%00%(upstream:short)%00%(objectname)%00%(upstream:track)%00%(upstream:remotename)%00%(upstream:remoteref) refs/heads/main refs/remotes/main [23ms]
2024-08-07 12:37:13.555 [info] > git diff --name-status -z --diff-filter=ADMR a98d4706f83e1ececb65f583c225ec089904a891...refs/remotes/origin/main [6ms]
2024-08-07 12:37:13.555 [info] > git merge-base refs/heads/main refs/remotes/origin/main [11ms]
2024-08-07 12:37:13.558 [info] > git for-each-ref --format=%(refname)%00%(upstream:short)%00%(objectname)%00%(upstream:track)%00%(upstream:remotename)%00%(upstream:remoteref) refs/heads/main refs/remotes/main [18ms]
2024-08-07 12:37:13.564 [warning] ENOENT: no such file or directory, open '/home/ilya/nodejs-package/.git/refs/remotes/origin/main'
2024-08-07 12:37:13.564 [info] > git config --get commit.template [10ms]
2024-08-07 12:37:13.565 [info] > git rev-parse refs/remotes/origin/main [2ms]
2024-08-07 12:37:13.568 [info] > git for-each-ref --format=%(refname)%00%(upstream:short)%00%(objectname)%00%(upstream:track)%00%(upstream:remotename)%00%(upstream:remoteref) refs/heads/main refs/remotes/main [7ms]
2024-08-07 12:37:13.568 [info] > git rev-list --count --left-right refs/heads/main...refs/remotes/origin/main [10ms]
2024-08-07 12:37:13.575 [info] > git status -z -uall [8ms]
2024-08-07 12:37:13.585 [info] > git merge-base refs/heads/main refs/remotes/origin/main [5ms]
2024-08-07 12:37:13.588 [info] > git for-each-ref --format=%(refname)%00%(upstream:short)%00%(objectname)%00%(upstream:track)%00%(upstream:remotename)%00%(upstream:remoteref) refs/heads/main refs/remotes/main [15ms]
2024-08-07 12:37:13.588 [info] > git diff --name-status -z --diff-filter=ADMR 6569583616ba675da77723cd4931253b3fc32fcf...refs/remotes/origin/main [18ms]
2024-08-07 12:37:13.592 [warning] ENOENT: no such file or directory, open '/home/ilya/https-github.com-ILYA9090-ILYA9090/.git/refs/remotes/origin/main'
2024-08-07 12:37:13.593 [info] > git status -z -uall [18ms]
2024-08-07 12:37:13.593 [info] > git config --get commit.template [9ms]
2024-08-07 12:37:13.599 [info] > git rev-parse refs/remotes/origin/main [7ms]
2024-08-07 12:37:13.606 [info] > git rev-list --count --left-right refs/heads/main...refs/remotes/origin/main [18ms]
2024-08-07 12:37:13.616 [info] > git status -z -uall [18ms]
2024-08-07 12:37:13.616 [info] > git status -z -uall [14ms]
2024-08-07 12:37:13.622 [info] > git for-each-ref --format=%(refname)%00%(upstream:short)%00%(objectname)%00%(upstream:track)%00%(upstream:remotename)%00%(upstream:remoteref) refs/heads/main refs/remotes/main [6ms]
2024-08-07 12:37:13.623 [info] > git diff --name-status -z --diff-filter=ADMR 8de7623bcef55167695be5dbb854ed9bc9e3ea5d...refs/remotes/origin/main [11ms]
2024-08-07 12:37:13.627 [warning] ENOENT: no such file or directory, open '/home/ilya/nodejs-package/.git/refs/remotes/origin/main'
2024-08-07 12:37:13.629 [info] > git rev-parse refs/remotes/origin/main [2ms]
2024-08-07 12:37:13.635 [info] > git status -z -uall [2ms]
2024-08-07 12:37:13.691 [info] > git check-ignore -v -z --stdin [19ms]
2024-08-07 12:37:13.691 [info] > git check-ignore -v -z --stdin [16ms]
2024-08-07 12:37:13.692 [info] > git check-ignore -v -z --stdin [13ms]
2024-08-07 12:37:13.692 [info] > git check-ignore -v -z --stdin [10ms]
2024-08-07 12:37:13.692 [info] > git check-ignore -v -z --stdin [7ms]
2024-08-07 12:37:13.693 [info] > git check-ignore -v -z --stdin [5ms]
2024-08-07 12:37:13.693 [info] > git check-ignore -v -z --stdin [3ms]
