2024-11-06 14:57:46.491 [info] [main] Log level: Info
2024-11-06 14:57:46.491 [info] [main] Validating found git in: "git"
2024-11-06 14:57:46.491 [info] [main] Using git "2.34.1" from "git"
2024-11-06 14:57:46.491 [info] [Model][doInitialScan] Initial repository scan started
2024-11-06 14:57:46.491 [info] > git rev-parse --show-toplevel [18ms]
2024-11-06 14:57:46.491 [info] > git rev-parse --git-dir --git-common-dir [2ms]
2024-11-06 14:57:46.491 [info] [Model][openRepository] Opened repository: /home/ilya
2024-11-06 14:57:46.500 [info] > git config --get commit.template [4ms]
2024-11-06 14:57:46.501 [info] > git rev-parse --show-toplevel [3ms]
2024-11-06 14:57:46.512 [info] > git for-each-ref --format=%(refname)%00%(upstream:short)%00%(objectname)%00%(upstream:track)%00%(upstream:remotename)%00%(upstream:remoteref) refs/heads/main refs/remotes/main [5ms]
2024-11-06 14:57:46.513 [info] > git rev-parse --show-toplevel [3ms]
2024-11-06 14:57:46.587 [info] > git rev-parse --show-toplevel [70ms]
2024-11-06 14:57:46.590 [info] [Model][doInitialScan] Initial repository scan completed - repositories (1), closed repositories (0), parent repositories (0), unsafe repositories (0)
2024-11-06 14:57:46.607 [info] > git for-each-ref --sort -committerdate --format %(refname) %(objectname) %(*objectname) [81ms]
2024-11-06 14:57:47.088 [info] > git show --textconv :app-redux/src/components/App.js [11ms]
2024-11-06 14:57:47.089 [info] > git ls-files --stage -- /home/ilya/app-redux/src/components/App.js [7ms]
2024-11-06 14:57:47.110 [info] > git check-ignore -v -z --stdin [11ms]
2024-11-06 14:57:47.111 [info] > git cat-file -s a1b47a5a8aac43f72c95139016613e462aa6d1bb [17ms]
2024-11-06 14:57:47.145 [info] > git status -z -uall [623ms] (cancelled)
2024-11-06 14:57:47.165 [info] > git check-ignore -v -z --stdin [23ms]
2024-11-06 14:57:49.565 [info] > git for-each-ref --format=%(refname)%00%(upstream:short)%00%(objectname)%00%(upstream:track)%00%(upstream:remotename)%00%(upstream:remoteref) refs/heads/main refs/remotes/main [5ms]
2024-11-06 14:57:49.568 [info] > git config --get commit.template [4ms]
2024-11-06 14:57:49.569 [info] > git config --local branch.main.vscode-merge-base [2ms]
2024-11-06 14:57:49.569 [warning] [Git][config] git config failed: Failed to execute git
2024-11-06 14:57:49.574 [info] > git reflog main --grep-reflog=branch: Created from *. [3ms]
2024-11-06 14:57:49.578 [info] > git for-each-ref --format=%(refname)%00%(upstream:short)%00%(objectname)%00%(upstream:track)%00%(upstream:remotename)%00%(upstream:remoteref) refs/heads/main refs/remotes/main [5ms]
2024-11-06 14:57:49.579 [info] > git symbolic-ref --short refs/remotes/origin/HEAD [3ms]
2024-11-06 14:57:49.579 [info] fatal: ref refs/remotes/origin/HEAD is not a symbolic ref
2024-11-06 14:57:49.579 [warning] [Repository][getDefaultBranch] Failed to get default branch details: Failed to execute git.
2024-11-06 14:57:49.593 [info] > git merge-base refs/heads/main refs/remotes/origin/main [11ms]
2024-11-06 14:57:49.600 [info] > git diff --name-status -z --diff-filter=ADMR b8b13eb1394fcc469627dd6bb3242130aa8f7280...refs/remotes/origin/main [4ms]
2024-11-06 14:57:49.601 [info] > git for-each-ref --sort -committerdate --format %(refname) %(objectname) %(*objectname) [2ms]
2024-11-06 14:57:50.269 [info] > git status -z -uall [671ms] (cancelled)
2024-11-06 14:59:09.279 [info] > git show --textconv :app-redux/src/components/Header/File.jsx [4ms]
2024-11-06 14:59:09.279 [info] > git ls-files --stage -- /home/ilya/app-redux/src/components/Header/File.jsx [1ms]
2024-11-06 14:59:13.420 [info] > git show --textconv :app-redux/src/components/App.js [4ms]
2024-11-06 14:59:13.421 [info] > git ls-files --stage -- /home/ilya/app-redux/src/components/App.js [2ms]
2024-11-06 14:59:13.426 [info] > git cat-file -s a1b47a5a8aac43f72c95139016613e462aa6d1bb [1ms]
2024-11-06 14:59:13.771 [info] > git check-ignore -v -z --stdin [1ms]
2024-11-06 15:00:06.025 [info] > git check-ignore -v -z --stdin [2ms]
2024-11-06 15:00:07.462 [info] > git check-ignore -v -z --stdin [1ms]
2024-11-06 15:00:08.671 [info] > git check-ignore -v -z --stdin [1ms]
2024-11-06 15:00:18.924 [info] > git show --textconv :app-redux/src/components/Header/Header.jsx [3ms]
2024-11-06 15:00:18.925 [info] > git ls-files --stage -- /home/ilya/app-redux/src/components/Header/Header.jsx [1ms]
2024-11-06 15:00:25.708 [info] > git show --textconv :app-redux/src/components/App.js [4ms]
2024-11-06 15:00:25.708 [info] > git ls-files --stage -- /home/ilya/app-redux/src/components/App.js [1ms]
2024-11-06 15:00:25.712 [info] > git cat-file -s a1b47a5a8aac43f72c95139016613e462aa6d1bb [0ms]
2024-11-06 15:00:38.728 [info] > git check-ignore -v -z --stdin [1ms]
2024-11-06 15:01:08.509 [info] > git check-ignore -v -z --stdin [1ms]
2024-11-06 15:01:16.675 [info] > git show --textconv :app-redux/src/components/AppRouter/AppRouter.jsx [3ms]
2024-11-06 15:01:16.676 [info] > git ls-files --stage -- /home/ilya/app-redux/src/components/AppRouter/AppRouter.jsx [2ms]
2024-11-06 15:01:16.936 [info] > git check-ignore -v -z --stdin [1ms]
2024-11-06 15:01:20.976 [info] > git show --textconv :app-redux/src/components/App.js [2ms]
2024-11-06 15:01:20.977 [info] > git ls-files --stage -- /home/ilya/app-redux/src/components/App.js [1ms]
2024-11-06 15:01:20.980 [info] > git cat-file -s a1b47a5a8aac43f72c95139016613e462aa6d1bb [1ms]
2024-11-06 15:01:25.810 [info] > git show --textconv :app-redux/src/components/AppRouter/AppRouter.jsx [2ms]
2024-11-06 15:01:25.811 [info] > git ls-files --stage -- /home/ilya/app-redux/src/components/AppRouter/AppRouter.jsx [1ms]
2024-11-06 15:01:28.190 [info] > git show --textconv :app-redux/src/components/App.js [2ms]
2024-11-06 15:01:28.191 [info] > git ls-files --stage -- /home/ilya/app-redux/src/components/App.js [1ms]
2024-11-06 15:01:28.194 [info] > git cat-file -s a1b47a5a8aac43f72c95139016613e462aa6d1bb [1ms]
2024-11-06 15:01:31.978 [info] > git show --textconv :app-redux/src/components/AppRouter/AppRouter.jsx [3ms]
2024-11-06 15:01:31.978 [info] > git ls-files --stage -- /home/ilya/app-redux/src/components/AppRouter/AppRouter.jsx [1ms]
2024-11-06 15:01:44.444 [info] > git show --textconv :app-redux/src/components/App.js [3ms]
2024-11-06 15:01:44.445 [info] > git ls-files --stage -- /home/ilya/app-redux/src/components/App.js [1ms]
2024-11-06 15:01:44.448 [info] > git cat-file -s a1b47a5a8aac43f72c95139016613e462aa6d1bb [1ms]
2024-11-06 15:01:58.679 [info] > git show --textconv :app-redux/src/components/AppRouter/AppRouter.jsx [3ms]
2024-11-06 15:01:58.680 [info] > git ls-files --stage -- /home/ilya/app-redux/src/components/AppRouter/AppRouter.jsx [1ms]
2024-11-06 15:02:26.882 [info] > git show --textconv :app-redux/src/components/PostsApp.jsx [3ms]
2024-11-06 15:02:26.883 [info] > git ls-files --stage -- /home/ilya/app-redux/src/components/PostsApp.jsx [1ms]
2024-11-06 15:02:32.932 [info] > git show --textconv :app-redux/src/components/AppRouter/AppRouter.jsx [3ms]
2024-11-06 15:02:32.933 [info] > git ls-files --stage -- /home/ilya/app-redux/src/components/AppRouter/AppRouter.jsx [0ms]
2024-11-06 15:02:40.436 [info] > git show --textconv :app-redux/src/components/PostsJson.jsx [3ms]
2024-11-06 15:02:40.437 [info] > git ls-files --stage -- /home/ilya/app-redux/src/components/PostsJson.jsx [1ms]
2024-11-06 15:02:47.528 [info] > git show --textconv :app-redux/src/components/AppRouter/AppRouter.jsx [2ms]
2024-11-06 15:02:47.529 [info] > git ls-files --stage -- /home/ilya/app-redux/src/components/AppRouter/AppRouter.jsx [0ms]
2024-11-06 15:02:48.290 [info] > git show --textconv :app-redux/src/components/PostsJson.jsx [3ms]
2024-11-06 15:02:48.291 [info] > git ls-files --stage -- /home/ilya/app-redux/src/components/PostsJson.jsx [1ms]
2024-11-06 15:02:49.695 [info] > git show --textconv :app-redux/src/components/AppRouter/AppRouter.jsx [2ms]
2024-11-06 15:02:49.696 [info] > git ls-files --stage -- /home/ilya/app-redux/src/components/AppRouter/AppRouter.jsx [1ms]
2024-11-06 15:03:03.788 [info] > git show --textconv :app-redux/src/components/comments/CommentsList.jsx [3ms]
2024-11-06 15:03:03.789 [info] > git ls-files --stage -- /home/ilya/app-redux/src/components/comments/CommentsList.jsx [2ms]
2024-11-06 15:03:08.651 [info] > git show --textconv :app-redux/src/components/AppRouter/AppRouter.jsx [3ms]
2024-11-06 15:03:08.651 [info] > git ls-files --stage -- /home/ilya/app-redux/src/components/AppRouter/AppRouter.jsx [1ms]
2024-11-06 15:04:02.808 [info] > git show --textconv :app-redux/src/components/comments/CommentsList.jsx [4ms]
2024-11-06 15:04:02.808 [info] > git ls-files --stage -- /home/ilya/app-redux/src/components/comments/CommentsList.jsx [2ms]
2024-11-06 15:04:03.418 [info] > git show --textconv :app-redux/src/components/AppRouter/AppRouter.jsx [3ms]
2024-11-06 15:04:03.419 [info] > git ls-files --stage -- /home/ilya/app-redux/src/components/AppRouter/AppRouter.jsx [2ms]
2024-11-06 15:04:06.386 [info] > git show --textconv :app-redux/src/components/Header/Header.jsx [2ms]
2024-11-06 15:04:06.387 [info] > git ls-files --stage -- /home/ilya/app-redux/src/components/Header/Header.jsx [1ms]
2024-11-06 15:04:07.785 [info] > git show --textconv :app-redux/src/components/AppRouter/AppRouter.jsx [2ms]
2024-11-06 15:04:07.786 [info] > git ls-files --stage -- /home/ilya/app-redux/src/components/AppRouter/AppRouter.jsx [1ms]
2024-11-06 15:04:09.922 [info] > git show --textconv :app-redux/src/components/App.js [4ms]
2024-11-06 15:04:09.923 [info] > git ls-files --stage -- /home/ilya/app-redux/src/components/App.js [1ms]
2024-11-06 15:04:09.928 [info] > git cat-file -s a1b47a5a8aac43f72c95139016613e462aa6d1bb [1ms]
2024-11-06 15:04:12.706 [info] > git show --textconv :app-redux/src/components/AppRouter/AppRouter.jsx [3ms]
2024-11-06 15:04:12.707 [info] > git ls-files --stage -- /home/ilya/app-redux/src/components/AppRouter/AppRouter.jsx [1ms]
2024-11-06 15:04:15.905 [info] > git show --textconv :app-redux/src/components/Navbar/Navbar.jsx [2ms]
2024-11-06 15:04:15.906 [info] > git ls-files --stage -- /home/ilya/app-redux/src/components/Navbar/Navbar.jsx [1ms]
2024-11-06 15:04:19.402 [info] > git show --textconv :app-redux/src/components/Navbar/Navbar.module.css [2ms]
2024-11-06 15:04:19.403 [info] > git ls-files --stage -- /home/ilya/app-redux/src/components/Navbar/Navbar.module.css [1ms]
2024-11-06 15:04:22.271 [info] > git show --textconv :app-redux/src/components/Navbar/Navbar.jsx [3ms]
2024-11-06 15:04:22.271 [info] > git ls-files --stage -- /home/ilya/app-redux/src/components/Navbar/Navbar.jsx [1ms]
2024-11-06 15:04:25.021 [info] > git show --textconv :app-redux/src/components/Navbar/Navbar.module.css [3ms]
2024-11-06 15:04:25.021 [info] > git ls-files --stage -- /home/ilya/app-redux/src/components/Navbar/Navbar.module.css [1ms]
2024-11-06 15:04:31.856 [info] > git show --textconv :app-redux/src/components/Navbar/Navbar.jsx [3ms]
2024-11-06 15:04:31.856 [info] > git ls-files --stage -- /home/ilya/app-redux/src/components/Navbar/Navbar.jsx [1ms]
2024-11-06 15:04:34.937 [info] > git show --textconv :app-redux/src/components/Navbar/Navbar.module.css [3ms]
2024-11-06 15:04:34.938 [info] > git ls-files --stage -- /home/ilya/app-redux/src/components/Navbar/Navbar.module.css [2ms]
2024-11-06 15:04:36.103 [info] > git show --textconv :app-redux/src/components/Navbar/Navbar.jsx [2ms]
2024-11-06 15:04:36.104 [info] > git ls-files --stage -- /home/ilya/app-redux/src/components/Navbar/Navbar.jsx [1ms]
2024-11-06 15:04:36.939 [info] > git show --textconv :app-redux/src/components/Navbar/Navbar.module.css [2ms]
2024-11-06 15:04:36.940 [info] > git ls-files --stage -- /home/ilya/app-redux/src/components/Navbar/Navbar.module.css [1ms]
2024-11-06 15:04:44.788 [info] > git show --textconv :app-redux/src/components/Navbar/Navbar.jsx [4ms]
2024-11-06 15:04:44.788 [info] > git ls-files --stage -- /home/ilya/app-redux/src/components/Navbar/Navbar.jsx [1ms]
2024-11-06 15:04:45.596 [info] > git show --textconv :app-redux/src/components/Navbar/Navbar.module.css [4ms]
2024-11-06 15:04:45.597 [info] > git ls-files --stage -- /home/ilya/app-redux/src/components/Navbar/Navbar.module.css [2ms]
2024-11-06 15:05:52.312 [info] > git show --textconv :app-redux/src/components/Navbar/Navbar.jsx [3ms]
2024-11-06 15:05:52.313 [info] > git ls-files --stage -- /home/ilya/app-redux/src/components/Navbar/Navbar.jsx [2ms]
2024-11-06 15:05:53.461 [info] > git show --textconv :app-redux/src/components/AppRouter/AppRouter.jsx [2ms]
2024-11-06 15:05:53.462 [info] > git ls-files --stage -- /home/ilya/app-redux/src/components/AppRouter/AppRouter.jsx [1ms]
2024-11-06 15:06:25.778 [info] > git show --textconv :app-redux/src/components/App.js [2ms]
2024-11-06 15:06:25.779 [info] > git ls-files --stage -- /home/ilya/app-redux/src/components/App.js [1ms]
2024-11-06 15:06:25.782 [info] > git cat-file -s a1b47a5a8aac43f72c95139016613e462aa6d1bb [1ms]
2024-11-06 15:06:31.955 [info] > git show --textconv :app-redux/src/components/AppRouter/AppRouter.jsx [3ms]
2024-11-06 15:06:31.956 [info] > git ls-files --stage -- /home/ilya/app-redux/src/components/AppRouter/AppRouter.jsx [1ms]
2024-11-06 15:07:02.956 [info] > git show --textconv :app-redux/src/components/Navbar/Navbar.jsx [4ms]
2024-11-06 15:07:02.957 [info] > git ls-files --stage -- /home/ilya/app-redux/src/components/Navbar/Navbar.jsx [1ms]
2024-11-06 15:07:07.799 [info] > git show --textconv :app-redux/src/components/AppRouter/AppRouter.jsx [3ms]
2024-11-06 15:07:07.800 [info] > git ls-files --stage -- /home/ilya/app-redux/src/components/AppRouter/AppRouter.jsx [2ms]
2024-11-06 15:07:09.597 [info] > git show --textconv :app-redux/src/components/Navbar/Navbar.jsx [2ms]
2024-11-06 15:07:09.598 [info] > git ls-files --stage -- /home/ilya/app-redux/src/components/Navbar/Navbar.jsx [1ms]
2024-11-06 15:07:12.045 [info] > git show --textconv :app-redux/src/components/AppRouter/AppRouter.jsx [3ms]
2024-11-06 15:07:12.045 [info] > git ls-files --stage -- /home/ilya/app-redux/src/components/AppRouter/AppRouter.jsx [1ms]
2024-11-06 15:07:49.834 [info] > git show --textconv :app-redux/src/components/Navbar/Navbar.jsx [2ms]
2024-11-06 15:07:49.835 [info] > git ls-files --stage -- /home/ilya/app-redux/src/components/Navbar/Navbar.jsx [1ms]
2024-11-06 15:07:50.534 [info] > git show --textconv :app-redux/src/components/App.js [3ms]
2024-11-06 15:07:50.534 [info] > git ls-files --stage -- /home/ilya/app-redux/src/components/App.js [1ms]
2024-11-06 15:07:50.538 [info] > git cat-file -s a1b47a5a8aac43f72c95139016613e462aa6d1bb [1ms]
2024-11-06 19:15:33.070 [info] > git show --textconv :app-redux/src/components/Navbar/Navbar.jsx [8ms]
2024-11-06 19:15:33.071 [info] > git ls-files --stage -- /home/ilya/app-redux/src/components/Navbar/Navbar.jsx [6ms]
2024-11-06 19:15:34.469 [info] > git show --textconv :app-redux/src/components/AppRouter/AppRouter.jsx [3ms]
2024-11-06 19:15:34.470 [info] > git ls-files --stage -- /home/ilya/app-redux/src/components/AppRouter/AppRouter.jsx [2ms]
2024-11-06 19:16:03.157 [info] > git show --textconv :app-redux/src/components/comments/Modal.module.css [4ms]
2024-11-06 19:16:03.158 [info] > git ls-files --stage -- /home/ilya/app-redux/src/components/comments/Modal.module.css [1ms]
2024-11-06 19:16:10.458 [info] > git show --textconv :app-redux/src/components/AppRouter/AppRouter.jsx [2ms]
2024-11-06 19:16:10.458 [info] > git ls-files --stage -- /home/ilya/app-redux/src/components/AppRouter/AppRouter.jsx [1ms]
2024-11-06 19:16:43.941 [info] > git show --textconv :app-redux/src/components/ErrorPath.jsx [3ms]
2024-11-06 19:16:43.942 [info] > git ls-files --stage -- /home/ilya/app-redux/src/components/ErrorPath.jsx [1ms]
2024-11-06 19:16:44.213 [info] > git check-ignore -v -z --stdin [2ms]
2024-11-06 19:17:30.181 [info] > git show --textconv :app-redux/src/components/AppRouter/AppRouter.jsx [3ms]
2024-11-06 19:17:30.182 [info] > git ls-files --stage -- /home/ilya/app-redux/src/components/AppRouter/AppRouter.jsx [2ms]
2024-11-06 19:20:29.888 [info] > git show --textconv :app-redux/src/components/ErrorPath.jsx [9ms]
2024-11-06 19:20:29.889 [info] > git ls-files --stage -- /home/ilya/app-redux/src/components/ErrorPath.jsx [6ms]
2024-11-06 19:21:21.358 [info] > git show --textconv :app-redux/src/components/style.css [2ms]
2024-11-06 19:21:21.359 [info] > git ls-files --stage -- /home/ilya/app-redux/src/components/style.css [1ms]
2024-11-06 19:21:29.902 [info] > git show --textconv :app-redux/src/components/ErrorPath.jsx [5ms]
2024-11-06 19:21:29.903 [info] > git ls-files --stage -- /home/ilya/app-redux/src/components/ErrorPath.jsx [1ms]
2024-11-06 19:23:02.183 [info] > git show --textconv :app-redux/src/components/AppRouter/AppRouter.jsx [4ms]
2024-11-06 19:23:02.184 [info] > git ls-files --stage -- /home/ilya/app-redux/src/components/AppRouter/AppRouter.jsx [2ms]
2024-11-06 19:23:35.236 [info] > git show --textconv :app-redux/src/components/App.js [3ms]
2024-11-06 19:23:35.237 [info] > git ls-files --stage -- /home/ilya/app-redux/src/components/App.js [1ms]
2024-11-06 19:23:35.241 [info] > git cat-file -s a1b47a5a8aac43f72c95139016613e462aa6d1bb [1ms]
2024-11-06 19:23:39.891 [info] > git show --textconv :app-redux/src/components/AppRouter/AppRouter.jsx [3ms]
2024-11-06 19:23:39.892 [info] > git ls-files --stage -- /home/ilya/app-redux/src/components/AppRouter/AppRouter.jsx [1ms]
2024-11-06 19:23:56.653 [info] > git show --textconv :app-redux/src/components/comments/Modal.module.css [3ms]
2024-11-06 19:23:56.654 [info] > git ls-files --stage -- /home/ilya/app-redux/src/components/comments/Modal.module.css [1ms]
2024-11-06 19:24:01.034 [info] > git show --textconv :app-redux/src/components/AppRouter/AppRouter.jsx [3ms]
2024-11-06 19:24:01.035 [info] > git ls-files --stage -- /home/ilya/app-redux/src/components/AppRouter/AppRouter.jsx [2ms]
2024-11-06 19:26:30.196 [info] > git show --textconv :app-redux/src/components/Posts.jsx [2ms]
2024-11-06 19:26:30.197 [info] > git ls-files --stage -- /home/ilya/app-redux/src/components/Posts.jsx [2ms]
2024-11-06 19:27:26.099 [info] > git show --textconv :app-redux/src/components/style.css [3ms]
2024-11-06 19:27:26.100 [info] > git ls-files --stage -- /home/ilya/app-redux/src/components/style.css [1ms]
2024-11-06 19:28:38.927 [info] > git show --textconv :app-redux/src/components/Posts.jsx [6ms]
2024-11-06 19:28:38.928 [info] > git ls-files --stage -- /home/ilya/app-redux/src/components/Posts.jsx [2ms]
2024-11-06 19:31:33.521 [info] > git show --textconv :app-redux/src/components/ErrorPath.jsx [3ms]
2024-11-06 19:31:33.521 [info] > git ls-files --stage -- /home/ilya/app-redux/src/components/ErrorPath.jsx [1ms]
2024-11-06 19:31:34.777 [info] > git show --textconv :app-redux/src/components/AppRouter/AppRouter.jsx [2ms]
2024-11-06 19:31:34.778 [info] > git ls-files --stage -- /home/ilya/app-redux/src/components/AppRouter/AppRouter.jsx [1ms]
2024-11-06 19:31:43.406 [info] > git show --textconv :app-redux/src/components/Posts.jsx [3ms]
2024-11-06 19:31:43.407 [info] > git ls-files --stage -- /home/ilya/app-redux/src/components/Posts.jsx [1ms]
2024-11-06 19:34:33.091 [info] > git show --textconv :app-redux/src/components/ErrorPath.jsx [3ms]
2024-11-06 19:34:33.092 [info] > git ls-files --stage -- /home/ilya/app-redux/src/components/ErrorPath.jsx [2ms]
2024-11-06 19:34:34.191 [info] > git show --textconv :app-redux/src/components/style.css [3ms]
2024-11-06 19:34:34.192 [info] > git ls-files --stage -- /home/ilya/app-redux/src/components/style.css [1ms]
2024-11-06 19:34:43.957 [info] > git show --textconv :app-redux/src/components/ErrorPath.jsx [2ms]
2024-11-06 19:34:43.958 [info] > git ls-files --stage -- /home/ilya/app-redux/src/components/ErrorPath.jsx [1ms]
2024-11-06 19:34:44.940 [info] > git show --textconv :app-redux/src/components/Posts.jsx [2ms]
2024-11-06 19:34:44.940 [info] > git ls-files --stage -- /home/ilya/app-redux/src/components/Posts.jsx [0ms]
2024-11-06 19:34:51.232 [info] > git show --textconv :app-redux/src/components/style.css [4ms]
2024-11-06 19:34:51.233 [info] > git ls-files --stage -- /home/ilya/app-redux/src/components/style.css [1ms]
2024-11-06 19:34:52.209 [info] > git show --textconv :app-redux/src/components/ErrorPath.jsx [4ms]
2024-11-06 19:34:52.209 [info] > git ls-files --stage -- /home/ilya/app-redux/src/components/ErrorPath.jsx [2ms]
2024-11-06 19:34:53.855 [info] > git show --textconv :app-redux/src/components/Navbar/Navbar.jsx [3ms]
2024-11-06 19:34:53.855 [info] > git ls-files --stage -- /home/ilya/app-redux/src/components/Navbar/Navbar.jsx [1ms]
2024-11-06 19:35:15.525 [info] > git show --textconv :app-redux/src/components/ErrorPath.jsx [3ms]
2024-11-06 19:35:15.526 [info] > git ls-files --stage -- /home/ilya/app-redux/src/components/ErrorPath.jsx [1ms]
2024-11-06 19:35:16.643 [info] > git show --textconv :app-redux/src/components/Posts.jsx [3ms]
2024-11-06 19:35:16.644 [info] > git ls-files --stage -- /home/ilya/app-redux/src/components/Posts.jsx [2ms]
2024-11-06 19:38:20.955 [info] > git show --textconv :app-redux/src/components/ErrorPath.jsx [4ms]
2024-11-06 19:38:20.955 [info] > git ls-files --stage -- /home/ilya/app-redux/src/components/ErrorPath.jsx [1ms]
2024-11-06 19:38:21.687 [info] > git show --textconv :app-redux/src/components/Navbar/Navbar.jsx [3ms]
2024-11-06 19:38:21.688 [info] > git ls-files --stage -- /home/ilya/app-redux/src/components/Navbar/Navbar.jsx [2ms]
2024-11-06 19:38:30.810 [info] > git show --textconv :app-redux/src/components/ErrorPath.jsx [3ms]
2024-11-06 19:38:30.811 [info] > git ls-files --stage -- /home/ilya/app-redux/src/components/ErrorPath.jsx [2ms]
2024-11-06 19:38:31.272 [info] > git show --textconv :app-redux/src/components/Posts.jsx [3ms]
2024-11-06 19:38:31.273 [info] > git ls-files --stage -- /home/ilya/app-redux/src/components/Posts.jsx [2ms]
2024-11-06 19:38:43.370 [info] > git show --textconv :app-redux/src/components/ErrorPath.jsx [3ms]
2024-11-06 19:38:43.370 [info] > git ls-files --stage -- /home/ilya/app-redux/src/components/ErrorPath.jsx [1ms]
2024-11-06 19:38:44.521 [info] > git show --textconv :app-redux/src/components/Navbar/Navbar.jsx [3ms]
2024-11-06 19:38:44.521 [info] > git ls-files --stage -- /home/ilya/app-redux/src/components/Navbar/Navbar.jsx [1ms]
2024-11-06 19:38:45.123 [info] > git show --textconv :app-redux/src/components/AppRouter/AppRouter.jsx [3ms]
2024-11-06 19:38:45.124 [info] > git ls-files --stage -- /home/ilya/app-redux/src/components/AppRouter/AppRouter.jsx [2ms]
2024-11-06 19:38:52.539 [info] > git show --textconv :app-redux/src/components/Posts.jsx [3ms]
2024-11-06 19:38:52.539 [info] > git ls-files --stage -- /home/ilya/app-redux/src/components/Posts.jsx [1ms]
2024-11-06 19:41:11.862 [info] > git show --textconv :app-redux/src/components/PostsJson.jsx [11ms]
2024-11-06 19:41:11.863 [info] > git ls-files --stage -- /home/ilya/app-redux/src/components/PostsJson.jsx [5ms]
2024-11-06 19:56:13.986 [info] > git show --textconv :app-redux/src/components/ErrorPath.jsx [200ms]
2024-11-06 19:56:13.987 [info] > git ls-files --stage -- /home/ilya/app-redux/src/components/ErrorPath.jsx [198ms]
2024-11-06 19:56:15.103 [info] > git show --textconv :app-redux/src/components/AppRouter/AppRouter.jsx [3ms]
2024-11-06 19:56:15.103 [info] > git ls-files --stage -- /home/ilya/app-redux/src/components/AppRouter/AppRouter.jsx [0ms]
2024-11-06 19:56:19.101 [info] > git show --textconv :app-redux/src/components/PostsJson.jsx [3ms]
2024-11-06 19:56:19.101 [info] > git ls-files --stage -- /home/ilya/app-redux/src/components/PostsJson.jsx [1ms]
2024-11-06 19:57:38.310 [info] > git show --textconv :app-redux/src/components/DataJsonMap.jsx [2ms]
2024-11-06 19:57:38.310 [info] > git ls-files --stage -- /home/ilya/app-redux/src/components/DataJsonMap.jsx [1ms]
2024-11-06 20:00:00.567 [info] > git show --textconv :app-redux/src/components/Posts.jsx [2ms]
2024-11-06 20:00:00.568 [info] > git ls-files --stage -- /home/ilya/app-redux/src/components/Posts.jsx [1ms]
2024-11-06 20:00:10.885 [info] > git show --textconv :app-redux/src/db.json [3ms]
2024-11-06 20:00:10.886 [info] > git ls-files --stage -- /home/ilya/app-redux/src/db.json [2ms]
2024-11-06 20:00:26.667 [info] > git show --textconv :app-redux/src/components/Posts.jsx [2ms]
2024-11-06 20:00:26.668 [info] > git ls-files --stage -- /home/ilya/app-redux/src/components/Posts.jsx [0ms]
2024-11-06 20:00:32.886 [info] > git show --textconv :app-redux/src/db.json [3ms]
2024-11-06 20:00:32.887 [info] > git ls-files --stage -- /home/ilya/app-redux/src/db.json [2ms]
2024-11-06 20:00:40.434 [info] > git show --textconv :app-redux/src/components/Posts.jsx [3ms]
2024-11-06 20:00:40.435 [info] > git ls-files --stage -- /home/ilya/app-redux/src/components/Posts.jsx [2ms]
2024-11-06 20:01:45.988 [info] > git show --textconv :app-redux/src/components/Navbar/Navbar.jsx [3ms]
2024-11-06 20:01:45.988 [info] > git ls-files --stage -- /home/ilya/app-redux/src/components/Navbar/Navbar.jsx [1ms]
2024-11-06 20:01:47.856 [info] > git show --textconv :app-redux/src/components/ErrorPath.jsx [3ms]
2024-11-06 20:01:47.857 [info] > git ls-files --stage -- /home/ilya/app-redux/src/components/ErrorPath.jsx [1ms]
2024-11-06 20:01:48.654 [info] > git show --textconv :app-redux/src/components/DataJsonMap.jsx [2ms]
2024-11-06 20:01:48.655 [info] > git ls-files --stage -- /home/ilya/app-redux/src/components/DataJsonMap.jsx [1ms]
2024-11-06 20:04:06.696 [info] > git show --textconv :app-redux/src/components/PostsJson.jsx [3ms]
2024-11-06 20:04:06.697 [info] > git ls-files --stage -- /home/ilya/app-redux/src/components/PostsJson.jsx [1ms]
2024-11-06 20:04:08.462 [info] > git show --textconv :app-redux/src/components/DataJsonMap.jsx [3ms]
2024-11-06 20:04:08.462 [info] > git ls-files --stage -- /home/ilya/app-redux/src/components/DataJsonMap.jsx [1ms]
2024-11-06 20:04:12.156 [info] > git show --textconv :app-redux/src/components/PostsJson.jsx [5ms]
2024-11-06 20:04:12.156 [info] > git ls-files --stage -- /home/ilya/app-redux/src/components/PostsJson.jsx [1ms]
2024-11-06 20:04:15.567 [info] > git show --textconv :app-redux/src/components/DataJsonMap.jsx [3ms]
2024-11-06 20:04:15.567 [info] > git ls-files --stage -- /home/ilya/app-redux/src/components/DataJsonMap.jsx [1ms]
2024-11-06 20:04:19.200 [info] > git show --textconv :app-redux/src/components/AppRouter/AppRouter.jsx [3ms]
2024-11-06 20:04:19.201 [info] > git ls-files --stage -- /home/ilya/app-redux/src/components/AppRouter/AppRouter.jsx [2ms]
2024-11-06 20:05:37.054 [info] > git show --textconv :app-redux/src/components/DataJsonMap.jsx [3ms]
2024-11-06 20:05:37.055 [info] > git ls-files --stage -- /home/ilya/app-redux/src/components/DataJsonMap.jsx [2ms]
2024-11-06 20:05:49.136 [info] > git show --textconv :app-redux/src/components/PostsJson.jsx [4ms]
2024-11-06 20:05:49.136 [info] > git ls-files --stage -- /home/ilya/app-redux/src/components/PostsJson.jsx [1ms]
2024-11-06 20:05:49.839 [info] > git show --textconv :app-redux/src/components/Posts.jsx [2ms]
2024-11-06 20:05:49.840 [info] > git ls-files --stage -- /home/ilya/app-redux/src/components/Posts.jsx [1ms]
2024-11-06 20:05:50.547 [info] > git show --textconv :app-redux/src/components/AppRouter/AppRouter.jsx [4ms]
2024-11-06 20:05:50.548 [info] > git ls-files --stage -- /home/ilya/app-redux/src/components/AppRouter/AppRouter.jsx [1ms]
2024-11-06 20:09:17.977 [info] > git show --textconv :app-redux/src/components/Navbar/Navbar.jsx [3ms]
2024-11-06 20:09:17.979 [info] > git ls-files --stage -- /home/ilya/app-redux/src/components/Navbar/Navbar.jsx [1ms]
2024-11-06 20:10:35.253 [info] > git show --textconv :app-redux/src/components/AppRouter/AppRouter.jsx [3ms]
2024-11-06 20:10:35.254 [info] > git ls-files --stage -- /home/ilya/app-redux/src/components/AppRouter/AppRouter.jsx [1ms]
2024-11-06 20:10:48.664 [info] > git show --textconv :app-redux/src/components/PostsJson.jsx [4ms]
2024-11-06 20:10:48.665 [info] > git ls-files --stage -- /home/ilya/app-redux/src/components/PostsJson.jsx [2ms]
2024-11-06 20:10:50.526 [info] > git show --textconv :app-redux/src/components/Navbar/Navbar.jsx [2ms]
2024-11-06 20:10:50.528 [info] > git ls-files --stage -- /home/ilya/app-redux/src/components/Navbar/Navbar.jsx [2ms]
2024-11-06 20:13:11.330 [info] > git show --textconv :app-redux/src/components/ErrorPath.jsx [3ms]
2024-11-06 20:13:11.331 [info] > git ls-files --stage -- /home/ilya/app-redux/src/components/ErrorPath.jsx [1ms]
2024-11-06 20:13:12.266 [info] > git show --textconv :app-redux/src/components/DataJsonMap.jsx [3ms]
2024-11-06 20:13:12.266 [info] > git ls-files --stage -- /home/ilya/app-redux/src/components/DataJsonMap.jsx [1ms]
2024-11-06 20:14:40.821 [info] > git show --textconv :app-redux/src/components/PostsJson.jsx [3ms]
2024-11-06 20:14:40.822 [info] > git ls-files --stage -- /home/ilya/app-redux/src/components/PostsJson.jsx [1ms]
2024-11-06 20:14:43.826 [info] > git show --textconv :app-redux/src/components/DataJsonMap.jsx [3ms]
2024-11-06 20:14:43.827 [info] > git ls-files --stage -- /home/ilya/app-redux/src/components/DataJsonMap.jsx [2ms]
2024-11-06 20:14:48.545 [info] > git show --textconv :app-redux/src/components/PostsApp.jsx [5ms]
2024-11-06 20:14:48.546 [info] > git ls-files --stage -- /home/ilya/app-redux/src/components/PostsApp.jsx [1ms]
2024-11-06 20:14:51.890 [info] > git show --textconv :app-redux/src/components/Posts.jsx [3ms]
2024-11-06 20:14:51.891 [info] > git ls-files --stage -- /home/ilya/app-redux/src/components/Posts.jsx [1ms]
2024-11-06 20:15:02.970 [info] > git show --textconv :app-redux/src/components/DataJsonMap.jsx [2ms]
2024-11-06 20:15:02.971 [info] > git ls-files --stage -- /home/ilya/app-redux/src/components/DataJsonMap.jsx [1ms]
2024-11-06 20:15:04.785 [info] > git show --textconv :app-redux/src/components/Posts.jsx [2ms]
2024-11-06 20:15:04.786 [info] > git ls-files --stage -- /home/ilya/app-redux/src/components/Posts.jsx [1ms]
2024-11-06 20:15:06.473 [info] > git show --textconv :app-redux/src/components/DataJsonMap.jsx [2ms]
2024-11-06 20:15:06.474 [info] > git ls-files --stage -- /home/ilya/app-redux/src/components/DataJsonMap.jsx [1ms]
2024-11-06 20:15:08.141 [info] > git show --textconv :app-redux/src/components/Posts.jsx [3ms]
2024-11-06 20:15:08.143 [info] > git ls-files --stage -- /home/ilya/app-redux/src/components/Posts.jsx [2ms]
2024-11-06 20:15:11.953 [info] > git show --textconv :app-redux/src/components/DataJsonMap.jsx [2ms]
2024-11-06 20:15:11.954 [info] > git ls-files --stage -- /home/ilya/app-redux/src/components/DataJsonMap.jsx [1ms]
2024-11-06 20:15:13.420 [info] > git show --textconv :app-redux/src/components/Posts.jsx [3ms]
2024-11-06 20:15:13.421 [info] > git ls-files --stage -- /home/ilya/app-redux/src/components/Posts.jsx [1ms]
2024-11-06 20:15:14.618 [info] > git show --textconv :app-redux/src/components/DataJsonMap.jsx [3ms]
2024-11-06 20:15:14.619 [info] > git ls-files --stage -- /home/ilya/app-redux/src/components/DataJsonMap.jsx [2ms]
2024-11-06 20:15:16.685 [info] > git show --textconv :app-redux/src/components/Posts.jsx [3ms]
2024-11-06 20:15:16.686 [info] > git ls-files --stage -- /home/ilya/app-redux/src/components/Posts.jsx [2ms]
2024-11-06 20:15:24.673 [info] > git show --textconv :app-redux/src/components/DataJsonMap.jsx [3ms]
2024-11-06 20:15:24.674 [info] > git ls-files --stage -- /home/ilya/app-redux/src/components/DataJsonMap.jsx [1ms]
2024-11-06 20:15:25.707 [info] > git show --textconv :app-redux/src/components/PostsApp.jsx [3ms]
2024-11-06 20:15:25.708 [info] > git ls-files --stage -- /home/ilya/app-redux/src/components/PostsApp.jsx [2ms]
2024-11-06 20:15:26.923 [info] > git show --textconv :app-redux/src/components/ErrorPath.jsx [3ms]
2024-11-06 20:15:26.924 [info] > git ls-files --stage -- /home/ilya/app-redux/src/components/ErrorPath.jsx [2ms]
2024-11-06 20:15:27.440 [info] > git show --textconv :app-redux/src/components/Navbar/Navbar.jsx [3ms]
2024-11-06 20:15:27.441 [info] > git ls-files --stage -- /home/ilya/app-redux/src/components/Navbar/Navbar.jsx [2ms]
2024-11-06 20:15:29.922 [info] > git show --textconv :app-redux/src/components/AppRouter/AppRouter.jsx [3ms]
2024-11-06 20:15:29.923 [info] > git ls-files --stage -- /home/ilya/app-redux/src/components/AppRouter/AppRouter.jsx [0ms]
2024-11-06 20:18:00.556 [info] > git show --textconv :app-redux/src/components/PostsApp.jsx [9ms]
2024-11-06 20:18:00.557 [info] > git ls-files --stage -- /home/ilya/app-redux/src/components/PostsApp.jsx [8ms]
2024-11-06 20:18:07.634 [info] > git show --textconv :app-redux/src/components/AppRouter/AppRouter.jsx [3ms]
2024-11-06 20:18:07.635 [info] > git ls-files --stage -- /home/ilya/app-redux/src/components/AppRouter/AppRouter.jsx [2ms]
2024-11-06 20:18:08.136 [info] > git show --textconv :app-redux/src/components/Posts.jsx [3ms]
2024-11-06 20:18:08.137 [info] > git ls-files --stage -- /home/ilya/app-redux/src/components/Posts.jsx [1ms]
2024-11-06 20:18:29.604 [info] > git show --textconv :app-redux/src/components/AppRouter/AppRouter.jsx [4ms]
2024-11-06 20:18:29.605 [info] > git ls-files --stage -- /home/ilya/app-redux/src/components/AppRouter/AppRouter.jsx [2ms]
2024-11-06 20:34:20.559 [info] > git show --textconv :app-redux/src/components/PostsComment.jsx [9ms]
2024-11-06 20:34:20.560 [info] > git ls-files --stage -- /home/ilya/app-redux/src/components/PostsComment.jsx [8ms]
2024-11-06 20:34:20.822 [info] > git check-ignore -v -z --stdin [2ms]
2024-11-06 20:34:47.553 [info] > git show --textconv :app-redux/src/components/AppRouter/AppRouter.jsx [3ms]
2024-11-06 20:34:47.553 [info] > git ls-files --stage -- /home/ilya/app-redux/src/components/AppRouter/AppRouter.jsx [1ms]
2024-11-06 20:35:53.440 [info] > git show --textconv :app-redux/src/components/Posts.jsx [3ms]
2024-11-06 20:35:53.440 [info] > git ls-files --stage -- /home/ilya/app-redux/src/components/Posts.jsx [1ms]
2024-11-06 20:36:01.027 [info] > git show --textconv :app-redux/src/components/DataJsonMap.jsx [2ms]
2024-11-06 20:36:01.028 [info] > git ls-files --stage -- /home/ilya/app-redux/src/components/DataJsonMap.jsx [1ms]
2024-11-06 20:36:38.174 [info] > git show --textconv :app-redux/src/components/PostsComment.jsx [3ms]
2024-11-06 20:36:38.176 [info] > git ls-files --stage -- /home/ilya/app-redux/src/components/PostsComment.jsx [2ms]
2024-11-06 20:43:44.621 [info] > git show --textconv :app-redux/src/components/Posts.jsx [3ms]
2024-11-06 20:43:44.622 [info] > git ls-files --stage -- /home/ilya/app-redux/src/components/Posts.jsx [2ms]
2024-11-06 20:43:48.181 [info] > git show --textconv :app-redux/src/components/PostsComment.jsx [5ms]
2024-11-06 20:43:48.182 [info] > git ls-files --stage -- /home/ilya/app-redux/src/components/PostsComment.jsx [1ms]
2024-11-06 20:43:56.587 [info] > git show --textconv :app-redux/src/components/Posts.jsx [3ms]
2024-11-06 20:43:56.587 [info] > git ls-files --stage -- /home/ilya/app-redux/src/components/Posts.jsx [1ms]
2024-11-06 20:43:59.274 [info] > git show --textconv :app-redux/src/components/PostsComment.jsx [4ms]
2024-11-06 20:43:59.275 [info] > git ls-files --stage -- /home/ilya/app-redux/src/components/PostsComment.jsx [2ms]
2024-11-06 20:44:00.925 [info] > git show --textconv :app-redux/src/components/Posts.jsx [4ms]
2024-11-06 20:44:00.926 [info] > git ls-files --stage -- /home/ilya/app-redux/src/components/Posts.jsx [1ms]
2024-11-06 20:44:04.690 [info] > git show --textconv :app-redux/src/components/PostsComment.jsx [4ms]
2024-11-06 20:44:04.690 [info] > git ls-files --stage -- /home/ilya/app-redux/src/components/PostsComment.jsx [2ms]
2024-11-06 20:44:05.153 [info] > git show --textconv :app-redux/src/components/Posts.jsx [2ms]
2024-11-06 20:44:05.154 [info] > git ls-files --stage -- /home/ilya/app-redux/src/components/Posts.jsx [1ms]
2024-11-06 20:44:06.363 [info] > git show --textconv :app-redux/src/components/PostsComment.jsx [4ms]
2024-11-06 20:44:06.364 [info] > git ls-files --stage -- /home/ilya/app-redux/src/components/PostsComment.jsx [1ms]
2024-11-06 20:44:07.339 [info] > git show --textconv :app-redux/src/components/Posts.jsx [2ms]
2024-11-06 20:44:07.339 [info] > git ls-files --stage -- /home/ilya/app-redux/src/components/Posts.jsx [1ms]
2024-11-06 20:44:09.499 [info] > git show --textconv :app-redux/src/components/PostsComment.jsx [3ms]
2024-11-06 20:44:09.500 [info] > git ls-files --stage -- /home/ilya/app-redux/src/components/PostsComment.jsx [1ms]
2024-11-06 20:44:11.942 [info] > git show --textconv :app-redux/src/components/Posts.jsx [2ms]
2024-11-06 20:44:11.943 [info] > git ls-files --stage -- /home/ilya/app-redux/src/components/Posts.jsx [1ms]
2024-11-06 20:44:15.684 [info] > git show --textconv :app-redux/src/components/PostsComment.jsx [3ms]
2024-11-06 20:44:15.685 [info] > git ls-files --stage -- /home/ilya/app-redux/src/components/PostsComment.jsx [1ms]
2024-11-06 20:44:32.406 [info] > git show --textconv :app-redux/src/components/Posts.jsx [3ms]
2024-11-06 20:44:32.407 [info] > git ls-files --stage -- /home/ilya/app-redux/src/components/Posts.jsx [2ms]
2024-11-06 20:44:55.227 [info] > git show --textconv :app-redux/src/components/PostsApp.jsx [3ms]
2024-11-06 20:44:55.227 [info] > git ls-files --stage -- /home/ilya/app-redux/src/components/PostsApp.jsx [0ms]
2024-11-06 20:45:03.875 [info] > git show --textconv :app-redux/src/components/Posts.jsx [4ms]
2024-11-06 20:45:03.876 [info] > git ls-files --stage -- /home/ilya/app-redux/src/components/Posts.jsx [2ms]
2024-11-06 20:45:07.826 [info] > git show --textconv :app-redux/src/components/PostsApp.jsx [3ms]
2024-11-06 20:45:07.826 [info] > git ls-files --stage -- /home/ilya/app-redux/src/components/PostsApp.jsx [1ms]
2024-11-06 20:45:08.238 [info] > git show --textconv :app-redux/src/components/PostsComment.jsx [4ms]
2024-11-06 20:45:08.238 [info] > git ls-files --stage -- /home/ilya/app-redux/src/components/PostsComment.jsx [1ms]
2024-11-06 20:45:18.221 [info] > git show --textconv :app-redux/src/components/PostsApp.jsx [3ms]
2024-11-06 20:45:18.221 [info] > git ls-files --stage -- /home/ilya/app-redux/src/components/PostsApp.jsx [1ms]
2024-11-06 20:45:35.261 [info] > git show --textconv :app-redux/src/components/PostsComment.jsx [3ms]
2024-11-06 20:45:35.262 [info] > git ls-files --stage -- /home/ilya/app-redux/src/components/PostsComment.jsx [1ms]
2024-11-06 20:46:02.605 [info] > git show --textconv :app-redux/src/components/PostsApp.jsx [3ms]
2024-11-06 20:46:02.605 [info] > git ls-files --stage -- /home/ilya/app-redux/src/components/PostsApp.jsx [1ms]
2024-11-06 20:46:18.831 [info] > git show --textconv :app-redux/src/components/PostsComment.jsx [3ms]
2024-11-06 20:46:18.833 [info] > git ls-files --stage -- /home/ilya/app-redux/src/components/PostsComment.jsx [2ms]
2024-11-06 20:46:44.483 [info] > git show --textconv :app-redux/src/components/DataJsonMap.jsx [3ms]
2024-11-06 20:46:44.484 [info] > git ls-files --stage -- /home/ilya/app-redux/src/components/DataJsonMap.jsx [2ms]
2024-11-06 20:46:50.144 [info] > git show --textconv :app-redux/src/components/PostsComment.jsx [4ms]
2024-11-06 20:46:50.144 [info] > git ls-files --stage -- /home/ilya/app-redux/src/components/PostsComment.jsx [1ms]
2024-11-06 20:52:47.401 [info] > git show --textconv :app-redux/src/components/AppRouter/AppRouter.jsx [2ms]
2024-11-06 20:52:47.402 [info] > git ls-files --stage -- /home/ilya/app-redux/src/components/AppRouter/AppRouter.jsx [1ms]
2024-11-06 20:53:06.441 [info] > git show --textconv :app-redux/src/components/PostsComment.jsx [3ms]
2024-11-06 20:53:06.441 [info] > git ls-files --stage -- /home/ilya/app-redux/src/components/PostsComment.jsx [1ms]
2024-11-06 20:53:10.188 [info] > git show --textconv :app-redux/src/components/AppRouter/AppRouter.jsx [3ms]
2024-11-06 20:53:10.189 [info] > git ls-files --stage -- /home/ilya/app-redux/src/components/AppRouter/AppRouter.jsx [1ms]
2024-11-06 20:53:10.866 [info] > git show --textconv :app-redux/src/components/DataJsonMap.jsx [3ms]
2024-11-06 20:53:10.867 [info] > git ls-files --stage -- /home/ilya/app-redux/src/components/DataJsonMap.jsx [1ms]
2024-11-06 20:57:53.562 [info] > git show --textconv :app-redux/src/components/AppRouter/AppRouter.jsx [3ms]
2024-11-06 20:57:53.563 [info] > git ls-files --stage -- /home/ilya/app-redux/src/components/AppRouter/AppRouter.jsx [1ms]
2024-11-06 21:03:38.643 [info] > git show --textconv :app-redux/src/components/Navbar/Navbar.jsx [3ms]
2024-11-06 21:03:38.644 [info] > git ls-files --stage -- /home/ilya/app-redux/src/components/Navbar/Navbar.jsx [2ms]
2024-11-06 21:03:45.254 [info] > git show --textconv :app-redux/src/components/Navbar/Navbar.module.css [4ms]
2024-11-06 21:03:45.255 [info] > git ls-files --stage -- /home/ilya/app-redux/src/components/Navbar/Navbar.module.css [2ms]
2024-11-06 21:04:05.526 [info] > git show --textconv :app-redux/src/components/Navbar/Navbar.jsx [3ms]
2024-11-06 21:04:05.528 [info] > git ls-files --stage -- /home/ilya/app-redux/src/components/Navbar/Navbar.jsx [2ms]
2024-11-06 21:04:36.481 [info] > git show --textconv :app-redux/src/components/AppRouter/AppRouter.jsx [4ms]
2024-11-06 21:04:36.481 [info] > git ls-files --stage -- /home/ilya/app-redux/src/components/AppRouter/AppRouter.jsx [1ms]
2024-11-06 21:04:37.146 [info] > git show --textconv :app-redux/src/components/Navbar/Navbar.jsx [3ms]
2024-11-06 21:04:37.146 [info] > git ls-files --stage -- /home/ilya/app-redux/src/components/Navbar/Navbar.jsx [1ms]
2024-11-06 21:04:47.464 [info] > git show --textconv :app-redux/src/components/DataJsonMap.jsx [3ms]
2024-11-06 21:04:47.464 [info] > git ls-files --stage -- /home/ilya/app-redux/src/components/DataJsonMap.jsx [1ms]
2024-11-06 21:05:08.281 [info] > git show --textconv :app-redux/src/components/PostsComment.jsx [2ms]
2024-11-06 21:05:08.281 [info] > git ls-files --stage -- /home/ilya/app-redux/src/components/PostsComment.jsx [0ms]
2024-11-06 21:05:10.797 [info] > git show --textconv :app-redux/src/components/DataJsonMap.jsx [3ms]
2024-11-06 21:05:10.797 [info] > git ls-files --stage -- /home/ilya/app-redux/src/components/DataJsonMap.jsx [1ms]
2024-11-06 21:05:22.550 [info] > git show --textconv :app-redux/src/components/PostsComment.jsx [2ms]
2024-11-06 21:05:22.551 [info] > git ls-files --stage -- /home/ilya/app-redux/src/components/PostsComment.jsx [2ms]
2024-11-06 21:05:24.997 [info] > git show --textconv :app-redux/src/components/AppRouter/AppRouter.jsx [3ms]
2024-11-06 21:05:24.998 [info] > git ls-files --stage -- /home/ilya/app-redux/src/components/AppRouter/AppRouter.jsx [1ms]
