0 verbose cli /home/ilya/.nvm/versions/node/v20.5.0/bin/node /home/ilya/.nvm/versions/node/v20.5.0/bin/npm
1 info using npm@10.8.0
2 info using node@v20.5.0
3 silly config load:file:/home/ilya/.nvm/versions/node/v20.5.0/lib/node_modules/npm/npmrc
4 silly config load:file:/home/ilya/.cache/typescript/5.6/.npmrc
5 silly config load:file:/home/ilya/.npmrc
6 silly config load:file:/home/ilya/.nvm/versions/node/v20.5.0/etc/npmrc
7 verbose title npm install @types/react@ts5.6
8 verbose argv "install" "--ignore-scripts" "@types/react@ts5.6" "--save-dev" "--user-agent" "typesInstaller/5.6.3"
9 verbose logfile logs-max:10 dir:/home/ilya/.npm/_logs/2024-11-07T08_30_22_903Z-
10 verbose logfile /home/ilya/.npm/_logs/2024-11-07T08_30_22_903Z-debug-0.log
11 silly packumentCache heap:2197815296 maxSize:549453824 maxEntrySize:274726912
12 silly logfile start cleaning logs, removing 1 files
13 silly logfile done cleaning log files
14 silly packumentCache corgi:https://registry.npmjs.org/@types%2freact cache-miss
15 http fetch GET 200 https://registry.npmjs.org/@types%2freact 17ms (cache hit)
16 silly packumentCache corgi:https://registry.npmjs.org/@types%2freact set size:611034 disposed:false
17 silly idealTree buildDeps
18 silly fetch manifest @types/react@18.3.12
19 silly packumentCache full:https://registry.npmjs.org/@types%2freact cache-miss
20 http fetch GET 200 https://registry.npmjs.org/@types%2freact 6ms (cache hit)
21 silly packumentCache full:https://registry.npmjs.org/@types%2freact set size:2224149 disposed:false
22 silly placeDep ROOT @types/react@18.3.12 REPLACE for:  want: 18.3.12
23 silly reify moves {}
24 silly audit bulk request {
24 silly audit   '@types/body-parser': [ '1.19.5' ],
24 silly audit   '@types/connect': [ '3.4.38' ],
24 silly audit   '@types/express': [ '5.0.0' ],
24 silly audit   '@types/express-serve-static-core': [ '5.0.1' ],
24 silly audit   '@types/http-errors': [ '2.0.4' ],
24 silly audit   '@types/json-server': [ '0.14.7' ],
24 silly audit   '@types/leo-profanity': [ '1.5.4' ],
24 silly audit   '@types/lodash': [ '4.17.13' ],
24 silly audit   '@types/lowdb': [ '1.0.15' ],
24 silly audit   '@types/mime': [ '1.3.5' ],
24 silly audit   '@types/node': [ '22.8.1' ],
24 silly audit   '@types/prop-types': [ '15.7.13' ],
24 silly audit   '@types/qs': [ '6.9.16' ],
24 silly audit   '@types/range-parser': [ '1.2.7' ],
24 silly audit   '@types/react-bootstrap': [ '0.32.37' ],
24 silly audit   '@types/react-dom': [ '18.3.1' ],
24 silly audit   '@types/react-transition-group': [ '4.4.11' ],
24 silly audit   '@types/scheduler': [ '0.23.0' ],
24 silly audit   '@types/send': [ '0.17.4' ],
24 silly audit   '@types/serve-static': [ '1.15.7' ],
24 silly audit   '@types/store': [ '2.0.5' ],
24 silly audit   csstype: [ '3.1.3' ],
24 silly audit   'types-registry': [ '0.1.693' ],
24 silly audit   'undici-types': [ '6.19.8' ],
24 silly audit   '@types/react': [ '18.3.12' ]
24 silly audit }
25 http fetch POST 200 https://registry.npmjs.org/-/npm/v1/security/advisories/bulk 453ms
26 silly audit report {}
27 verbose cwd /home/ilya/.cache/typescript/5.6
28 verbose os Linux 5.15.153.1-microsoft-standard-WSL2
29 verbose node v20.5.0
30 verbose npm  v10.8.0
31 verbose exit 0
32 info ok
