2024-11-05 19:31:42.467 [info] Extension host with pid 1293 started
2024-11-05 19:31:42.487 [info] Lock '/home/ilya/.vscode-server/data/User/workspaceStorage/1f93fe20c3f28b6158eca1b5dc7a78f5/vscode.lock': Lock acquired.
2024-11-05 19:31:42.558 [info] ExtensionService#_doActivateExtension vscode.emmet, startup: false, activationEvent: 'onLanguage'
2024-11-05 19:31:42.559 [info] ExtensionService#_doActivateExtension vscode.css-language-features, startup: false, activationEvent: 'onLanguage:css'
2024-11-05 19:31:43.192 [info] ExtensionService#_doActivateExtension vscode.git-base, startup: true, activationEvent: '*', root cause: vscode.git
2024-11-05 19:31:43.209 [info] ExtensionService#_doActivateExtension vscode.npm, startup: true, activationEvent: 'workspaceContains:package.json'
2024-11-05 19:31:43.324 [info] ExtensionService#_doActivateExtension vscode.git, startup: true, activationEvent: '*'
2024-11-05 19:31:43.325 [info] ExtensionService#_doActivateExtension vscode.github, startup: true, activationEvent: '*'
2024-11-05 19:31:43.886 [info] Eager extensions activated
2024-11-05 19:31:43.887 [info] ExtensionService#_doActivateExtension vscode.debug-auto-launch, startup: false, activationEvent: 'onStartupFinished'
2024-11-05 19:31:43.887 [info] ExtensionService#_doActivateExtension vscode.merge-conflict, startup: false, activationEvent: 'onStartupFinished'
2024-11-05 19:31:43.887 [info] ExtensionService#_doActivateExtension esbenp.prettier-vscode, startup: false, activationEvent: 'onStartupFinished'
2024-11-05 19:31:44.548 [info] ExtensionService#_doActivateExtension vscode.configuration-editing, startup: false, activationEvent: 'onLanguage:jsonc'
2024-11-05 19:31:44.549 [info] ExtensionService#_doActivateExtension vscode.json-language-features, startup: false, activationEvent: 'onLanguage:jsonc'
2024-11-05 19:31:44.550 [info] ExtensionService#_doActivateExtension vscode.typescript-language-features, startup: false, activationEvent: 'onLanguage:jsonc'
2024-11-05 19:31:44.813 [info] ExtensionService#_doActivateExtension vscode.tunnel-forwarding, startup: false, activationEvent: 'onTunnel'
2024-11-05 19:31:50.110 [info] ExtensionService#_doActivateExtension vscode.extension-editing, startup: false, activationEvent: 'onLanguage:json'
2024-11-05 20:12:04.804 [error] [vscode.typescript-language-features] provider FAILED
2024-11-05 20:12:04.810 [error] Error: <semantic> TypeScript Server Error (5.6.3)
Could not find source file: '/home/ilya/app-redux/src/components/comments/InputComments.jsx'.
Error: Could not find source file: '/home/ilya/app-redux/src/components/comments/InputComments.jsx'.
    at getValidSourceFile (/home/ilya/.vscode-server/bin/65edc4939843c90c34d61f4ce11704f09d3e5cb6/extensions/node_modules/typescript/lib/typescript.js:149757:22)
    at Object.getApplicableRefactors2 [as getApplicableRefactors] (/home/ilya/.vscode-server/bin/65edc4939843c90c34d61f4ce11704f09d3e5cb6/extensions/node_modules/typescript/lib/typescript.js:150880:18)
    at IpcIOSession.getApplicableRefactors (/home/ilya/.vscode-server/bin/65edc4939843c90c34d61f4ce11704f09d3e5cb6/extensions/node_modules/typescript/lib/typescript.js:192226:49)
    at getApplicableRefactors (/home/ilya/.vscode-server/bin/65edc4939843c90c34d61f4ce11704f09d3e5cb6/extensions/node_modules/typescript/lib/typescript.js:190428:43)
    at /home/ilya/.vscode-server/bin/65edc4939843c90c34d61f4ce11704f09d3e5cb6/extensions/node_modules/typescript/lib/typescript.js:192651:15
    at IpcIOSession.executeWithRequestId (/home/ilya/.vscode-server/bin/65edc4939843c90c34d61f4ce11704f09d3e5cb6/extensions/node_modules/typescript/lib/typescript.js:192640:14)
    at IpcIOSession.executeCommand (/home/ilya/.vscode-server/bin/65edc4939843c90c34d61f4ce11704f09d3e5cb6/extensions/node_modules/typescript/lib/typescript.js:192649:29)
    at IpcIOSession.onMessage (/home/ilya/.vscode-server/bin/65edc4939843c90c34d61f4ce11704f09d3e5cb6/extensions/node_modules/typescript/lib/typescript.js:192697:68)
    at process.<anonymous> (/home/ilya/.vscode-server/bin/65edc4939843c90c34d61f4ce11704f09d3e5cb6/extensions/node_modules/typescript/lib/tsserver.js:525:14)
    at process.emit (node:events:519:28)
    at emit (node:internal/child_process:951:14)
    at process.processTicksAndRejections (node:internal/process/task_queues:83:21)
	at n.create (/home/ilya/.vscode-server/bin/65edc4939843c90c34d61f4ce11704f09d3e5cb6/extensions/typescript-language-features/dist/extension.js:1:487228)
	at y.dispatchResponse (/home/ilya/.vscode-server/bin/65edc4939843c90c34d61f4ce11704f09d3e5cb6/extensions/typescript-language-features/dist/extension.js:1:481198)
	at y.dispatchMessage (/home/ilya/.vscode-server/bin/65edc4939843c90c34d61f4ce11704f09d3e5cb6/extensions/typescript-language-features/dist/extension.js:1:479996)
	at ChildProcess.<anonymous> (/home/ilya/.vscode-server/bin/65edc4939843c90c34d61f4ce11704f09d3e5cb6/extensions/typescript-language-features/dist/extension.js:1:479489)
	at ChildProcess.emit (node:events:519:28)
	at emit (node:internal/child_process:951:14)
	at process.processTicksAndRejections (node:internal/process/task_queues:83:21)
2024-11-05 20:13:55.198 [error] [vscode.typescript-language-features] provider FAILED
2024-11-05 20:13:55.198 [error] Error: <semantic> TypeScript Server Error (5.6.3)
No Project.
Error: No Project.
    at Object.ThrowNoProject (/home/ilya/.vscode-server/bin/65edc4939843c90c34d61f4ce11704f09d3e5cb6/extensions/node_modules/typescript/lib/typescript.js:182363:11)
    at ScriptInfo.getDefaultProject (/home/ilya/.vscode-server/bin/65edc4939843c90c34d61f4ce11704f09d3e5cb6/extensions/node_modules/typescript/lib/typescript.js:183062:23)
    at _ProjectService.doEnsureDefaultProjectForFile (/home/ilya/.vscode-server/bin/65edc4939843c90c34d61f4ce11704f09d3e5cb6/extensions/node_modules/typescript/lib/typescript.js:186474:36)
    at _ProjectService.ensureDefaultProjectForFile (/home/ilya/.vscode-server/bin/65edc4939843c90c34d61f4ce11704f09d3e5cb6/extensions/node_modules/typescript/lib/typescript.js:186469:103)
    at IpcIOSession.getFileAndProjectWorker (/home/ilya/.vscode-server/bin/65edc4939843c90c34d61f4ce11704f09d3e5cb6/extensions/node_modules/typescript/lib/typescript.js:191719:77)
    at IpcIOSession.getFileAndProject (/home/ilya/.vscode-server/bin/65edc4939843c90c34d61f4ce11704f09d3e5cb6/extensions/node_modules/typescript/lib/typescript.js:191705:17)
    at IpcIOSession.getApplicableRefactors (/home/ilya/.vscode-server/bin/65edc4939843c90c34d61f4ce11704f09d3e5cb6/extensions/node_modules/typescript/lib/typescript.js:192224:36)
    at getApplicableRefactors (/home/ilya/.vscode-server/bin/65edc4939843c90c34d61f4ce11704f09d3e5cb6/extensions/node_modules/typescript/lib/typescript.js:190428:43)
    at /home/ilya/.vscode-server/bin/65edc4939843c90c34d61f4ce11704f09d3e5cb6/extensions/node_modules/typescript/lib/typescript.js:192651:15
    at IpcIOSession.executeWithRequestId (/home/ilya/.vscode-server/bin/65edc4939843c90c34d61f4ce11704f09d3e5cb6/extensions/node_modules/typescript/lib/typescript.js:192640:14)
    at IpcIOSession.executeCommand (/home/ilya/.vscode-server/bin/65edc4939843c90c34d61f4ce11704f09d3e5cb6/extensions/node_modules/typescript/lib/typescript.js:192649:29)
    at IpcIOSession.onMessage (/home/ilya/.vscode-server/bin/65edc4939843c90c34d61f4ce11704f09d3e5cb6/extensions/node_modules/typescript/lib/typescript.js:192697:68)
    at process.<anonymous> (/home/ilya/.vscode-server/bin/65edc4939843c90c34d61f4ce11704f09d3e5cb6/extensions/node_modules/typescript/lib/tsserver.js:525:14)
    at process.emit (node:events:519:28)
    at emit (node:internal/child_process:951:14)
    at process.processTicksAndRejections (node:internal/process/task_queues:83:21)
	at n.create (/home/ilya/.vscode-server/bin/65edc4939843c90c34d61f4ce11704f09d3e5cb6/extensions/typescript-language-features/dist/extension.js:1:487228)
	at y.dispatchResponse (/home/ilya/.vscode-server/bin/65edc4939843c90c34d61f4ce11704f09d3e5cb6/extensions/typescript-language-features/dist/extension.js:1:481198)
	at y.dispatchMessage (/home/ilya/.vscode-server/bin/65edc4939843c90c34d61f4ce11704f09d3e5cb6/extensions/typescript-language-features/dist/extension.js:1:479996)
	at ChildProcess.<anonymous> (/home/ilya/.vscode-server/bin/65edc4939843c90c34d61f4ce11704f09d3e5cb6/extensions/typescript-language-features/dist/extension.js:1:479489)
	at ChildProcess.emit (node:events:519:28)
	at emit (node:internal/child_process:951:14)
	at process.processTicksAndRejections (node:internal/process/task_queues:83:21)
2024-11-05 20:13:55.281 [error] [vscode.typescript-language-features] provider FAILED
2024-11-05 20:13:55.281 [error] Error: <semantic> TypeScript Server Error (5.6.3)
No Project.
Error: No Project.
    at Object.ThrowNoProject (/home/ilya/.vscode-server/bin/65edc4939843c90c34d61f4ce11704f09d3e5cb6/extensions/node_modules/typescript/lib/typescript.js:182363:11)
    at ScriptInfo.getDefaultProject (/home/ilya/.vscode-server/bin/65edc4939843c90c34d61f4ce11704f09d3e5cb6/extensions/node_modules/typescript/lib/typescript.js:183062:23)
    at _ProjectService.doEnsureDefaultProjectForFile (/home/ilya/.vscode-server/bin/65edc4939843c90c34d61f4ce11704f09d3e5cb6/extensions/node_modules/typescript/lib/typescript.js:186474:36)
    at _ProjectService.ensureDefaultProjectForFile (/home/ilya/.vscode-server/bin/65edc4939843c90c34d61f4ce11704f09d3e5cb6/extensions/node_modules/typescript/lib/typescript.js:186469:103)
    at IpcIOSession.getFileAndProjectWorker (/home/ilya/.vscode-server/bin/65edc4939843c90c34d61f4ce11704f09d3e5cb6/extensions/node_modules/typescript/lib/typescript.js:191719:77)
    at IpcIOSession.getFileAndProject (/home/ilya/.vscode-server/bin/65edc4939843c90c34d61f4ce11704f09d3e5cb6/extensions/node_modules/typescript/lib/typescript.js:191705:17)
    at IpcIOSession.getDocumentHighlights (/home/ilya/.vscode-server/bin/65edc4939843c90c34d61f4ce11704f09d3e5cb6/extensions/node_modules/typescript/lib/typescript.js:191450:36)
    at documentHighlights (/home/ilya/.vscode-server/bin/65edc4939843c90c34d61f4ce11704f09d3e5cb6/extensions/node_modules/typescript/lib/typescript.js:190360:43)
    at /home/ilya/.vscode-server/bin/65edc4939843c90c34d61f4ce11704f09d3e5cb6/extensions/node_modules/typescript/lib/typescript.js:192651:15
    at IpcIOSession.executeWithRequestId (/home/ilya/.vscode-server/bin/65edc4939843c90c34d61f4ce11704f09d3e5cb6/extensions/node_modules/typescript/lib/typescript.js:192640:14)
    at IpcIOSession.executeCommand (/home/ilya/.vscode-server/bin/65edc4939843c90c34d61f4ce11704f09d3e5cb6/extensions/node_modules/typescript/lib/typescript.js:192649:29)
    at IpcIOSession.onMessage (/home/ilya/.vscode-server/bin/65edc4939843c90c34d61f4ce11704f09d3e5cb6/extensions/node_modules/typescript/lib/typescript.js:192697:68)
    at process.<anonymous> (/home/ilya/.vscode-server/bin/65edc4939843c90c34d61f4ce11704f09d3e5cb6/extensions/node_modules/typescript/lib/tsserver.js:525:14)
    at process.emit (node:events:519:28)
    at emit (node:internal/child_process:951:14)
    at process.processTicksAndRejections (node:internal/process/task_queues:83:21)
	at n.create (/home/ilya/.vscode-server/bin/65edc4939843c90c34d61f4ce11704f09d3e5cb6/extensions/typescript-language-features/dist/extension.js:1:487228)
	at y.dispatchResponse (/home/ilya/.vscode-server/bin/65edc4939843c90c34d61f4ce11704f09d3e5cb6/extensions/typescript-language-features/dist/extension.js:1:481198)
	at y.dispatchMessage (/home/ilya/.vscode-server/bin/65edc4939843c90c34d61f4ce11704f09d3e5cb6/extensions/typescript-language-features/dist/extension.js:1:479996)
	at ChildProcess.<anonymous> (/home/ilya/.vscode-server/bin/65edc4939843c90c34d61f4ce11704f09d3e5cb6/extensions/typescript-language-features/dist/extension.js:1:479489)
	at ChildProcess.emit (node:events:519:28)
	at emit (node:internal/child_process:951:14)
	at process.processTicksAndRejections (node:internal/process/task_queues:83:21)
2024-11-05 20:13:55.282 [error] [vscode.typescript-language-features] provider FAILED
2024-11-05 20:13:55.282 [error] Error: <semantic> TypeScript Server Error (5.6.3)
No Project.
Error: No Project.
    at Object.ThrowNoProject (/home/ilya/.vscode-server/bin/65edc4939843c90c34d61f4ce11704f09d3e5cb6/extensions/node_modules/typescript/lib/typescript.js:182363:11)
    at ScriptInfo.getDefaultProject (/home/ilya/.vscode-server/bin/65edc4939843c90c34d61f4ce11704f09d3e5cb6/extensions/node_modules/typescript/lib/typescript.js:183062:23)
    at _ProjectService.doEnsureDefaultProjectForFile (/home/ilya/.vscode-server/bin/65edc4939843c90c34d61f4ce11704f09d3e5cb6/extensions/node_modules/typescript/lib/typescript.js:186474:36)
    at _ProjectService.ensureDefaultProjectForFile (/home/ilya/.vscode-server/bin/65edc4939843c90c34d61f4ce11704f09d3e5cb6/extensions/node_modules/typescript/lib/typescript.js:186469:103)
    at IpcIOSession.getFileAndProjectWorker (/home/ilya/.vscode-server/bin/65edc4939843c90c34d61f4ce11704f09d3e5cb6/extensions/node_modules/typescript/lib/typescript.js:191719:77)
    at IpcIOSession.getFileAndProject (/home/ilya/.vscode-server/bin/65edc4939843c90c34d61f4ce11704f09d3e5cb6/extensions/node_modules/typescript/lib/typescript.js:191705:17)
    at IpcIOSession.getEncodedSemanticClassifications (/home/ilya/.vscode-server/bin/65edc4939843c90c34d61f4ce11704f09d3e5cb6/extensions/node_modules/typescript/lib/typescript.js:191006:36)
    at encodedSemanticClassifications-full (/home/ilya/.vscode-server/bin/65edc4939843c90c34d61f4ce11704f09d3e5cb6/extensions/node_modules/typescript/lib/typescript.js:190249:43)
    at /home/ilya/.vscode-server/bin/65edc4939843c90c34d61f4ce11704f09d3e5cb6/extensions/node_modules/typescript/lib/typescript.js:192651:15
    at IpcIOSession.executeWithRequestId (/home/ilya/.vscode-server/bin/65edc4939843c90c34d61f4ce11704f09d3e5cb6/extensions/node_modules/typescript/lib/typescript.js:192640:14)
    at IpcIOSession.executeCommand (/home/ilya/.vscode-server/bin/65edc4939843c90c34d61f4ce11704f09d3e5cb6/extensions/node_modules/typescript/lib/typescript.js:192649:29)
    at IpcIOSession.onMessage (/home/ilya/.vscode-server/bin/65edc4939843c90c34d61f4ce11704f09d3e5cb6/extensions/node_modules/typescript/lib/typescript.js:192697:68)
    at process.<anonymous> (/home/ilya/.vscode-server/bin/65edc4939843c90c34d61f4ce11704f09d3e5cb6/extensions/node_modules/typescript/lib/tsserver.js:525:14)
    at process.emit (node:events:519:28)
    at emit (node:internal/child_process:951:14)
    at process.processTicksAndRejections (node:internal/process/task_queues:83:21)
	at n.create (/home/ilya/.vscode-server/bin/65edc4939843c90c34d61f4ce11704f09d3e5cb6/extensions/typescript-language-features/dist/extension.js:1:487228)
	at y.dispatchResponse (/home/ilya/.vscode-server/bin/65edc4939843c90c34d61f4ce11704f09d3e5cb6/extensions/typescript-language-features/dist/extension.js:1:481198)
	at y.dispatchMessage (/home/ilya/.vscode-server/bin/65edc4939843c90c34d61f4ce11704f09d3e5cb6/extensions/typescript-language-features/dist/extension.js:1:479996)
	at ChildProcess.<anonymous> (/home/ilya/.vscode-server/bin/65edc4939843c90c34d61f4ce11704f09d3e5cb6/extensions/typescript-language-features/dist/extension.js:1:479489)
	at ChildProcess.emit (node:events:519:28)
	at emit (node:internal/child_process:951:14)
	at process.processTicksAndRejections (node:internal/process/task_queues:83:21)
2024-11-05 20:13:56.131 [error] [vscode.typescript-language-features] provider FAILED
2024-11-05 20:13:56.131 [error] Error: <semantic> TypeScript Server Error (5.6.3)
No Project.
Error: No Project.
    at Object.ThrowNoProject (/home/ilya/.vscode-server/bin/65edc4939843c90c34d61f4ce11704f09d3e5cb6/extensions/node_modules/typescript/lib/typescript.js:182363:11)
    at ScriptInfo.getDefaultProject (/home/ilya/.vscode-server/bin/65edc4939843c90c34d61f4ce11704f09d3e5cb6/extensions/node_modules/typescript/lib/typescript.js:183062:23)
    at _ProjectService.doEnsureDefaultProjectForFile (/home/ilya/.vscode-server/bin/65edc4939843c90c34d61f4ce11704f09d3e5cb6/extensions/node_modules/typescript/lib/typescript.js:186474:36)
    at _ProjectService.ensureDefaultProjectForFile (/home/ilya/.vscode-server/bin/65edc4939843c90c34d61f4ce11704f09d3e5cb6/extensions/node_modules/typescript/lib/typescript.js:186469:103)
    at IpcIOSession.getFileAndProjectWorker (/home/ilya/.vscode-server/bin/65edc4939843c90c34d61f4ce11704f09d3e5cb6/extensions/node_modules/typescript/lib/typescript.js:191719:77)
    at IpcIOSession.getFileAndProject (/home/ilya/.vscode-server/bin/65edc4939843c90c34d61f4ce11704f09d3e5cb6/extensions/node_modules/typescript/lib/typescript.js:191705:17)
    at IpcIOSession.getEncodedSemanticClassifications (/home/ilya/.vscode-server/bin/65edc4939843c90c34d61f4ce11704f09d3e5cb6/extensions/node_modules/typescript/lib/typescript.js:191006:36)
    at encodedSemanticClassifications-full (/home/ilya/.vscode-server/bin/65edc4939843c90c34d61f4ce11704f09d3e5cb6/extensions/node_modules/typescript/lib/typescript.js:190249:43)
    at /home/ilya/.vscode-server/bin/65edc4939843c90c34d61f4ce11704f09d3e5cb6/extensions/node_modules/typescript/lib/typescript.js:192651:15
    at IpcIOSession.executeWithRequestId (/home/ilya/.vscode-server/bin/65edc4939843c90c34d61f4ce11704f09d3e5cb6/extensions/node_modules/typescript/lib/typescript.js:192640:14)
    at IpcIOSession.executeCommand (/home/ilya/.vscode-server/bin/65edc4939843c90c34d61f4ce11704f09d3e5cb6/extensions/node_modules/typescript/lib/typescript.js:192649:29)
    at IpcIOSession.onMessage (/home/ilya/.vscode-server/bin/65edc4939843c90c34d61f4ce11704f09d3e5cb6/extensions/node_modules/typescript/lib/typescript.js:192697:68)
    at process.<anonymous> (/home/ilya/.vscode-server/bin/65edc4939843c90c34d61f4ce11704f09d3e5cb6/extensions/node_modules/typescript/lib/tsserver.js:525:14)
    at process.emit (node:events:519:28)
    at emit (node:internal/child_process:951:14)
    at process.processTicksAndRejections (node:internal/process/task_queues:83:21)
	at n.create (/home/ilya/.vscode-server/bin/65edc4939843c90c34d61f4ce11704f09d3e5cb6/extensions/typescript-language-features/dist/extension.js:1:487228)
	at y.dispatchResponse (/home/ilya/.vscode-server/bin/65edc4939843c90c34d61f4ce11704f09d3e5cb6/extensions/typescript-language-features/dist/extension.js:1:481198)
	at y.dispatchMessage (/home/ilya/.vscode-server/bin/65edc4939843c90c34d61f4ce11704f09d3e5cb6/extensions/typescript-language-features/dist/extension.js:1:479996)
	at ChildProcess.<anonymous> (/home/ilya/.vscode-server/bin/65edc4939843c90c34d61f4ce11704f09d3e5cb6/extensions/typescript-language-features/dist/extension.js:1:479489)
	at ChildProcess.emit (node:events:519:28)
	at emit (node:internal/child_process:951:14)
	at process.processTicksAndRejections (node:internal/process/task_queues:83:21)
2024-11-05 20:13:56.198 [error] Error: <semantic> TypeScript Server Error (5.6.3)
No Project.
Error: No Project.
    at Object.ThrowNoProject (/home/ilya/.vscode-server/bin/65edc4939843c90c34d61f4ce11704f09d3e5cb6/extensions/node_modules/typescript/lib/typescript.js:182363:11)
    at ScriptInfo.getDefaultProject (/home/ilya/.vscode-server/bin/65edc4939843c90c34d61f4ce11704f09d3e5cb6/extensions/node_modules/typescript/lib/typescript.js:183062:23)
    at _ProjectService.doEnsureDefaultProjectForFile (/home/ilya/.vscode-server/bin/65edc4939843c90c34d61f4ce11704f09d3e5cb6/extensions/node_modules/typescript/lib/typescript.js:186474:36)
    at _ProjectService.ensureDefaultProjectForFile (/home/ilya/.vscode-server/bin/65edc4939843c90c34d61f4ce11704f09d3e5cb6/extensions/node_modules/typescript/lib/typescript.js:186469:103)
    at IpcIOSession.getFileAndProjectWorker (/home/ilya/.vscode-server/bin/65edc4939843c90c34d61f4ce11704f09d3e5cb6/extensions/node_modules/typescript/lib/typescript.js:191719:77)
    at IpcIOSession.getProjectInfoWorker (/home/ilya/.vscode-server/bin/65edc4939843c90c34d61f4ce11704f09d3e5cb6/extensions/node_modules/typescript/lib/typescript.js:191526:30)
    at IpcIOSession.getProjectInfo (/home/ilya/.vscode-server/bin/65edc4939843c90c34d61f4ce11704f09d3e5cb6/extensions/node_modules/typescript/lib/typescript.js:191517:17)
    at projectInfo (/home/ilya/.vscode-server/bin/65edc4939843c90c34d61f4ce11704f09d3e5cb6/extensions/node_modules/typescript/lib/typescript.js:190381:43)
    at /home/ilya/.vscode-server/bin/65edc4939843c90c34d61f4ce11704f09d3e5cb6/extensions/node_modules/typescript/lib/typescript.js:192651:15
    at IpcIOSession.executeWithRequestId (/home/ilya/.vscode-server/bin/65edc4939843c90c34d61f4ce11704f09d3e5cb6/extensions/node_modules/typescript/lib/typescript.js:192640:14)
    at IpcIOSession.executeCommand (/home/ilya/.vscode-server/bin/65edc4939843c90c34d61f4ce11704f09d3e5cb6/extensions/node_modules/typescript/lib/typescript.js:192649:29)
    at IpcIOSession.onMessage (/home/ilya/.vscode-server/bin/65edc4939843c90c34d61f4ce11704f09d3e5cb6/extensions/node_modules/typescript/lib/typescript.js:192697:68)
    at process.<anonymous> (/home/ilya/.vscode-server/bin/65edc4939843c90c34d61f4ce11704f09d3e5cb6/extensions/node_modules/typescript/lib/tsserver.js:525:14)
    at process.emit (node:events:519:28)
    at emit (node:internal/child_process:951:14)
    at process.processTicksAndRejections (node:internal/process/task_queues:83:21)
	at n.create (/home/ilya/.vscode-server/bin/65edc4939843c90c34d61f4ce11704f09d3e5cb6/extensions/typescript-language-features/dist/extension.js:1:487228)
	at y.dispatchResponse (/home/ilya/.vscode-server/bin/65edc4939843c90c34d61f4ce11704f09d3e5cb6/extensions/typescript-language-features/dist/extension.js:1:481198)
	at y.dispatchMessage (/home/ilya/.vscode-server/bin/65edc4939843c90c34d61f4ce11704f09d3e5cb6/extensions/typescript-language-features/dist/extension.js:1:479996)
	at ChildProcess.<anonymous> (/home/ilya/.vscode-server/bin/65edc4939843c90c34d61f4ce11704f09d3e5cb6/extensions/typescript-language-features/dist/extension.js:1:479489)
	at ChildProcess.emit (node:events:519:28)
	at emit (node:internal/child_process:951:14)
	at process.processTicksAndRejections (node:internal/process/task_queues:83:21)
2024-11-05 20:13:56.284 [error] Error: <semantic> TypeScript Server Error (5.6.3)
No Project.
Error: No Project.
    at Object.ThrowNoProject (/home/ilya/.vscode-server/bin/65edc4939843c90c34d61f4ce11704f09d3e5cb6/extensions/node_modules/typescript/lib/typescript.js:182363:11)
    at ScriptInfo.getDefaultProject (/home/ilya/.vscode-server/bin/65edc4939843c90c34d61f4ce11704f09d3e5cb6/extensions/node_modules/typescript/lib/typescript.js:183062:23)
    at _ProjectService.doEnsureDefaultProjectForFile (/home/ilya/.vscode-server/bin/65edc4939843c90c34d61f4ce11704f09d3e5cb6/extensions/node_modules/typescript/lib/typescript.js:186474:36)
    at _ProjectService.ensureDefaultProjectForFile (/home/ilya/.vscode-server/bin/65edc4939843c90c34d61f4ce11704f09d3e5cb6/extensions/node_modules/typescript/lib/typescript.js:186469:103)
    at IpcIOSession.getFileAndProjectWorker (/home/ilya/.vscode-server/bin/65edc4939843c90c34d61f4ce11704f09d3e5cb6/extensions/node_modules/typescript/lib/typescript.js:191719:77)
    at IpcIOSession.getFileAndProject (/home/ilya/.vscode-server/bin/65edc4939843c90c34d61f4ce11704f09d3e5cb6/extensions/node_modules/typescript/lib/typescript.js:191705:17)
    at IpcIOSession.getEncodedSemanticClassifications (/home/ilya/.vscode-server/bin/65edc4939843c90c34d61f4ce11704f09d3e5cb6/extensions/node_modules/typescript/lib/typescript.js:191006:36)
    at encodedSemanticClassifications-full (/home/ilya/.vscode-server/bin/65edc4939843c90c34d61f4ce11704f09d3e5cb6/extensions/node_modules/typescript/lib/typescript.js:190249:43)
    at /home/ilya/.vscode-server/bin/65edc4939843c90c34d61f4ce11704f09d3e5cb6/extensions/node_modules/typescript/lib/typescript.js:192651:15
    at IpcIOSession.executeWithRequestId (/home/ilya/.vscode-server/bin/65edc4939843c90c34d61f4ce11704f09d3e5cb6/extensions/node_modules/typescript/lib/typescript.js:192640:14)
    at IpcIOSession.executeCommand (/home/ilya/.vscode-server/bin/65edc4939843c90c34d61f4ce11704f09d3e5cb6/extensions/node_modules/typescript/lib/typescript.js:192649:29)
    at IpcIOSession.onMessage (/home/ilya/.vscode-server/bin/65edc4939843c90c34d61f4ce11704f09d3e5cb6/extensions/node_modules/typescript/lib/typescript.js:192697:68)
    at process.<anonymous> (/home/ilya/.vscode-server/bin/65edc4939843c90c34d61f4ce11704f09d3e5cb6/extensions/node_modules/typescript/lib/tsserver.js:525:14)
    at process.emit (node:events:519:28)
    at emit (node:internal/child_process:951:14)
    at process.processTicksAndRejections (node:internal/process/task_queues:83:21)
	at n.create (/home/ilya/.vscode-server/bin/65edc4939843c90c34d61f4ce11704f09d3e5cb6/extensions/typescript-language-features/dist/extension.js:1:487228)
	at y.dispatchResponse (/home/ilya/.vscode-server/bin/65edc4939843c90c34d61f4ce11704f09d3e5cb6/extensions/typescript-language-features/dist/extension.js:1:481198)
	at y.dispatchMessage (/home/ilya/.vscode-server/bin/65edc4939843c90c34d61f4ce11704f09d3e5cb6/extensions/typescript-language-features/dist/extension.js:1:479996)
	at ChildProcess.<anonymous> (/home/ilya/.vscode-server/bin/65edc4939843c90c34d61f4ce11704f09d3e5cb6/extensions/typescript-language-features/dist/extension.js:1:479489)
	at ChildProcess.emit (node:events:519:28)
	at emit (node:internal/child_process:951:14)
	at process.processTicksAndRejections (node:internal/process/task_queues:83:21)
2024-11-05 20:13:57.132 [error] Error: <semantic> TypeScript Server Error (5.6.3)
No Project.
Error: No Project.
    at Object.ThrowNoProject (/home/ilya/.vscode-server/bin/65edc4939843c90c34d61f4ce11704f09d3e5cb6/extensions/node_modules/typescript/lib/typescript.js:182363:11)
    at ScriptInfo.getDefaultProject (/home/ilya/.vscode-server/bin/65edc4939843c90c34d61f4ce11704f09d3e5cb6/extensions/node_modules/typescript/lib/typescript.js:183062:23)
    at _ProjectService.doEnsureDefaultProjectForFile (/home/ilya/.vscode-server/bin/65edc4939843c90c34d61f4ce11704f09d3e5cb6/extensions/node_modules/typescript/lib/typescript.js:186474:36)
    at _ProjectService.ensureDefaultProjectForFile (/home/ilya/.vscode-server/bin/65edc4939843c90c34d61f4ce11704f09d3e5cb6/extensions/node_modules/typescript/lib/typescript.js:186469:103)
    at IpcIOSession.getFileAndProjectWorker (/home/ilya/.vscode-server/bin/65edc4939843c90c34d61f4ce11704f09d3e5cb6/extensions/node_modules/typescript/lib/typescript.js:191719:77)
    at IpcIOSession.getFileAndProject (/home/ilya/.vscode-server/bin/65edc4939843c90c34d61f4ce11704f09d3e5cb6/extensions/node_modules/typescript/lib/typescript.js:191705:17)
    at IpcIOSession.getEncodedSemanticClassifications (/home/ilya/.vscode-server/bin/65edc4939843c90c34d61f4ce11704f09d3e5cb6/extensions/node_modules/typescript/lib/typescript.js:191006:36)
    at encodedSemanticClassifications-full (/home/ilya/.vscode-server/bin/65edc4939843c90c34d61f4ce11704f09d3e5cb6/extensions/node_modules/typescript/lib/typescript.js:190249:43)
    at /home/ilya/.vscode-server/bin/65edc4939843c90c34d61f4ce11704f09d3e5cb6/extensions/node_modules/typescript/lib/typescript.js:192651:15
    at IpcIOSession.executeWithRequestId (/home/ilya/.vscode-server/bin/65edc4939843c90c34d61f4ce11704f09d3e5cb6/extensions/node_modules/typescript/lib/typescript.js:192640:14)
    at IpcIOSession.executeCommand (/home/ilya/.vscode-server/bin/65edc4939843c90c34d61f4ce11704f09d3e5cb6/extensions/node_modules/typescript/lib/typescript.js:192649:29)
    at IpcIOSession.onMessage (/home/ilya/.vscode-server/bin/65edc4939843c90c34d61f4ce11704f09d3e5cb6/extensions/node_modules/typescript/lib/typescript.js:192697:68)
    at process.<anonymous> (/home/ilya/.vscode-server/bin/65edc4939843c90c34d61f4ce11704f09d3e5cb6/extensions/node_modules/typescript/lib/tsserver.js:525:14)
    at process.emit (node:events:519:28)
    at emit (node:internal/child_process:951:14)
    at process.processTicksAndRejections (node:internal/process/task_queues:83:21)
	at n.create (/home/ilya/.vscode-server/bin/65edc4939843c90c34d61f4ce11704f09d3e5cb6/extensions/typescript-language-features/dist/extension.js:1:487228)
	at y.dispatchResponse (/home/ilya/.vscode-server/bin/65edc4939843c90c34d61f4ce11704f09d3e5cb6/extensions/typescript-language-features/dist/extension.js:1:481198)
	at y.dispatchMessage (/home/ilya/.vscode-server/bin/65edc4939843c90c34d61f4ce11704f09d3e5cb6/extensions/typescript-language-features/dist/extension.js:1:479996)
	at ChildProcess.<anonymous> (/home/ilya/.vscode-server/bin/65edc4939843c90c34d61f4ce11704f09d3e5cb6/extensions/typescript-language-features/dist/extension.js:1:479489)
	at ChildProcess.emit (node:events:519:28)
	at emit (node:internal/child_process:951:14)
	at process.processTicksAndRejections (node:internal/process/task_queues:83:21)
2024-11-05 20:14:40.856 [error] [vscode.typescript-language-features] provider FAILED
2024-11-05 20:14:40.856 [error] Error: <semantic> TypeScript Server Error (5.6.3)
No Project.
Error: No Project.
    at Object.ThrowNoProject (/home/ilya/.vscode-server/bin/65edc4939843c90c34d61f4ce11704f09d3e5cb6/extensions/node_modules/typescript/lib/typescript.js:182363:11)
    at ScriptInfo.getDefaultProject (/home/ilya/.vscode-server/bin/65edc4939843c90c34d61f4ce11704f09d3e5cb6/extensions/node_modules/typescript/lib/typescript.js:183062:23)
    at _ProjectService.doEnsureDefaultProjectForFile (/home/ilya/.vscode-server/bin/65edc4939843c90c34d61f4ce11704f09d3e5cb6/extensions/node_modules/typescript/lib/typescript.js:186474:36)
    at _ProjectService.ensureDefaultProjectForFile (/home/ilya/.vscode-server/bin/65edc4939843c90c34d61f4ce11704f09d3e5cb6/extensions/node_modules/typescript/lib/typescript.js:186469:103)
    at IpcIOSession.getFileAndProjectWorker (/home/ilya/.vscode-server/bin/65edc4939843c90c34d61f4ce11704f09d3e5cb6/extensions/node_modules/typescript/lib/typescript.js:191719:77)
    at IpcIOSession.getFileAndProject (/home/ilya/.vscode-server/bin/65edc4939843c90c34d61f4ce11704f09d3e5cb6/extensions/node_modules/typescript/lib/typescript.js:191705:17)
    at IpcIOSession.getApplicableRefactors (/home/ilya/.vscode-server/bin/65edc4939843c90c34d61f4ce11704f09d3e5cb6/extensions/node_modules/typescript/lib/typescript.js:192224:36)
    at getApplicableRefactors (/home/ilya/.vscode-server/bin/65edc4939843c90c34d61f4ce11704f09d3e5cb6/extensions/node_modules/typescript/lib/typescript.js:190428:43)
    at /home/ilya/.vscode-server/bin/65edc4939843c90c34d61f4ce11704f09d3e5cb6/extensions/node_modules/typescript/lib/typescript.js:192651:15
    at IpcIOSession.executeWithRequestId (/home/ilya/.vscode-server/bin/65edc4939843c90c34d61f4ce11704f09d3e5cb6/extensions/node_modules/typescript/lib/typescript.js:192640:14)
    at IpcIOSession.executeCommand (/home/ilya/.vscode-server/bin/65edc4939843c90c34d61f4ce11704f09d3e5cb6/extensions/node_modules/typescript/lib/typescript.js:192649:29)
    at IpcIOSession.onMessage (/home/ilya/.vscode-server/bin/65edc4939843c90c34d61f4ce11704f09d3e5cb6/extensions/node_modules/typescript/lib/typescript.js:192697:68)
    at process.<anonymous> (/home/ilya/.vscode-server/bin/65edc4939843c90c34d61f4ce11704f09d3e5cb6/extensions/node_modules/typescript/lib/tsserver.js:525:14)
    at process.emit (node:events:519:28)
    at emit (node:internal/child_process:951:14)
    at process.processTicksAndRejections (node:internal/process/task_queues:83:21)
	at n.create (/home/ilya/.vscode-server/bin/65edc4939843c90c34d61f4ce11704f09d3e5cb6/extensions/typescript-language-features/dist/extension.js:1:487228)
	at y.dispatchResponse (/home/ilya/.vscode-server/bin/65edc4939843c90c34d61f4ce11704f09d3e5cb6/extensions/typescript-language-features/dist/extension.js:1:481198)
	at y.dispatchMessage (/home/ilya/.vscode-server/bin/65edc4939843c90c34d61f4ce11704f09d3e5cb6/extensions/typescript-language-features/dist/extension.js:1:479996)
	at ChildProcess.<anonymous> (/home/ilya/.vscode-server/bin/65edc4939843c90c34d61f4ce11704f09d3e5cb6/extensions/typescript-language-features/dist/extension.js:1:479489)
	at ChildProcess.emit (node:events:519:28)
	at emit (node:internal/child_process:951:14)
	at process.processTicksAndRejections (node:internal/process/task_queues:83:21)
2024-11-05 20:14:40.920 [error] [vscode.typescript-language-features] provider FAILED
2024-11-05 20:14:40.920 [error] Error: <semantic> TypeScript Server Error (5.6.3)
No Project.
Error: No Project.
    at Object.ThrowNoProject (/home/ilya/.vscode-server/bin/65edc4939843c90c34d61f4ce11704f09d3e5cb6/extensions/node_modules/typescript/lib/typescript.js:182363:11)
    at ScriptInfo.getDefaultProject (/home/ilya/.vscode-server/bin/65edc4939843c90c34d61f4ce11704f09d3e5cb6/extensions/node_modules/typescript/lib/typescript.js:183062:23)
    at _ProjectService.doEnsureDefaultProjectForFile (/home/ilya/.vscode-server/bin/65edc4939843c90c34d61f4ce11704f09d3e5cb6/extensions/node_modules/typescript/lib/typescript.js:186474:36)
    at _ProjectService.ensureDefaultProjectForFile (/home/ilya/.vscode-server/bin/65edc4939843c90c34d61f4ce11704f09d3e5cb6/extensions/node_modules/typescript/lib/typescript.js:186469:103)
    at IpcIOSession.getFileAndProjectWorker (/home/ilya/.vscode-server/bin/65edc4939843c90c34d61f4ce11704f09d3e5cb6/extensions/node_modules/typescript/lib/typescript.js:191719:77)
    at IpcIOSession.getFileAndProject (/home/ilya/.vscode-server/bin/65edc4939843c90c34d61f4ce11704f09d3e5cb6/extensions/node_modules/typescript/lib/typescript.js:191705:17)
    at IpcIOSession.getDocumentHighlights (/home/ilya/.vscode-server/bin/65edc4939843c90c34d61f4ce11704f09d3e5cb6/extensions/node_modules/typescript/lib/typescript.js:191450:36)
    at documentHighlights (/home/ilya/.vscode-server/bin/65edc4939843c90c34d61f4ce11704f09d3e5cb6/extensions/node_modules/typescript/lib/typescript.js:190360:43)
    at /home/ilya/.vscode-server/bin/65edc4939843c90c34d61f4ce11704f09d3e5cb6/extensions/node_modules/typescript/lib/typescript.js:192651:15
    at IpcIOSession.executeWithRequestId (/home/ilya/.vscode-server/bin/65edc4939843c90c34d61f4ce11704f09d3e5cb6/extensions/node_modules/typescript/lib/typescript.js:192640:14)
    at IpcIOSession.executeCommand (/home/ilya/.vscode-server/bin/65edc4939843c90c34d61f4ce11704f09d3e5cb6/extensions/node_modules/typescript/lib/typescript.js:192649:29)
    at IpcIOSession.onMessage (/home/ilya/.vscode-server/bin/65edc4939843c90c34d61f4ce11704f09d3e5cb6/extensions/node_modules/typescript/lib/typescript.js:192697:68)
    at process.<anonymous> (/home/ilya/.vscode-server/bin/65edc4939843c90c34d61f4ce11704f09d3e5cb6/extensions/node_modules/typescript/lib/tsserver.js:525:14)
    at process.emit (node:events:519:28)
    at emit (node:internal/child_process:951:14)
    at process.processTicksAndRejections (node:internal/process/task_queues:83:21)
	at n.create (/home/ilya/.vscode-server/bin/65edc4939843c90c34d61f4ce11704f09d3e5cb6/extensions/typescript-language-features/dist/extension.js:1:487228)
	at y.dispatchResponse (/home/ilya/.vscode-server/bin/65edc4939843c90c34d61f4ce11704f09d3e5cb6/extensions/typescript-language-features/dist/extension.js:1:481198)
	at y.dispatchMessage (/home/ilya/.vscode-server/bin/65edc4939843c90c34d61f4ce11704f09d3e5cb6/extensions/typescript-language-features/dist/extension.js:1:479996)
	at ChildProcess.<anonymous> (/home/ilya/.vscode-server/bin/65edc4939843c90c34d61f4ce11704f09d3e5cb6/extensions/typescript-language-features/dist/extension.js:1:479489)
	at ChildProcess.emit (node:events:519:28)
	at emit (node:internal/child_process:951:14)
	at process.processTicksAndRejections (node:internal/process/task_queues:83:21)
2024-11-05 20:14:40.921 [error] [vscode.typescript-language-features] provider FAILED
2024-11-05 20:14:40.921 [error] Error: <semantic> TypeScript Server Error (5.6.3)
No Project.
Error: No Project.
    at Object.ThrowNoProject (/home/ilya/.vscode-server/bin/65edc4939843c90c34d61f4ce11704f09d3e5cb6/extensions/node_modules/typescript/lib/typescript.js:182363:11)
    at ScriptInfo.getDefaultProject (/home/ilya/.vscode-server/bin/65edc4939843c90c34d61f4ce11704f09d3e5cb6/extensions/node_modules/typescript/lib/typescript.js:183062:23)
    at _ProjectService.doEnsureDefaultProjectForFile (/home/ilya/.vscode-server/bin/65edc4939843c90c34d61f4ce11704f09d3e5cb6/extensions/node_modules/typescript/lib/typescript.js:186474:36)
    at _ProjectService.ensureDefaultProjectForFile (/home/ilya/.vscode-server/bin/65edc4939843c90c34d61f4ce11704f09d3e5cb6/extensions/node_modules/typescript/lib/typescript.js:186469:103)
    at IpcIOSession.getFileAndProjectWorker (/home/ilya/.vscode-server/bin/65edc4939843c90c34d61f4ce11704f09d3e5cb6/extensions/node_modules/typescript/lib/typescript.js:191719:77)
    at IpcIOSession.getFileAndProject (/home/ilya/.vscode-server/bin/65edc4939843c90c34d61f4ce11704f09d3e5cb6/extensions/node_modules/typescript/lib/typescript.js:191705:17)
    at IpcIOSession.getEncodedSemanticClassifications (/home/ilya/.vscode-server/bin/65edc4939843c90c34d61f4ce11704f09d3e5cb6/extensions/node_modules/typescript/lib/typescript.js:191006:36)
    at encodedSemanticClassifications-full (/home/ilya/.vscode-server/bin/65edc4939843c90c34d61f4ce11704f09d3e5cb6/extensions/node_modules/typescript/lib/typescript.js:190249:43)
    at /home/ilya/.vscode-server/bin/65edc4939843c90c34d61f4ce11704f09d3e5cb6/extensions/node_modules/typescript/lib/typescript.js:192651:15
    at IpcIOSession.executeWithRequestId (/home/ilya/.vscode-server/bin/65edc4939843c90c34d61f4ce11704f09d3e5cb6/extensions/node_modules/typescript/lib/typescript.js:192640:14)
    at IpcIOSession.executeCommand (/home/ilya/.vscode-server/bin/65edc4939843c90c34d61f4ce11704f09d3e5cb6/extensions/node_modules/typescript/lib/typescript.js:192649:29)
    at IpcIOSession.onMessage (/home/ilya/.vscode-server/bin/65edc4939843c90c34d61f4ce11704f09d3e5cb6/extensions/node_modules/typescript/lib/typescript.js:192697:68)
    at process.<anonymous> (/home/ilya/.vscode-server/bin/65edc4939843c90c34d61f4ce11704f09d3e5cb6/extensions/node_modules/typescript/lib/tsserver.js:525:14)
    at process.emit (node:events:519:28)
    at emit (node:internal/child_process:951:14)
    at process.processTicksAndRejections (node:internal/process/task_queues:83:21)
	at n.create (/home/ilya/.vscode-server/bin/65edc4939843c90c34d61f4ce11704f09d3e5cb6/extensions/typescript-language-features/dist/extension.js:1:487228)
	at y.dispatchResponse (/home/ilya/.vscode-server/bin/65edc4939843c90c34d61f4ce11704f09d3e5cb6/extensions/typescript-language-features/dist/extension.js:1:481198)
	at y.dispatchMessage (/home/ilya/.vscode-server/bin/65edc4939843c90c34d61f4ce11704f09d3e5cb6/extensions/typescript-language-features/dist/extension.js:1:479996)
	at ChildProcess.<anonymous> (/home/ilya/.vscode-server/bin/65edc4939843c90c34d61f4ce11704f09d3e5cb6/extensions/typescript-language-features/dist/extension.js:1:479489)
	at ChildProcess.emit (node:events:519:28)
	at emit (node:internal/child_process:951:14)
	at process.processTicksAndRejections (node:internal/process/task_queues:83:21)
2024-11-05 20:14:41.745 [error] [vscode.typescript-language-features] provider FAILED
2024-11-05 20:14:41.745 [error] Error: <semantic> TypeScript Server Error (5.6.3)
No Project.
Error: No Project.
    at Object.ThrowNoProject (/home/ilya/.vscode-server/bin/65edc4939843c90c34d61f4ce11704f09d3e5cb6/extensions/node_modules/typescript/lib/typescript.js:182363:11)
    at ScriptInfo.getDefaultProject (/home/ilya/.vscode-server/bin/65edc4939843c90c34d61f4ce11704f09d3e5cb6/extensions/node_modules/typescript/lib/typescript.js:183062:23)
    at _ProjectService.doEnsureDefaultProjectForFile (/home/ilya/.vscode-server/bin/65edc4939843c90c34d61f4ce11704f09d3e5cb6/extensions/node_modules/typescript/lib/typescript.js:186474:36)
    at _ProjectService.ensureDefaultProjectForFile (/home/ilya/.vscode-server/bin/65edc4939843c90c34d61f4ce11704f09d3e5cb6/extensions/node_modules/typescript/lib/typescript.js:186469:103)
    at IpcIOSession.getFileAndProjectWorker (/home/ilya/.vscode-server/bin/65edc4939843c90c34d61f4ce11704f09d3e5cb6/extensions/node_modules/typescript/lib/typescript.js:191719:77)
    at IpcIOSession.getFileAndProject (/home/ilya/.vscode-server/bin/65edc4939843c90c34d61f4ce11704f09d3e5cb6/extensions/node_modules/typescript/lib/typescript.js:191705:17)
    at IpcIOSession.getEncodedSemanticClassifications (/home/ilya/.vscode-server/bin/65edc4939843c90c34d61f4ce11704f09d3e5cb6/extensions/node_modules/typescript/lib/typescript.js:191006:36)
    at encodedSemanticClassifications-full (/home/ilya/.vscode-server/bin/65edc4939843c90c34d61f4ce11704f09d3e5cb6/extensions/node_modules/typescript/lib/typescript.js:190249:43)
    at /home/ilya/.vscode-server/bin/65edc4939843c90c34d61f4ce11704f09d3e5cb6/extensions/node_modules/typescript/lib/typescript.js:192651:15
    at IpcIOSession.executeWithRequestId (/home/ilya/.vscode-server/bin/65edc4939843c90c34d61f4ce11704f09d3e5cb6/extensions/node_modules/typescript/lib/typescript.js:192640:14)
    at IpcIOSession.executeCommand (/home/ilya/.vscode-server/bin/65edc4939843c90c34d61f4ce11704f09d3e5cb6/extensions/node_modules/typescript/lib/typescript.js:192649:29)
    at IpcIOSession.onMessage (/home/ilya/.vscode-server/bin/65edc4939843c90c34d61f4ce11704f09d3e5cb6/extensions/node_modules/typescript/lib/typescript.js:192697:68)
    at process.<anonymous> (/home/ilya/.vscode-server/bin/65edc4939843c90c34d61f4ce11704f09d3e5cb6/extensions/node_modules/typescript/lib/tsserver.js:525:14)
    at process.emit (node:events:519:28)
    at emit (node:internal/child_process:951:14)
    at process.processTicksAndRejections (node:internal/process/task_queues:83:21)
	at n.create (/home/ilya/.vscode-server/bin/65edc4939843c90c34d61f4ce11704f09d3e5cb6/extensions/typescript-language-features/dist/extension.js:1:487228)
	at y.dispatchResponse (/home/ilya/.vscode-server/bin/65edc4939843c90c34d61f4ce11704f09d3e5cb6/extensions/typescript-language-features/dist/extension.js:1:481198)
	at y.dispatchMessage (/home/ilya/.vscode-server/bin/65edc4939843c90c34d61f4ce11704f09d3e5cb6/extensions/typescript-language-features/dist/extension.js:1:479996)
	at ChildProcess.<anonymous> (/home/ilya/.vscode-server/bin/65edc4939843c90c34d61f4ce11704f09d3e5cb6/extensions/typescript-language-features/dist/extension.js:1:479489)
	at ChildProcess.emit (node:events:519:28)
	at emit (node:internal/child_process:951:14)
	at process.processTicksAndRejections (node:internal/process/task_queues:83:21)
2024-11-05 20:14:41.856 [error] Error: <semantic> TypeScript Server Error (5.6.3)
No Project.
Error: No Project.
    at Object.ThrowNoProject (/home/ilya/.vscode-server/bin/65edc4939843c90c34d61f4ce11704f09d3e5cb6/extensions/node_modules/typescript/lib/typescript.js:182363:11)
    at ScriptInfo.getDefaultProject (/home/ilya/.vscode-server/bin/65edc4939843c90c34d61f4ce11704f09d3e5cb6/extensions/node_modules/typescript/lib/typescript.js:183062:23)
    at _ProjectService.doEnsureDefaultProjectForFile (/home/ilya/.vscode-server/bin/65edc4939843c90c34d61f4ce11704f09d3e5cb6/extensions/node_modules/typescript/lib/typescript.js:186474:36)
    at _ProjectService.ensureDefaultProjectForFile (/home/ilya/.vscode-server/bin/65edc4939843c90c34d61f4ce11704f09d3e5cb6/extensions/node_modules/typescript/lib/typescript.js:186469:103)
    at IpcIOSession.getFileAndProjectWorker (/home/ilya/.vscode-server/bin/65edc4939843c90c34d61f4ce11704f09d3e5cb6/extensions/node_modules/typescript/lib/typescript.js:191719:77)
    at IpcIOSession.getProjectInfoWorker (/home/ilya/.vscode-server/bin/65edc4939843c90c34d61f4ce11704f09d3e5cb6/extensions/node_modules/typescript/lib/typescript.js:191526:30)
    at IpcIOSession.getProjectInfo (/home/ilya/.vscode-server/bin/65edc4939843c90c34d61f4ce11704f09d3e5cb6/extensions/node_modules/typescript/lib/typescript.js:191517:17)
    at projectInfo (/home/ilya/.vscode-server/bin/65edc4939843c90c34d61f4ce11704f09d3e5cb6/extensions/node_modules/typescript/lib/typescript.js:190381:43)
    at /home/ilya/.vscode-server/bin/65edc4939843c90c34d61f4ce11704f09d3e5cb6/extensions/node_modules/typescript/lib/typescript.js:192651:15
    at IpcIOSession.executeWithRequestId (/home/ilya/.vscode-server/bin/65edc4939843c90c34d61f4ce11704f09d3e5cb6/extensions/node_modules/typescript/lib/typescript.js:192640:14)
    at IpcIOSession.executeCommand (/home/ilya/.vscode-server/bin/65edc4939843c90c34d61f4ce11704f09d3e5cb6/extensions/node_modules/typescript/lib/typescript.js:192649:29)
    at IpcIOSession.onMessage (/home/ilya/.vscode-server/bin/65edc4939843c90c34d61f4ce11704f09d3e5cb6/extensions/node_modules/typescript/lib/typescript.js:192697:68)
    at process.<anonymous> (/home/ilya/.vscode-server/bin/65edc4939843c90c34d61f4ce11704f09d3e5cb6/extensions/node_modules/typescript/lib/tsserver.js:525:14)
    at process.emit (node:events:519:28)
    at emit (node:internal/child_process:951:14)
    at process.processTicksAndRejections (node:internal/process/task_queues:83:21)
	at n.create (/home/ilya/.vscode-server/bin/65edc4939843c90c34d61f4ce11704f09d3e5cb6/extensions/typescript-language-features/dist/extension.js:1:487228)
	at y.dispatchResponse (/home/ilya/.vscode-server/bin/65edc4939843c90c34d61f4ce11704f09d3e5cb6/extensions/typescript-language-features/dist/extension.js:1:481198)
	at y.dispatchMessage (/home/ilya/.vscode-server/bin/65edc4939843c90c34d61f4ce11704f09d3e5cb6/extensions/typescript-language-features/dist/extension.js:1:479996)
	at ChildProcess.<anonymous> (/home/ilya/.vscode-server/bin/65edc4939843c90c34d61f4ce11704f09d3e5cb6/extensions/typescript-language-features/dist/extension.js:1:479489)
	at ChildProcess.emit (node:events:519:28)
	at emit (node:internal/child_process:951:14)
	at process.processTicksAndRejections (node:internal/process/task_queues:83:21)
2024-11-05 20:14:41.922 [error] Error: <semantic> TypeScript Server Error (5.6.3)
No Project.
Error: No Project.
    at Object.ThrowNoProject (/home/ilya/.vscode-server/bin/65edc4939843c90c34d61f4ce11704f09d3e5cb6/extensions/node_modules/typescript/lib/typescript.js:182363:11)
    at ScriptInfo.getDefaultProject (/home/ilya/.vscode-server/bin/65edc4939843c90c34d61f4ce11704f09d3e5cb6/extensions/node_modules/typescript/lib/typescript.js:183062:23)
    at _ProjectService.doEnsureDefaultProjectForFile (/home/ilya/.vscode-server/bin/65edc4939843c90c34d61f4ce11704f09d3e5cb6/extensions/node_modules/typescript/lib/typescript.js:186474:36)
    at _ProjectService.ensureDefaultProjectForFile (/home/ilya/.vscode-server/bin/65edc4939843c90c34d61f4ce11704f09d3e5cb6/extensions/node_modules/typescript/lib/typescript.js:186469:103)
    at IpcIOSession.getFileAndProjectWorker (/home/ilya/.vscode-server/bin/65edc4939843c90c34d61f4ce11704f09d3e5cb6/extensions/node_modules/typescript/lib/typescript.js:191719:77)
    at IpcIOSession.getFileAndProject (/home/ilya/.vscode-server/bin/65edc4939843c90c34d61f4ce11704f09d3e5cb6/extensions/node_modules/typescript/lib/typescript.js:191705:17)
    at IpcIOSession.getEncodedSemanticClassifications (/home/ilya/.vscode-server/bin/65edc4939843c90c34d61f4ce11704f09d3e5cb6/extensions/node_modules/typescript/lib/typescript.js:191006:36)
    at encodedSemanticClassifications-full (/home/ilya/.vscode-server/bin/65edc4939843c90c34d61f4ce11704f09d3e5cb6/extensions/node_modules/typescript/lib/typescript.js:190249:43)
    at /home/ilya/.vscode-server/bin/65edc4939843c90c34d61f4ce11704f09d3e5cb6/extensions/node_modules/typescript/lib/typescript.js:192651:15
    at IpcIOSession.executeWithRequestId (/home/ilya/.vscode-server/bin/65edc4939843c90c34d61f4ce11704f09d3e5cb6/extensions/node_modules/typescript/lib/typescript.js:192640:14)
    at IpcIOSession.executeCommand (/home/ilya/.vscode-server/bin/65edc4939843c90c34d61f4ce11704f09d3e5cb6/extensions/node_modules/typescript/lib/typescript.js:192649:29)
    at IpcIOSession.onMessage (/home/ilya/.vscode-server/bin/65edc4939843c90c34d61f4ce11704f09d3e5cb6/extensions/node_modules/typescript/lib/typescript.js:192697:68)
    at process.<anonymous> (/home/ilya/.vscode-server/bin/65edc4939843c90c34d61f4ce11704f09d3e5cb6/extensions/node_modules/typescript/lib/tsserver.js:525:14)
    at process.emit (node:events:519:28)
    at emit (node:internal/child_process:951:14)
    at process.processTicksAndRejections (node:internal/process/task_queues:83:21)
	at n.create (/home/ilya/.vscode-server/bin/65edc4939843c90c34d61f4ce11704f09d3e5cb6/extensions/typescript-language-features/dist/extension.js:1:487228)
	at y.dispatchResponse (/home/ilya/.vscode-server/bin/65edc4939843c90c34d61f4ce11704f09d3e5cb6/extensions/typescript-language-features/dist/extension.js:1:481198)
	at y.dispatchMessage (/home/ilya/.vscode-server/bin/65edc4939843c90c34d61f4ce11704f09d3e5cb6/extensions/typescript-language-features/dist/extension.js:1:479996)
	at ChildProcess.<anonymous> (/home/ilya/.vscode-server/bin/65edc4939843c90c34d61f4ce11704f09d3e5cb6/extensions/typescript-language-features/dist/extension.js:1:479489)
	at ChildProcess.emit (node:events:519:28)
	at emit (node:internal/child_process:951:14)
	at process.processTicksAndRejections (node:internal/process/task_queues:83:21)
2024-11-05 20:14:42.746 [error] Error: <semantic> TypeScript Server Error (5.6.3)
No Project.
Error: No Project.
    at Object.ThrowNoProject (/home/ilya/.vscode-server/bin/65edc4939843c90c34d61f4ce11704f09d3e5cb6/extensions/node_modules/typescript/lib/typescript.js:182363:11)
    at ScriptInfo.getDefaultProject (/home/ilya/.vscode-server/bin/65edc4939843c90c34d61f4ce11704f09d3e5cb6/extensions/node_modules/typescript/lib/typescript.js:183062:23)
    at _ProjectService.doEnsureDefaultProjectForFile (/home/ilya/.vscode-server/bin/65edc4939843c90c34d61f4ce11704f09d3e5cb6/extensions/node_modules/typescript/lib/typescript.js:186474:36)
    at _ProjectService.ensureDefaultProjectForFile (/home/ilya/.vscode-server/bin/65edc4939843c90c34d61f4ce11704f09d3e5cb6/extensions/node_modules/typescript/lib/typescript.js:186469:103)
    at IpcIOSession.getFileAndProjectWorker (/home/ilya/.vscode-server/bin/65edc4939843c90c34d61f4ce11704f09d3e5cb6/extensions/node_modules/typescript/lib/typescript.js:191719:77)
    at IpcIOSession.getFileAndProject (/home/ilya/.vscode-server/bin/65edc4939843c90c34d61f4ce11704f09d3e5cb6/extensions/node_modules/typescript/lib/typescript.js:191705:17)
    at IpcIOSession.getEncodedSemanticClassifications (/home/ilya/.vscode-server/bin/65edc4939843c90c34d61f4ce11704f09d3e5cb6/extensions/node_modules/typescript/lib/typescript.js:191006:36)
    at encodedSemanticClassifications-full (/home/ilya/.vscode-server/bin/65edc4939843c90c34d61f4ce11704f09d3e5cb6/extensions/node_modules/typescript/lib/typescript.js:190249:43)
    at /home/ilya/.vscode-server/bin/65edc4939843c90c34d61f4ce11704f09d3e5cb6/extensions/node_modules/typescript/lib/typescript.js:192651:15
    at IpcIOSession.executeWithRequestId (/home/ilya/.vscode-server/bin/65edc4939843c90c34d61f4ce11704f09d3e5cb6/extensions/node_modules/typescript/lib/typescript.js:192640:14)
    at IpcIOSession.executeCommand (/home/ilya/.vscode-server/bin/65edc4939843c90c34d61f4ce11704f09d3e5cb6/extensions/node_modules/typescript/lib/typescript.js:192649:29)
    at IpcIOSession.onMessage (/home/ilya/.vscode-server/bin/65edc4939843c90c34d61f4ce11704f09d3e5cb6/extensions/node_modules/typescript/lib/typescript.js:192697:68)
    at process.<anonymous> (/home/ilya/.vscode-server/bin/65edc4939843c90c34d61f4ce11704f09d3e5cb6/extensions/node_modules/typescript/lib/tsserver.js:525:14)
    at process.emit (node:events:519:28)
    at emit (node:internal/child_process:951:14)
    at process.processTicksAndRejections (node:internal/process/task_queues:83:21)
	at n.create (/home/ilya/.vscode-server/bin/65edc4939843c90c34d61f4ce11704f09d3e5cb6/extensions/typescript-language-features/dist/extension.js:1:487228)
	at y.dispatchResponse (/home/ilya/.vscode-server/bin/65edc4939843c90c34d61f4ce11704f09d3e5cb6/extensions/typescript-language-features/dist/extension.js:1:481198)
	at y.dispatchMessage (/home/ilya/.vscode-server/bin/65edc4939843c90c34d61f4ce11704f09d3e5cb6/extensions/typescript-language-features/dist/extension.js:1:479996)
	at ChildProcess.<anonymous> (/home/ilya/.vscode-server/bin/65edc4939843c90c34d61f4ce11704f09d3e5cb6/extensions/typescript-language-features/dist/extension.js:1:479489)
	at ChildProcess.emit (node:events:519:28)
	at emit (node:internal/child_process:951:14)
	at process.processTicksAndRejections (node:internal/process/task_queues:83:21)
2024-11-05 20:14:50.035 [error] [vscode.typescript-language-features] provider FAILED
2024-11-05 20:14:50.035 [error] Error: <semantic> TypeScript Server Error (5.6.3)
No Project.
Error: No Project.
    at Object.ThrowNoProject (/home/ilya/.vscode-server/bin/65edc4939843c90c34d61f4ce11704f09d3e5cb6/extensions/node_modules/typescript/lib/typescript.js:182363:11)
    at ScriptInfo.getDefaultProject (/home/ilya/.vscode-server/bin/65edc4939843c90c34d61f4ce11704f09d3e5cb6/extensions/node_modules/typescript/lib/typescript.js:183062:23)
    at _ProjectService.doEnsureDefaultProjectForFile (/home/ilya/.vscode-server/bin/65edc4939843c90c34d61f4ce11704f09d3e5cb6/extensions/node_modules/typescript/lib/typescript.js:186474:36)
    at _ProjectService.ensureDefaultProjectForFile (/home/ilya/.vscode-server/bin/65edc4939843c90c34d61f4ce11704f09d3e5cb6/extensions/node_modules/typescript/lib/typescript.js:186469:103)
    at IpcIOSession.getFileAndProjectWorker (/home/ilya/.vscode-server/bin/65edc4939843c90c34d61f4ce11704f09d3e5cb6/extensions/node_modules/typescript/lib/typescript.js:191719:77)
    at IpcIOSession.getFileAndProject (/home/ilya/.vscode-server/bin/65edc4939843c90c34d61f4ce11704f09d3e5cb6/extensions/node_modules/typescript/lib/typescript.js:191705:17)
    at IpcIOSession.getApplicableRefactors (/home/ilya/.vscode-server/bin/65edc4939843c90c34d61f4ce11704f09d3e5cb6/extensions/node_modules/typescript/lib/typescript.js:192224:36)
    at getApplicableRefactors (/home/ilya/.vscode-server/bin/65edc4939843c90c34d61f4ce11704f09d3e5cb6/extensions/node_modules/typescript/lib/typescript.js:190428:43)
    at /home/ilya/.vscode-server/bin/65edc4939843c90c34d61f4ce11704f09d3e5cb6/extensions/node_modules/typescript/lib/typescript.js:192651:15
    at IpcIOSession.executeWithRequestId (/home/ilya/.vscode-server/bin/65edc4939843c90c34d61f4ce11704f09d3e5cb6/extensions/node_modules/typescript/lib/typescript.js:192640:14)
    at IpcIOSession.executeCommand (/home/ilya/.vscode-server/bin/65edc4939843c90c34d61f4ce11704f09d3e5cb6/extensions/node_modules/typescript/lib/typescript.js:192649:29)
    at IpcIOSession.onMessage (/home/ilya/.vscode-server/bin/65edc4939843c90c34d61f4ce11704f09d3e5cb6/extensions/node_modules/typescript/lib/typescript.js:192697:68)
    at process.<anonymous> (/home/ilya/.vscode-server/bin/65edc4939843c90c34d61f4ce11704f09d3e5cb6/extensions/node_modules/typescript/lib/tsserver.js:525:14)
    at process.emit (node:events:519:28)
    at emit (node:internal/child_process:951:14)
    at process.processTicksAndRejections (node:internal/process/task_queues:83:21)
	at n.create (/home/ilya/.vscode-server/bin/65edc4939843c90c34d61f4ce11704f09d3e5cb6/extensions/typescript-language-features/dist/extension.js:1:487228)
	at y.dispatchResponse (/home/ilya/.vscode-server/bin/65edc4939843c90c34d61f4ce11704f09d3e5cb6/extensions/typescript-language-features/dist/extension.js:1:481198)
	at y.dispatchMessage (/home/ilya/.vscode-server/bin/65edc4939843c90c34d61f4ce11704f09d3e5cb6/extensions/typescript-language-features/dist/extension.js:1:479996)
	at ChildProcess.<anonymous> (/home/ilya/.vscode-server/bin/65edc4939843c90c34d61f4ce11704f09d3e5cb6/extensions/typescript-language-features/dist/extension.js:1:479489)
	at ChildProcess.emit (node:events:519:28)
	at emit (node:internal/child_process:951:14)
	at process.processTicksAndRejections (node:internal/process/task_queues:83:21)
2024-11-05 20:15:21.017 [info] Extension host terminating: received terminate message from renderer
2024-11-05 20:15:21.017 [info] Lock '/home/ilya/.vscode-server/data/User/workspaceStorage/1f93fe20c3f28b6158eca1b5dc7a78f5/vscode.lock': Marking the lockfile as scheduled to be released in 6000 ms.
2024-11-05 20:15:21.099 [error] Canceled: Canceled
	at new tT (file:///home/ilya/.vscode-server/bin/65edc4939843c90c34d61f4ce11704f09d3e5cb6/out/vs/workbench/api/node/extensionHostProcess.js:31:151066)
	at py.U (file:///home/ilya/.vscode-server/bin/65edc4939843c90c34d61f4ce11704f09d3e5cb6/out/vs/workbench/api/node/extensionHostProcess.js:31:155676)
	at s.<computed>.n.charCodeAt.s.<computed> (file:///home/ilya/.vscode-server/bin/65edc4939843c90c34d61f4ce11704f09d3e5cb6/out/vs/workbench/api/node/extensionHostProcess.js:31:153170)
	at Y0.g (file:///home/ilya/.vscode-server/bin/65edc4939843c90c34d61f4ce11704f09d3e5cb6/out/vs/workbench/api/node/extensionHostProcess.js:114:32313)
	at Y0.executeCommand (file:///home/ilya/.vscode-server/bin/65edc4939843c90c34d61f4ce11704f09d3e5cb6/out/vs/workbench/api/node/extensionHostProcess.js:114:31817)
	at r.registerCommand.description (file:///home/ilya/.vscode-server/bin/65edc4939843c90c34d61f4ce11704f09d3e5cb6/out/vs/workbench/api/node/extensionHostProcess.js:114:31147)
	at Y0.h (file:///home/ilya/.vscode-server/bin/65edc4939843c90c34d61f4ce11704f09d3e5cb6/out/vs/workbench/api/node/extensionHostProcess.js:114:32833)
	at Y0.g (file:///home/ilya/.vscode-server/bin/65edc4939843c90c34d61f4ce11704f09d3e5cb6/out/vs/workbench/api/node/extensionHostProcess.js:114:31910)
	at Y0.executeCommand (file:///home/ilya/.vscode-server/bin/65edc4939843c90c34d61f4ce11704f09d3e5cb6/out/vs/workbench/api/node/extensionHostProcess.js:114:31817)
	at Object.executeCommand (file:///home/ilya/.vscode-server/bin/65edc4939843c90c34d61f4ce11704f09d3e5cb6/out/vs/workbench/api/node/extensionHostProcess.js:156:37246)
	at mh.O [as value] (/home/ilya/.vscode-server/bin/65edc4939843c90c34d61f4ce11704f09d3e5cb6/extensions/git/dist/main.js:2:961845)
	at P.B (file:///home/ilya/.vscode-server/bin/65edc4939843c90c34d61f4ce11704f09d3e5cb6/out/vs/workbench/api/node/extensionHostProcess.js:29:746)
	at P.C (file:///home/ilya/.vscode-server/bin/65edc4939843c90c34d61f4ce11704f09d3e5cb6/out/vs/workbench/api/node/extensionHostProcess.js:29:816)
	at P.fire (file:///home/ilya/.vscode-server/bin/65edc4939843c90c34d61f4ce11704f09d3e5cb6/out/vs/workbench/api/node/extensionHostProcess.js:29:1033)
	at Object.p [as dispose] (/home/ilya/.vscode-server/bin/65edc4939843c90c34d61f4ce11704f09d3e5cb6/extensions/git/dist/main.js:2:983333)
	at /home/ilya/.vscode-server/bin/65edc4939843c90c34d61f4ce11704f09d3e5cb6/extensions/git/dist/main.js:2:989455
	at Array.forEach (<anonymous>)
	at b.dispose (/home/ilya/.vscode-server/bin/65edc4939843c90c34d61f4ce11704f09d3e5cb6/extensions/git/dist/main.js:2:989441)
	at V1.<anonymous> (file:///home/ilya/.vscode-server/bin/65edc4939843c90c34d61f4ce11704f09d3e5cb6/out/vs/workbench/api/node/extensionHostProcess.js:108:19994)
	at V1.dispose (file:///home/ilya/.vscode-server/bin/65edc4939843c90c34d61f4ce11704f09d3e5cb6/out/vs/workbench/api/node/extensionHostProcess.js:108:20090)
	at V1.<anonymous> (/home/ilya/.vscode-server/bin/65edc4939843c90c34d61f4ce11704f09d3e5cb6/extensions/git/dist/main.js:2:964255)
	at V1.dispose (file:///home/ilya/.vscode-server/bin/65edc4939843c90c34d61f4ce11704f09d3e5cb6/out/vs/workbench/api/node/extensionHostProcess.js:108:20090)
	at ci (file:///home/ilya/.vscode-server/bin/65edc4939843c90c34d61f4ce11704f09d3e5cb6/out/vs/workbench/api/node/extensionHostProcess.js:24:699)
	at file:///home/ilya/.vscode-server/bin/65edc4939843c90c34d61f4ce11704f09d3e5cb6/out/vs/workbench/api/node/extensionHostProcess.js:118:14992
	at file:///home/ilya/.vscode-server/bin/65edc4939843c90c34d61f4ce11704f09d3e5cb6/out/vs/workbench/api/node/extensionHostProcess.js:24:1009
	at Object.dispose (file:///home/ilya/.vscode-server/bin/65edc4939843c90c34d61f4ce11704f09d3e5cb6/out/vs/workbench/api/node/extensionHostProcess.js:7:2146)
	at _z.eb (file:///home/ilya/.vscode-server/bin/65edc4939843c90c34d61f4ce11704f09d3e5cb6/out/vs/workbench/api/node/extensionHostProcess.js:118:11919)
	at file:///home/ilya/.vscode-server/bin/65edc4939843c90c34d61f4ce11704f09d3e5cb6/out/vs/workbench/api/node/extensionHostProcess.js:118:9874
	at Array.map (<anonymous>)
	at _z.$ (file:///home/ilya/.vscode-server/bin/65edc4939843c90c34d61f4ce11704f09d3e5cb6/out/vs/workbench/api/node/extensionHostProcess.js:118:9862)
	at _z.terminate (file:///home/ilya/.vscode-server/bin/65edc4939843c90c34d61f4ce11704f09d3e5cb6/out/vs/workbench/api/node/extensionHostProcess.js:118:10105)
	at xC.terminate (file:///home/ilya/.vscode-server/bin/65edc4939843c90c34d61f4ce11704f09d3e5cb6/out/vs/workbench/api/node/extensionHostProcess.js:119:1424)
	at Zi (file:///home/ilya/.vscode-server/bin/65edc4939843c90c34d61f4ce11704f09d3e5cb6/out/vs/workbench/api/node/extensionHostProcess.js:174:15063)
	at mh.value (file:///home/ilya/.vscode-server/bin/65edc4939843c90c34d61f4ce11704f09d3e5cb6/out/vs/workbench/api/node/extensionHostProcess.js:174:13224)
	at P.B (file:///home/ilya/.vscode-server/bin/65edc4939843c90c34d61f4ce11704f09d3e5cb6/out/vs/workbench/api/node/extensionHostProcess.js:29:746)
	at P.fire (file:///home/ilya/.vscode-server/bin/65edc4939843c90c34d61f4ce11704f09d3e5cb6/out/vs/workbench/api/node/extensionHostProcess.js:29:964)
	at Vn.fire (file:///home/ilya/.vscode-server/bin/65edc4939843c90c34d61f4ce11704f09d3e5cb6/out/vs/workbench/api/node/extensionHostProcess.js:31:9457)
	at Fm.A (file:///home/ilya/.vscode-server/bin/65edc4939843c90c34d61f4ce11704f09d3e5cb6/out/vs/workbench/api/node/extensionHostProcess.js:31:12573)
	at mh.value (file:///home/ilya/.vscode-server/bin/65edc4939843c90c34d61f4ce11704f09d3e5cb6/out/vs/workbench/api/node/extensionHostProcess.js:31:10993)
	at P.B (file:///home/ilya/.vscode-server/bin/65edc4939843c90c34d61f4ce11704f09d3e5cb6/out/vs/workbench/api/node/extensionHostProcess.js:29:746)
	at P.fire (file:///home/ilya/.vscode-server/bin/65edc4939843c90c34d61f4ce11704f09d3e5cb6/out/vs/workbench/api/node/extensionHostProcess.js:29:964)
	at j5.acceptChunk (file:///home/ilya/.vscode-server/bin/65edc4939843c90c34d61f4ce11704f09d3e5cb6/out/vs/workbench/api/node/extensionHostProcess.js:31:7940)
	at mh.value (file:///home/ilya/.vscode-server/bin/65edc4939843c90c34d61f4ce11704f09d3e5cb6/out/vs/workbench/api/node/extensionHostProcess.js:31:7226)
	at P.B (file:///home/ilya/.vscode-server/bin/65edc4939843c90c34d61f4ce11704f09d3e5cb6/out/vs/workbench/api/node/extensionHostProcess.js:29:746)
	at P.fire (file:///home/ilya/.vscode-server/bin/65edc4939843c90c34d61f4ce11704f09d3e5cb6/out/vs/workbench/api/node/extensionHostProcess.js:29:964)
	at V2.z (file:///home/ilya/.vscode-server/bin/65edc4939843c90c34d61f4ce11704f09d3e5cb6/out/vs/workbench/api/node/extensionHostProcess.js:31:21944)
	at V2.acceptFrame (file:///home/ilya/.vscode-server/bin/65edc4939843c90c34d61f4ce11704f09d3e5cb6/out/vs/workbench/api/node/extensionHostProcess.js:31:21750)
	at W2.n (file:///home/ilya/.vscode-server/bin/65edc4939843c90c34d61f4ce11704f09d3e5cb6/out/vs/workbench/api/node/extensionHostProcess.js:31:20278)
	at file:///home/ilya/.vscode-server/bin/65edc4939843c90c34d61f4ce11704f09d3e5cb6/out/vs/workbench/api/node/extensionHostProcess.js:31:17510
	at Socket.t (file:///home/ilya/.vscode-server/bin/65edc4939843c90c34d61f4ce11704f09d3e5cb6/out/vs/workbench/api/node/extensionHostProcess.js:31:15451)
	at Socket.emit (node:events:519:28)
	at addChunk (node:internal/streams/readable:559:12)
	at readableAddChunkPushByteMode (node:internal/streams/readable:510:3)
	at Readable.push (node:internal/streams/readable:390:5)
	at TCP.onStreamRead (node:internal/stream_base_commons:191:23) setContext undefined
2024-11-05 20:15:21.100 [error] Canceled: Canceled
	at new tT (file:///home/ilya/.vscode-server/bin/65edc4939843c90c34d61f4ce11704f09d3e5cb6/out/vs/workbench/api/node/extensionHostProcess.js:31:151066)
	at py.U (file:///home/ilya/.vscode-server/bin/65edc4939843c90c34d61f4ce11704f09d3e5cb6/out/vs/workbench/api/node/extensionHostProcess.js:31:155676)
	at s.<computed>.n.charCodeAt.s.<computed> (file:///home/ilya/.vscode-server/bin/65edc4939843c90c34d61f4ce11704f09d3e5cb6/out/vs/workbench/api/node/extensionHostProcess.js:31:153170)
	at Y0.g (file:///home/ilya/.vscode-server/bin/65edc4939843c90c34d61f4ce11704f09d3e5cb6/out/vs/workbench/api/node/extensionHostProcess.js:114:32313)
	at Y0.executeCommand (file:///home/ilya/.vscode-server/bin/65edc4939843c90c34d61f4ce11704f09d3e5cb6/out/vs/workbench/api/node/extensionHostProcess.js:114:31817)
	at r.registerCommand.description (file:///home/ilya/.vscode-server/bin/65edc4939843c90c34d61f4ce11704f09d3e5cb6/out/vs/workbench/api/node/extensionHostProcess.js:114:31147)
	at Y0.h (file:///home/ilya/.vscode-server/bin/65edc4939843c90c34d61f4ce11704f09d3e5cb6/out/vs/workbench/api/node/extensionHostProcess.js:114:32833)
	at Y0.g (file:///home/ilya/.vscode-server/bin/65edc4939843c90c34d61f4ce11704f09d3e5cb6/out/vs/workbench/api/node/extensionHostProcess.js:114:31910)
	at Y0.executeCommand (file:///home/ilya/.vscode-server/bin/65edc4939843c90c34d61f4ce11704f09d3e5cb6/out/vs/workbench/api/node/extensionHostProcess.js:114:31817)
	at Object.executeCommand (file:///home/ilya/.vscode-server/bin/65edc4939843c90c34d61f4ce11704f09d3e5cb6/out/vs/workbench/api/node/extensionHostProcess.js:156:37246)
	at set hasGitHubRepositories [as hasGitHubRepositories] (/home/ilya/.vscode-server/bin/65edc4939843c90c34d61f4ce11704f09d3e5cb6/extensions/github/dist/extension.js:2:328633)
	at /home/ilya/.vscode-server/bin/65edc4939843c90c34d61f4ce11704f09d3e5cb6/extensions/github/dist/extension.js:2:329592
	at mh.value (/home/ilya/.vscode-server/bin/65edc4939843c90c34d61f4ce11704f09d3e5cb6/extensions/git/dist/main.js:2:1073936)
	at P.B (file:///home/ilya/.vscode-server/bin/65edc4939843c90c34d61f4ce11704f09d3e5cb6/out/vs/workbench/api/node/extensionHostProcess.js:29:746)
	at P.C (file:///home/ilya/.vscode-server/bin/65edc4939843c90c34d61f4ce11704f09d3e5cb6/out/vs/workbench/api/node/extensionHostProcess.js:29:816)
	at P.fire (file:///home/ilya/.vscode-server/bin/65edc4939843c90c34d61f4ce11704f09d3e5cb6/out/vs/workbench/api/node/extensionHostProcess.js:29:1033)
	at Object.p [as dispose] (/home/ilya/.vscode-server/bin/65edc4939843c90c34d61f4ce11704f09d3e5cb6/extensions/git/dist/main.js:2:983333)
	at /home/ilya/.vscode-server/bin/65edc4939843c90c34d61f4ce11704f09d3e5cb6/extensions/git/dist/main.js:2:989455
	at Array.forEach (<anonymous>)
	at b.dispose (/home/ilya/.vscode-server/bin/65edc4939843c90c34d61f4ce11704f09d3e5cb6/extensions/git/dist/main.js:2:989441)
	at V1.<anonymous> (file:///home/ilya/.vscode-server/bin/65edc4939843c90c34d61f4ce11704f09d3e5cb6/out/vs/workbench/api/node/extensionHostProcess.js:108:19994)
	at V1.dispose (file:///home/ilya/.vscode-server/bin/65edc4939843c90c34d61f4ce11704f09d3e5cb6/out/vs/workbench/api/node/extensionHostProcess.js:108:20090)
	at V1.<anonymous> (/home/ilya/.vscode-server/bin/65edc4939843c90c34d61f4ce11704f09d3e5cb6/extensions/git/dist/main.js:2:964255)
	at V1.dispose (file:///home/ilya/.vscode-server/bin/65edc4939843c90c34d61f4ce11704f09d3e5cb6/out/vs/workbench/api/node/extensionHostProcess.js:108:20090)
	at ci (file:///home/ilya/.vscode-server/bin/65edc4939843c90c34d61f4ce11704f09d3e5cb6/out/vs/workbench/api/node/extensionHostProcess.js:24:699)
	at file:///home/ilya/.vscode-server/bin/65edc4939843c90c34d61f4ce11704f09d3e5cb6/out/vs/workbench/api/node/extensionHostProcess.js:118:14992
	at file:///home/ilya/.vscode-server/bin/65edc4939843c90c34d61f4ce11704f09d3e5cb6/out/vs/workbench/api/node/extensionHostProcess.js:24:1009
	at Object.dispose (file:///home/ilya/.vscode-server/bin/65edc4939843c90c34d61f4ce11704f09d3e5cb6/out/vs/workbench/api/node/extensionHostProcess.js:7:2146)
	at _z.eb (file:///home/ilya/.vscode-server/bin/65edc4939843c90c34d61f4ce11704f09d3e5cb6/out/vs/workbench/api/node/extensionHostProcess.js:118:11919)
	at file:///home/ilya/.vscode-server/bin/65edc4939843c90c34d61f4ce11704f09d3e5cb6/out/vs/workbench/api/node/extensionHostProcess.js:118:9874
	at Array.map (<anonymous>)
	at _z.$ (file:///home/ilya/.vscode-server/bin/65edc4939843c90c34d61f4ce11704f09d3e5cb6/out/vs/workbench/api/node/extensionHostProcess.js:118:9862)
	at _z.terminate (file:///home/ilya/.vscode-server/bin/65edc4939843c90c34d61f4ce11704f09d3e5cb6/out/vs/workbench/api/node/extensionHostProcess.js:118:10105)
	at xC.terminate (file:///home/ilya/.vscode-server/bin/65edc4939843c90c34d61f4ce11704f09d3e5cb6/out/vs/workbench/api/node/extensionHostProcess.js:119:1424)
	at Zi (file:///home/ilya/.vscode-server/bin/65edc4939843c90c34d61f4ce11704f09d3e5cb6/out/vs/workbench/api/node/extensionHostProcess.js:174:15063)
	at mh.value (file:///home/ilya/.vscode-server/bin/65edc4939843c90c34d61f4ce11704f09d3e5cb6/out/vs/workbench/api/node/extensionHostProcess.js:174:13224)
	at P.B (file:///home/ilya/.vscode-server/bin/65edc4939843c90c34d61f4ce11704f09d3e5cb6/out/vs/workbench/api/node/extensionHostProcess.js:29:746)
	at P.fire (file:///home/ilya/.vscode-server/bin/65edc4939843c90c34d61f4ce11704f09d3e5cb6/out/vs/workbench/api/node/extensionHostProcess.js:29:964)
	at Vn.fire (file:///home/ilya/.vscode-server/bin/65edc4939843c90c34d61f4ce11704f09d3e5cb6/out/vs/workbench/api/node/extensionHostProcess.js:31:9457)
	at Fm.A (file:///home/ilya/.vscode-server/bin/65edc4939843c90c34d61f4ce11704f09d3e5cb6/out/vs/workbench/api/node/extensionHostProcess.js:31:12573)
	at mh.value (file:///home/ilya/.vscode-server/bin/65edc4939843c90c34d61f4ce11704f09d3e5cb6/out/vs/workbench/api/node/extensionHostProcess.js:31:10993)
	at P.B (file:///home/ilya/.vscode-server/bin/65edc4939843c90c34d61f4ce11704f09d3e5cb6/out/vs/workbench/api/node/extensionHostProcess.js:29:746)
	at P.fire (file:///home/ilya/.vscode-server/bin/65edc4939843c90c34d61f4ce11704f09d3e5cb6/out/vs/workbench/api/node/extensionHostProcess.js:29:964)
	at j5.acceptChunk (file:///home/ilya/.vscode-server/bin/65edc4939843c90c34d61f4ce11704f09d3e5cb6/out/vs/workbench/api/node/extensionHostProcess.js:31:7940)
	at mh.value (file:///home/ilya/.vscode-server/bin/65edc4939843c90c34d61f4ce11704f09d3e5cb6/out/vs/workbench/api/node/extensionHostProcess.js:31:7226)
	at P.B (file:///home/ilya/.vscode-server/bin/65edc4939843c90c34d61f4ce11704f09d3e5cb6/out/vs/workbench/api/node/extensionHostProcess.js:29:746)
	at P.fire (file:///home/ilya/.vscode-server/bin/65edc4939843c90c34d61f4ce11704f09d3e5cb6/out/vs/workbench/api/node/extensionHostProcess.js:29:964)
	at V2.z (file:///home/ilya/.vscode-server/bin/65edc4939843c90c34d61f4ce11704f09d3e5cb6/out/vs/workbench/api/node/extensionHostProcess.js:31:21944)
	at V2.acceptFrame (file:///home/ilya/.vscode-server/bin/65edc4939843c90c34d61f4ce11704f09d3e5cb6/out/vs/workbench/api/node/extensionHostProcess.js:31:21750)
	at W2.n (file:///home/ilya/.vscode-server/bin/65edc4939843c90c34d61f4ce11704f09d3e5cb6/out/vs/workbench/api/node/extensionHostProcess.js:31:20278)
	at file:///home/ilya/.vscode-server/bin/65edc4939843c90c34d61f4ce11704f09d3e5cb6/out/vs/workbench/api/node/extensionHostProcess.js:31:17510
	at Socket.t (file:///home/ilya/.vscode-server/bin/65edc4939843c90c34d61f4ce11704f09d3e5cb6/out/vs/workbench/api/node/extensionHostProcess.js:31:15451)
	at Socket.emit (node:events:519:28)
	at addChunk (node:internal/streams/readable:559:12)
	at readableAddChunkPushByteMode (node:internal/streams/readable:510:3)
	at Readable.push (node:internal/streams/readable:390:5)
	at TCP.onStreamRead (node:internal/stream_base_commons:191:23) setContext undefined
2024-11-05 20:15:21.111 [info] Extension host with pid 1293 exiting with code 0
