2024-11-07 10:35:04.286 [info] [main] Log level: Info
2024-11-07 10:35:04.286 [info] [main] Validating found git in: "git"
2024-11-07 10:35:04.286 [info] [main] Using git "2.34.1" from "git"
2024-11-07 10:35:04.286 [info] [Model][doInitialScan] Initial repository scan started
2024-11-07 10:35:04.286 [info] > git rev-parse --show-toplevel [47ms]
2024-11-07 10:35:04.286 [info] > git rev-parse --git-dir --git-common-dir [0ms]
2024-11-07 10:35:04.286 [info] [Model][openRepository] Opened repository: /home/ilya
2024-11-07 10:35:04.286 [info] > git rev-parse --show-toplevel [3ms]
2024-11-07 10:35:04.286 [info] > git config --get commit.template [6ms]
2024-11-07 10:35:04.288 [info] > git rev-parse --show-toplevel [2ms]
2024-11-07 10:35:04.291 [info] [Model][doInitialScan] Initial repository scan completed - repositories (1), closed repositories (0), parent repositories (0), unsafe repositories (0)
2024-11-07 10:35:04.293 [info] > git for-each-ref --format=%(refname)%00%(upstream:short)%00%(objectname)%00%(upstream:track)%00%(upstream:remotename)%00%(upstream:remoteref) refs/heads/main refs/remotes/main [5ms]
2024-11-07 10:35:04.300 [info] > git for-each-ref --sort -committerdate --format %(refname) %(objectname) %(*objectname) [2ms]
2024-11-07 10:35:04.949 [info] > git check-ignore -v -z --stdin [65ms]
2024-11-07 10:35:07.831 [info] > git status -z -uall [3535ms] (cancelled)
2024-11-07 10:35:07.831 [info] > git check-ignore -v -z --stdin [1ms]
2024-11-07 10:35:16.401 [info] > git for-each-ref --format=%(refname)%00%(upstream:short)%00%(objectname)%00%(upstream:track)%00%(upstream:remotename)%00%(upstream:remoteref) refs/heads/main refs/remotes/main [1214ms]
2024-11-07 10:35:16.453 [info] > git config --local branch.main.vscode-merge-base [48ms]
2024-11-07 10:35:16.454 [warning] [Git][config] git config failed: Failed to execute git
2024-11-07 10:35:16.466 [info] > git config --get commit.template [66ms]
2024-11-07 10:35:16.468 [info] > git reflog main --grep-reflog=branch: Created from *. [9ms]
2024-11-07 10:35:16.480 [info] > git symbolic-ref --short refs/remotes/origin/HEAD [7ms]
2024-11-07 10:35:16.480 [info] fatal: ref refs/remotes/origin/HEAD is not a symbolic ref
2024-11-07 10:35:16.480 [warning] [Repository][getDefaultBranch] Failed to get default branch details: Failed to execute git.
2024-11-07 10:35:16.493 [info] > git merge-base refs/heads/main refs/remotes/origin/main [6ms]
2024-11-07 10:35:16.499 [info] > git for-each-ref --format=%(refname)%00%(upstream:short)%00%(objectname)%00%(upstream:track)%00%(upstream:remotename)%00%(upstream:remoteref) refs/heads/main refs/remotes/main [21ms]
2024-11-07 10:35:16.519 [info] > git diff --name-status -z --diff-filter=ADMR b8b13eb1394fcc469627dd6bb3242130aa8f7280...refs/remotes/origin/main [21ms]
2024-11-07 10:35:16.521 [info] > git for-each-ref --sort -committerdate --format %(refname) %(objectname) %(*objectname) [2ms]
2024-11-07 10:35:16.948 [info] > git status -z -uall [443ms] (cancelled)
2024-11-07 10:35:26.153 [info] > git check-ignore -v -z --stdin [1ms]
2024-11-07 10:35:27.482 [info] > git check-ignore -v -z --stdin [1ms]
2024-11-07 10:35:29.620 [info] > git check-ignore -v -z --stdin [1ms]
2024-11-07 10:35:35.110 [info] > git show --textconv :app-redux/src/components/PostsComment.jsx [10ms]
2024-11-07 10:35:35.112 [info] > git ls-files --stage -- /home/ilya/app-redux/src/components/PostsComment.jsx [8ms]
2024-11-07 10:56:06.051 [info] > git show --textconv :app-redux/src/components/AppRouter/AppRouter.jsx [33ms]
2024-11-07 10:56:06.053 [info] > git ls-files --stage -- /home/ilya/app-redux/src/components/AppRouter/AppRouter.jsx [30ms]
2024-11-07 10:56:09.159 [info] > git check-ignore -v -z --stdin [2ms]
2024-11-07 10:56:09.536 [info] > git show --textconv :app-redux/src/components/Navbar/Navbar.jsx [6ms]
2024-11-07 10:56:09.537 [info] > git ls-files --stage -- /home/ilya/app-redux/src/components/Navbar/Navbar.jsx [2ms]
2024-11-07 10:56:11.613 [info] > git show --textconv :app-redux/src/components/AppRouter/AppRouter.jsx [2ms]
2024-11-07 10:56:11.613 [info] > git ls-files --stage -- /home/ilya/app-redux/src/components/AppRouter/AppRouter.jsx [1ms]
2024-11-07 10:56:27.550 [info] > git show --textconv :app-redux/src/components/PostsComment.jsx [3ms]
2024-11-07 10:56:27.552 [info] > git ls-files --stage -- /home/ilya/app-redux/src/components/PostsComment.jsx [2ms]
2024-11-07 10:56:32.033 [info] > git show --textconv :app-redux/src/components/PostsJson.jsx [5ms]
2024-11-07 10:56:32.034 [info] > git ls-files --stage -- /home/ilya/app-redux/src/components/PostsJson.jsx [2ms]
2024-11-07 10:56:36.271 [info] > git show --textconv :app-redux/src/components/PostsComment.jsx [3ms]
2024-11-07 10:56:36.272 [info] > git ls-files --stage -- /home/ilya/app-redux/src/components/PostsComment.jsx [2ms]
2024-11-07 10:56:38.481 [info] > git show --textconv :app-redux/src/components/DataJsonMap.jsx [3ms]
2024-11-07 10:56:38.482 [info] > git ls-files --stage -- /home/ilya/app-redux/src/components/DataJsonMap.jsx [2ms]
2024-11-07 10:56:52.015 [info] > git show --textconv :app-redux/src/components/PostsComment.jsx [2ms]
2024-11-07 10:56:52.017 [info] > git ls-files --stage -- /home/ilya/app-redux/src/components/PostsComment.jsx [2ms]
2024-11-07 11:01:15.515 [info] > git show --textconv :app-redux/src/components/AppRouter/AppRouter.jsx [37ms]
2024-11-07 11:01:15.515 [info] > git ls-files --stage -- /home/ilya/app-redux/src/components/AppRouter/AppRouter.jsx [34ms]
2024-11-07 11:01:16.012 [info] > git show --textconv :app-redux/src/components/DataJsonMap.jsx [4ms]
2024-11-07 11:01:16.012 [info] > git ls-files --stage -- /home/ilya/app-redux/src/components/DataJsonMap.jsx [1ms]
2024-11-07 11:01:16.694 [info] > git show --textconv :app-redux/src/components/PostsComment.jsx [2ms]
2024-11-07 11:01:16.696 [info] > git ls-files --stage -- /home/ilya/app-redux/src/components/PostsComment.jsx [2ms]
2024-11-07 11:01:17.427 [info] > git show --textconv :app-redux/src/components/AppRouter/AppRouter.jsx [2ms]
2024-11-07 11:01:17.428 [info] > git ls-files --stage -- /home/ilya/app-redux/src/components/AppRouter/AppRouter.jsx [1ms]
2024-11-07 11:01:17.994 [info] > git show --textconv :app-redux/src/components/Navbar/Navbar.jsx [3ms]
2024-11-07 11:01:17.994 [info] > git ls-files --stage -- /home/ilya/app-redux/src/components/Navbar/Navbar.jsx [1ms]
2024-11-07 11:01:19.094 [info] > git show --textconv :app-redux/src/components/PostsComment.jsx [3ms]
2024-11-07 11:01:19.095 [info] > git ls-files --stage -- /home/ilya/app-redux/src/components/PostsComment.jsx [2ms]
2024-11-07 11:04:56.894 [info] > git show --textconv :app-redux/src/components/AppRouter/AppRouter.jsx [2ms]
2024-11-07 11:04:56.895 [info] > git ls-files --stage -- /home/ilya/app-redux/src/components/AppRouter/AppRouter.jsx [1ms]
