2024-08-28 11:30:56.882 [info] Log level: Info
2024-08-28 11:30:56.882 [info] Validating found git in: "git"
2024-08-28 11:30:56.882 [info] Using git "2.34.1" from "git"
2024-08-28 11:30:56.882 [info] > git rev-parse --show-toplevel [8ms]
2024-08-28 11:30:56.884 [info] > git rev-parse --git-dir --git-common-dir [5ms]
2024-08-28 11:30:56.897 [info] Open repository: /home/ilya/react-fundamental-course
2024-08-28 11:30:56.913 [info] > git rev-parse --show-toplevel [4ms]
2024-08-28 11:30:56.914 [info] > git config --get commit.template [9ms]
2024-08-28 11:30:57.182 [info] > git rev-parse --show-toplevel [34ms]
2024-08-28 11:30:57.190 [info] > git rev-parse --show-toplevel [3ms]
2024-08-28 11:30:57.190 [info] > git for-each-ref --format=%(refname)%00%(upstream:short)%00%(objectname)%00%(upstream:track)%00%(upstream:remotename)%00%(upstream:remoteref) refs/heads/master refs/remotes/master [10ms]
2024-08-28 11:30:57.200 [warning] ENOENT: no such file or directory, open '/home/ilya/react-fundamental-course/.git/refs/remotes/origin/master'
2024-08-28 11:30:57.201 [info] > git rev-parse --show-toplevel [6ms]
2024-08-28 11:30:57.215 [info] > git show --textconv :public/index.html [6ms]
2024-08-28 11:30:57.215 [info] > git rev-parse refs/remotes/origin/master [16ms]
2024-08-28 11:30:57.220 [info] > git ls-files --stage -- /home/ilya/react-fundamental-course/public/index.html [7ms]
2024-08-28 11:30:57.225 [info] > git cat-file -s 37b238e2e709cfb68f2649b50aa94106152f55fe [2ms]
2024-08-28 11:30:57.234 [info] > git status -z -uall [15ms]
2024-08-28 11:30:57.255 [info] > git merge-base refs/heads/master refs/remotes/origin/master [14ms]
2024-08-28 11:30:57.262 [info] > git config --get commit.template [8ms]
2024-08-28 11:30:57.266 [info] > git rev-list --count --left-right refs/heads/master...refs/remotes/origin/master [6ms]
2024-08-28 11:30:57.315 [info] > git diff --name-status -z --diff-filter=ADMR 06ee57871f77897baaad30adf27c093025ad407c...refs/remotes/origin/master [45ms]
2024-08-28 11:30:57.328 [info] > git for-each-ref --format=%(refname)%00%(upstream:short)%00%(objectname)%00%(upstream:track)%00%(upstream:remotename)%00%(upstream:remoteref) refs/heads/master refs/remotes/master [14ms]
2024-08-28 11:30:57.334 [warning] ENOENT: no such file or directory, open '/home/ilya/react-fundamental-course/.git/refs/remotes/origin/master'
2024-08-28 11:30:57.351 [info] > git rev-parse refs/remotes/origin/master [17ms]
2024-08-28 11:30:57.361 [info] > git status -z -uall [5ms]
2024-08-28 11:30:57.666 [info] > git check-ignore -v -z --stdin [3ms]
