2024-08-28 11:09:36.390 [info] Extension host with pid 4478 started
2024-08-28 11:09:36.390 [info] Skipping acquiring lock for /home/ilya/.config/Code/User/workspaceStorage/4ff50f5f3636e04ba41d5c8b78ebebde.
2024-08-28 11:09:36.437 [info] ExtensionService#_doActivateExtension vscode.git-base, startup: true, activationEvent: '*', root cause: vscode.git
2024-08-28 11:09:36.441 [info] ExtensionService#_doActivateExtension vscode.npm, startup: true, activationEvent: 'workspaceContains:package.json'
2024-08-28 11:09:36.484 [info] ExtensionService#_doActivateExtension vscode.git, startup: true, activationEvent: '*'
2024-08-28 11:09:36.516 [info] ExtensionService#_doActivateExtension vscode.github, startup: true, activationEvent: '*'
2024-08-28 11:09:36.597 [info] Eager extensions activated
2024-08-28 11:09:36.656 [info] ExtensionService#_doActivateExtension vscode.debug-auto-launch, startup: false, activationEvent: 'onStartupFinished'
2024-08-28 11:09:36.658 [info] ExtensionService#_doActivateExtension vscode.merge-conflict, startup: false, activationEvent: 'onStartupFinished'
2024-08-28 11:09:36.772 [info] ExtensionService#_doActivateExtension vscode.github-authentication, startup: false, activationEvent: 'onAuthenticationRequest:github'
2024-08-28 11:09:37.718 [info] Extension host terminating: renderer closed the MessagePort
2024-08-28 11:09:37.757 [error] Canceled: Canceled
	at new O (/usr/share/code/resources/app/out/vs/workbench/api/node/extensionHostProcess.js:143:47131)
	at c.U (/usr/share/code/resources/app/out/vs/workbench/api/node/extensionHostProcess.js:150:5542)
	at F.<computed>.z.charCodeAt.F.<computed> (/usr/share/code/resources/app/out/vs/workbench/api/node/extensionHostProcess.js:150:2993)
	at r.g (/usr/share/code/resources/app/out/vs/workbench/api/node/extensionHostProcess.js:153:188926)
	at r.executeCommand (/usr/share/code/resources/app/out/vs/workbench/api/node/extensionHostProcess.js:153:188364)
	at k.registerCommand.description (/usr/share/code/resources/app/out/vs/workbench/api/node/extensionHostProcess.js:153:187688)
	at r.h (/usr/share/code/resources/app/out/vs/workbench/api/node/extensionHostProcess.js:153:189465)
	at r.g (/usr/share/code/resources/app/out/vs/workbench/api/node/extensionHostProcess.js:153:188457)
	at r.executeCommand (/usr/share/code/resources/app/out/vs/workbench/api/node/extensionHostProcess.js:153:188364)
	at Object.executeCommand (/usr/share/code/resources/app/out/vs/workbench/api/node/extensionHostProcess.js:163:22673)
	at a.O [as value] (/usr/share/code/resources/app/extensions/git/dist/main.js:2:945138)
	at o.y (/usr/share/code/resources/app/out/vs/workbench/api/node/extensionHostProcess.js:82:660)
	at o.z (/usr/share/code/resources/app/out/vs/workbench/api/node/extensionHostProcess.js:82:730)
	at o.fire (/usr/share/code/resources/app/out/vs/workbench/api/node/extensionHostProcess.js:82:946)
	at Object.p [as dispose] (/usr/share/code/resources/app/extensions/git/dist/main.js:2:964222)
	at /usr/share/code/resources/app/extensions/git/dist/main.js:2:970260
	at Array.forEach (<anonymous>)
	at f.dispose (/usr/share/code/resources/app/extensions/git/dist/main.js:2:970246)
	at h.<anonymous> (/usr/share/code/resources/app/out/vs/workbench/api/node/extensionHostProcess.js:151:3955)
	at h.dispose (/usr/share/code/resources/app/out/vs/workbench/api/node/extensionHostProcess.js:151:4052)
	at h.<anonymous> (/usr/share/code/resources/app/extensions/git/dist/main.js:2:947395)
	at h.dispose (/usr/share/code/resources/app/out/vs/workbench/api/node/extensionHostProcess.js:151:4052)
	at a (/usr/share/code/resources/app/out/vs/workbench/api/node/extensionHostProcess.js:30:744)
	at f.eb (/usr/share/code/resources/app/out/vs/workbench/api/node/extensionHostProcess.js:159:9975)
	at /usr/share/code/resources/app/out/vs/workbench/api/node/extensionHostProcess.js:159:7824
	at Array.map (<anonymous>)
	at f.$ (/usr/share/code/resources/app/out/vs/workbench/api/node/extensionHostProcess.js:159:7811)
	at f.terminate (/usr/share/code/resources/app/out/vs/workbench/api/node/extensionHostProcess.js:159:8085)
	at a.terminate (/usr/share/code/resources/app/out/vs/workbench/api/node/extensionHostProcess.js:163:1513)
	at t (/usr/share/code/resources/app/out/vs/workbench/api/node/extensionHostProcess.js:176:9922)
	at MessagePortMain.<anonymous> (/usr/share/code/resources/app/out/vs/workbench/api/node/extensionHostProcess.js:176:6347)
	at MessagePortMain.emit (node:events:517:28)
	at MessagePortMain._internalPort.emit (node:electron/js2c/utility_init:2:2285) setContext undefined
2024-08-28 11:09:37.757 [error] Canceled: Canceled
	at new O (/usr/share/code/resources/app/out/vs/workbench/api/node/extensionHostProcess.js:143:47131)
	at c.U (/usr/share/code/resources/app/out/vs/workbench/api/node/extensionHostProcess.js:150:5542)
	at F.<computed>.z.charCodeAt.F.<computed> (/usr/share/code/resources/app/out/vs/workbench/api/node/extensionHostProcess.js:150:2993)
	at r.g (/usr/share/code/resources/app/out/vs/workbench/api/node/extensionHostProcess.js:153:188926)
	at r.executeCommand (/usr/share/code/resources/app/out/vs/workbench/api/node/extensionHostProcess.js:153:188364)
	at k.registerCommand.description (/usr/share/code/resources/app/out/vs/workbench/api/node/extensionHostProcess.js:153:187688)
	at r.h (/usr/share/code/resources/app/out/vs/workbench/api/node/extensionHostProcess.js:153:189465)
	at r.g (/usr/share/code/resources/app/out/vs/workbench/api/node/extensionHostProcess.js:153:188457)
	at r.executeCommand (/usr/share/code/resources/app/out/vs/workbench/api/node/extensionHostProcess.js:153:188364)
	at Object.executeCommand (/usr/share/code/resources/app/out/vs/workbench/api/node/extensionHostProcess.js:163:22673)
	at set hasGitHubRepositories [as hasGitHubRepositories] (/usr/share/code/resources/app/extensions/github/dist/extension.js:2:322969)
	at /usr/share/code/resources/app/extensions/github/dist/extension.js:2:323928
	at a.value (/usr/share/code/resources/app/extensions/git/dist/main.js:2:1050711)
	at o.y (/usr/share/code/resources/app/out/vs/workbench/api/node/extensionHostProcess.js:82:660)
	at o.z (/usr/share/code/resources/app/out/vs/workbench/api/node/extensionHostProcess.js:82:730)
	at o.fire (/usr/share/code/resources/app/out/vs/workbench/api/node/extensionHostProcess.js:82:946)
	at Object.p [as dispose] (/usr/share/code/resources/app/extensions/git/dist/main.js:2:964222)
	at /usr/share/code/resources/app/extensions/git/dist/main.js:2:970260
	at Array.forEach (<anonymous>)
	at f.dispose (/usr/share/code/resources/app/extensions/git/dist/main.js:2:970246)
	at h.<anonymous> (/usr/share/code/resources/app/out/vs/workbench/api/node/extensionHostProcess.js:151:3955)
	at h.dispose (/usr/share/code/resources/app/out/vs/workbench/api/node/extensionHostProcess.js:151:4052)
	at h.<anonymous> (/usr/share/code/resources/app/extensions/git/dist/main.js:2:947395)
	at h.dispose (/usr/share/code/resources/app/out/vs/workbench/api/node/extensionHostProcess.js:151:4052)
	at a (/usr/share/code/resources/app/out/vs/workbench/api/node/extensionHostProcess.js:30:744)
	at f.eb (/usr/share/code/resources/app/out/vs/workbench/api/node/extensionHostProcess.js:159:9975)
	at /usr/share/code/resources/app/out/vs/workbench/api/node/extensionHostProcess.js:159:7824
	at Array.map (<anonymous>)
	at f.$ (/usr/share/code/resources/app/out/vs/workbench/api/node/extensionHostProcess.js:159:7811)
	at f.terminate (/usr/share/code/resources/app/out/vs/workbench/api/node/extensionHostProcess.js:159:8085)
	at a.terminate (/usr/share/code/resources/app/out/vs/workbench/api/node/extensionHostProcess.js:163:1513)
	at t (/usr/share/code/resources/app/out/vs/workbench/api/node/extensionHostProcess.js:176:9922)
	at MessagePortMain.<anonymous> (/usr/share/code/resources/app/out/vs/workbench/api/node/extensionHostProcess.js:176:6347)
	at MessagePortMain.emit (node:events:517:28)
	at MessagePortMain._internalPort.emit (node:electron/js2c/utility_init:2:2285) setContext undefined
2024-08-28 11:09:37.758 [error] ProxyResolver#addCertificatesV1 Canceled: Canceled
	at new O (/usr/share/code/resources/app/out/vs/workbench/api/node/extensionHostProcess.js:143:47131)
	at c.U (/usr/share/code/resources/app/out/vs/workbench/api/node/extensionHostProcess.js:150:5542)
	at F.<computed>.z.charCodeAt.F.<computed> (/usr/share/code/resources/app/out/vs/workbench/api/node/extensionHostProcess.js:150:2993)
	at C.loadCertificates (/usr/share/code/resources/app/out/vs/workbench/api/node/extensionHostProcess.js:156:41276)
	at Object.loadAdditionalCertificates (/usr/share/code/resources/app/out/vs/workbench/api/node/extensionHostProcess.js:138:34340)
	at /usr/share/code/resources/app/node_modules.asar/@vscode/proxy-agent/out/index.js:475:53
	at Generator.next (<anonymous>)
	at /usr/share/code/resources/app/node_modules.asar/@vscode/proxy-agent/out/index.js:35:71
	at new Promise (<anonymous>)
	at __awaiter (/usr/share/code/resources/app/node_modules.asar/@vscode/proxy-agent/out/index.js:31:12)
	at /usr/share/code/resources/app/node_modules.asar/@vscode/proxy-agent/out/index.js:474:43
	at /usr/share/code/resources/app/node_modules.asar/@vscode/proxy-agent/out/index.js:476:16
	at Generator.next (<anonymous>)
	at /usr/share/code/resources/app/node_modules.asar/@vscode/proxy-agent/out/index.js:35:71
	at new Promise (<anonymous>)
	at __awaiter (/usr/share/code/resources/app/node_modules.asar/@vscode/proxy-agent/out/index.js:31:12)
	at getOrLoadAdditionalCertificates (/usr/share/code/resources/app/node_modules.asar/@vscode/proxy-agent/out/index.js:472:12)
	at addCertificatesV1 (/usr/share/code/resources/app/node_modules.asar/@vscode/proxy-agent/out/index.js:456:9)
	at resolveProxy (/usr/share/code/resources/app/node_modules.asar/@vscode/proxy-agent/out/index.js:112:9)
	at /usr/share/code/resources/app/node_modules.asar/@vscode/proxy-agent/out/index.js:303:77
	at new Promise (<anonymous>)
	at _PacProxyAgent.resolveP [as resolver] (/usr/share/code/resources/app/node_modules.asar/@vscode/proxy-agent/out/index.js:303:54)
	at _PacProxyAgent.<anonymous> (/usr/share/code/resources/app/node_modules.asar/@vscode/proxy-agent/out/agent.js:70:37)
	at Generator.next (<anonymous>)
	at /usr/share/code/resources/app/node_modules.asar/@vscode/proxy-agent/out/agent.js:8:71
	at new Promise (<anonymous>)
	at __awaiter (/usr/share/code/resources/app/node_modules.asar/@vscode/proxy-agent/out/agent.js:4:12)
	at _PacProxyAgent.connect (/usr/share/code/resources/app/node_modules.asar/@vscode/proxy-agent/out/agent.js:52:16)
	at /usr/share/code/resources/app/node_modules.asar/agent-base/dist/index.js:73:30
2024-08-28 11:09:37.758 [info] Extension host with pid 4478 exiting with code 0
