2024-11-06 14:15:37.786 [info] [main] Log level: Info
2024-11-06 14:15:37.786 [info] [main] Validating found git in: "git"
2024-11-06 14:15:37.786 [info] [main] Using git "2.34.1" from "git"
2024-11-06 14:15:37.786 [info] [Model][doInitialScan] Initial repository scan started
2024-11-06 14:15:37.786 [info] > git rev-parse --show-toplevel [10ms]
2024-11-06 14:15:37.786 [info] > git rev-parse --git-dir --git-common-dir [2ms]
2024-11-06 14:15:37.786 [info] [Model][openRepository] Opened repository: /home/ilya
2024-11-06 14:15:37.786 [info] > git rev-parse --show-toplevel [3ms]
2024-11-06 14:15:37.786 [info] > git config --get commit.template [7ms]
2024-11-06 14:15:37.786 [info] > git rev-parse --show-toplevel [4ms]
2024-11-06 14:15:37.786 [info] > git for-each-ref --format=%(refname)%00%(upstream:short)%00%(objectname)%00%(upstream:track)%00%(upstream:remotename)%00%(upstream:remoteref) refs/heads/main refs/remotes/main [5ms]
2024-11-06 14:15:37.786 [info] > git rev-parse --show-toplevel [2ms]
2024-11-06 14:15:37.786 [info] [Model][doInitialScan] Initial repository scan completed - repositories (1), closed repositories (0), parent repositories (0), unsafe repositories (0)
2024-11-06 14:15:37.786 [info] > git for-each-ref --sort -committerdate --format %(refname) %(objectname) %(*objectname) [2ms]
2024-11-06 14:15:38.536 [info] > git check-ignore -v -z --stdin [132ms]
2024-11-06 14:15:38.536 [info] > git show --textconv :app-redux/src/components/App.js [122ms]
2024-11-06 14:15:38.537 [info] > git ls-files --stage -- /home/ilya/app-redux/src/components/App.js [117ms]
2024-11-06 14:15:38.545 [info] > git cat-file -s a1b47a5a8aac43f72c95139016613e462aa6d1bb [5ms]
2024-11-06 14:15:41.309 [info] > git show --textconv :app-redux/src/Makefile [3ms]
2024-11-06 14:15:41.310 [info] > git ls-files --stage -- /home/ilya/app-redux/src/Makefile [2ms]
2024-11-06 14:15:41.691 [info] > git status -z -uall [3920ms] (cancelled)
2024-11-06 14:15:41.692 [info] > git check-ignore -v -z --stdin [1ms]
2024-11-06 14:16:06.987 [info] > git show --textconv :app-redux/src/components/App.js [15ms]
2024-11-06 14:16:06.990 [info] > git ls-files --stage -- /home/ilya/app-redux/src/components/App.js [4ms]
2024-11-06 14:16:06.997 [info] > git cat-file -s a1b47a5a8aac43f72c95139016613e462aa6d1bb [2ms]
2024-11-06 14:16:17.627 [info] > git show --textconv :app-redux/src/slices/tasksSlice.js [2ms]
2024-11-06 14:16:17.628 [info] > git ls-files --stage -- /home/ilya/app-redux/src/slices/tasksSlice.js [1ms]
2024-11-06 14:17:02.377 [info] > git show --textconv :app-redux/src/components/PostsApp.jsx [5ms]
2024-11-06 14:17:02.378 [info] > git ls-files --stage -- /home/ilya/app-redux/src/components/PostsApp.jsx [3ms]
2024-11-06 14:17:15.878 [info] > git show --textconv :app-redux/src/components/Posts.jsx [3ms]
2024-11-06 14:17:15.878 [info] > git ls-files --stage -- /home/ilya/app-redux/src/components/Posts.jsx [1ms]
2024-11-06 14:17:59.935 [info] > git show --textconv :app-redux/src/components/PostsApp.jsx [2ms]
2024-11-06 14:17:59.936 [info] > git ls-files --stage -- /home/ilya/app-redux/src/components/PostsApp.jsx [1ms]
2024-11-06 14:18:05.998 [info] > git show --textconv :app-redux/src/components/Posts.jsx [3ms]
2024-11-06 14:18:05.999 [info] > git ls-files --stage -- /home/ilya/app-redux/src/components/Posts.jsx [2ms]
2024-11-06 14:18:28.984 [info] > git show --textconv :app-redux/src/slices/tasksSlice.js [3ms]
2024-11-06 14:18:28.985 [info] > git ls-files --stage -- /home/ilya/app-redux/src/slices/tasksSlice.js [1ms]
2024-11-06 14:18:29.676 [info] > git show --textconv :app-redux/src/components/PostsApp.jsx [2ms]
2024-11-06 14:18:29.677 [info] > git ls-files --stage -- /home/ilya/app-redux/src/components/PostsApp.jsx [1ms]
2024-11-06 14:18:30.858 [info] > git show --textconv :app-redux/src/slices/tasksSlice.js [5ms]
2024-11-06 14:18:30.859 [info] > git ls-files --stage -- /home/ilya/app-redux/src/slices/tasksSlice.js [1ms]
2024-11-06 14:19:07.322 [info] > git show --textconv :app-redux/src/components/Posts.jsx [3ms]
2024-11-06 14:19:07.322 [info] > git ls-files --stage -- /home/ilya/app-redux/src/components/Posts.jsx [1ms]
2024-11-06 14:21:09.494 [info] > git show --textconv :app-redux/src/slices/tasksSlice.js [3ms]
2024-11-06 14:21:09.495 [info] > git ls-files --stage -- /home/ilya/app-redux/src/slices/tasksSlice.js [2ms]
2024-11-06 14:26:04.248 [info] > git show --textconv :app-redux/src/components/PostsApp.jsx [3ms]
2024-11-06 14:26:04.249 [info] > git ls-files --stage -- /home/ilya/app-redux/src/components/PostsApp.jsx [1ms]
2024-11-06 14:26:04.807 [info] > git show --textconv :app-redux/src/components/Posts.jsx [3ms]
2024-11-06 14:26:04.807 [info] > git ls-files --stage -- /home/ilya/app-redux/src/components/Posts.jsx [1ms]
2024-11-06 14:26:05.909 [info] > git show --textconv :app-redux/src/components/App.js [3ms]
2024-11-06 14:26:05.910 [info] > git ls-files --stage -- /home/ilya/app-redux/src/components/App.js [1ms]
2024-11-06 14:26:05.913 [info] > git cat-file -s a1b47a5a8aac43f72c95139016613e462aa6d1bb [1ms]
2024-11-06 14:26:11.397 [info] > git check-ignore -v -z --stdin [1ms]
2024-11-06 14:27:21.654 [info] > git check-ignore -v -z --stdin [1ms]
2024-11-06 14:27:29.091 [info] > git check-ignore -v -z --stdin [1ms]
2024-11-06 14:27:35.714 [info] > git check-ignore -v -z --stdin [0ms]
2024-11-06 14:27:48.616 [info] > git show --textconv :app-redux/src/components/comments/Router/AppRouter.jsx [3ms]
2024-11-06 14:27:48.616 [info] > git ls-files --stage -- /home/ilya/app-redux/src/components/comments/Router/AppRouter.jsx [1ms]
2024-11-06 14:27:48.877 [info] > git check-ignore -v -z --stdin [1ms]
2024-11-06 14:27:54.631 [info] > git show --textconv :app-redux/src/slices/tasksSlice.js [2ms]
2024-11-06 14:27:54.631 [info] > git ls-files --stage -- /home/ilya/app-redux/src/slices/tasksSlice.js [0ms]
2024-11-06 14:27:56.374 [info] > git show --textconv :app-redux/src/components/comments/Router/AppRouter.jsx [5ms]
2024-11-06 14:27:56.375 [info] > git ls-files --stage -- /home/ilya/app-redux/src/components/comments/Router/AppRouter.jsx [2ms]
2024-11-06 14:27:57.130 [info] > git show --textconv :app-redux/src/components/PostsApp.jsx [4ms]
2024-11-06 14:27:57.131 [info] > git ls-files --stage -- /home/ilya/app-redux/src/components/PostsApp.jsx [3ms]
2024-11-06 14:27:58.730 [info] > git show --textconv :app-redux/src/components/comments/Router/AppRouter.jsx [2ms]
2024-11-06 14:27:58.731 [info] > git ls-files --stage -- /home/ilya/app-redux/src/components/comments/Router/AppRouter.jsx [1ms]
2024-11-06 14:27:59.263 [info] > git show --textconv :app-redux/src/components/App.js [4ms]
2024-11-06 14:27:59.264 [info] > git ls-files --stage -- /home/ilya/app-redux/src/components/App.js [1ms]
2024-11-06 14:27:59.269 [info] > git cat-file -s a1b47a5a8aac43f72c95139016613e462aa6d1bb [1ms]
2024-11-06 14:28:15.388 [info] > git show --textconv :app-redux/src/components/comments/Router/AppRouter.jsx [4ms]
2024-11-06 14:28:15.389 [info] > git ls-files --stage -- /home/ilya/app-redux/src/components/comments/Router/AppRouter.jsx [2ms]
2024-11-06 14:28:22.886 [info] > git show --textconv :app-redux/src/components/App.js [2ms]
2024-11-06 14:28:22.888 [info] > git ls-files --stage -- /home/ilya/app-redux/src/components/App.js [2ms]
2024-11-06 14:28:22.893 [info] > git cat-file -s a1b47a5a8aac43f72c95139016613e462aa6d1bb [2ms]
2024-11-06 14:28:28.786 [info] > git show --textconv :app-redux/src/components/comments/Router/AppRouter.jsx [2ms]
2024-11-06 14:28:28.787 [info] > git ls-files --stage -- /home/ilya/app-redux/src/components/comments/Router/AppRouter.jsx [1ms]
2024-11-06 14:28:30.616 [info] > git show --textconv :app-redux/src/components/App.js [3ms]
2024-11-06 14:28:30.616 [info] > git ls-files --stage -- /home/ilya/app-redux/src/components/App.js [1ms]
2024-11-06 14:28:30.619 [info] > git cat-file -s a1b47a5a8aac43f72c95139016613e462aa6d1bb [1ms]
2024-11-06 14:28:36.102 [info] > git show --textconv :app-redux/src/components/comments/Router/AppRouter.jsx [2ms]
2024-11-06 14:28:36.103 [info] > git ls-files --stage -- /home/ilya/app-redux/src/components/comments/Router/AppRouter.jsx [1ms]
2024-11-06 14:28:48.287 [info] > git show --textconv :app-redux/src/components/App.js [3ms]
2024-11-06 14:28:48.287 [info] > git ls-files --stage -- /home/ilya/app-redux/src/components/App.js [1ms]
2024-11-06 14:28:48.291 [info] > git cat-file -s a1b47a5a8aac43f72c95139016613e462aa6d1bb [0ms]
2024-11-06 14:29:07.185 [info] > git show --textconv :app-redux/src/components/comments/Router/AppRouter.jsx [3ms]
2024-11-06 14:29:07.185 [info] > git ls-files --stage -- /home/ilya/app-redux/src/components/comments/Router/AppRouter.jsx [1ms]
2024-11-06 14:29:14.111 [info] > git show --textconv :app-redux/src/components/Posts.jsx [3ms]
2024-11-06 14:29:14.112 [info] > git ls-files --stage -- /home/ilya/app-redux/src/components/Posts.jsx [2ms]
2024-11-06 14:29:15.606 [info] > git show --textconv :app-redux/src/components/comments/Router/AppRouter.jsx [2ms]
2024-11-06 14:29:15.607 [info] > git ls-files --stage -- /home/ilya/app-redux/src/components/comments/Router/AppRouter.jsx [1ms]
2024-11-06 14:29:16.755 [info] > git show --textconv :app-redux/src/components/App.js [2ms]
2024-11-06 14:29:16.756 [info] > git ls-files --stage -- /home/ilya/app-redux/src/components/App.js [1ms]
2024-11-06 14:29:16.759 [info] > git cat-file -s a1b47a5a8aac43f72c95139016613e462aa6d1bb [1ms]
2024-11-06 14:29:22.571 [info] > git show --textconv :app-redux/src/components/comments/Router/AppRouter.jsx [2ms]
2024-11-06 14:29:22.572 [info] > git ls-files --stage -- /home/ilya/app-redux/src/components/comments/Router/AppRouter.jsx [1ms]
2024-11-06 14:30:02.074 [info] > git show --textconv :app-redux/src/components/App.js [2ms]
2024-11-06 14:30:02.075 [info] > git ls-files --stage -- /home/ilya/app-redux/src/components/App.js [1ms]
2024-11-06 14:30:02.078 [info] > git cat-file -s a1b47a5a8aac43f72c95139016613e462aa6d1bb [1ms]
2024-11-06 14:30:14.157 [info] > git show --textconv :app-redux/src/components/comments/Router/AppRouter.jsx [2ms]
2024-11-06 14:30:14.158 [info] > git ls-files --stage -- /home/ilya/app-redux/src/components/comments/Router/AppRouter.jsx [1ms]
2024-11-06 14:30:18.459 [info] > git show --textconv :app-redux/src/components/App.js [3ms]
2024-11-06 14:30:18.460 [info] > git ls-files --stage -- /home/ilya/app-redux/src/components/App.js [0ms]
2024-11-06 14:30:18.462 [info] > git cat-file -s a1b47a5a8aac43f72c95139016613e462aa6d1bb [1ms]
2024-11-06 14:30:26.544 [info] > git show --textconv :app-redux/src/components/comments/Router/AppRouter.jsx [2ms]
2024-11-06 14:30:26.547 [info] > git ls-files --stage -- /home/ilya/app-redux/src/components/comments/Router/AppRouter.jsx [3ms]
2024-11-06 14:30:46.543 [info] > git show --textconv :app-redux/src/components/Navbar/Navbar.jsx [2ms]
2024-11-06 14:30:46.544 [info] > git ls-files --stage -- /home/ilya/app-redux/src/components/Navbar/Navbar.jsx [1ms]
2024-11-06 14:30:52.522 [info] > git show --textconv :app-redux/src/components/comments/Router/AppRouter.jsx [3ms]
2024-11-06 14:30:52.523 [info] > git ls-files --stage -- /home/ilya/app-redux/src/components/comments/Router/AppRouter.jsx [1ms]
2024-11-06 14:30:58.713 [info] > git show --textconv :app-redux/src/components/Navbar/Navbar.jsx [3ms]
2024-11-06 14:30:58.713 [info] > git ls-files --stage -- /home/ilya/app-redux/src/components/Navbar/Navbar.jsx [1ms]
2024-11-06 14:31:07.327 [info] > git show --textconv :app-redux/src/components/App.js [3ms]
2024-11-06 14:31:07.327 [info] > git ls-files --stage -- /home/ilya/app-redux/src/components/App.js [1ms]
2024-11-06 14:31:07.330 [info] > git cat-file -s a1b47a5a8aac43f72c95139016613e462aa6d1bb [1ms]
2024-11-06 14:31:25.713 [info] > git show --textconv :app-redux/src/components/comments/Router/AppRouter.jsx [3ms]
2024-11-06 14:31:25.714 [info] > git ls-files --stage -- /home/ilya/app-redux/src/components/comments/Router/AppRouter.jsx [2ms]
2024-11-06 14:31:50.267 [info] > git show --textconv :app-redux/src/components/Navbar/Navbar.jsx [2ms]
2024-11-06 14:31:50.268 [info] > git ls-files --stage -- /home/ilya/app-redux/src/components/Navbar/Navbar.jsx [1ms]
2024-11-06 14:34:36.776 [info] > git show --textconv :app-redux/src/components/Navbar/Navbar.module.css [3ms]
2024-11-06 14:34:36.777 [info] > git ls-files --stage -- /home/ilya/app-redux/src/components/Navbar/Navbar.module.css [1ms]
2024-11-06 14:35:32.028 [info] > git show --textconv :app-redux/src/components/Navbar/Navbar.jsx [2ms]
2024-11-06 14:35:32.029 [info] > git ls-files --stage -- /home/ilya/app-redux/src/components/Navbar/Navbar.jsx [1ms]
2024-11-06 14:35:34.277 [info] > git show --textconv :app-redux/src/components/Navbar/Navbar.module.css [2ms]
2024-11-06 14:35:34.277 [info] > git ls-files --stage -- /home/ilya/app-redux/src/components/Navbar/Navbar.module.css [0ms]
2024-11-06 14:35:37.502 [info] > git show --textconv :app-redux/src/components/Navbar/Navbar.jsx [3ms]
2024-11-06 14:35:37.502 [info] > git ls-files --stage -- /home/ilya/app-redux/src/components/Navbar/Navbar.jsx [1ms]
2024-11-06 14:35:40.610 [info] > git show --textconv :app-redux/src/components/Navbar/Navbar.module.css [2ms]
2024-11-06 14:35:40.611 [info] > git ls-files --stage -- /home/ilya/app-redux/src/components/Navbar/Navbar.module.css [1ms]
2024-11-06 14:35:42.322 [info] > git show --textconv :app-redux/src/components/Navbar/Navbar.jsx [6ms]
2024-11-06 14:35:42.323 [info] > git ls-files --stage -- /home/ilya/app-redux/src/components/Navbar/Navbar.jsx [2ms]
2024-11-06 14:35:46.739 [info] > git show --textconv :app-redux/src/components/Navbar/Navbar.module.css [3ms]
2024-11-06 14:35:46.739 [info] > git ls-files --stage -- /home/ilya/app-redux/src/components/Navbar/Navbar.module.css [1ms]
2024-11-06 14:36:29.313 [info] > git show --textconv :app-redux/src/components/App.js [3ms]
2024-11-06 14:36:29.314 [info] > git ls-files --stage -- /home/ilya/app-redux/src/components/App.js [1ms]
2024-11-06 14:36:29.317 [info] > git cat-file -s a1b47a5a8aac43f72c95139016613e462aa6d1bb [1ms]
2024-11-06 14:36:30.252 [info] > git show --textconv :app-redux/src/components/comments/Router/AppRouter.jsx [3ms]
2024-11-06 14:36:30.253 [info] > git ls-files --stage -- /home/ilya/app-redux/src/components/comments/Router/AppRouter.jsx [1ms]
2024-11-06 14:36:31.482 [info] > git show --textconv :app-redux/src/components/Navbar/Navbar.jsx [3ms]
2024-11-06 14:36:31.483 [info] > git ls-files --stage -- /home/ilya/app-redux/src/components/Navbar/Navbar.jsx [2ms]
2024-11-06 14:36:56.936 [info] > git show --textconv :app-redux/src/components/Posts.jsx [2ms]
2024-11-06 14:36:56.937 [info] > git ls-files --stage -- /home/ilya/app-redux/src/components/Posts.jsx [1ms]
2024-11-06 14:36:59.852 [info] > git show --textconv :app-redux/src/components/PostsApp.jsx [2ms]
2024-11-06 14:36:59.853 [info] > git ls-files --stage -- /home/ilya/app-redux/src/components/PostsApp.jsx [1ms]
2024-11-06 14:38:33.702 [info] > git show --textconv :app-redux/src/components/Clock.jsx [3ms]
2024-11-06 14:38:33.702 [info] > git ls-files --stage -- /home/ilya/app-redux/src/components/Clock.jsx [1ms]
2024-11-06 14:38:33.969 [info] > git check-ignore -v -z --stdin [1ms]
2024-11-06 14:38:47.976 [info] > git show --textconv :app-redux/src/components/PostsApp.jsx [2ms]
2024-11-06 14:38:47.976 [info] > git ls-files --stage -- /home/ilya/app-redux/src/components/PostsApp.jsx [1ms]
2024-11-06 14:38:53.040 [info] > git show --textconv :app-redux/src/components/Clock.jsx [2ms]
2024-11-06 14:38:53.041 [info] > git ls-files --stage -- /home/ilya/app-redux/src/components/Clock.jsx [1ms]
2024-11-06 14:38:56.372 [info] > git show --textconv :app-redux/src/components/PostsApp.jsx [3ms]
2024-11-06 14:38:56.373 [info] > git ls-files --stage -- /home/ilya/app-redux/src/components/PostsApp.jsx [2ms]
2024-11-06 14:39:03.208 [info] > git show --textconv :app-redux/src/components/Clock.jsx [3ms]
2024-11-06 14:39:03.209 [info] > git ls-files --stage -- /home/ilya/app-redux/src/components/Clock.jsx [1ms]
2024-11-06 14:39:09.659 [info] > git show --textconv :app-redux/src/components/PostsApp.jsx [2ms]
2024-11-06 14:39:09.660 [info] > git ls-files --stage -- /home/ilya/app-redux/src/components/PostsApp.jsx [1ms]
2024-11-06 14:39:14.559 [info] > git show --textconv :app-redux/src/components/Clock.jsx [2ms]
2024-11-06 14:39:14.560 [info] > git ls-files --stage -- /home/ilya/app-redux/src/components/Clock.jsx [1ms]
2024-11-06 14:39:18.559 [info] > git show --textconv :app-redux/src/components/PostsApp.jsx [2ms]
2024-11-06 14:39:18.559 [info] > git ls-files --stage -- /home/ilya/app-redux/src/components/PostsApp.jsx [1ms]
2024-11-06 14:39:25.692 [info] > git show --textconv :app-redux/src/components/Clock.jsx [2ms]
2024-11-06 14:39:25.692 [info] > git ls-files --stage -- /home/ilya/app-redux/src/components/Clock.jsx [0ms]
2024-11-06 14:39:43.442 [info] > git show --textconv :app-redux/src/components/PostsApp.jsx [3ms]
2024-11-06 14:39:43.443 [info] > git ls-files --stage -- /home/ilya/app-redux/src/components/PostsApp.jsx [1ms]
2024-11-06 14:40:33.935 [info] > git show --textconv :app-redux/src/components/PostsJson.jsx [3ms]
2024-11-06 14:40:33.936 [info] > git ls-files --stage -- /home/ilya/app-redux/src/components/PostsJson.jsx [1ms]
2024-11-06 14:41:10.248 [info] > git show --textconv :app-redux/src/components/comments/CommentsList.jsx [3ms]
2024-11-06 14:41:10.248 [info] > git ls-files --stage -- /home/ilya/app-redux/src/components/comments/CommentsList.jsx [1ms]
2024-11-06 14:41:30.066 [info] > git show --textconv :app-redux/src/components/comments/CommentsMap.jsx [2ms]
2024-11-06 14:41:30.066 [info] > git ls-files --stage -- /home/ilya/app-redux/src/components/comments/CommentsMap.jsx [1ms]
2024-11-06 14:41:31.168 [info] > git show --textconv :app-redux/src/components/comments/commentsStyle.css [3ms]
2024-11-06 14:41:31.168 [info] > git ls-files --stage -- /home/ilya/app-redux/src/components/comments/commentsStyle.css [1ms]
2024-11-06 14:41:32.066 [info] > git show --textconv :app-redux/src/components/comments/InputComments.jsx [3ms]
2024-11-06 14:41:32.066 [info] > git ls-files --stage -- /home/ilya/app-redux/src/components/comments/InputComments.jsx [1ms]
2024-11-06 14:41:35.467 [info] > git show --textconv :app-redux/src/components/comments/CommentsList.jsx [2ms]
2024-11-06 14:41:35.468 [info] > git ls-files --stage -- /home/ilya/app-redux/src/components/comments/CommentsList.jsx [1ms]
2024-11-06 14:41:52.920 [info] > git show --textconv :app-redux/src/components/comments/InputComments.jsx [3ms]
2024-11-06 14:41:52.920 [info] > git ls-files --stage -- /home/ilya/app-redux/src/components/comments/InputComments.jsx [0ms]
2024-11-06 14:41:56.152 [info] > git show --textconv :app-redux/src/components/Clock.jsx [2ms]
2024-11-06 14:41:56.152 [info] > git ls-files --stage -- /home/ilya/app-redux/src/components/Clock.jsx [1ms]
2024-11-06 14:41:57.281 [info] > git show --textconv :app-redux/src/components/Posts.jsx [4ms]
2024-11-06 14:41:57.281 [info] > git ls-files --stage -- /home/ilya/app-redux/src/components/Posts.jsx [1ms]
2024-11-06 14:41:58.081 [info] > git show --textconv :app-redux/src/components/Navbar/Navbar.jsx [2ms]
2024-11-06 14:41:58.082 [info] > git ls-files --stage -- /home/ilya/app-redux/src/components/Navbar/Navbar.jsx [1ms]
2024-11-06 14:41:59.269 [info] > git show --textconv :app-redux/src/components/comments/Router/AppRouter.jsx [3ms]
2024-11-06 14:41:59.269 [info] > git ls-files --stage -- /home/ilya/app-redux/src/components/comments/Router/AppRouter.jsx [1ms]
2024-11-06 14:42:00.719 [info] > git show --textconv :app-redux/src/components/App.js [3ms]
2024-11-06 14:42:00.720 [info] > git ls-files --stage -- /home/ilya/app-redux/src/components/App.js [1ms]
2024-11-06 14:42:00.723 [info] > git cat-file -s a1b47a5a8aac43f72c95139016613e462aa6d1bb [1ms]
2024-11-06 14:42:02.033 [info] > git show --textconv :app-redux/src/components/comments/Router/AppRouter.jsx [2ms]
2024-11-06 14:42:02.034 [info] > git ls-files --stage -- /home/ilya/app-redux/src/components/comments/Router/AppRouter.jsx [1ms]
2024-11-06 14:42:11.079 [info] > git check-ignore -v -z --stdin [1ms]
2024-11-06 14:42:45.463 [info] > git check-ignore -v -z --stdin [1ms]
2024-11-06 14:42:53.039 [info] > git show --textconv :app-redux/src/components/Router/Router.jsx [3ms]
2024-11-06 14:42:53.039 [info] > git ls-files --stage -- /home/ilya/app-redux/src/components/Router/Router.jsx [1ms]
2024-11-06 14:42:53.315 [info] > git check-ignore -v -z --stdin [1ms]
2024-11-06 14:43:16.675 [info] > git show --textconv :app-redux/src/components/Router/AppRouter.jsx [3ms]
2024-11-06 14:43:16.676 [info] > git ls-files --stage -- /home/ilya/app-redux/src/components/Router/AppRouter.jsx [2ms]
2024-11-06 14:43:16.899 [info] > git check-ignore -v -z --stdin [1ms]
2024-11-06 14:43:18.673 [info] > git show --textconv :app-redux/src/components/comments/Router/AppRouter.jsx [3ms]
2024-11-06 14:43:18.673 [info] > git ls-files --stage -- /home/ilya/app-redux/src/components/comments/Router/AppRouter.jsx [1ms]
2024-11-06 14:43:24.608 [info] > git show --textconv :app-redux/src/components/Router/AppRouter.jsx [2ms]
2024-11-06 14:43:24.608 [info] > git ls-files --stage -- /home/ilya/app-redux/src/components/Router/AppRouter.jsx [0ms]
2024-11-06 14:43:35.956 [info] > git show --textconv :app-redux/src/components/App.js [2ms]
2024-11-06 14:43:35.957 [info] > git ls-files --stage -- /home/ilya/app-redux/src/components/App.js [1ms]
2024-11-06 14:43:35.960 [info] > git cat-file -s a1b47a5a8aac43f72c95139016613e462aa6d1bb [1ms]
2024-11-06 14:43:39.559 [info] > git show --textconv :app-redux/src/components/Router/AppRouter.jsx [3ms]
2024-11-06 14:43:39.560 [info] > git ls-files --stage -- /home/ilya/app-redux/src/components/Router/AppRouter.jsx [1ms]
2024-11-06 14:43:42.040 [info] > git show --textconv :app-redux/src/components/comments/Router/AppRouter.jsx [3ms]
2024-11-06 14:43:42.040 [info] > git ls-files --stage -- /home/ilya/app-redux/src/components/comments/Router/AppRouter.jsx [1ms]
2024-11-06 14:43:51.661 [info] > git show --textconv :app-redux/src/components/Router/AppRouter.jsx [2ms]
2024-11-06 14:43:51.662 [info] > git ls-files --stage -- /home/ilya/app-redux/src/components/Router/AppRouter.jsx [0ms]
2024-11-06 14:44:04.480 [info] > git show --textconv :app-redux/src/components/Navbar/Navbar.jsx [3ms]
2024-11-06 14:44:04.480 [info] > git ls-files --stage -- /home/ilya/app-redux/src/components/Navbar/Navbar.jsx [1ms]
2024-11-06 14:44:06.777 [info] > git show --textconv :app-redux/src/components/App.js [3ms]
2024-11-06 14:44:06.778 [info] > git ls-files --stage -- /home/ilya/app-redux/src/components/App.js [0ms]
2024-11-06 14:44:06.781 [info] > git cat-file -s a1b47a5a8aac43f72c95139016613e462aa6d1bb [1ms]
2024-11-06 14:44:20.718 [info] > git show --textconv :app-redux/src/components/Router/AppRouter.jsx [4ms]
2024-11-06 14:44:20.719 [info] > git ls-files --stage -- /home/ilya/app-redux/src/components/Router/AppRouter.jsx [2ms]
2024-11-06 14:45:39.973 [info] > git show --textconv :app-redux/src/components/App.js [3ms]
2024-11-06 14:45:39.974 [info] > git ls-files --stage -- /home/ilya/app-redux/src/components/App.js [1ms]
2024-11-06 14:45:39.977 [info] > git cat-file -s a1b47a5a8aac43f72c95139016613e462aa6d1bb [1ms]
2024-11-06 14:45:45.950 [info] > git show --textconv :app-redux/src/components/Router/AppRouter.jsx [2ms]
2024-11-06 14:45:45.951 [info] > git ls-files --stage -- /home/ilya/app-redux/src/components/Router/AppRouter.jsx [1ms]
2024-11-06 14:45:54.655 [info] > git show --textconv :app-redux/src/components/App.js [4ms]
2024-11-06 14:45:54.656 [info] > git ls-files --stage -- /home/ilya/app-redux/src/components/App.js [2ms]
2024-11-06 14:45:54.660 [info] > git cat-file -s a1b47a5a8aac43f72c95139016613e462aa6d1bb [1ms]
2024-11-06 14:45:56.548 [info] > git show --textconv :app-redux/src/components/Router/AppRouter.jsx [2ms]
2024-11-06 14:45:56.549 [info] > git ls-files --stage -- /home/ilya/app-redux/src/components/Router/AppRouter.jsx [1ms]
2024-11-06 14:46:30.581 [info] > git show --textconv :app-redux/src/components/Navbar/Navbar.jsx [4ms]
2024-11-06 14:46:30.582 [info] > git ls-files --stage -- /home/ilya/app-redux/src/components/Navbar/Navbar.jsx [2ms]
2024-11-06 14:46:34.570 [info] > git show --textconv :app-redux/src/components/App.js [3ms]
2024-11-06 14:46:34.571 [info] > git ls-files --stage -- /home/ilya/app-redux/src/components/App.js [1ms]
2024-11-06 14:46:34.574 [info] > git cat-file -s a1b47a5a8aac43f72c95139016613e462aa6d1bb [2ms]
2024-11-06 14:47:08.216 [info] > git show --textconv :app-redux/src/components/Router/AppRouter.jsx [3ms]
2024-11-06 14:47:08.217 [info] > git ls-files --stage -- /home/ilya/app-redux/src/components/Router/AppRouter.jsx [2ms]
