2024-08-28 11:09:36.645 [info] Log level: Info
2024-08-28 11:09:36.645 [info] Validating found git in: "git"
2024-08-28 11:09:36.645 [info] Using git "2.34.1" from "git"
2024-08-28 11:09:36.645 [info] > git rev-parse --show-toplevel [7ms]
2024-08-28 11:09:36.645 [info] > git rev-parse --git-dir --git-common-dir [2ms]
2024-08-28 11:09:36.645 [info] Open repository: /home/ilya/react-fundamental-course
2024-08-28 11:09:36.673 [info] > git rev-parse --show-toplevel [20ms]
2024-08-28 11:09:36.674 [info] > git config --get commit.template [24ms]
2024-08-28 11:09:36.688 [info] > git rev-parse --show-toplevel [8ms]
2024-08-28 11:09:36.693 [info] > git for-each-ref --format=%(refname)%00%(upstream:short)%00%(objectname)%00%(upstream:track)%00%(upstream:remotename)%00%(upstream:remoteref) refs/heads/master refs/remotes/master [8ms]
2024-08-28 11:09:36.699 [warning] ENOENT: no such file or directory, open '/home/ilya/react-fundamental-course/.git/refs/remotes/origin/master'
2024-08-28 11:09:36.699 [info] > git rev-parse --show-toplevel [7ms]
2024-08-28 11:09:36.713 [info] > git rev-parse refs/remotes/origin/master [15ms]
2024-08-28 11:09:36.724 [info] > git status -z -uall [7ms]
2024-08-28 11:09:36.753 [info] > git merge-base refs/heads/master refs/remotes/origin/master [24ms]
2024-08-28 11:09:36.760 [info] > git config --get commit.template [7ms]
2024-08-28 11:09:36.764 [info] > git rev-list --count --left-right refs/heads/master...refs/remotes/origin/master [7ms]
2024-08-28 11:09:36.790 [info] > git for-each-ref --format=%(refname)%00%(upstream:short)%00%(objectname)%00%(upstream:track)%00%(upstream:remotename)%00%(upstream:remoteref) refs/heads/master refs/remotes/master [19ms]
2024-08-28 11:09:36.790 [info] > git diff --name-status -z --diff-filter=ADMR 06ee57871f77897baaad30adf27c093025ad407c...refs/remotes/origin/master [22ms]
2024-08-28 11:09:36.809 [warning] ENOENT: no such file or directory, open '/home/ilya/react-fundamental-course/.git/refs/remotes/origin/master'
2024-08-28 11:09:36.811 [info] > git rev-parse refs/remotes/origin/master [3ms]
2024-08-28 11:09:36.818 [info] > git status -z -uall [4ms]
2024-08-28 11:09:37.182 [info] > git check-ignore -v -z --stdin [2ms]
