2024-08-07 12:49:04.746 [info] Log level: Info
2024-08-07 12:49:04.746 [info] Validating found git in: "git"
2024-08-07 12:49:04.746 [info] Using git "2.34.1" from "git"
2024-08-07 12:49:04.746 [info] > git rev-parse --show-toplevel [5ms]
2024-08-07 12:49:04.746 [info] > git rev-parse --git-dir --git-common-dir [2ms]
2024-08-07 12:49:04.755 [info] Open repository: /home/ilya
2024-08-07 12:49:04.779 [info] > git rev-parse --show-toplevel [15ms]
2024-08-07 12:49:04.779 [info] > git config --get commit.template [19ms]
2024-08-07 12:49:04.797 [info] > git rev-parse --show-toplevel [9ms]
2024-08-07 12:49:04.805 [info] > git for-each-ref --format=%(refname)%00%(upstream:short)%00%(objectname)%00%(upstream:track)%00%(upstream:remotename)%00%(upstream:remoteref) refs/heads/main refs/remotes/main [9ms]
2024-08-07 12:49:04.807 [info] > git rev-parse --show-toplevel [3ms]
2024-08-07 12:49:04.815 [info] > git rev-parse --show-toplevel [5ms]
2024-08-07 12:49:04.833 [info] > git rev-parse --show-toplevel [14ms]
2024-08-07 12:49:04.839 [info] > git rev-parse --show-toplevel [2ms]
2024-08-07 12:49:04.842 [info] > git rev-parse --git-dir --git-common-dir [0ms]
2024-08-07 12:49:04.847 [info] Open repository: /home/ilya/.nvm
2024-08-07 12:49:04.854 [info] > git config --get commit.template [4ms]
2024-08-07 12:49:04.854 [info] > git rev-parse --show-toplevel [1ms]
2024-08-07 12:49:04.865 [info] > git rev-parse --show-toplevel [6ms]
2024-08-07 12:49:04.865 [info] > git for-each-ref --format %(refname) %(objectname) %(*objectname) refs/tags [8ms]
2024-08-07 12:49:04.872 [info] > git rev-parse --show-toplevel [2ms]
2024-08-07 12:49:04.877 [info] > git rev-parse --show-toplevel [1ms]
2024-08-07 12:49:04.883 [info] > git rev-parse --show-toplevel [3ms]
2024-08-07 12:49:04.900 [info] > git rev-parse --git-dir --git-common-dir [14ms]
2024-08-07 12:49:04.907 [info] Open repository: /home/ilya/HEXL-JS
2024-08-07 12:49:04.930 [info] > git rev-parse --show-toplevel [5ms]
2024-08-07 12:49:04.930 [info] > git config --get commit.template [7ms]
2024-08-07 12:49:04.940 [info] > git rev-parse --show-toplevel [6ms]
2024-08-07 12:49:04.951 [info] > git status -z -uall [83ms]
2024-08-07 12:49:04.951 [info] > git rev-parse --git-dir --git-common-dir [5ms]
2024-08-07 12:49:04.956 [info] Open repository: /home/ilya/domPractice
2024-08-07 12:49:04.961 [info] > git for-each-ref --format=%(refname)%00%(upstream:short)%00%(objectname)%00%(upstream:track)%00%(upstream:remotename)%00%(upstream:remoteref) refs/heads/main refs/remotes/main [22ms]
2024-08-07 12:49:04.995 [info] > git config --get commit.template [22ms]
2024-08-07 12:49:04.995 [info] > git rev-parse --show-toplevel [25ms]
2024-08-07 12:49:04.995 [info] > git config --get commit.template [29ms]
2024-08-07 12:49:05.028 [info] > git status -z -uall [15ms]
2024-08-07 12:49:05.040 [info] > git for-each-ref --format %(refname) %(objectname) %(*objectname) refs/tags [31ms]
2024-08-07 12:49:05.044 [info] > git for-each-ref --format=%(refname)%00%(upstream:short)%00%(objectname)%00%(upstream:track)%00%(upstream:remotename)%00%(upstream:remoteref) refs/heads/main refs/remotes/main [38ms]
2024-08-07 12:49:05.044 [info] > git rev-parse --git-dir --git-common-dir [42ms]
2024-08-07 12:49:05.051 [info] Open repository: /home/ilya/frontend-project-44
2024-08-07 12:49:05.061 [warning] ENOENT: no such file or directory, open '/home/ilya/domPractice/.git/refs/remotes/origin/main'
2024-08-07 12:49:05.070 [info] > git status -z -uall [27ms]
2024-08-07 12:49:05.070 [info] > git merge-base refs/heads/main refs/remotes/origin/main [36ms]
2024-08-07 12:49:05.086 [info] > git rev-list --count --left-right refs/heads/main...refs/remotes/origin/main [12ms]
2024-08-07 12:49:05.092 [info] > git rev-parse --show-toplevel [23ms]
2024-08-07 12:49:05.092 [info] > git config --get commit.template [26ms]
2024-08-07 12:49:05.092 [info] > git rev-parse refs/remotes/origin/main [31ms]
2024-08-07 12:49:05.096 [info] > git config --get commit.template [38ms]
2024-08-07 12:49:05.105 [info] > git status -z -uall [10ms]
2024-08-07 12:49:05.112 [info] > git diff --name-status -z --diff-filter=ADMR 5369a54b7765ab231d2e781b48fb990438a32073...refs/remotes/origin/main [21ms]
2024-08-07 12:49:05.127 [info] > git merge-base refs/heads/main refs/remotes/origin/main [19ms]
2024-08-07 12:49:05.131 [info] > git rev-parse --git-dir --git-common-dir [27ms]
2024-08-07 12:49:05.137 [info] Open repository: /home/ilya/frontend-project-46
2024-08-07 12:49:05.156 [info] > git rev-list --count --left-right refs/heads/main...refs/remotes/origin/main [26ms]
2024-08-07 12:49:05.161 [info] > git config --get commit.template [35ms]
2024-08-07 12:49:05.161 [info] > git for-each-ref --format=%(refname)%00%(upstream:short)%00%(objectname)%00%(upstream:track)%00%(upstream:remotename)%00%(upstream:remoteref) refs/heads/main refs/remotes/main [41ms]
2024-08-07 12:49:05.161 [info] > git for-each-ref --format=%(refname)%00%(upstream:short)%00%(objectname)%00%(upstream:track)%00%(upstream:remotename)%00%(upstream:remoteref) refs/heads/main refs/remotes/main [45ms]
2024-08-07 12:49:05.164 [info] > git diff --name-status -z --diff-filter=ADMR e25b5d5a7b275aba7f6a0e07365e0186a9bc10e7...refs/remotes/origin/main [4ms]
2024-08-07 12:49:05.165 [info] > git rev-parse --show-toplevel [14ms]
2024-08-07 12:49:05.165 [info] > git config --get commit.template [17ms]
2024-08-07 12:49:05.177 [info] > git for-each-ref --format=%(refname)%00%(upstream:short)%00%(objectname)%00%(upstream:track)%00%(upstream:remotename)%00%(upstream:remoteref) refs/heads/main refs/remotes/main [7ms]
2024-08-07 12:49:05.193 [warning] ENOENT: no such file or directory, open '/home/ilya/domPractice/.git/refs/remotes/origin/main'
2024-08-07 12:49:05.194 [info] > git rev-parse --git-dir --git-common-dir [20ms]
2024-08-07 12:49:05.200 [info] Open repository: /home/ilya/hexlet-git
2024-08-07 12:49:05.212 [info] > git status -z -uall [23ms]
2024-08-07 12:49:05.212 [info] > git rev-parse refs/remotes/origin/main [19ms]
2024-08-07 12:49:05.221 [info] > git for-each-ref --format=%(refname)%00%(upstream:short)%00%(objectname)%00%(upstream:track)%00%(upstream:remotename)%00%(upstream:remoteref) refs/heads/main refs/remotes/main [44ms]
2024-08-07 12:49:05.224 [info] > git status -z -uall [6ms]
2024-08-07 12:49:05.226 [info] > git rev-parse --show-toplevel [14ms]
2024-08-07 12:49:05.226 [info] > git config --get commit.template [18ms]
2024-08-07 12:49:05.241 [info] > git rev-parse --git-dir --git-common-dir [12ms]
2024-08-07 12:49:05.246 [info] Open repository: /home/ilya/hexlet-jest
2024-08-07 12:49:05.258 [info] > git status -z -uall [18ms]
2024-08-07 12:49:05.267 [info] > git for-each-ref --format %(refname) %(objectname) %(*objectname) refs/tags [34ms]
2024-08-07 12:49:05.278 [info] > git status -z -uall [7ms]
2024-08-07 12:49:05.278 [info] > git merge-base refs/heads/main refs/remotes/origin/main [16ms]
2024-08-07 12:49:05.283 [info] > git rev-parse --show-toplevel [26ms]
2024-08-07 12:49:05.284 [info] > git config --get commit.template [32ms]
2024-08-07 12:49:05.291 [info] > git rev-list --count --left-right refs/heads/main...refs/remotes/origin/main [8ms]
2024-08-07 12:49:05.295 [info] > git config --get commit.template [18ms]
2024-08-07 12:49:05.311 [info] > git diff --name-status -z --diff-filter=ADMR 145dff716aaa8b387b0e80b785fffcbc4003955b...refs/remotes/origin/main [15ms]
2024-08-07 12:49:05.311 [info] > git rev-parse --git-dir --git-common-dir [21ms]
2024-08-07 12:49:05.317 [info] Open repository: /home/ilya/hexlet-js
2024-08-07 12:49:05.331 [info] > git config --get commit.template [21ms]
2024-08-07 12:49:05.331 [info] > git for-each-ref --format=%(refname)%00%(upstream:short)%00%(objectname)%00%(upstream:track)%00%(upstream:remotename)%00%(upstream:remoteref) refs/heads/main refs/remotes/main [27ms]
2024-08-07 12:49:05.343 [info] > git rev-parse --show-toplevel [13ms]
2024-08-07 12:49:05.344 [info] > git for-each-ref --format=%(refname)%00%(upstream:short)%00%(objectname)%00%(upstream:track)%00%(upstream:remotename)%00%(upstream:remoteref) refs/heads/main refs/remotes/main [19ms]
2024-08-07 12:49:05.366 [info] > git status -z -uall [181ms]
2024-08-07 12:49:05.367 [info] > git rev-parse --git-dir --git-common-dir [12ms]
2024-08-07 12:49:05.372 [info] Open repository: /home/ilya/https-github.com-ILYA9090-ILYA9090
2024-08-07 12:49:05.373 [info] > git for-each-ref --format %(refname) %(objectname) %(*objectname) refs/tags [24ms]
2024-08-07 12:49:05.402 [info] > git status -z -uall [23ms]
2024-08-07 12:49:05.405 [info] > git for-each-ref --format=%(refname)%00%(upstream:short)%00%(objectname)%00%(upstream:track)%00%(upstream:remotename)%00%(upstream:remoteref) refs/heads/main refs/remotes/main [42ms]
2024-08-07 12:49:05.489 [info] > git status -z -uall [105ms]
2024-08-07 12:49:05.489 [info] > git status -z -uall [6ms]
2024-08-07 12:49:05.489 [info] > git merge-base refs/heads/main refs/remotes/origin/main [57ms]
2024-08-07 12:49:05.494 [info] > git rev-parse --show-toplevel [101ms]
2024-08-07 12:49:05.494 [info] > git config --get commit.template [105ms]
2024-08-07 12:49:05.516 [info] > git merge-base refs/heads/main refs/remotes/origin/main [18ms]
2024-08-07 12:49:05.521 [info] > git rev-list --count --left-right refs/heads/main...refs/remotes/origin/main [27ms]
2024-08-07 12:49:05.527 [info] > git config --get commit.template [39ms]
2024-08-07 12:49:05.861 [info] > git diff --name-status -z --diff-filter=ADMR 4b677f7113740d0a6bee39026103c172a8e2d70c...refs/remotes/origin/main [334ms]
2024-08-07 12:49:05.861 [info] > git rev-list --count --left-right refs/heads/main...refs/remotes/origin/main [340ms]
2024-08-07 12:49:05.865 [info] > git config --get commit.template [350ms]
2024-08-07 12:49:05.865 [info] > git rev-parse --git-dir --git-common-dir [355ms]
2024-08-07 12:49:05.869 [info] Open repository: /home/ilya/nodejs-package
2024-08-07 12:49:05.914 [info] > git check-ignore -v -z --stdin [37ms]
2024-08-07 12:49:05.916 [info] > git check-ignore -v -z --stdin [36ms]
2024-08-07 12:49:05.916 [info] > git check-ignore -v -z --stdin [28ms]
2024-08-07 12:49:05.917 [info] > git check-ignore -v -z --stdin [25ms]
2024-08-07 12:49:05.917 [info] > git check-ignore -v -z --stdin [23ms]
2024-08-07 12:49:05.917 [info] > git check-ignore -v -z --stdin [20ms]
2024-08-07 12:49:05.918 [info] > git check-ignore -v -z --stdin [18ms]
2024-08-07 12:49:05.918 [info] > git status -z -uall [13ms]
2024-08-07 12:49:05.919 [info] > git diff --name-status -z --diff-filter=ADMR 493bcf0bb267500d00712930cc7ddc969521fd3f...refs/remotes/origin/main [55ms]
2024-08-07 12:49:05.919 [info] > git for-each-ref --format=%(refname)%00%(upstream:short)%00%(objectname)%00%(upstream:track)%00%(upstream:remotename)%00%(upstream:remoteref) refs/heads/main refs/remotes/main [62ms]
2024-08-07 12:49:05.925 [warning] ENOENT: no such file or directory, open '/home/ilya/https-github.com-ILYA9090-ILYA9090/.git/refs/remotes/origin/main'
2024-08-07 12:49:05.926 [info] > git rev-parse --show-toplevel [13ms]
2024-08-07 12:49:05.927 [info] > git config --get commit.template [16ms]
2024-08-07 12:49:05.927 [info] > git for-each-ref --format=%(refname)%00%(upstream:short)%00%(objectname)%00%(upstream:track)%00%(upstream:remotename)%00%(upstream:remoteref) refs/heads/main refs/remotes/main [20ms]
2024-08-07 12:49:05.938 [info] > git merge-base refs/heads/main refs/remotes/origin/main [8ms]
2024-08-07 12:49:05.941 [info] > git rev-parse refs/remotes/origin/main [16ms]
2024-08-07 12:49:05.944 [info] > git for-each-ref --format=%(refname)%00%(upstream:short)%00%(objectname)%00%(upstream:track)%00%(upstream:remotename)%00%(upstream:remoteref) refs/heads/main refs/remotes/main [21ms]
2024-08-07 12:49:05.949 [info] > git status -z -uall [5ms]
2024-08-07 12:49:05.949 [info] > git rev-list --count --left-right refs/heads/main...refs/remotes/origin/main [8ms]
2024-08-07 12:49:05.953 [info] > git rev-parse --show-toplevel [16ms]
2024-08-07 12:49:05.958 [info] > git diff --name-status -z --diff-filter=ADMR a98d4706f83e1ececb65f583c225ec089904a891...refs/remotes/origin/main [5ms]
2024-08-07 12:49:05.959 [info] > git for-each-ref --format=%(refname)%00%(upstream:short)%00%(objectname)%00%(upstream:track)%00%(upstream:remotename)%00%(upstream:remoteref) refs/heads/main refs/remotes/main [11ms]
2024-08-07 12:49:05.977 [warning] ENOENT: no such file or directory, open '/home/ilya/nodejs-package/.git/refs/remotes/origin/main'
2024-08-07 12:49:05.983 [info] > git merge-base refs/heads/main refs/remotes/origin/main [20ms]
2024-08-07 12:49:05.994 [info] > git config --get commit.template [12ms]
2024-08-07 12:49:05.994 [info] > git rev-parse refs/remotes/origin/main [17ms]
2024-08-07 12:49:05.998 [info] > git for-each-ref --format=%(refname)%00%(upstream:short)%00%(objectname)%00%(upstream:track)%00%(upstream:remotename)%00%(upstream:remoteref) refs/heads/main refs/remotes/main [24ms]
2024-08-07 12:49:06.001 [info] > git status -z -uall [30ms]
2024-08-07 12:49:06.001 [info] > git status -z -uall [3ms]
2024-08-07 12:49:06.002 [info] > git rev-list --count --left-right refs/heads/main...refs/remotes/origin/main [15ms]
2024-08-07 12:49:06.060 [info] > git status -z -uall [70ms]
2024-08-07 12:49:06.060 [info] > git diff --name-status -z --diff-filter=ADMR 6569583616ba675da77723cd4931253b3fc32fcf...refs/remotes/origin/main [55ms]
2024-08-07 12:49:06.077 [info] > git merge-base refs/heads/main refs/remotes/origin/main [8ms]
2024-08-07 12:49:06.082 [info] > git for-each-ref --format=%(refname)%00%(upstream:short)%00%(objectname)%00%(upstream:track)%00%(upstream:remotename)%00%(upstream:remoteref) refs/heads/main refs/remotes/main [22ms]
2024-08-07 12:49:06.092 [warning] ENOENT: no such file or directory, open '/home/ilya/https-github.com-ILYA9090-ILYA9090/.git/refs/remotes/origin/main'
2024-08-07 12:49:06.095 [info] > git status -z -uall [7ms]
2024-08-07 12:49:06.095 [info] > git rev-list --count --left-right refs/heads/main...refs/remotes/origin/main [14ms]
2024-08-07 12:49:06.099 [info] > git config --get commit.template [21ms]
2024-08-07 12:49:06.100 [info] > git rev-parse refs/remotes/origin/main [8ms]
2024-08-07 12:49:06.110 [info] > git status -z -uall [7ms]
2024-08-07 12:49:06.112 [info] > git diff --name-status -z --diff-filter=ADMR 8de7623bcef55167695be5dbb854ed9bc9e3ea5d...refs/remotes/origin/main [14ms]
2024-08-07 12:49:06.554 [info] > git for-each-ref --format=%(refname)%00%(upstream:short)%00%(objectname)%00%(upstream:track)%00%(upstream:remotename)%00%(upstream:remoteref) refs/heads/main refs/remotes/main [445ms]
2024-08-07 12:49:06.572 [warning] ENOENT: no such file or directory, open '/home/ilya/nodejs-package/.git/refs/remotes/origin/main'
2024-08-07 12:49:06.572 [info] > git check-ignore -v -z --stdin [15ms]
2024-08-07 12:49:06.572 [info] > git check-ignore -v -z --stdin [13ms]
2024-08-07 12:49:06.573 [info] > git check-ignore -v -z --stdin [12ms]
2024-08-07 12:49:06.573 [info] > git check-ignore -v -z --stdin [10ms]
2024-08-07 12:49:06.573 [info] > git check-ignore -v -z --stdin [7ms]
2024-08-07 12:49:06.573 [info] > git check-ignore -v -z --stdin [5ms]
2024-08-07 12:49:06.574 [info] > git check-ignore -v -z --stdin [4ms]
2024-08-07 12:49:06.575 [info] > git rev-parse refs/remotes/origin/main [3ms]
2024-08-07 12:49:06.579 [info] > git status -z -uall [2ms]
2024-08-07 12:49:07.555 [info] > git status -z -uall [2741ms] (cancelled)
2024-08-07 12:49:08.134 [info] > git check-ignore -v -z --stdin [11ms]
2024-08-07 12:49:08.134 [info] > git check-ignore -v -z --stdin [8ms]
2024-08-07 12:49:08.135 [info] > git check-ignore -v -z --stdin [7ms]
2024-08-07 12:49:08.135 [info] > git check-ignore -v -z --stdin [5ms]
2024-08-07 12:49:08.136 [info] > git check-ignore -v -z --stdin [3ms]
2024-08-07 12:49:09.524 [info] > git check-ignore -v -z --stdin [1ms]
