2024-11-06 11:07:31.521 [info] [main] Log level: Info
2024-11-06 11:07:31.521 [info] [main] Validating found git in: "git"
2024-11-06 11:07:31.521 [info] [main] Using git "2.34.1" from "git"
2024-11-06 11:07:31.521 [info] [Model][doInitialScan] Initial repository scan started
2024-11-06 11:07:31.521 [info] > git rev-parse --show-toplevel [9ms]
2024-11-06 11:07:31.521 [info] > git rev-parse --git-dir --git-common-dir [2ms]
2024-11-06 11:07:31.521 [info] [Model][openRepository] Opened repository: /home/ilya
2024-11-06 11:07:31.521 [info] > git rev-parse --show-toplevel [76ms]
2024-11-06 11:07:31.521 [info] > git config --get commit.template [78ms]
2024-11-06 11:07:31.528 [info] > git rev-parse --show-toplevel [5ms]
2024-11-06 11:07:31.532 [info] > git rev-parse --show-toplevel [1ms]
2024-11-06 11:07:31.532 [info] > git for-each-ref --format=%(refname)%00%(upstream:short)%00%(objectname)%00%(upstream:track)%00%(upstream:remotename)%00%(upstream:remoteref) refs/heads/main refs/remotes/main [7ms]
2024-11-06 11:07:31.542 [info] > git rev-parse --show-toplevel [6ms]
2024-11-06 11:07:31.545 [info] [Model][doInitialScan] Initial repository scan completed - repositories (1), closed repositories (0), parent repositories (0), unsafe repositories (0)
2024-11-06 11:07:31.554 [info] > git for-each-ref --sort -committerdate --format %(refname) %(objectname) %(*objectname) [2ms]
2024-11-06 11:07:31.758 [info] > git show --textconv :app-redux/src/components/comments/Modal.module.css [3ms]
2024-11-06 11:07:31.759 [info] > git ls-files --stage -- /home/ilya/app-redux/src/components/comments/Modal.module.css [1ms]
2024-11-06 11:07:32.035 [info] > git check-ignore -v -z --stdin [63ms]
2024-11-06 11:07:32.573 [info] > git check-ignore -v -z --stdin [1ms]
2024-11-06 11:07:33.537 [info] > git check-ignore -v -z --stdin [1ms]
2024-11-06 11:07:35.438 [info] > git status -z -uall [3889ms] (cancelled)
2024-11-06 11:07:35.439 [info] > git check-ignore -v -z --stdin [1ms]
2024-11-06 11:07:48.001 [info] > git show --textconv :app-redux/src/Makefile [3ms]
2024-11-06 11:07:48.002 [info] > git ls-files --stage -- /home/ilya/app-redux/src/Makefile [2ms]
2024-11-06 11:07:48.270 [info] > git check-ignore -v -z --stdin [1ms]
2024-11-06 11:12:34.292 [info] > git show --textconv :app-redux/src/components/App.js [7ms]
2024-11-06 11:12:34.294 [info] > git ls-files --stage -- /home/ilya/app-redux/src/components/App.js [3ms]
2024-11-06 11:12:34.301 [info] > git cat-file -s a1b47a5a8aac43f72c95139016613e462aa6d1bb [2ms]
2024-11-06 11:15:49.960 [info] > git show --textconv :app-redux/src/components/pages [2ms]
2024-11-06 11:15:49.961 [info] > git ls-files --stage -- /home/ilya/app-redux/src/components/pages [1ms]
2024-11-06 11:15:50.220 [info] > git check-ignore -v -z --stdin [1ms]
2024-11-06 11:15:57.530 [info] > git show --textconv :app-redux/src/components/App.js [2ms]
2024-11-06 11:15:57.530 [info] > git ls-files --stage -- /home/ilya/app-redux/src/components/App.js [1ms]
2024-11-06 11:15:57.533 [info] > git cat-file -s a1b47a5a8aac43f72c95139016613e462aa6d1bb [1ms]
2024-11-06 11:16:06.991 [info] > git check-ignore -v -z --stdin [1ms]
2024-11-06 11:24:05.454 [info] > git show --textconv :app-redux/src/pages/About.jsx [3ms]
2024-11-06 11:24:05.456 [info] > git ls-files --stage -- /home/ilya/app-redux/src/pages/About.jsx [2ms]
2024-11-06 11:24:05.709 [info] > git check-ignore -v -z --stdin [1ms]
2024-11-06 11:24:23.015 [info] > git show --textconv :app-redux/src/components/App.js [2ms]
2024-11-06 11:24:23.016 [info] > git ls-files --stage -- /home/ilya/app-redux/src/components/App.js [1ms]
2024-11-06 11:24:23.019 [info] > git cat-file -s a1b47a5a8aac43f72c95139016613e462aa6d1bb [1ms]
2024-11-06 11:25:00.206 [info] > git check-ignore -v -z --stdin [1ms]
2024-11-06 11:25:02.518 [info] > git show --textconv :app-redux/src/pages/About.jsx [3ms]
2024-11-06 11:25:02.519 [info] > git ls-files --stage -- /home/ilya/app-redux/src/pages/About.jsx [1ms]
2024-11-06 11:25:25.807 [info] > git show --textconv :app-redux/src/components/comments/InputComments.jsx [4ms]
2024-11-06 11:25:25.808 [info] > git ls-files --stage -- /home/ilya/app-redux/src/components/comments/InputComments.jsx [1ms]
2024-11-06 11:25:26.955 [info] > git show --textconv :app-redux/src/components/DataJsonMap.jsx [3ms]
2024-11-06 11:25:26.955 [info] > git ls-files --stage -- /home/ilya/app-redux/src/components/DataJsonMap.jsx [1ms]
2024-11-06 11:25:27.856 [info] > git show --textconv :app-redux/src/components/comments/CommentsMap.jsx [2ms]
2024-11-06 11:25:27.856 [info] > git ls-files --stage -- /home/ilya/app-redux/src/components/comments/CommentsMap.jsx [1ms]
2024-11-06 11:25:29.388 [info] > git show --textconv :app-redux/src/components/App.js [2ms]
2024-11-06 11:25:29.389 [info] > git ls-files --stage -- /home/ilya/app-redux/src/components/App.js [1ms]
2024-11-06 11:25:29.392 [info] > git cat-file -s a1b47a5a8aac43f72c95139016613e462aa6d1bb [1ms]
2024-11-06 11:29:12.911 [info] > git show --textconv :app-redux/src/components/PostsApp.jsx [4ms]
2024-11-06 11:29:12.912 [info] > git ls-files --stage -- /home/ilya/app-redux/src/components/PostsApp.jsx [1ms]
2024-11-06 11:30:26.992 [info] > git show --textconv :app-redux/src/components/App.js [3ms]
2024-11-06 11:30:26.993 [info] > git ls-files --stage -- /home/ilya/app-redux/src/components/App.js [1ms]
2024-11-06 11:30:26.996 [info] > git cat-file -s a1b47a5a8aac43f72c95139016613e462aa6d1bb [1ms]
2024-11-06 11:33:53.519 [info] > git show --textconv :app-redux/src/components/PostsApp.jsx [2ms]
2024-11-06 11:33:53.520 [info] > git ls-files --stage -- /home/ilya/app-redux/src/components/PostsApp.jsx [1ms]
2024-11-06 11:33:57.126 [info] > git show --textconv :app-redux/src/components/App.js [3ms]
2024-11-06 11:33:57.126 [info] > git ls-files --stage -- /home/ilya/app-redux/src/components/App.js [1ms]
2024-11-06 11:33:57.130 [info] > git cat-file -s a1b47a5a8aac43f72c95139016613e462aa6d1bb [0ms]
2024-11-06 11:36:05.796 [info] > git show --textconv :app-redux/src/components/Posts.jsx [2ms]
2024-11-06 11:36:05.797 [info] > git ls-files --stage -- /home/ilya/app-redux/src/components/Posts.jsx [1ms]
2024-11-06 11:36:30.679 [info] > git show --textconv :app-redux/src/components/PostsApp.jsx [2ms]
2024-11-06 11:36:30.680 [info] > git ls-files --stage -- /home/ilya/app-redux/src/components/PostsApp.jsx [1ms]
2024-11-06 11:37:22.250 [info] > git show --textconv :app-redux/src/components/App.js [3ms]
2024-11-06 11:37:22.250 [info] > git ls-files --stage -- /home/ilya/app-redux/src/components/App.js [1ms]
2024-11-06 11:37:22.253 [info] > git cat-file -s a1b47a5a8aac43f72c95139016613e462aa6d1bb [1ms]
2024-11-06 11:38:42.073 [info] > git show --textconv :app-redux/src/slices/apiApp.js [1ms]
2024-11-06 11:38:42.074 [info] > git ls-files --stage -- /home/ilya/app-redux/src/slices/apiApp.js [1ms]
2024-11-06 11:38:44.022 [info] > git show --textconv :app-redux/src/slices/tasksSlice.js [2ms]
2024-11-06 11:38:44.022 [info] > git ls-files --stage -- /home/ilya/app-redux/src/slices/tasksSlice.js [1ms]
