2024-11-06 11:20:12.248 [info] [main] Log level: Info
2024-11-06 11:20:12.248 [info] [main] Validating found git in: "git"
2024-11-06 11:20:12.248 [info] [main] Using git "2.34.1" from "git"
2024-11-06 11:20:12.248 [info] [Model][doInitialScan] Initial repository scan started
2024-11-06 11:20:12.248 [info] > git rev-parse --show-toplevel [30ms]
2024-11-06 11:20:12.249 [info] > git rev-parse --git-dir --git-common-dir [2ms]
2024-11-06 11:20:12.258 [info] [Model][openRepository] Opened repository: /home/ilya/project
2024-11-06 11:20:12.349 [info] > git rev-parse --show-toplevel [82ms]
2024-11-06 11:20:12.350 [info] > git config --get commit.template [85ms]
2024-11-06 11:20:12.366 [info] > git rev-parse --show-toplevel [12ms]
2024-11-06 11:20:12.382 [info] > git rev-parse --show-toplevel [4ms]
2024-11-06 11:20:12.386 [info] [Model][doInitialScan] Initial repository scan completed - repositories (1), closed repositories (0), parent repositories (0), unsafe repositories (0)
2024-11-06 11:20:12.386 [info] > git for-each-ref --format=%(refname)%00%(upstream:short)%00%(objectname)%00%(upstream:track)%00%(upstream:remotename)%00%(upstream:remoteref) refs/heads/master refs/remotes/master [22ms]
2024-11-06 11:20:12.409 [info] > git status -z -uall [9ms]
2024-11-06 11:20:12.410 [info] > git for-each-ref --sort -committerdate --format %(refname) %(objectname) %(*objectname) [5ms]
2024-11-06 11:20:12.434 [info] > git config --get commit.template [2ms]
2024-11-06 11:20:12.434 [info] > git for-each-ref --format=%(refname)%00%(upstream:short)%00%(objectname)%00%(upstream:track)%00%(upstream:remotename)%00%(upstream:remoteref) refs/heads/master refs/remotes/master [12ms]
2024-11-06 11:20:12.449 [info] > git config --local branch.master.vscode-merge-base [5ms]
2024-11-06 11:20:12.449 [warning] [Git][config] git config failed: Failed to execute git
2024-11-06 11:20:12.458 [info] > git for-each-ref --format=%(refname)%00%(upstream:short)%00%(objectname)%00%(upstream:track)%00%(upstream:remotename)%00%(upstream:remoteref) refs/heads/master refs/remotes/master [9ms]
2024-11-06 11:20:12.459 [info] > git reflog master --grep-reflog=branch: Created from *. [6ms]
2024-11-06 11:20:12.474 [info] > git status -z -uall [5ms]
2024-11-06 11:20:12.475 [info] > git symbolic-ref --short refs/remotes/origin/HEAD [12ms]
2024-11-06 11:20:12.475 [info] fatal: ref refs/remotes/origin/HEAD is not a symbolic ref
2024-11-06 11:20:12.475 [warning] [Repository][getDefaultBranch] Failed to get default branch details: Failed to execute git.
2024-11-06 11:20:12.482 [info] > git merge-base refs/heads/master refs/remotes/origin/master [2ms]
2024-11-06 11:20:12.485 [info] > git for-each-ref --sort -committerdate --format %(refname) %(objectname) %(*objectname) [12ms]
2024-11-06 11:20:12.494 [info] > git merge-base refs/heads/master refs/remotes/origin/master [3ms]
2024-11-06 11:20:12.497 [info] > git diff --name-status -z --diff-filter=ADMR 540df87b1da64e5efb8953af184b879c4bcb6241...refs/remotes/origin/master [12ms]
2024-11-06 11:20:12.499 [info] > git diff --name-status -z --diff-filter=ADMR 540df87b1da64e5efb8953af184b879c4bcb6241...refs/remotes/origin/master [2ms]
2024-11-06 11:20:12.634 [info] > git ls-files --stage -- /home/ilya/project/src/pages/Posts.jsx [1ms]
2024-11-06 11:20:12.642 [info] > git show --textconv :src/pages/Posts.jsx [11ms]
2024-11-06 11:20:12.642 [info] > git cat-file -s 7c7f667c197a4470060a8ffa4d355f5965013d80 [6ms]
2024-11-06 11:20:12.869 [info] > git check-ignore -v -z --stdin [6ms]
2024-11-06 11:20:14.756 [info] > git check-ignore -v -z --stdin [1ms]
2024-11-06 11:20:24.150 [info] > git check-ignore -v -z --stdin [1ms]
2024-11-06 11:20:28.066 [info] > git check-ignore -v -z --stdin [1ms]
2024-11-06 11:20:28.935 [info] > git show --textconv :src/components/UI/Navbar/Navbar.jsx [3ms]
2024-11-06 11:20:28.936 [info] > git ls-files --stage -- /home/ilya/project/src/components/UI/Navbar/Navbar.jsx [2ms]
2024-11-06 11:20:28.939 [info] > git cat-file -s 214780d394a79b1f9b9192f57bc86149d23b7b64 [1ms]
2024-11-06 11:20:33.638 [info] > git show --textconv :src/pages/About.jsx [3ms]
2024-11-06 11:20:33.638 [info] > git ls-files --stage -- /home/ilya/project/src/pages/About.jsx [1ms]
2024-11-06 11:20:33.641 [info] > git cat-file -s dd0c6fb24bba4e8fc1e0af728a05c93cb22501d5 [1ms]
2024-11-06 11:20:37.856 [info] > git show --textconv :src/pages/Error.jsx [4ms]
2024-11-06 11:20:37.857 [info] > git ls-files --stage -- /home/ilya/project/src/pages/Error.jsx [2ms]
2024-11-06 11:20:37.862 [info] > git cat-file -s 8a4d850bfb5d300b3998c0ec779933f79e828eda [1ms]
2024-11-06 11:20:40.491 [info] > git show --textconv :src/pages/Login.jsx [3ms]
2024-11-06 11:20:40.491 [info] > git ls-files --stage -- /home/ilya/project/src/pages/Login.jsx [1ms]
2024-11-06 11:20:40.495 [info] > git cat-file -s 88d9dadbf955e204fc680694907b5055bf7c0958 [1ms]
2024-11-06 11:20:52.843 [info] > git show --textconv :src/pages/PostIdPage.jsx [3ms]
2024-11-06 11:20:52.844 [info] > git ls-files --stage -- /home/ilya/project/src/pages/PostIdPage.jsx [2ms]
2024-11-06 11:20:52.847 [info] > git cat-file -s 8822b8c6eda2dbfabc5260537fe50ae2fb7faf32 [1ms]
2024-11-06 11:21:04.387 [info] > git show --textconv :src/pages/Posts.jsx [2ms]
2024-11-06 11:21:04.388 [info] > git ls-files --stage -- /home/ilya/project/src/pages/Posts.jsx [1ms]
2024-11-06 11:21:04.390 [info] > git cat-file -s 7c7f667c197a4470060a8ffa4d355f5965013d80 [0ms]
2024-11-06 11:21:18.622 [info] > git show --textconv :src/App.js [4ms]
2024-11-06 11:21:18.623 [info] > git ls-files --stage -- /home/ilya/project/src/App.js [2ms]
2024-11-06 11:21:18.630 [info] > git cat-file -s 3cc28b9da6a2d4654121612a89518a69cce2bb74 [3ms]
2024-11-06 11:21:20.607 [info] > git show --textconv :src/index.js [2ms]
2024-11-06 11:21:20.607 [info] > git ls-files --stage -- /home/ilya/project/src/index.js [0ms]
2024-11-06 11:21:20.610 [info] > git cat-file -s 71a354b9f436d2c989309c53cc08af97c877a022 [1ms]
2024-11-06 11:21:26.896 [info] > git show --textconv :src/App.js [3ms]
2024-11-06 11:21:26.897 [info] > git ls-files --stage -- /home/ilya/project/src/App.js [2ms]
2024-11-06 11:21:26.900 [info] > git cat-file -s 3cc28b9da6a2d4654121612a89518a69cce2bb74 [1ms]
2024-11-06 11:22:05.022 [info] > git show --textconv :src/utilis/pajes.js [3ms]
2024-11-06 11:22:05.022 [info] > git ls-files --stage -- /home/ilya/project/src/utilis/pajes.js [1ms]
2024-11-06 11:22:05.025 [info] > git cat-file -s 3f0c8882e950142d48659fb96ac58102dd6b7471 [1ms]
2024-11-06 11:22:11.989 [info] > git show --textconv :src/App.js [3ms]
2024-11-06 11:22:11.989 [info] > git ls-files --stage -- /home/ilya/project/src/App.js [1ms]
2024-11-06 11:22:11.992 [info] > git cat-file -s 3cc28b9da6a2d4654121612a89518a69cce2bb74 [1ms]
2024-11-06 11:22:25.929 [info] > git ls-files --stage -- /home/ilya/project/src/components/AppRouter.jsx [1ms]
2024-11-06 11:22:25.967 [info] > git show --textconv :src/components/AppRouter.jsx [41ms]
2024-11-06 11:22:25.967 [info] > git cat-file -s eb41f1f6a83f426dbd678b662012c456e283512d [35ms]
